-- The C compiler identification is GNU 9.4.0
-- The CXX compiler identification is GNU 9.4.0
-- Check for working C compiler: /usr/bin/cc
-- Check for working C compiler: /usr/bin/cc -- works
-- Detecting C compiler ABI info
-- Detecting C compiler ABI info - done
-- Detecting C compile features
-- Detecting C compile features - done
-- Check for working CXX compiler: /usr/bin/c++
-- Check for working CXX compiler: /usr/bin/c++ -- works
-- Detecting CXX compiler ABI info
-- Detecting CXX compiler ABI info - done
-- Detecting CXX compile features
-- Detecting CXX compile features - done
-- Found ament_cmake: 1.1.5 (/opt/ros/galactic/share/ament_cmake/cmake)
-- Found PythonInterp: /usr/bin/python3 (found suitable version "3.8.10", minimum required is "3") 
-- Using PYTHON_EXECUTABLE: /usr/bin/python3
-- Found ament_lint_auto: 0.10.7 (/opt/ros/galactic/share/ament_lint_auto/cmake)
-- Added test 'copyright' to check source files copyright and LICENSE
-- Added test 'lint_cmake' to check CMake code style
-- Added test 'xmllint' to check XML markup files
-- Configuring done
-- Generating done
-- Build files have been written to: /home/muhayy/mbzirc_ws/src/build/ros_ign
-- Install configuration: ""
-- Installing: /home/muhayy/mbzirc_ws/src/install/share/ament_index/resource_index/package_run_dependencies/ros_ign
-- Installing: /home/muhayy/mbzirc_ws/src/install/share/ament_index/resource_index/parent_prefix_path/ros_ign
-- Installing: /home/muhayy/mbzirc_ws/src/install/share/ros_ign/environment/ament_prefix_path.sh
-- Installing: /home/muhayy/mbzirc_ws/src/install/share/ros_ign/environment/ament_prefix_path.dsv
-- Installing: /home/muhayy/mbzirc_ws/src/install/share/ros_ign/environment/path.sh
-- Installing: /home/muhayy/mbzirc_ws/src/install/share/ros_ign/environment/path.dsv
-- Installing: /home/muhayy/mbzirc_ws/src/install/share/ros_ign/local_setup.bash
-- Installing: /home/muhayy/mbzirc_ws/src/install/share/ros_ign/local_setup.sh
-- Installing: /home/muhayy/mbzirc_ws/src/install/share/ros_ign/local_setup.zsh
-- Installing: /home/muhayy/mbzirc_ws/src/install/share/ros_ign/local_setup.dsv
-- Installing: /home/muhayy/mbzirc_ws/src/install/share/ros_ign/package.dsv
-- Installing: /home/muhayy/mbzirc_ws/src/install/share/ament_index/resource_index/packages/ros_ign
-- Installing: /home/muhayy/mbzirc_ws/src/install/share/ros_ign/cmake/ros_ignConfig.cmake
-- Installing: /home/muhayy/mbzirc_ws/src/install/share/ros_ign/cmake/ros_ignConfig-version.cmake
-- Installing: /home/muhayy/mbzirc_ws/src/install/share/ros_ign/package.xml
