[0.022s] Invoking command in '/home/muhayy/mbzirc_ws/src/build/ros_ign': AMENT_PREFIX_PATH=/home/muhayy/mbzirc_ws/src/install:${AMENT_PREFIX_PATH} CMAKE_PREFIX_PATH=/home/muhayy/mbzirc_ws/src/install:/home/muhayy/mbzirc_ws/install:/opt/ros/galactic LD_LIBRARY_PATH=/home/muhayy/mbzirc_ws/src/install/lib:${LD_LIBRARY_PATH} PATH=/home/muhayy/mbzirc_ws/src/install/bin:${PATH} PYTHONPATH=/home/muhayy/mbzirc_ws/src/install/lib/python3.8/site-packages:${PYTHONPATH} /usr/bin/cmake /home/muhayy/mbzirc_ws/src/ros_ign/ros_ign -DCMAKE_INSTALL_PREFIX=/home/muhayy/mbzirc_ws/src/install
[0.074s] -- The C compiler identification is GNU 9.4.0
[0.122s] -- The CXX compiler identification is GNU 9.4.0
[0.126s] -- Check for working C compiler: /usr/bin/cc
[0.184s] -- Check for working C compiler: /usr/bin/cc -- works
[0.185s] -- Detecting C compiler ABI info
[0.247s] -- Detecting C compiler ABI info - done
[0.258s] -- Detecting C compile features
[0.258s] -- Detecting C compile features - done
[0.260s] -- Check for working CXX compiler: /usr/bin/c++
[0.328s] -- Check for working CXX compiler: /usr/bin/c++ -- works
[0.329s] -- Detecting CXX compiler ABI info
[0.398s] -- Detecting CXX compiler ABI info - done
[0.409s] -- Detecting CXX compile features
[0.410s] -- Detecting CXX compile features - done
[0.412s] -- Found ament_cmake: 1.1.5 (/opt/ros/galactic/share/ament_cmake/cmake)
[0.434s] -- Found PythonInterp: /usr/bin/python3 (found suitable version "3.8.10", minimum required is "3") 
[0.434s] -- Using PYTHON_EXECUTABLE: /usr/bin/python3
[0.507s] -- Found ament_lint_auto: 0.10.7 (/opt/ros/galactic/share/ament_lint_auto/cmake)
[0.576s] -- Added test 'copyright' to check source files copyright and LICENSE
[0.577s] -- Added test 'lint_cmake' to check CMake code style
[0.578s] -- Added test 'xmllint' to check XML markup files
[0.579s] -- Configuring done
[0.581s] -- Generating done
[0.582s] -- Build files have been written to: /home/muhayy/mbzirc_ws/src/build/ros_ign
[0.585s] Invoked command in '/home/muhayy/mbzirc_ws/src/build/ros_ign' returned '0': AMENT_PREFIX_PATH=/home/muhayy/mbzirc_ws/src/install:${AMENT_PREFIX_PATH} CMAKE_PREFIX_PATH=/home/muhayy/mbzirc_ws/src/install:/home/muhayy/mbzirc_ws/install:/opt/ros/galactic LD_LIBRARY_PATH=/home/muhayy/mbzirc_ws/src/install/lib:${LD_LIBRARY_PATH} PATH=/home/muhayy/mbzirc_ws/src/install/bin:${PATH} PYTHONPATH=/home/muhayy/mbzirc_ws/src/install/lib/python3.8/site-packages:${PYTHONPATH} /usr/bin/cmake /home/muhayy/mbzirc_ws/src/ros_ign/ros_ign -DCMAKE_INSTALL_PREFIX=/home/muhayy/mbzirc_ws/src/install
[0.587s] Invoking command in '/home/muhayy/mbzirc_ws/src/build/ros_ign': AMENT_PREFIX_PATH=/home/muhayy/mbzirc_ws/src/install:${AMENT_PREFIX_PATH} CMAKE_PREFIX_PATH=/home/muhayy/mbzirc_ws/src/install:/home/muhayy/mbzirc_ws/install:/opt/ros/galactic LD_LIBRARY_PATH=/home/muhayy/mbzirc_ws/src/install/lib:${LD_LIBRARY_PATH} PATH=/home/muhayy/mbzirc_ws/src/install/bin:${PATH} PYTHONPATH=/home/muhayy/mbzirc_ws/src/install/lib/python3.8/site-packages:${PYTHONPATH} /usr/bin/cmake --build /home/muhayy/mbzirc_ws/src/build/ros_ign -- -j12 -l12
[0.623s] Invoked command in '/home/muhayy/mbzirc_ws/src/build/ros_ign' returned '0': AMENT_PREFIX_PATH=/home/muhayy/mbzirc_ws/src/install:${AMENT_PREFIX_PATH} CMAKE_PREFIX_PATH=/home/muhayy/mbzirc_ws/src/install:/home/muhayy/mbzirc_ws/install:/opt/ros/galactic LD_LIBRARY_PATH=/home/muhayy/mbzirc_ws/src/install/lib:${LD_LIBRARY_PATH} PATH=/home/muhayy/mbzirc_ws/src/install/bin:${PATH} PYTHONPATH=/home/muhayy/mbzirc_ws/src/install/lib/python3.8/site-packages:${PYTHONPATH} /usr/bin/cmake --build /home/muhayy/mbzirc_ws/src/build/ros_ign -- -j12 -l12
[0.645s] Invoking command in '/home/muhayy/mbzirc_ws/src/build/ros_ign': AMENT_PREFIX_PATH=/home/muhayy/mbzirc_ws/src/install:${AMENT_PREFIX_PATH} CMAKE_PREFIX_PATH=/home/muhayy/mbzirc_ws/src/install:/home/muhayy/mbzirc_ws/install:/opt/ros/galactic LD_LIBRARY_PATH=/home/muhayy/mbzirc_ws/src/install/lib:${LD_LIBRARY_PATH} PATH=/home/muhayy/mbzirc_ws/src/install/bin:${PATH} PYTHONPATH=/home/muhayy/mbzirc_ws/src/install/lib/python3.8/site-packages:${PYTHONPATH} /usr/bin/cmake --install /home/muhayy/mbzirc_ws/src/build/ros_ign
[0.652s] -- Install configuration: ""
[0.652s] -- Installing: /home/muhayy/mbzirc_ws/src/install/share/ament_index/resource_index/package_run_dependencies/ros_ign
[0.652s] -- Installing: /home/muhayy/mbzirc_ws/src/install/share/ament_index/resource_index/parent_prefix_path/ros_ign
[0.652s] -- Installing: /home/muhayy/mbzirc_ws/src/install/share/ros_ign/environment/ament_prefix_path.sh
[0.653s] -- Installing: /home/muhayy/mbzirc_ws/src/install/share/ros_ign/environment/ament_prefix_path.dsv
[0.653s] -- Installing: /home/muhayy/mbzirc_ws/src/install/share/ros_ign/environment/path.sh
[0.653s] -- Installing: /home/muhayy/mbzirc_ws/src/install/share/ros_ign/environment/path.dsv
[0.653s] -- Installing: /home/muhayy/mbzirc_ws/src/install/share/ros_ign/local_setup.bash
[0.653s] -- Installing: /home/muhayy/mbzirc_ws/src/install/share/ros_ign/local_setup.sh
[0.653s] -- Installing: /home/muhayy/mbzirc_ws/src/install/share/ros_ign/local_setup.zsh
[0.653s] -- Installing: /home/muhayy/mbzirc_ws/src/install/share/ros_ign/local_setup.dsv
[0.653s] -- Installing: /home/muhayy/mbzirc_ws/src/install/share/ros_ign/package.dsv
[0.653s] -- Installing: /home/muhayy/mbzirc_ws/src/install/share/ament_index/resource_index/packages/ros_ign
[0.653s] -- Installing: /home/muhayy/mbzirc_ws/src/install/share/ros_ign/cmake/ros_ignConfig.cmake
[0.654s] -- Installing: /home/muhayy/mbzirc_ws/src/install/share/ros_ign/cmake/ros_ignConfig-version.cmake
[0.654s] -- Installing: /home/muhayy/mbzirc_ws/src/install/share/ros_ign/package.xml
[0.656s] Invoked command in '/home/muhayy/mbzirc_ws/src/build/ros_ign' returned '0': AMENT_PREFIX_PATH=/home/muhayy/mbzirc_ws/src/install:${AMENT_PREFIX_PATH} CMAKE_PREFIX_PATH=/home/muhayy/mbzirc_ws/src/install:/home/muhayy/mbzirc_ws/install:/opt/ros/galactic LD_LIBRARY_PATH=/home/muhayy/mbzirc_ws/src/install/lib:${LD_LIBRARY_PATH} PATH=/home/muhayy/mbzirc_ws/src/install/bin:${PATH} PYTHONPATH=/home/muhayy/mbzirc_ws/src/install/lib/python3.8/site-packages:${PYTHONPATH} /usr/bin/cmake --install /home/muhayy/mbzirc_ws/src/build/ros_ign
