/home/muhayy/mbzirc_ws/src/install/lib/python3.8/site-packages/explorer_wanderer/__init__.py
/home/muhayy/mbzirc_ws/src/install/lib/python3.8/site-packages/explorer_wanderer/discoverer_server.py
/home/muhayy/mbzirc_ws/src/install/lib/python3.8/site-packages/explorer_wanderer/wanderer_server.py
/home/muhayy/mbzirc_ws/src/install/lib/python3.8/site-packages/explorer_wanderer/wanderer.py
/home/muhayy/mbzirc_ws/src/install/lib/python3.8/site-packages/explorer_wanderer/__pycache__/__init__.cpython-38.pyc
/home/muhayy/mbzirc_ws/src/install/lib/python3.8/site-packages/explorer_wanderer/__pycache__/discoverer_server.cpython-38.pyc
/home/muhayy/mbzirc_ws/src/install/lib/python3.8/site-packages/explorer_wanderer/__pycache__/wanderer_server.cpython-38.pyc
/home/muhayy/mbzirc_ws/src/install/lib/python3.8/site-packages/explorer_wanderer/__pycache__/wanderer.cpython-38.pyc
/home/muhayy/mbzirc_ws/src/install/share/ament_index/resource_index/packages/explorer_wanderer
/home/muhayy/mbzirc_ws/src/install/share/explorer_wanderer/package.xml
/home/muhayy/mbzirc_ws/src/install/lib/python3.8/site-packages/explorer_wanderer-0.0.0-py3.8.egg-info/entry_points.txt
/home/muhayy/mbzirc_ws/src/install/lib/python3.8/site-packages/explorer_wanderer-0.0.0-py3.8.egg-info/SOURCES.txt
/home/muhayy/mbzirc_ws/src/install/lib/python3.8/site-packages/explorer_wanderer-0.0.0-py3.8.egg-info/zip-safe
/home/muhayy/mbzirc_ws/src/install/lib/python3.8/site-packages/explorer_wanderer-0.0.0-py3.8.egg-info/PKG-INFO
/home/muhayy/mbzirc_ws/src/install/lib/python3.8/site-packages/explorer_wanderer-0.0.0-py3.8.egg-info/top_level.txt
/home/muhayy/mbzirc_ws/src/install/lib/python3.8/site-packages/explorer_wanderer-0.0.0-py3.8.egg-info/requires.txt
/home/muhayy/mbzirc_ws/src/install/lib/python3.8/site-packages/explorer_wanderer-0.0.0-py3.8.egg-info/dependency_links.txt
/home/muhayy/mbzirc_ws/src/install/lib/explorer_wanderer/discoverer_server
/home/muhayy/mbzirc_ws/src/install/lib/explorer_wanderer/wanderer
/home/muhayy/mbzirc_ws/src/install/lib/explorer_wanderer/wanderer_server
