running egg_info
creating ../build/usv_teleop/usv_teleop.egg-info
writing ../build/usv_teleop/usv_teleop.egg-info/PKG-INFO
writing dependency_links to ../build/usv_teleop/usv_teleop.egg-info/dependency_links.txt
writing entry points to ../build/usv_teleop/usv_teleop.egg-info/entry_points.txt
writing requirements to ../build/usv_teleop/usv_teleop.egg-info/requires.txt
writing top-level names to ../build/usv_teleop/usv_teleop.egg-info/top_level.txt
writing manifest file '../build/usv_teleop/usv_teleop.egg-info/SOURCES.txt'
reading manifest file '../build/usv_teleop/usv_teleop.egg-info/SOURCES.txt'
writing manifest file '../build/usv_teleop/usv_teleop.egg-info/SOURCES.txt'
running build
running build_py
creating /home/muhayy/mbzirc_ws/src/build/usv_teleop/build
creating /home/muhayy/mbzirc_ws/src/build/usv_teleop/build/lib
creating /home/muhayy/mbzirc_ws/src/build/usv_teleop/build/lib/usv_teleop
copying usv_teleop/__init__.py -> /home/muhayy/mbzirc_ws/src/build/usv_teleop/build/lib/usv_teleop
copying usv_teleop/teleop.py -> /home/muhayy/mbzirc_ws/src/build/usv_teleop/build/lib/usv_teleop
running install
running install_lib
creating /home/muhayy/mbzirc_ws/src/install/lib/python3.8/site-packages/usv_teleop
copying /home/muhayy/mbzirc_ws/src/build/usv_teleop/build/lib/usv_teleop/__init__.py -> /home/muhayy/mbzirc_ws/src/install/lib/python3.8/site-packages/usv_teleop
copying /home/muhayy/mbzirc_ws/src/build/usv_teleop/build/lib/usv_teleop/teleop.py -> /home/muhayy/mbzirc_ws/src/install/lib/python3.8/site-packages/usv_teleop
byte-compiling /home/muhayy/mbzirc_ws/src/install/lib/python3.8/site-packages/usv_teleop/__init__.py to __init__.cpython-38.pyc
byte-compiling /home/muhayy/mbzirc_ws/src/install/lib/python3.8/site-packages/usv_teleop/teleop.py to teleop.cpython-38.pyc
running install_data
copying resource/usv_teleop -> /home/muhayy/mbzirc_ws/src/install/share/ament_index/resource_index/packages
copying package.xml -> /home/muhayy/mbzirc_ws/src/install/share/usv_teleop
running install_egg_info
Copying ../build/usv_teleop/usv_teleop.egg-info to /home/muhayy/mbzirc_ws/src/install/lib/python3.8/site-packages/usv_teleop-0.0.0-py3.8.egg-info
running install_scripts
Installing teleop script to /home/muhayy/mbzirc_ws/src/install/lib/usv_teleop
writing list of installed files to '/home/muhayy/mbzirc_ws/src/build/usv_teleop/install.log'
