[2.818s] Invoking command in '/home/muhayy/mbzirc_ws/src/usv_teleop': PYTHONPATH=/home/muhayy/mbzirc_ws/src/install/lib/python3.8/site-packages:${PYTHONPATH} /usr/bin/python3 setup.py egg_info --egg-base ../build/usv_teleop build --build-base /home/muhayy/mbzirc_ws/src/build/usv_teleop/build install --prefix /home/muhayy/mbzirc_ws/src/install --record /home/muhayy/mbzirc_ws/src/build/usv_teleop/install.log --single-version-externally-managed
[9.941s] running egg_info
[9.941s] creating ../build/usv_teleop/usv_teleop.egg-info
[9.941s] writing ../build/usv_teleop/usv_teleop.egg-info/PKG-INFO
[9.941s] writing dependency_links to ../build/usv_teleop/usv_teleop.egg-info/dependency_links.txt
[9.941s] writing entry points to ../build/usv_teleop/usv_teleop.egg-info/entry_points.txt
[9.942s] writing requirements to ../build/usv_teleop/usv_teleop.egg-info/requires.txt
[9.942s] writing top-level names to ../build/usv_teleop/usv_teleop.egg-info/top_level.txt
[9.942s] writing manifest file '../build/usv_teleop/usv_teleop.egg-info/SOURCES.txt'
[9.942s] reading manifest file '../build/usv_teleop/usv_teleop.egg-info/SOURCES.txt'
[9.942s] writing manifest file '../build/usv_teleop/usv_teleop.egg-info/SOURCES.txt'
[9.942s] running build
[9.942s] running build_py
[9.942s] creating /home/muhayy/mbzirc_ws/src/build/usv_teleop/build
[9.942s] creating /home/muhayy/mbzirc_ws/src/build/usv_teleop/build/lib
[9.942s] creating /home/muhayy/mbzirc_ws/src/build/usv_teleop/build/lib/usv_teleop
[9.942s] copying usv_teleop/__init__.py -> /home/muhayy/mbzirc_ws/src/build/usv_teleop/build/lib/usv_teleop
[9.942s] copying usv_teleop/teleop.py -> /home/muhayy/mbzirc_ws/src/build/usv_teleop/build/lib/usv_teleop
[9.942s] running install
[9.943s] running install_lib
[9.943s] creating /home/muhayy/mbzirc_ws/src/install/lib/python3.8/site-packages/usv_teleop
[9.943s] copying /home/muhayy/mbzirc_ws/src/build/usv_teleop/build/lib/usv_teleop/__init__.py -> /home/muhayy/mbzirc_ws/src/install/lib/python3.8/site-packages/usv_teleop
[9.943s] copying /home/muhayy/mbzirc_ws/src/build/usv_teleop/build/lib/usv_teleop/teleop.py -> /home/muhayy/mbzirc_ws/src/install/lib/python3.8/site-packages/usv_teleop
[9.943s] byte-compiling /home/muhayy/mbzirc_ws/src/install/lib/python3.8/site-packages/usv_teleop/__init__.py to __init__.cpython-38.pyc
[9.943s] byte-compiling /home/muhayy/mbzirc_ws/src/install/lib/python3.8/site-packages/usv_teleop/teleop.py to teleop.cpython-38.pyc
[9.943s] running install_data
[9.943s] copying resource/usv_teleop -> /home/muhayy/mbzirc_ws/src/install/share/ament_index/resource_index/packages
[9.943s] copying package.xml -> /home/muhayy/mbzirc_ws/src/install/share/usv_teleop
[9.943s] running install_egg_info
[9.943s] Copying ../build/usv_teleop/usv_teleop.egg-info to /home/muhayy/mbzirc_ws/src/install/lib/python3.8/site-packages/usv_teleop-0.0.0-py3.8.egg-info
[9.944s] running install_scripts
[9.944s] Installing teleop script to /home/muhayy/mbzirc_ws/src/install/lib/usv_teleop
[9.944s] writing list of installed files to '/home/muhayy/mbzirc_ws/src/build/usv_teleop/install.log'
[10.053s] Invoked command in '/home/muhayy/mbzirc_ws/src/usv_teleop' returned '0': PYTHONPATH=/home/muhayy/mbzirc_ws/src/install/lib/python3.8/site-packages:${PYTHONPATH} /usr/bin/python3 setup.py egg_info --egg-base ../build/usv_teleop build --build-base /home/muhayy/mbzirc_ws/src/build/usv_teleop/build install --prefix /home/muhayy/mbzirc_ws/src/install --record /home/muhayy/mbzirc_ws/src/build/usv_teleop/install.log --single-version-externally-managed
