-- The C compiler identification is GNU 9.4.0
-- The CXX compiler identification is GNU 9.4.0
-- Check for working C compiler: /usr/bin/cc
-- Check for working C compiler: /usr/bin/cc -- works
-- Detecting C compiler ABI info
-- Detecting C compiler ABI info - done
-- Detecting C compile features
-- Detecting C compile features - done
-- Check for working CXX compiler: /usr/bin/c++
-- Check for working CXX compiler: /usr/bin/c++ -- works
-- Detecting CXX compiler ABI info
-- Detecting CXX compiler ABI info - done
-- Detecting CXX compile features
-- Detecting CXX compile features - done
-- Found ament_cmake: 1.1.5 (/opt/ros/galactic/share/ament_cmake/cmake)
-- Found PythonInterp: /usr/bin/python3 (found suitable version "3.8.10", minimum required is "3") 
-- Using PYTHON_EXECUTABLE: /usr/bin/python3
-- Found geometry_msgs: 2.2.4 (/opt/ros/galactic/share/geometry_msgs/cmake)
-- Using all available rosidl_typesupport_c: rosidl_typesupport_fastrtps_c;rosidl_typesupport_introspection_c
-- Found rosidl_adapter: 2.2.2 (/opt/ros/galactic/share/rosidl_adapter/cmake)
-- Found OpenSSL: /usr/lib/x86_64-linux-gnu/libcrypto.so (found version "1.1.1f")  
-- Found FastRTPS: /opt/ros/galactic/include  
-- Using all available rosidl_typesupport_cpp: rosidl_typesupport_fastrtps_cpp;rosidl_typesupport_introspection_cpp
-- Looking for ignition-msgs8 -- found version 8.4.0
-- Searching for dependencies of ignition-msgs8
-- Found Protobuf: /usr/lib/x86_64-linux-gnu/libprotobuf.so;-lpthread (found suitable version "3.6.1", minimum required is "3") 
-- Looking for ignition-math6 -- found version 6.11.0
-- Searching for dependencies of ignition-math6
-- Checking for module 'tinyxml2'
--   Found tinyxml2, version 6.2.0
-- Looking for ignition-transport11 -- found version 11.0.0
-- Searching for dependencies of ignition-transport11
-- Config-file not installed for ZeroMQ -- checking for pkg-config
-- Checking for module 'libzmq >= 4'
--   Found libzmq , version 4.3.2
-- Found ZeroMQ: TRUE (Required is at least version "4") 
-- Checking for module 'uuid'
--   Found uuid, version 2.34.0
-- Found UUID: TRUE  
-- Looking for ignition-utils1 -- found version 1.4.0
-- Searching for dependencies of ignition-utils1
-- Searching for <ignition-utils1> component [cli]
-- Looking for ignition-utils1-cli -- found version 1.4.0
-- Searching for dependencies of ignition-utils1-cli
-- Looking for ignition-msgs8 -- found version 8.4.0
-- Found mavros_msgs: 2.1.1 (/opt/ros/galactic/share/mavros_msgs/cmake)
-- Found rclcpp: 9.2.1 (/opt/ros/galactic/share/rclcpp/cmake)
-- Found rmw_implementation_cmake: 3.3.1 (/opt/ros/galactic/share/rmw_implementation_cmake/cmake)
-- Found rmw_cyclonedds_cpp: 0.22.5 (/opt/ros/galactic/share/rmw_cyclonedds_cpp/cmake)
-- Using RMW implementation 'rmw_cyclonedds_cpp' as default
-- Found Threads: TRUE  
-- Found ros_ign_interfaces: 0.233.4 (/home/muhayy/mbzirc_ws/src/install/share/ros_ign_interfaces/cmake)
-- Found tf2: 0.17.3 (/opt/ros/galactic/share/tf2/cmake)
-- Found tf2_msgs: 0.17.3 (/opt/ros/galactic/share/tf2_msgs/cmake)
-- Found tf2_ros: 0.17.3 (/opt/ros/galactic/share/tf2_ros/cmake)
-- Found ament_lint_auto: 0.10.7 (/opt/ros/galactic/share/ament_lint_auto/cmake)
-- Found launch_testing_ament_cmake: 0.17.1 (/opt/ros/galactic/share/launch_testing_ament_cmake/cmake)
-- Found python_cmake_module: 0.8.1 (/opt/ros/galactic/share/python_cmake_module/cmake)
-- Found PythonInterp: /usr/bin/python3 (found suitable version "3.8.10", minimum required is "3.5") 
-- Found PythonLibs: /usr/lib/x86_64-linux-gnu/libpython3.8.so (found suitable version "3.8.10", minimum required is "3.5") 
-- Using PYTHON_EXECUTABLE: /usr/bin/python3
-- Using PYTHON_INCLUDE_DIRS: /usr/include/python3.8
-- Using PYTHON_LIBRARIES: /usr/lib/x86_64-linux-gnu/libpython3.8.so
-- Found PythonExtra: .so  
-- Found gtest sources under '/opt/ros/galactic/src/gtest_vendor': C++ tests using 'Google Test' will be built
-- Configuring done
-- Generating done
-- Build files have been written to: /home/muhayy/mbzirc_ws/src/build/mbzirc_ros
[35m[1mScanning dependencies of target gtest[0m
[35m[1mScanning dependencies of target pose_tf_broadcaster[0m
[35m[1mScanning dependencies of target video_stream_publisher[0m
[35m[1mScanning dependencies of target fixed_wing_bridge[0m
[35m[1mScanning dependencies of target optical_frame_publisher[0m
[35m[1mScanning dependencies of target video_target_relay[0m
[  7%] [32mBuilding CXX object gtest/CMakeFiles/gtest.dir/src/gtest-all.cc.o[0m
[ 14%] [32mBuilding CXX object CMakeFiles/pose_tf_broadcaster.dir/src/pose_tf_broadcaster.cc.o[0m
[ 21%] [32mBuilding CXX object CMakeFiles/video_stream_publisher.dir/examples/video_stream_publisher.cc.o[0m
[ 28%] [32mBuilding CXX object CMakeFiles/optical_frame_publisher.dir/src/optical_frame_publisher.cc.o[0m
[ 35%] [32mBuilding CXX object CMakeFiles/video_target_relay.dir/src/video_target_relay.cc.o[0m
[ 42%] [32mBuilding CXX object CMakeFiles/fixed_wing_bridge.dir/src/fixed_wing_bridge.cc.o[0m
[ 50%] [32m[1mLinking CXX static library libgtest.a[0m
[ 50%] Built target gtest
[35m[1mScanning dependencies of target test_ros_api[0m
[ 57%] [32mBuilding CXX object CMakeFiles/test_ros_api.dir/test/ros_api/test_ros_api.cc.o[0m
[ 64%] [32m[1mLinking CXX executable pose_tf_broadcaster[0m
[ 64%] Built target pose_tf_broadcaster
[ 71%] [32m[1mLinking CXX executable video_stream_publisher[0m
[ 71%] Built target video_stream_publisher
[ 78%] [32m[1mLinking CXX executable optical_frame_publisher[0m
[ 85%] [32m[1mLinking CXX executable fixed_wing_bridge[0m
[ 85%] Built target optical_frame_publisher
[ 85%] Built target fixed_wing_bridge
[ 92%] [32m[1mLinking CXX executable video_target_relay[0m
[ 92%] Built target video_target_relay
[100%] [32m[1mLinking CXX executable test_ros_api[0m
[100%] Built target test_ros_api
-- Install configuration: ""
-- Installing: /home/muhayy/mbzirc_ws/src/install/lib/mbzirc_ros/fixed_wing_bridge
-- Set runtime path of "/home/muhayy/mbzirc_ws/src/install/lib/mbzirc_ros/fixed_wing_bridge" to ""
-- Installing: /home/muhayy/mbzirc_ws/src/install/lib/mbzirc_ros/optical_frame_publisher
-- Set runtime path of "/home/muhayy/mbzirc_ws/src/install/lib/mbzirc_ros/optical_frame_publisher" to ""
-- Installing: /home/muhayy/mbzirc_ws/src/install/lib/mbzirc_ros/pose_tf_broadcaster
-- Set runtime path of "/home/muhayy/mbzirc_ws/src/install/lib/mbzirc_ros/pose_tf_broadcaster" to ""
-- Installing: /home/muhayy/mbzirc_ws/src/install/lib/mbzirc_ros/video_target_relay
-- Set runtime path of "/home/muhayy/mbzirc_ws/src/install/lib/mbzirc_ros/video_target_relay" to ""
-- Installing: /home/muhayy/mbzirc_ws/src/install/lib/mbzirc_ros/video_stream_publisher
-- Set runtime path of "/home/muhayy/mbzirc_ws/src/install/lib/mbzirc_ros/video_stream_publisher" to ""
-- Installing: /home/muhayy/mbzirc_ws/src/install/share/mbzirc_ros/launch
-- Installing: /home/muhayy/mbzirc_ws/src/install/share/mbzirc_ros/launch/competition_local.launch.py
-- Installing: /home/muhayy/mbzirc_ws/src/install/lib/mbzirc_ros/test_ros_api
-- Set runtime path of "/home/muhayy/mbzirc_ws/src/install/lib/mbzirc_ros/test_ros_api" to ""
-- Installing: /home/muhayy/mbzirc_ws/src/install/share/ament_index/resource_index/package_run_dependencies/mbzirc_ros
-- Installing: /home/muhayy/mbzirc_ws/src/install/share/ament_index/resource_index/parent_prefix_path/mbzirc_ros
-- Installing: /home/muhayy/mbzirc_ws/src/install/share/mbzirc_ros/environment/ament_prefix_path.sh
-- Installing: /home/muhayy/mbzirc_ws/src/install/share/mbzirc_ros/environment/ament_prefix_path.dsv
-- Installing: /home/muhayy/mbzirc_ws/src/install/share/mbzirc_ros/environment/path.sh
-- Installing: /home/muhayy/mbzirc_ws/src/install/share/mbzirc_ros/environment/path.dsv
-- Installing: /home/muhayy/mbzirc_ws/src/install/share/mbzirc_ros/local_setup.bash
-- Installing: /home/muhayy/mbzirc_ws/src/install/share/mbzirc_ros/local_setup.sh
-- Installing: /home/muhayy/mbzirc_ws/src/install/share/mbzirc_ros/local_setup.zsh
-- Installing: /home/muhayy/mbzirc_ws/src/install/share/mbzirc_ros/local_setup.dsv
-- Installing: /home/muhayy/mbzirc_ws/src/install/share/mbzirc_ros/package.dsv
-- Installing: /home/muhayy/mbzirc_ws/src/install/share/ament_index/resource_index/packages/mbzirc_ros
-- Installing: /home/muhayy/mbzirc_ws/src/install/share/mbzirc_ros/cmake/mbzirc_rosConfig.cmake
-- Installing: /home/muhayy/mbzirc_ws/src/install/share/mbzirc_ros/cmake/mbzirc_rosConfig-version.cmake
-- Installing: /home/muhayy/mbzirc_ws/src/install/share/mbzirc_ros/package.xml
