[0.015s] Invoking command in '/home/muhayy/mbzirc_ws/src/build/mbzirc_ros': AMENT_PREFIX_PATH=/home/muhayy/mbzirc_ws/src/install:${AMENT_PREFIX_PATH} CMAKE_PREFIX_PATH=/home/muhayy/mbzirc_ws/src/install:/home/muhayy/mbzirc_ws/install:/opt/ros/galactic LD_LIBRARY_PATH=/home/muhayy/mbzirc_ws/src/install/lib:${LD_LIBRARY_PATH} PATH=/home/muhayy/mbzirc_ws/src/install/bin:${PATH} PYTHONPATH=/home/muhayy/mbzirc_ws/src/install/lib/python3.8/site-packages:${PYTHONPATH} /usr/bin/cmake /home/muhayy/mbzirc_ws/src/mbzirc/mbzirc_ros -DCMAKE_INSTALL_PREFIX=/home/muhayy/mbzirc_ws/src/install
[0.060s] -- The C compiler identification is GNU 9.4.0
[0.106s] -- The CXX compiler identification is GNU 9.4.0
[0.110s] -- Check for working C compiler: /usr/bin/cc
[0.168s] -- Check for working C compiler: /usr/bin/cc -- works
[0.169s] -- Detecting C compiler ABI info
[0.225s] -- Detecting C compiler ABI info - done
[0.236s] -- Detecting C compile features
[0.236s] -- Detecting C compile features - done
[0.239s] -- Check for working CXX compiler: /usr/bin/c++
[0.306s] -- Check for working CXX compiler: /usr/bin/c++ -- works
[0.307s] -- Detecting CXX compiler ABI info
[0.374s] -- Detecting CXX compiler ABI info - done
[0.385s] -- Detecting CXX compile features
[0.385s] -- Detecting CXX compile features - done
[0.387s] -- Found ament_cmake: 1.1.5 (/opt/ros/galactic/share/ament_cmake/cmake)
[0.410s] -- Found PythonInterp: /usr/bin/python3 (found suitable version "3.8.10", minimum required is "3") 
[0.410s] -- Using PYTHON_EXECUTABLE: /usr/bin/python3
[0.486s] -- Found geometry_msgs: 2.2.4 (/opt/ros/galactic/share/geometry_msgs/cmake)
[0.516s] -- Using all available rosidl_typesupport_c: rosidl_typesupport_fastrtps_c;rosidl_typesupport_introspection_c
[0.523s] -- Found rosidl_adapter: 2.2.2 (/opt/ros/galactic/share/rosidl_adapter/cmake)
[0.602s] -- Found OpenSSL: /usr/lib/x86_64-linux-gnu/libcrypto.so (found version "1.1.1f")  
[0.633s] -- Found FastRTPS: /opt/ros/galactic/include  
[0.712s] -- Using all available rosidl_typesupport_cpp: rosidl_typesupport_fastrtps_cpp;rosidl_typesupport_introspection_cpp
[0.816s] -- Looking for ignition-msgs8 -- found version 8.4.0
[0.824s] -- Searching for dependencies of ignition-msgs8
[1.104s] -- Found Protobuf: /usr/lib/x86_64-linux-gnu/libprotobuf.so;-lpthread (found suitable version "3.6.1", minimum required is "3") 
[1.107s] -- Looking for ignition-math6 -- found version 6.11.0
[1.108s] -- Searching for dependencies of ignition-math6
[1.115s] -- Checking for module 'tinyxml2'
[1.131s] --   Found tinyxml2, version 6.2.0
[1.179s] -- Looking for ignition-transport11 -- found version 11.0.0
[1.179s] -- Searching for dependencies of ignition-transport11
[1.214s] -- Config-file not installed for ZeroMQ -- checking for pkg-config
[1.218s] -- Checking for module 'libzmq >= 4'
[1.234s] --   Found libzmq , version 4.3.2
[1.275s] -- Found ZeroMQ: TRUE (Required is at least version "4") 
[1.280s] -- Checking for module 'uuid'
[1.295s] --   Found uuid, version 2.34.0
[1.337s] -- Found UUID: TRUE  
[1.339s] -- Looking for ignition-utils1 -- found version 1.4.0
[1.340s] -- Searching for dependencies of ignition-utils1
[1.340s] -- Searching for <ignition-utils1> component [cli]
[1.342s] -- Looking for ignition-utils1-cli -- found version 1.4.0
[1.343s] -- Searching for dependencies of ignition-utils1-cli
[1.343s] -- Looking for ignition-msgs8 -- found version 8.4.0
[1.348s] -- Found mavros_msgs: 2.1.1 (/opt/ros/galactic/share/mavros_msgs/cmake)
[1.931s] -- Found rclcpp: 9.2.1 (/opt/ros/galactic/share/rclcpp/cmake)
[1.965s] -- Found rmw_implementation_cmake: 3.3.1 (/opt/ros/galactic/share/rmw_implementation_cmake/cmake)
[1.968s] -- Found rmw_cyclonedds_cpp: 0.22.5 (/opt/ros/galactic/share/rmw_cyclonedds_cpp/cmake)
[1.987s] -- Using RMW implementation 'rmw_cyclonedds_cpp' as default
[1.988s] -- Found Threads: TRUE  
[2.114s] -- Found ros_ign_interfaces: 0.233.4 (/home/muhayy/mbzirc_ws/src/install/share/ros_ign_interfaces/cmake)
[2.183s] -- Found tf2: 0.17.3 (/opt/ros/galactic/share/tf2/cmake)
[2.194s] -- Found tf2_msgs: 0.17.3 (/opt/ros/galactic/share/tf2_msgs/cmake)
[2.356s] -- Found tf2_ros: 0.17.3 (/opt/ros/galactic/share/tf2_ros/cmake)
[2.511s] -- Found ament_lint_auto: 0.10.7 (/opt/ros/galactic/share/ament_lint_auto/cmake)
[2.565s] -- Found launch_testing_ament_cmake: 0.17.1 (/opt/ros/galactic/share/launch_testing_ament_cmake/cmake)
[2.567s] -- Found python_cmake_module: 0.8.1 (/opt/ros/galactic/share/python_cmake_module/cmake)
[2.586s] -- Found PythonInterp: /usr/bin/python3 (found suitable version "3.8.10", minimum required is "3.5") 
[2.591s] -- Found PythonLibs: /usr/lib/x86_64-linux-gnu/libpython3.8.so (found suitable version "3.8.10", minimum required is "3.5") 
[2.592s] -- Using PYTHON_EXECUTABLE: /usr/bin/python3
[2.592s] -- Using PYTHON_INCLUDE_DIRS: /usr/include/python3.8
[2.592s] -- Using PYTHON_LIBRARIES: /usr/lib/x86_64-linux-gnu/libpython3.8.so
[2.611s] -- Found PythonExtra: .so  
[2.613s] -- Found gtest sources under '/opt/ros/galactic/src/gtest_vendor': C++ tests using 'Google Test' will be built
[2.623s] -- Configuring done
[2.661s] -- Generating done
[2.663s] -- Build files have been written to: /home/muhayy/mbzirc_ws/src/build/mbzirc_ros
[2.672s] Invoked command in '/home/muhayy/mbzirc_ws/src/build/mbzirc_ros' returned '0': AMENT_PREFIX_PATH=/home/muhayy/mbzirc_ws/src/install:${AMENT_PREFIX_PATH} CMAKE_PREFIX_PATH=/home/muhayy/mbzirc_ws/src/install:/home/muhayy/mbzirc_ws/install:/opt/ros/galactic LD_LIBRARY_PATH=/home/muhayy/mbzirc_ws/src/install/lib:${LD_LIBRARY_PATH} PATH=/home/muhayy/mbzirc_ws/src/install/bin:${PATH} PYTHONPATH=/home/muhayy/mbzirc_ws/src/install/lib/python3.8/site-packages:${PYTHONPATH} /usr/bin/cmake /home/muhayy/mbzirc_ws/src/mbzirc/mbzirc_ros -DCMAKE_INSTALL_PREFIX=/home/muhayy/mbzirc_ws/src/install
[2.674s] Invoking command in '/home/muhayy/mbzirc_ws/src/build/mbzirc_ros': AMENT_PREFIX_PATH=/home/muhayy/mbzirc_ws/src/install:${AMENT_PREFIX_PATH} CMAKE_PREFIX_PATH=/home/muhayy/mbzirc_ws/src/install:/home/muhayy/mbzirc_ws/install:/opt/ros/galactic LD_LIBRARY_PATH=/home/muhayy/mbzirc_ws/src/install/lib:${LD_LIBRARY_PATH} PATH=/home/muhayy/mbzirc_ws/src/install/bin:${PATH} PYTHONPATH=/home/muhayy/mbzirc_ws/src/install/lib/python3.8/site-packages:${PYTHONPATH} /usr/bin/cmake --build /home/muhayy/mbzirc_ws/src/build/mbzirc_ros -- -j12 -l12
[2.713s] [35m[1mScanning dependencies of target gtest[0m
[2.713s] [35m[1mScanning dependencies of target pose_tf_broadcaster[0m
[2.713s] [35m[1mScanning dependencies of target video_stream_publisher[0m
[2.713s] [35m[1mScanning dependencies of target fixed_wing_bridge[0m
[2.715s] [35m[1mScanning dependencies of target optical_frame_publisher[0m
[2.715s] [35m[1mScanning dependencies of target video_target_relay[0m
[2.728s] [  7%] [32mBuilding CXX object gtest/CMakeFiles/gtest.dir/src/gtest-all.cc.o[0m
[2.749s] [ 14%] [32mBuilding CXX object CMakeFiles/pose_tf_broadcaster.dir/src/pose_tf_broadcaster.cc.o[0m
[2.750s] [ 21%] [32mBuilding CXX object CMakeFiles/video_stream_publisher.dir/examples/video_stream_publisher.cc.o[0m
[2.772s] [ 28%] [32mBuilding CXX object CMakeFiles/optical_frame_publisher.dir/src/optical_frame_publisher.cc.o[0m
[2.818s] [ 35%] [32mBuilding CXX object CMakeFiles/video_target_relay.dir/src/video_target_relay.cc.o[0m
[2.820s] [ 42%] [32mBuilding CXX object CMakeFiles/fixed_wing_bridge.dir/src/fixed_wing_bridge.cc.o[0m
[6.015s] [ 50%] [32m[1mLinking CXX static library libgtest.a[0m
[6.075s] [ 50%] Built target gtest
[6.087s] [35m[1mScanning dependencies of target test_ros_api[0m
[6.141s] [ 57%] [32mBuilding CXX object CMakeFiles/test_ros_api.dir/test/ros_api/test_ros_api.cc.o[0m
[10.413s] [ 64%] [32m[1mLinking CXX executable pose_tf_broadcaster[0m
[10.783s] [ 64%] Built target pose_tf_broadcaster
[11.332s] [ 71%] [32m[1mLinking CXX executable video_stream_publisher[0m
[11.669s] [ 71%] Built target video_stream_publisher
[14.560s] [ 78%] [32m[1mLinking CXX executable optical_frame_publisher[0m
[14.860s] [ 85%] [32m[1mLinking CXX executable fixed_wing_bridge[0m
[15.190s] [ 85%] Built target optical_frame_publisher
[15.449s] [ 85%] Built target fixed_wing_bridge
[16.172s] [ 92%] [32m[1mLinking CXX executable video_target_relay[0m
[16.689s] [ 92%] Built target video_target_relay
[40.161s] [100%] [32m[1mLinking CXX executable test_ros_api[0m
[41.790s] [100%] Built target test_ros_api
[41.799s] Invoked command in '/home/muhayy/mbzirc_ws/src/build/mbzirc_ros' returned '0': AMENT_PREFIX_PATH=/home/muhayy/mbzirc_ws/src/install:${AMENT_PREFIX_PATH} CMAKE_PREFIX_PATH=/home/muhayy/mbzirc_ws/src/install:/home/muhayy/mbzirc_ws/install:/opt/ros/galactic LD_LIBRARY_PATH=/home/muhayy/mbzirc_ws/src/install/lib:${LD_LIBRARY_PATH} PATH=/home/muhayy/mbzirc_ws/src/install/bin:${PATH} PYTHONPATH=/home/muhayy/mbzirc_ws/src/install/lib/python3.8/site-packages:${PYTHONPATH} /usr/bin/cmake --build /home/muhayy/mbzirc_ws/src/build/mbzirc_ros -- -j12 -l12
[41.827s] Invoking command in '/home/muhayy/mbzirc_ws/src/build/mbzirc_ros': AMENT_PREFIX_PATH=/home/muhayy/mbzirc_ws/src/install:${AMENT_PREFIX_PATH} CMAKE_PREFIX_PATH=/home/muhayy/mbzirc_ws/src/install:/home/muhayy/mbzirc_ws/install:/opt/ros/galactic LD_LIBRARY_PATH=/home/muhayy/mbzirc_ws/src/install/lib:${LD_LIBRARY_PATH} PATH=/home/muhayy/mbzirc_ws/src/install/bin:${PATH} PYTHONPATH=/home/muhayy/mbzirc_ws/src/install/lib/python3.8/site-packages:${PYTHONPATH} /usr/bin/cmake --install /home/muhayy/mbzirc_ws/src/build/mbzirc_ros
[41.836s] -- Install configuration: ""
[41.836s] -- Installing: /home/muhayy/mbzirc_ws/src/install/lib/mbzirc_ros/fixed_wing_bridge
[41.840s] -- Set runtime path of "/home/muhayy/mbzirc_ws/src/install/lib/mbzirc_ros/fixed_wing_bridge" to ""
[41.840s] -- Installing: /home/muhayy/mbzirc_ws/src/install/lib/mbzirc_ros/optical_frame_publisher
[41.846s] -- Set runtime path of "/home/muhayy/mbzirc_ws/src/install/lib/mbzirc_ros/optical_frame_publisher" to ""
[41.846s] -- Installing: /home/muhayy/mbzirc_ws/src/install/lib/mbzirc_ros/pose_tf_broadcaster
[41.849s] -- Set runtime path of "/home/muhayy/mbzirc_ws/src/install/lib/mbzirc_ros/pose_tf_broadcaster" to ""
[41.849s] -- Installing: /home/muhayy/mbzirc_ws/src/install/lib/mbzirc_ros/video_target_relay
[41.854s] -- Set runtime path of "/home/muhayy/mbzirc_ws/src/install/lib/mbzirc_ros/video_target_relay" to ""
[41.854s] -- Installing: /home/muhayy/mbzirc_ws/src/install/lib/mbzirc_ros/video_stream_publisher
[41.857s] -- Set runtime path of "/home/muhayy/mbzirc_ws/src/install/lib/mbzirc_ros/video_stream_publisher" to ""
[41.858s] -- Installing: /home/muhayy/mbzirc_ws/src/install/share/mbzirc_ros/launch
[41.858s] -- Installing: /home/muhayy/mbzirc_ws/src/install/share/mbzirc_ros/launch/competition_local.launch.py
[41.858s] -- Installing: /home/muhayy/mbzirc_ws/src/install/lib/mbzirc_ros/test_ros_api
[41.878s] -- Set runtime path of "/home/muhayy/mbzirc_ws/src/install/lib/mbzirc_ros/test_ros_api" to ""
[41.879s] -- Installing: /home/muhayy/mbzirc_ws/src/install/share/ament_index/resource_index/package_run_dependencies/mbzirc_ros
[41.879s] -- Installing: /home/muhayy/mbzirc_ws/src/install/share/ament_index/resource_index/parent_prefix_path/mbzirc_ros
[41.879s] -- Installing: /home/muhayy/mbzirc_ws/src/install/share/mbzirc_ros/environment/ament_prefix_path.sh
[41.879s] -- Installing: /home/muhayy/mbzirc_ws/src/install/share/mbzirc_ros/environment/ament_prefix_path.dsv
[41.879s] -- Installing: /home/muhayy/mbzirc_ws/src/install/share/mbzirc_ros/environment/path.sh
[41.879s] -- Installing: /home/muhayy/mbzirc_ws/src/install/share/mbzirc_ros/environment/path.dsv
[41.879s] -- Installing: /home/muhayy/mbzirc_ws/src/install/share/mbzirc_ros/local_setup.bash
[41.879s] -- Installing: /home/muhayy/mbzirc_ws/src/install/share/mbzirc_ros/local_setup.sh
[41.879s] -- Installing: /home/muhayy/mbzirc_ws/src/install/share/mbzirc_ros/local_setup.zsh
[41.879s] -- Installing: /home/muhayy/mbzirc_ws/src/install/share/mbzirc_ros/local_setup.dsv
[41.880s] -- Installing: /home/muhayy/mbzirc_ws/src/install/share/mbzirc_ros/package.dsv
[41.880s] -- Installing: /home/muhayy/mbzirc_ws/src/install/share/ament_index/resource_index/packages/mbzirc_ros
[41.880s] -- Installing: /home/muhayy/mbzirc_ws/src/install/share/mbzirc_ros/cmake/mbzirc_rosConfig.cmake
[41.880s] -- Installing: /home/muhayy/mbzirc_ws/src/install/share/mbzirc_ros/cmake/mbzirc_rosConfig-version.cmake
[41.880s] -- Installing: /home/muhayy/mbzirc_ws/src/install/share/mbzirc_ros/package.xml
[41.883s] Invoked command in '/home/muhayy/mbzirc_ws/src/build/mbzirc_ros' returned '0': AMENT_PREFIX_PATH=/home/muhayy/mbzirc_ws/src/install:${AMENT_PREFIX_PATH} CMAKE_PREFIX_PATH=/home/muhayy/mbzirc_ws/src/install:/home/muhayy/mbzirc_ws/install:/opt/ros/galactic LD_LIBRARY_PATH=/home/muhayy/mbzirc_ws/src/install/lib:${LD_LIBRARY_PATH} PATH=/home/muhayy/mbzirc_ws/src/install/bin:${PATH} PYTHONPATH=/home/muhayy/mbzirc_ws/src/install/lib/python3.8/site-packages:${PYTHONPATH} /usr/bin/cmake --install /home/muhayy/mbzirc_ws/src/build/mbzirc_ros
