[0.302s] Invoking command in '/home/muhayy/mbzirc_ws/src/build/turtlebot3_cartographer': CMAKE_PREFIX_PATH=${CMAKE_PREFIX_PATH}:/opt/ros/galactic /usr/bin/cmake --build /home/muhayy/mbzirc_ws/src/build/turtlebot3_cartographer -- -j12 -l12
[0.809s] Invoked command in '/home/muhayy/mbzirc_ws/src/build/turtlebot3_cartographer' returned '0': CMAKE_PREFIX_PATH=${CMAKE_PREFIX_PATH}:/opt/ros/galactic /usr/bin/cmake --build /home/muhayy/mbzirc_ws/src/build/turtlebot3_cartographer -- -j12 -l12
[0.869s] Invoking command in '/home/muhayy/mbzirc_ws/src/build/turtlebot3_cartographer': CMAKE_PREFIX_PATH=${CMAKE_PREFIX_PATH}:/opt/ros/galactic /usr/bin/cmake --install /home/muhayy/mbzirc_ws/src/build/turtlebot3_cartographer
[0.908s] -- Install configuration: ""
[0.909s] -- Up-to-date: /home/muhayy/mbzirc_ws/src/install/share/turtlebot3_cartographer/config
[0.909s] -- Up-to-date: /home/muhayy/mbzirc_ws/src/install/share/turtlebot3_cartographer/config/turtlebot3_lds_2d.lua
[0.909s] -- Up-to-date: /home/muhayy/mbzirc_ws/src/install/share/turtlebot3_cartographer/launch
[0.909s] -- Up-to-date: /home/muhayy/mbzirc_ws/src/install/share/turtlebot3_cartographer/launch/occupancy_grid.launch.py
[0.909s] -- Up-to-date: /home/muhayy/mbzirc_ws/src/install/share/turtlebot3_cartographer/launch/cartographer.launch.py
[0.910s] -- Up-to-date: /home/muhayy/mbzirc_ws/src/install/share/turtlebot3_cartographer/rviz
[0.910s] -- Up-to-date: /home/muhayy/mbzirc_ws/src/install/share/turtlebot3_cartographer/rviz/tb3_cartographer.rviz
[0.910s] -- Up-to-date: /home/muhayy/mbzirc_ws/src/install/share/ament_index/resource_index/package_run_dependencies/turtlebot3_cartographer
[0.910s] -- Up-to-date: /home/muhayy/mbzirc_ws/src/install/share/ament_index/resource_index/parent_prefix_path/turtlebot3_cartographer
[0.910s] -- Up-to-date: /home/muhayy/mbzirc_ws/src/install/share/turtlebot3_cartographer/environment/ament_prefix_path.sh
[0.910s] -- Up-to-date: /home/muhayy/mbzirc_ws/src/install/share/turtlebot3_cartographer/environment/ament_prefix_path.dsv
[0.910s] -- Up-to-date: /home/muhayy/mbzirc_ws/src/install/share/turtlebot3_cartographer/environment/path.sh
[0.911s] -- Up-to-date: /home/muhayy/mbzirc_ws/src/install/share/turtlebot3_cartographer/environment/path.dsv
[0.911s] -- Up-to-date: /home/muhayy/mbzirc_ws/src/install/share/turtlebot3_cartographer/local_setup.bash
[0.911s] -- Up-to-date: /home/muhayy/mbzirc_ws/src/install/share/turtlebot3_cartographer/local_setup.sh
[0.911s] -- Up-to-date: /home/muhayy/mbzirc_ws/src/install/share/turtlebot3_cartographer/local_setup.zsh
[0.911s] -- Up-to-date: /home/muhayy/mbzirc_ws/src/install/share/turtlebot3_cartographer/local_setup.dsv
[0.911s] -- Up-to-date: /home/muhayy/mbzirc_ws/src/install/share/turtlebot3_cartographer/package.dsv
[0.911s] -- Up-to-date: /home/muhayy/mbzirc_ws/src/install/share/ament_index/resource_index/packages/turtlebot3_cartographer
[0.912s] -- Up-to-date: /home/muhayy/mbzirc_ws/src/install/share/turtlebot3_cartographer/cmake/turtlebot3_cartographerConfig.cmake
[0.912s] -- Up-to-date: /home/muhayy/mbzirc_ws/src/install/share/turtlebot3_cartographer/cmake/turtlebot3_cartographerConfig-version.cmake
[0.912s] -- Up-to-date: /home/muhayy/mbzirc_ws/src/install/share/turtlebot3_cartographer/package.xml
[0.974s] Invoked command in '/home/muhayy/mbzirc_ws/src/build/turtlebot3_cartographer' returned '0': CMAKE_PREFIX_PATH=${CMAKE_PREFIX_PATH}:/opt/ros/galactic /usr/bin/cmake --install /home/muhayy/mbzirc_ws/src/build/turtlebot3_cartographer
