[0.140s] Invoking command in '/home/muhayy/mbzirc_ws/src/build/ros2_mapping': CMAKE_PREFIX_PATH=${CMAKE_PREFIX_PATH}:/opt/ros/galactic /usr/bin/cmake /home/muhayy/mbzirc_ws/src/ros2_mapping -DCMAKE_INSTALL_PREFIX=/home/muhayy/mbzirc_ws/src/install
[1.329s] -- The C compiler identification is GNU 9.4.0
[1.329s] -- The CXX compiler identification is GNU 9.4.0
[1.329s] -- Check for working C compiler: /usr/bin/cc
[1.430s] -- Check for working C compiler: /usr/bin/cc -- works
[1.432s] -- Detecting C compiler ABI info
[2.023s] -- Detecting C compiler ABI info - done
[2.084s] -- Detecting C compile features
[2.084s] -- Detecting C compile features - done
[2.088s] -- Check for working CXX compiler: /usr/bin/c++
[2.825s] -- Check for working CXX compiler: /usr/bin/c++ -- works
[2.827s] -- Detecting CXX compiler ABI info
[3.430s] -- Detecting CXX compiler ABI info - done
[3.499s] -- Detecting CXX compile features
[3.504s] -- Detecting CXX compile features - done
[3.523s] -- Found ament_cmake: 1.1.5 (/opt/ros/galactic/share/ament_cmake/cmake)
[3.681s] -- Found PythonInterp: /usr/bin/python3 (found suitable version "3.8.10", minimum required is "3") 
[3.681s] -- Using PYTHON_EXECUTABLE: /usr/bin/python3
[4.173s] -- Found ament_lint_auto: 0.10.7 (/opt/ros/galactic/share/ament_lint_auto/cmake)
[4.681s] -- Added test 'copyright' to check source files copyright and LICENSE
[4.685s] -- Added test 'flake8' to check Python code syntax and style conventions
[4.697s] -- Added test 'lint_cmake' to check CMake code style
[4.698s] -- Added test 'pep257' to check Python code against some of the style conventions in PEP 257
[4.708s] -- Added test 'xmllint' to check XML markup files
[4.727s] -- Configuring done
[4.739s] -- Generating done
[4.742s] -- Build files have been written to: /home/muhayy/mbzirc_ws/src/build/ros2_mapping
[4.766s] Invoked command in '/home/muhayy/mbzirc_ws/src/build/ros2_mapping' returned '0': CMAKE_PREFIX_PATH=${CMAKE_PREFIX_PATH}:/opt/ros/galactic /usr/bin/cmake /home/muhayy/mbzirc_ws/src/ros2_mapping -DCMAKE_INSTALL_PREFIX=/home/muhayy/mbzirc_ws/src/install
[4.767s] Invoking command in '/home/muhayy/mbzirc_ws/src/build/ros2_mapping': CMAKE_PREFIX_PATH=${CMAKE_PREFIX_PATH}:/opt/ros/galactic /usr/bin/cmake --build /home/muhayy/mbzirc_ws/src/build/ros2_mapping -- -j12 -l12
[13.451s] Invoked command in '/home/muhayy/mbzirc_ws/src/build/ros2_mapping' returned '0': CMAKE_PREFIX_PATH=${CMAKE_PREFIX_PATH}:/opt/ros/galactic /usr/bin/cmake --build /home/muhayy/mbzirc_ws/src/build/ros2_mapping -- -j12 -l12
[14.849s] Invoking command in '/home/muhayy/mbzirc_ws/src/build/ros2_mapping': CMAKE_PREFIX_PATH=${CMAKE_PREFIX_PATH}:/opt/ros/galactic /usr/bin/cmake --install /home/muhayy/mbzirc_ws/src/build/ros2_mapping
[23.530s] -- Install configuration: ""
[23.530s] -- Installing: /home/muhayy/mbzirc_ws/src/install/share/ament_index/resource_index/package_run_dependencies/ros2_mapping
[23.530s] -- Installing: /home/muhayy/mbzirc_ws/src/install/share/ament_index/resource_index/parent_prefix_path/ros2_mapping
[23.530s] -- Installing: /home/muhayy/mbzirc_ws/src/install/share/ros2_mapping/environment/ament_prefix_path.sh
[23.530s] -- Installing: /home/muhayy/mbzirc_ws/src/install/share/ros2_mapping/environment/ament_prefix_path.dsv
[23.530s] -- Installing: /home/muhayy/mbzirc_ws/src/install/share/ros2_mapping/environment/path.sh
[23.530s] -- Installing: /home/muhayy/mbzirc_ws/src/install/share/ros2_mapping/environment/path.dsv
[23.530s] -- Installing: /home/muhayy/mbzirc_ws/src/install/share/ros2_mapping/local_setup.bash
[23.530s] -- Installing: /home/muhayy/mbzirc_ws/src/install/share/ros2_mapping/local_setup.sh
[23.531s] -- Installing: /home/muhayy/mbzirc_ws/src/install/share/ros2_mapping/local_setup.zsh
[23.531s] -- Installing: /home/muhayy/mbzirc_ws/src/install/share/ros2_mapping/local_setup.dsv
[23.531s] -- Installing: /home/muhayy/mbzirc_ws/src/install/share/ros2_mapping/package.dsv
[23.531s] -- Installing: /home/muhayy/mbzirc_ws/src/install/share/ament_index/resource_index/packages/ros2_mapping
[23.531s] -- Installing: /home/muhayy/mbzirc_ws/src/install/share/ros2_mapping/cmake/ros2_mappingConfig.cmake
[23.531s] -- Installing: /home/muhayy/mbzirc_ws/src/install/share/ros2_mapping/cmake/ros2_mappingConfig-version.cmake
[23.533s] -- Installing: /home/muhayy/mbzirc_ws/src/install/share/ros2_mapping/package.xml
[23.534s] -- Installing: /home/muhayy/mbzirc_ws/src/install/share/ros2_mapping/launch
[23.534s] -- Installing: /home/muhayy/mbzirc_ws/src/install/share/ros2_mapping/launch/online_async_launch.py
[23.534s] -- Installing: /home/muhayy/mbzirc_ws/src/install/share/ros2_mapping/launch/lifelong_launch.py
[23.534s] -- Installing: /home/muhayy/mbzirc_ws/src/install/share/ros2_mapping/launch/map_bringsup.launch.py
[23.534s] -- Installing: /home/muhayy/mbzirc_ws/src/install/share/ros2_mapping/config
[23.534s] -- Installing: /home/muhayy/mbzirc_ws/src/install/share/ros2_mapping/config/simple_map.yaml
[23.536s] -- Installing: /home/muhayy/mbzirc_ws/src/install/share/ros2_mapping/config/simple_map.pgm
[23.536s] -- Installing: /home/muhayy/mbzirc_ws/src/install/share/ros2_mapping/config/mapper_params_lifelong_launch.yaml
[23.536s] -- Installing: /home/muhayy/mbzirc_ws/src/install/share/ros2_mapping/config/mapper_params_online_async.yaml
[23.567s] Invoked command in '/home/muhayy/mbzirc_ws/src/build/ros2_mapping' returned '0': CMAKE_PREFIX_PATH=${CMAKE_PREFIX_PATH}:/opt/ros/galactic /usr/bin/cmake --install /home/muhayy/mbzirc_ws/src/build/ros2_mapping
