running egg_info
creating ../build/custom_tf_broadcaster/custom_tf_broadcaster.egg-info
writing ../build/custom_tf_broadcaster/custom_tf_broadcaster.egg-info/PKG-INFO
writing dependency_links to ../build/custom_tf_broadcaster/custom_tf_broadcaster.egg-info/dependency_links.txt
writing entry points to ../build/custom_tf_broadcaster/custom_tf_broadcaster.egg-info/entry_points.txt
writing requirements to ../build/custom_tf_broadcaster/custom_tf_broadcaster.egg-info/requires.txt
writing top-level names to ../build/custom_tf_broadcaster/custom_tf_broadcaster.egg-info/top_level.txt
writing manifest file '../build/custom_tf_broadcaster/custom_tf_broadcaster.egg-info/SOURCES.txt'
reading manifest file '../build/custom_tf_broadcaster/custom_tf_broadcaster.egg-info/SOURCES.txt'
writing manifest file '../build/custom_tf_broadcaster/custom_tf_broadcaster.egg-info/SOURCES.txt'
running build
running build_py
creating /home/muhayy/mbzirc_ws/src/build/custom_tf_broadcaster/build
creating /home/muhayy/mbzirc_ws/src/build/custom_tf_broadcaster/build/lib
creating /home/muhayy/mbzirc_ws/src/build/custom_tf_broadcaster/build/lib/custom_tf_broadcaster
copying custom_tf_broadcaster/__init__.py -> /home/muhayy/mbzirc_ws/src/build/custom_tf_broadcaster/build/lib/custom_tf_broadcaster
copying custom_tf_broadcaster/custom_tf_broadcaster.py -> /home/muhayy/mbzirc_ws/src/build/custom_tf_broadcaster/build/lib/custom_tf_broadcaster
running install
running install_lib
creating /home/muhayy/mbzirc_ws/src/install/lib/python3.8/site-packages/custom_tf_broadcaster
copying /home/muhayy/mbzirc_ws/src/build/custom_tf_broadcaster/build/lib/custom_tf_broadcaster/__init__.py -> /home/muhayy/mbzirc_ws/src/install/lib/python3.8/site-packages/custom_tf_broadcaster
copying /home/muhayy/mbzirc_ws/src/build/custom_tf_broadcaster/build/lib/custom_tf_broadcaster/custom_tf_broadcaster.py -> /home/muhayy/mbzirc_ws/src/install/lib/python3.8/site-packages/custom_tf_broadcaster
byte-compiling /home/muhayy/mbzirc_ws/src/install/lib/python3.8/site-packages/custom_tf_broadcaster/__init__.py to __init__.cpython-38.pyc
byte-compiling /home/muhayy/mbzirc_ws/src/install/lib/python3.8/site-packages/custom_tf_broadcaster/custom_tf_broadcaster.py to custom_tf_broadcaster.cpython-38.pyc
running install_data
copying resource/custom_tf_broadcaster -> /home/muhayy/mbzirc_ws/src/install/share/ament_index/resource_index/packages
copying package.xml -> /home/muhayy/mbzirc_ws/src/install/share/custom_tf_broadcaster
running install_egg_info
Copying ../build/custom_tf_broadcaster/custom_tf_broadcaster.egg-info to /home/muhayy/mbzirc_ws/src/install/lib/python3.8/site-packages/custom_tf_broadcaster-0.0.0-py3.8.egg-info
running install_scripts
Installing publish_odometry_and_tf script to /home/muhayy/mbzirc_ws/src/install/lib/custom_tf_broadcaster
writing list of installed files to '/home/muhayy/mbzirc_ws/src/build/custom_tf_broadcaster/install.log'
