[0.796s] Invoking command in '/home/muhayy/mbzirc_ws/src/build/turtlebot3_fake_node': CMAKE_PREFIX_PATH=${CMAKE_PREFIX_PATH}:/opt/ros/galactic /usr/bin/cmake /home/muhayy/mbzirc_ws/src/turtlebot3_simulations/turtlebot3_fake_node -DCMAKE_INSTALL_PREFIX=/home/muhayy/mbzirc_ws/src/install
[1.340s] -- The C compiler identification is GNU 9.4.0
[1.340s] -- The CXX compiler identification is GNU 9.4.0
[1.340s] -- Check for working C compiler: /usr/bin/cc
[1.341s] -- Check for working C compiler: /usr/bin/cc -- works
[1.341s] -- Detecting C compiler ABI info
[1.341s] -- Detecting C compiler ABI info - done
[1.341s] -- Detecting C compile features
[1.341s] -- Detecting C compile features - done
[1.341s] -- Check for working CXX compiler: /usr/bin/c++
[1.495s] -- Check for working CXX compiler: /usr/bin/c++ -- works
[1.496s] -- Detecting CXX compiler ABI info
[1.715s] -- Detecting CXX compiler ABI info - done
[1.736s] -- Detecting CXX compile features
[1.737s] -- Detecting CXX compile features - done
[1.741s] -- Found ament_cmake: 1.1.5 (/opt/ros/galactic/share/ament_cmake/cmake)
[1.774s] -- Found PythonInterp: /usr/bin/python3 (found suitable version "3.8.10", minimum required is "3") 
[1.776s] -- Using PYTHON_EXECUTABLE: /usr/bin/python3
[1.895s] -- Found geometry_msgs: 2.2.4 (/opt/ros/galactic/share/geometry_msgs/cmake)
[1.946s] -- Using all available rosidl_typesupport_c: rosidl_typesupport_fastrtps_c;rosidl_typesupport_introspection_c
[1.957s] -- Found rosidl_adapter: 2.2.2 (/opt/ros/galactic/share/rosidl_adapter/cmake)
[2.147s] -- Found OpenSSL: /usr/lib/x86_64-linux-gnu/libcrypto.so (found version "1.1.1f")  
[2.206s] -- Found FastRTPS: /opt/ros/galactic/include  
[2.334s] -- Using all available rosidl_typesupport_cpp: rosidl_typesupport_fastrtps_cpp;rosidl_typesupport_introspection_cpp
[2.467s] -- Found nav_msgs: 2.2.4 (/opt/ros/galactic/share/nav_msgs/cmake)
[2.595s] -- Found rclcpp: 9.2.1 (/opt/ros/galactic/share/rclcpp/cmake)
[2.684s] -- Found rmw_implementation_cmake: 3.3.1 (/opt/ros/galactic/share/rmw_implementation_cmake/cmake)
[2.689s] -- Found rmw_cyclonedds_cpp: 0.22.5 (/opt/ros/galactic/share/rmw_cyclonedds_cpp/cmake)
[2.723s] -- Using RMW implementation 'rmw_cyclonedds_cpp' as default
[2.724s] -- Looking for pthread.h
[2.852s] -- Looking for pthread.h - found
[2.853s] -- Performing Test CMAKE_HAVE_LIBC_PTHREAD
[2.986s] -- Performing Test CMAKE_HAVE_LIBC_PTHREAD - Failed
[2.986s] -- Looking for pthread_create in pthreads
[3.070s] -- Looking for pthread_create in pthreads - not found
[3.070s] -- Looking for pthread_create in pthread
[3.159s] -- Looking for pthread_create in pthread - found
[3.161s] -- Found Threads: TRUE  
[3.329s] -- Found sensor_msgs: 2.2.4 (/opt/ros/galactic/share/sensor_msgs/cmake)
[3.436s] -- Found tf2: 0.17.3 (/opt/ros/galactic/share/tf2/cmake)
[3.453s] -- Found tf2_msgs: 0.17.3 (/opt/ros/galactic/share/tf2_msgs/cmake)
[3.810s] -- Found turtlebot3_msgs: 2.2.2 (/opt/ros/galactic/share/turtlebot3_msgs/cmake)
[4.204s] -- Configuring done
[4.233s] -- Generating done
[4.236s] -- Build files have been written to: /home/muhayy/mbzirc_ws/src/build/turtlebot3_fake_node
[4.555s] Invoked command in '/home/muhayy/mbzirc_ws/src/build/turtlebot3_fake_node' returned '0': CMAKE_PREFIX_PATH=${CMAKE_PREFIX_PATH}:/opt/ros/galactic /usr/bin/cmake /home/muhayy/mbzirc_ws/src/turtlebot3_simulations/turtlebot3_fake_node -DCMAKE_INSTALL_PREFIX=/home/muhayy/mbzirc_ws/src/install
[4.556s] Invoking command in '/home/muhayy/mbzirc_ws/src/build/turtlebot3_fake_node': CMAKE_PREFIX_PATH=${CMAKE_PREFIX_PATH}:/opt/ros/galactic /usr/bin/cmake --build /home/muhayy/mbzirc_ws/src/build/turtlebot3_fake_node -- -j12 -l12
[5.754s] [35m[1mScanning dependencies of target turtlebot3_fake_node[0m
[5.754s] [ 50%] [32mBuilding CXX object CMakeFiles/turtlebot3_fake_node.dir/src/turtlebot3_fake_node.cpp.o[0m
[32.688s] [100%] [32m[1mLinking CXX executable turtlebot3_fake_node[0m
[33.798s] [100%] Built target turtlebot3_fake_node
[33.868s] Invoked command in '/home/muhayy/mbzirc_ws/src/build/turtlebot3_fake_node' returned '0': CMAKE_PREFIX_PATH=${CMAKE_PREFIX_PATH}:/opt/ros/galactic /usr/bin/cmake --build /home/muhayy/mbzirc_ws/src/build/turtlebot3_fake_node -- -j12 -l12
[34.083s] Invoking command in '/home/muhayy/mbzirc_ws/src/build/turtlebot3_fake_node': CMAKE_PREFIX_PATH=${CMAKE_PREFIX_PATH}:/opt/ros/galactic /usr/bin/cmake --install /home/muhayy/mbzirc_ws/src/build/turtlebot3_fake_node
[35.258s] -- Install configuration: ""
[35.258s] -- Installing: /home/muhayy/mbzirc_ws/src/install/lib/turtlebot3_fake_node/turtlebot3_fake_node
[35.258s] -- Set runtime path of "/home/muhayy/mbzirc_ws/src/install/lib/turtlebot3_fake_node/turtlebot3_fake_node" to ""
[35.258s] -- Installing: /home/muhayy/mbzirc_ws/src/install/share/turtlebot3_fake_node/launch
[35.258s] -- Installing: /home/muhayy/mbzirc_ws/src/install/share/turtlebot3_fake_node/launch/rviz2.launch.py
[35.258s] -- Installing: /home/muhayy/mbzirc_ws/src/install/share/turtlebot3_fake_node/launch/turtlebot3_fake_node.launch.py
[35.259s] -- Installing: /home/muhayy/mbzirc_ws/src/install/share/turtlebot3_fake_node/param
[35.259s] -- Installing: /home/muhayy/mbzirc_ws/src/install/share/turtlebot3_fake_node/param/waffle_pi.yaml
[35.259s] -- Installing: /home/muhayy/mbzirc_ws/src/install/share/turtlebot3_fake_node/param/burger.yaml
[35.259s] -- Installing: /home/muhayy/mbzirc_ws/src/install/share/turtlebot3_fake_node/param/waffle.yaml
[35.259s] -- Installing: /home/muhayy/mbzirc_ws/src/install/include/
[35.259s] -- Installing: /home/muhayy/mbzirc_ws/src/install/include//turtlebot3_fake_node
[35.259s] -- Installing: /home/muhayy/mbzirc_ws/src/install/include//turtlebot3_fake_node/turtlebot3_fake_node.hpp
[35.259s] -- Installing: /home/muhayy/mbzirc_ws/src/install/share/ament_index/resource_index/package_run_dependencies/turtlebot3_fake_node
[35.259s] -- Installing: /home/muhayy/mbzirc_ws/src/install/share/ament_index/resource_index/parent_prefix_path/turtlebot3_fake_node
[35.260s] -- Installing: /home/muhayy/mbzirc_ws/src/install/share/turtlebot3_fake_node/environment/ament_prefix_path.sh
[35.260s] -- Installing: /home/muhayy/mbzirc_ws/src/install/share/turtlebot3_fake_node/environment/ament_prefix_path.dsv
[35.260s] -- Installing: /home/muhayy/mbzirc_ws/src/install/share/turtlebot3_fake_node/environment/path.sh
[35.260s] -- Installing: /home/muhayy/mbzirc_ws/src/install/share/turtlebot3_fake_node/environment/path.dsv
[35.260s] -- Installing: /home/muhayy/mbzirc_ws/src/install/share/turtlebot3_fake_node/local_setup.bash
[35.260s] -- Installing: /home/muhayy/mbzirc_ws/src/install/share/turtlebot3_fake_node/local_setup.sh
[35.260s] -- Installing: /home/muhayy/mbzirc_ws/src/install/share/turtlebot3_fake_node/local_setup.zsh
[35.260s] -- Installing: /home/muhayy/mbzirc_ws/src/install/share/turtlebot3_fake_node/local_setup.dsv
[35.260s] -- Installing: /home/muhayy/mbzirc_ws/src/install/share/turtlebot3_fake_node/package.dsv
[35.261s] -- Installing: /home/muhayy/mbzirc_ws/src/install/share/ament_index/resource_index/packages/turtlebot3_fake_node
[35.270s] -- Installing: /home/muhayy/mbzirc_ws/src/install/share/turtlebot3_fake_node/cmake/ament_cmake_export_include_directories-extras.cmake
[35.270s] -- Installing: /home/muhayy/mbzirc_ws/src/install/share/turtlebot3_fake_node/cmake/ament_cmake_export_dependencies-extras.cmake
[35.271s] -- Installing: /home/muhayy/mbzirc_ws/src/install/share/turtlebot3_fake_node/cmake/turtlebot3_fake_nodeConfig.cmake
[35.271s] -- Installing: /home/muhayy/mbzirc_ws/src/install/share/turtlebot3_fake_node/cmake/turtlebot3_fake_nodeConfig-version.cmake
[35.271s] -- Installing: /home/muhayy/mbzirc_ws/src/install/share/turtlebot3_fake_node/package.xml
[35.330s] Invoked command in '/home/muhayy/mbzirc_ws/src/build/turtlebot3_fake_node' returned '0': CMAKE_PREFIX_PATH=${CMAKE_PREFIX_PATH}:/opt/ros/galactic /usr/bin/cmake --install /home/muhayy/mbzirc_ws/src/build/turtlebot3_fake_node
