[0.755s] Invoking command in '/home/muhayy/mbzirc_ws/src/build/cartographer': CMAKE_PREFIX_PATH=${CMAKE_PREFIX_PATH}:/opt/ros/galactic /usr/bin/cmake --build /home/muhayy/mbzirc_ws/src/build/cartographer -- -j12 -l12
[0.829s] [  1%] Built target gtest
[0.845s] [  1%] Built target cartographer_detect_changes
[0.877s] [  2%] Built target gmock
[0.905s] [  2%] Built target gmock_main
[1.047s] [ 55%] Built target cartographer
[1.074s] [ 56%] Built target cartographer_test_library
[1.080s] [ 57%] Built target cartographer_print_configuration
[1.080s] [ 57%] Built target cartographer_pbstream
[1.083s] [ 58%] Built target cartographer_autogenerate_ground_truth
[1.083s] [ 58%] Built target cartographer_compute_relations_metrics
[1.142s] [ 58%] Built target cartographer.transform.transform_test
[1.143s] [ 59%] Built target cartographer.transform.timestamped_transform_test
[1.143s] [ 59%] Built target cartographer.sensor.range_data_test
[1.143s] [ 60%] Built target cartographer.sensor.internal.voxel_filter_test
[1.144s] [ 60%] Built target cartographer.mapping.value_conversion_tables_test
[1.153s] [ 61%] Built target cartographer.mapping.pose_graph_test
[1.154s] [ 62%] Built target cartographer.mapping.pose_extrapolator_test
[1.154s] [ 62%] Built target cartographer.mapping.probability_values_test
[1.155s] [ 62%] Built target cartographer.mapping.internal.trajectory_connectivity_state_test
[1.155s] [ 64%] Built target cartographer.mapping.internal.range_data_collator_test
[1.156s] [ 64%] Built target cartographer.mapping.map_builder_test
[1.164s] [ 64%] Built target cartographer.sensor.point_cloud_test
[1.195s] [ 65%] Built target cartographer.mapping.internal.optimization.cost_functions.spa_cost_function_2d_test
[1.207s] [ 65%] Built target cartographer.sensor.landmark_data_test
[1.208s] [ 65%] Built target cartographer.mapping.internal.motion_filter_test
[1.208s] [ 65%] Built target cartographer.mapping.internal.2d.scan_matching.ceres_scan_matcher_2d_test
[1.208s] [ 66%] Built target cartographer.mapping.2d.map_limits_test
[1.208s] [ 67%] Built target cartographer.mapping.3d.hybrid_grid_test
[1.218s] [ 68%] Built target cartographer.mapping.internal.constraints.constraint_builder_3d_test
[1.218s] [ 68%] Built target cartographer.mapping.2d.range_data_inserter_2d_test
[1.252s] [ 68%] Built target cartographer.io.proto_stream_deserializer_test
[1.257s] [ 68%] Built target cartographer.io.points_processor_pipeline_builder_test
[1.263s] [ 70%] Built target cartographer.mapping.3d.submap_3d_test
[1.263s] [ 70%] Built target cartographer.common.fixed_ratio_sampler_test
[1.264s] [ 71%] Built target cartographer.io.proto_stream_test
[1.268s] [ 71%] Built target cartographer.common.internal.blocking_queue_test
[1.268s] [ 71%] Built target cartographer.io.fake_file_writer_test
[1.270s] [ 72%] Built target cartographer.mapping.trajectory_node_test
[1.286s] [ 72%] Built target cartographer.io.serialization_format_migration_test
[1.310s] [ 72%] Built target cartographer.mapping.internal.3d.scan_matching.ceres_scan_matcher_3d_test
[1.310s] [ 73%] Built target cartographer.mapping.submaps_test
[1.311s] [ 73%] Built target cartographer.transform.transform_interpolation_buffer_test
[1.340s] [ 73%] Built target cartographer.common.lua_parameter_dictionary_test
[1.341s] [ 74%] Built target cartographer.common.math_test
[1.341s] [ 76%] Built target cartographer.io.internal.in_memory_proto_stream_test
[1.341s] [ 76%] Built target cartographer.mapping.internal.3d.scan_matching.fast_correlative_scan_matcher_3d_test
[1.341s] [ 76%] Built target cartographer.mapping.id_test
[1.343s] [ 77%] Built target cartographer.common.internal.rate_timer_test
[1.360s] [ 78%] Built target cartographer.mapping.3d.range_data_inserter_3d_test
[1.360s] [ 78%] Built target cartographer.mapping.internal.optimization.cost_functions.landmark_cost_function_2d_test
[1.376s] [ 79%] Built target cartographer.transform.rigid_transform_test
[1.379s] [ 79%] Built target cartographer.common.task_test
[1.404s] [ 80%] Built target cartographer.mapping.imu_tracker_test
[1.405s] [ 80%] Built target cartographer.mapping.internal.2d.normal_estimation_2d_test
[1.406s] [ 80%] Built target cartographer.mapping.internal.3d.scan_matching.intensity_cost_function_3d_test
[1.406s] [ 80%] Built target cartographer.mapping.internal.optimization.optimization_problem_3d_test
[1.415s] [ 82%] Built target cartographer.common.thread_pool_test
[1.415s] [ 82%] Built target cartographer.mapping.internal.2d.ray_to_pixel_mask_test
[1.415s] [ 82%] Built target cartographer.common.configuration_files_test
[1.417s] [ 83%] Built target cartographer.mapping.2d.submap_2d_test
[1.422s] [ 84%] Built target cartographer.mapping.internal.2d.overlapping_submaps_trimmer_2d_test
[1.430s] [ 84%] Built target cartographer.mapping.internal.2d.pose_graph_2d_test
[1.435s] [ 85%] Built target cartographer.mapping.internal.2d.scan_matching.correlative_scan_matcher_test
[1.437s] [ 86%] Built target cartographer.mapping.internal.3d.pose_graph_3d_test
[1.459s] [ 86%] Built target cartographer.mapping.internal.constraints.constraint_builder_2d_test
[1.464s] [ 87%] Built target cartographer.mapping.internal.2d.scan_matching.interpolated_tsdf_2d_test
[1.465s] [ 87%] Built target cartographer.mapping.internal.2d.scan_matching.fast_correlative_scan_matcher_2d_test
[1.471s] [ 88%] Built target cartographer.mapping.internal.3d.local_trajectory_builder_3d_test
[1.472s] [ 88%] Built target cartographer.mapping.2d.probability_grid_test
[1.472s] [ 88%] Built target cartographer.mapping.internal.2d.scan_matching.occupied_space_cost_function_2d_test
[1.475s] [ 89%] Built target cartographer.mapping.internal.2d.scan_matching.real_time_correlative_scan_matcher_2d_test
[1.476s] [ 89%] Built target cartographer.mapping.pose_graph_trimmer_test
[1.478s] [ 89%] Built target cartographer.sensor.internal.collator_test
[1.485s] [ 89%] Built target cartographer.mapping.internal.optimization.cost_functions.landmark_cost_function_3d_test
[1.494s] [ 89%] Built target cartographer.mapping.2d.xy_index_test
[1.505s] [ 90%] Built target cartographer.sensor.map_by_time_test
[1.511s] [ 90%] Built target cartographer.mapping.internal.2d.tsdf_2d_test
[1.521s] [ 90%] Built target cartographer.mapping.internal.2d.scan_matching.tsdf_match_cost_function_2d_test
[1.521s] [ 92%] Built target cartographer.mapping.internal.2d.tsd_value_converter_test
[1.521s] [ 91%] Built target cartographer.sensor.internal.ordered_multi_queue_test
[1.521s] [ 92%] Built target cartographer.mapping.internal.3d.scan_matching.rotational_scan_matcher_test
[1.522s] [ 93%] Built target cartographer.mapping.internal.3d.scan_matching.rotation_delta_cost_functor_3d_test
[1.527s] [ 94%] Built target cartographer.mapping.internal.2d.tsdf_range_data_inserter_2d_test
[1.531s] [ 95%] Built target cartographer.mapping.internal.3d.scan_matching.interpolated_grid_test
[1.531s] [ 96%] Built target cartographer.mapping.internal.3d.scan_matching.real_time_correlative_scan_matcher_3d_test
[1.531s] [ 96%] Built target cartographer.io.probability_grid_points_processor_test
[1.552s] [ 97%] Built target cartographer.mapping.internal.connected_components_test
[1.554s] [ 97%] Built target cartographer.sensor.internal.trajectory_collator_test
[1.556s] [ 98%] Built target cartographer.sensor.compressed_point_cloud_test
[1.556s] [100%] Built target cartographer.mapping.internal.3d.scan_matching.precomputation_grid_3d_test
[2.000s] Invoked command in '/home/muhayy/mbzirc_ws/src/build/cartographer' returned '0': CMAKE_PREFIX_PATH=${CMAKE_PREFIX_PATH}:/opt/ros/galactic /usr/bin/cmake --build /home/muhayy/mbzirc_ws/src/build/cartographer -- -j12 -l12
[2.785s] Invoking command in '/home/muhayy/mbzirc_ws/src/build/cartographer': CMAKE_PREFIX_PATH=${CMAKE_PREFIX_PATH}:/opt/ros/galactic /usr/bin/cmake --install /home/muhayy/mbzirc_ws/src/build/cartographer
[3.252s] -- Install configuration: "Release"
[3.252s] -- Up-to-date: /home/muhayy/mbzirc_ws/src/install/share/cartographer/package.xml
[3.253s] -- Up-to-date: /home/muhayy/mbzirc_ws/src/install/share/cartographer//configuration_files
[3.254s] -- Up-to-date: /home/muhayy/mbzirc_ws/src/install/share/cartographer//configuration_files/trajectory_builder_2d.lua
[3.254s] -- Up-to-date: /home/muhayy/mbzirc_ws/src/install/share/cartographer//configuration_files/map_builder_server.lua
[3.254s] -- Up-to-date: /home/muhayy/mbzirc_ws/src/install/share/cartographer//configuration_files/pose_graph.lua
[3.255s] -- Up-to-date: /home/muhayy/mbzirc_ws/src/install/share/cartographer//configuration_files/trajectory_builder_3d.lua
[3.255s] -- Up-to-date: /home/muhayy/mbzirc_ws/src/install/share/cartographer//configuration_files/trajectory_builder.lua
[3.255s] -- Up-to-date: /home/muhayy/mbzirc_ws/src/install/share/cartographer//configuration_files/map_builder.lua
[3.257s] -- Up-to-date: /home/muhayy/mbzirc_ws/src/install/share/cartographer//cmake
[3.257s] -- Up-to-date: /home/muhayy/mbzirc_ws/src/install/share/cartographer//cmake/functions.cmake
[3.257s] -- Up-to-date: /home/muhayy/mbzirc_ws/src/install/share/cartographer//cmake/modules
[3.257s] -- Up-to-date: /home/muhayy/mbzirc_ws/src/install/share/cartographer//cmake/modules/FindGMock.cmake
[3.257s] -- Up-to-date: /home/muhayy/mbzirc_ws/src/install/share/cartographer//cmake/modules/FindLuaGoogle.cmake
[3.257s] -- Up-to-date: /home/muhayy/mbzirc_ws/src/install/share/cartographer//cmake/modules/FindSphinx.cmake
[3.258s] -- Up-to-date: /home/muhayy/mbzirc_ws/src/install/share/cartographer//cmake/modules/FindEigen3.cmake
[3.258s] -- Up-to-date: /home/muhayy/mbzirc_ws/src/install/bin/cartographer_autogenerate_ground_truth
[3.258s] -- Up-to-date: /home/muhayy/mbzirc_ws/src/install/bin/cartographer_compute_relations_metrics
[3.258s] -- Up-to-date: /home/muhayy/mbzirc_ws/src/install/bin/cartographer_pbstream
[3.258s] -- Up-to-date: /home/muhayy/mbzirc_ws/src/install/bin/cartographer_print_configuration
[3.258s] -- Up-to-date: /home/muhayy/mbzirc_ws/src/install/lib/libcartographer.a
[3.258s] -- Up-to-date: /home/muhayy/mbzirc_ws/src/install/include/cartographer/common/configuration_file_resolver.h
[3.258s] -- Up-to-date: /home/muhayy/mbzirc_ws/src/install/include/cartographer/common/fixed_ratio_sampler.h
[3.258s] -- Up-to-date: /home/muhayy/mbzirc_ws/src/install/include/cartographer/common/histogram.h
[3.259s] -- Up-to-date: /home/muhayy/mbzirc_ws/src/install/include/cartographer/common/lua.h
[3.259s] -- Up-to-date: /home/muhayy/mbzirc_ws/src/install/include/cartographer/common/lua_parameter_dictionary.h
[3.259s] -- Up-to-date: /home/muhayy/mbzirc_ws/src/install/include/cartographer/common/math.h
[3.259s] -- Up-to-date: /home/muhayy/mbzirc_ws/src/install/include/cartographer/common/port.h
[3.259s] -- Up-to-date: /home/muhayy/mbzirc_ws/src/install/include/cartographer/common/task.h
[3.259s] -- Up-to-date: /home/muhayy/mbzirc_ws/src/install/include/cartographer/common/thread_pool.h
[3.259s] -- Up-to-date: /home/muhayy/mbzirc_ws/src/install/include/cartographer/common/time.h
[3.259s] -- Up-to-date: /home/muhayy/mbzirc_ws/src/install/include/cartographer/ground_truth/autogenerate_ground_truth.h
[3.259s] -- Up-to-date: /home/muhayy/mbzirc_ws/src/install/include/cartographer/ground_truth/relations_text_file.h
[3.260s] -- Up-to-date: /home/muhayy/mbzirc_ws/src/install/include/cartographer/io/color.h
[3.260s] -- Up-to-date: /home/muhayy/mbzirc_ws/src/install/include/cartographer/io/coloring_points_processor.h
[3.260s] -- Up-to-date: /home/muhayy/mbzirc_ws/src/install/include/cartographer/io/counting_points_processor.h
[3.260s] -- Up-to-date: /home/muhayy/mbzirc_ws/src/install/include/cartographer/io/draw_trajectories.h
[3.260s] -- Up-to-date: /home/muhayy/mbzirc_ws/src/install/include/cartographer/io/file_writer.h
[3.260s] -- Up-to-date: /home/muhayy/mbzirc_ws/src/install/include/cartographer/io/fixed_ratio_sampling_points_processor.h
[3.260s] -- Up-to-date: /home/muhayy/mbzirc_ws/src/install/include/cartographer/io/frame_id_filtering_points_processor.h
[3.260s] -- Up-to-date: /home/muhayy/mbzirc_ws/src/install/include/cartographer/io/hybrid_grid_points_processor.h
[3.261s] -- Up-to-date: /home/muhayy/mbzirc_ws/src/install/include/cartographer/io/image.h
[3.261s] -- Up-to-date: /home/muhayy/mbzirc_ws/src/install/include/cartographer/io/intensity_to_color_points_processor.h
[3.261s] -- Up-to-date: /home/muhayy/mbzirc_ws/src/install/include/cartographer/io/min_max_range_filtering_points_processor.h
[3.261s] -- Up-to-date: /home/muhayy/mbzirc_ws/src/install/include/cartographer/io/null_points_processor.h
[3.261s] -- Up-to-date: /home/muhayy/mbzirc_ws/src/install/include/cartographer/io/outlier_removing_points_processor.h
[3.261s] -- Up-to-date: /home/muhayy/mbzirc_ws/src/install/include/cartographer/io/pcd_writing_points_processor.h
[3.261s] -- Up-to-date: /home/muhayy/mbzirc_ws/src/install/include/cartographer/io/ply_writing_points_processor.h
[3.261s] -- Up-to-date: /home/muhayy/mbzirc_ws/src/install/include/cartographer/io/points_batch.h
[3.261s] -- Up-to-date: /home/muhayy/mbzirc_ws/src/install/include/cartographer/io/points_processor.h
[3.262s] -- Up-to-date: /home/muhayy/mbzirc_ws/src/install/include/cartographer/io/points_processor_pipeline_builder.h
[3.262s] -- Up-to-date: /home/muhayy/mbzirc_ws/src/install/include/cartographer/io/probability_grid_points_processor.h
[3.262s] -- Up-to-date: /home/muhayy/mbzirc_ws/src/install/include/cartographer/io/proto_stream.h
[3.262s] -- Up-to-date: /home/muhayy/mbzirc_ws/src/install/include/cartographer/io/proto_stream_deserializer.h
[3.262s] -- Up-to-date: /home/muhayy/mbzirc_ws/src/install/include/cartographer/io/proto_stream_interface.h
[3.262s] -- Up-to-date: /home/muhayy/mbzirc_ws/src/install/include/cartographer/io/serialization_format_migration.h
[3.262s] -- Up-to-date: /home/muhayy/mbzirc_ws/src/install/include/cartographer/io/submap_painter.h
[3.262s] -- Up-to-date: /home/muhayy/mbzirc_ws/src/install/include/cartographer/io/vertical_range_filtering_points_processor.h
[3.263s] -- Up-to-date: /home/muhayy/mbzirc_ws/src/install/include/cartographer/io/xray_points_processor.h
[3.263s] -- Up-to-date: /home/muhayy/mbzirc_ws/src/install/include/cartographer/io/xyz_writing_points_processor.h
[3.263s] -- Up-to-date: /home/muhayy/mbzirc_ws/src/install/include/cartographer/mapping/2d/grid_2d.h
[3.263s] -- Up-to-date: /home/muhayy/mbzirc_ws/src/install/include/cartographer/mapping/2d/map_limits.h
[3.263s] -- Up-to-date: /home/muhayy/mbzirc_ws/src/install/include/cartographer/mapping/2d/probability_grid.h
[3.263s] -- Up-to-date: /home/muhayy/mbzirc_ws/src/install/include/cartographer/mapping/2d/probability_grid_range_data_inserter_2d.h
[3.263s] -- Up-to-date: /home/muhayy/mbzirc_ws/src/install/include/cartographer/mapping/2d/submap_2d.h
[3.263s] -- Up-to-date: /home/muhayy/mbzirc_ws/src/install/include/cartographer/mapping/2d/xy_index.h
[3.264s] -- Up-to-date: /home/muhayy/mbzirc_ws/src/install/include/cartographer/mapping/3d/hybrid_grid.h
[3.264s] -- Up-to-date: /home/muhayy/mbzirc_ws/src/install/include/cartographer/mapping/3d/range_data_inserter_3d.h
[3.264s] -- Up-to-date: /home/muhayy/mbzirc_ws/src/install/include/cartographer/mapping/3d/submap_3d.h
[3.264s] -- Up-to-date: /home/muhayy/mbzirc_ws/src/install/include/cartographer/mapping/detect_floors.h
[3.264s] -- Up-to-date: /home/muhayy/mbzirc_ws/src/install/include/cartographer/mapping/grid_interface.h
[3.264s] -- Up-to-date: /home/muhayy/mbzirc_ws/src/install/include/cartographer/mapping/id.h
[3.264s] -- Up-to-date: /home/muhayy/mbzirc_ws/src/install/include/cartographer/mapping/imu_tracker.h
[3.264s] -- Up-to-date: /home/muhayy/mbzirc_ws/src/install/include/cartographer/mapping/map_builder.h
[3.264s] -- Up-to-date: /home/muhayy/mbzirc_ws/src/install/include/cartographer/mapping/map_builder_interface.h
[3.265s] -- Up-to-date: /home/muhayy/mbzirc_ws/src/install/include/cartographer/mapping/pose_extrapolator.h
[3.265s] -- Up-to-date: /home/muhayy/mbzirc_ws/src/install/include/cartographer/mapping/pose_extrapolator_interface.h
[3.265s] -- Up-to-date: /home/muhayy/mbzirc_ws/src/install/include/cartographer/mapping/pose_graph.h
[3.265s] -- Up-to-date: /home/muhayy/mbzirc_ws/src/install/include/cartographer/mapping/pose_graph_interface.h
[3.265s] -- Up-to-date: /home/muhayy/mbzirc_ws/src/install/include/cartographer/mapping/pose_graph_trimmer.h
[3.265s] -- Up-to-date: /home/muhayy/mbzirc_ws/src/install/include/cartographer/mapping/probability_values.h
[3.265s] -- Up-to-date: /home/muhayy/mbzirc_ws/src/install/include/cartographer/mapping/range_data_inserter_interface.h
[3.265s] -- Up-to-date: /home/muhayy/mbzirc_ws/src/install/include/cartographer/mapping/submaps.h
[3.266s] -- Up-to-date: /home/muhayy/mbzirc_ws/src/install/include/cartographer/mapping/trajectory_builder_interface.h
[3.266s] -- Up-to-date: /home/muhayy/mbzirc_ws/src/install/include/cartographer/mapping/trajectory_node.h
[3.266s] -- Up-to-date: /home/muhayy/mbzirc_ws/src/install/include/cartographer/mapping/value_conversion_tables.h
[3.266s] -- Up-to-date: /home/muhayy/mbzirc_ws/src/install/include/cartographer/metrics/counter.h
[3.266s] -- Up-to-date: /home/muhayy/mbzirc_ws/src/install/include/cartographer/metrics/family_factory.h
[3.266s] -- Up-to-date: /home/muhayy/mbzirc_ws/src/install/include/cartographer/metrics/gauge.h
[3.266s] -- Up-to-date: /home/muhayy/mbzirc_ws/src/install/include/cartographer/metrics/histogram.h
[3.266s] -- Up-to-date: /home/muhayy/mbzirc_ws/src/install/include/cartographer/metrics/register.h
[3.267s] -- Up-to-date: /home/muhayy/mbzirc_ws/src/install/include/cartographer/sensor/collator_interface.h
[3.267s] -- Up-to-date: /home/muhayy/mbzirc_ws/src/install/include/cartographer/sensor/compressed_point_cloud.h
[3.267s] -- Up-to-date: /home/muhayy/mbzirc_ws/src/install/include/cartographer/sensor/data.h
[3.267s] -- Up-to-date: /home/muhayy/mbzirc_ws/src/install/include/cartographer/sensor/fixed_frame_pose_data.h
[3.267s] -- Up-to-date: /home/muhayy/mbzirc_ws/src/install/include/cartographer/sensor/imu_data.h
[3.267s] -- Up-to-date: /home/muhayy/mbzirc_ws/src/install/include/cartographer/sensor/landmark_data.h
[3.267s] -- Up-to-date: /home/muhayy/mbzirc_ws/src/install/include/cartographer/sensor/map_by_time.h
[3.267s] -- Up-to-date: /home/muhayy/mbzirc_ws/src/install/include/cartographer/sensor/odometry_data.h
[3.268s] -- Up-to-date: /home/muhayy/mbzirc_ws/src/install/include/cartographer/sensor/point_cloud.h
[3.268s] -- Up-to-date: /home/muhayy/mbzirc_ws/src/install/include/cartographer/sensor/range_data.h
[3.268s] -- Up-to-date: /home/muhayy/mbzirc_ws/src/install/include/cartographer/sensor/rangefinder_point.h
[3.268s] -- Up-to-date: /home/muhayy/mbzirc_ws/src/install/include/cartographer/sensor/timed_point_cloud_data.h
[3.268s] -- Up-to-date: /home/muhayy/mbzirc_ws/src/install/include/cartographer/transform/rigid_transform.h
[3.268s] -- Up-to-date: /home/muhayy/mbzirc_ws/src/install/include/cartographer/transform/timestamped_transform.h
[3.268s] -- Up-to-date: /home/muhayy/mbzirc_ws/src/install/include/cartographer/transform/transform.h
[3.268s] -- Up-to-date: /home/muhayy/mbzirc_ws/src/install/include/cartographer/transform/transform_interpolation_buffer.h
[3.269s] -- Up-to-date: /home/muhayy/mbzirc_ws/src/install/include/cartographer/io/fake_file_writer.h
[3.269s] -- Up-to-date: /home/muhayy/mbzirc_ws/src/install/include/cartographer/transform/rigid_transform_test_helpers.h
[3.269s] -- Up-to-date: /home/muhayy/mbzirc_ws/src/install/include/cartographer/common/proto/ceres_solver_options.pb.h
[3.269s] -- Up-to-date: /home/muhayy/mbzirc_ws/src/install/include/cartographer/ground_truth/proto/relations.pb.h
[3.269s] -- Up-to-date: /home/muhayy/mbzirc_ws/src/install/include/cartographer/mapping/proto/cell_limits_2d.pb.h
[3.269s] -- Up-to-date: /home/muhayy/mbzirc_ws/src/install/include/cartographer/mapping/proto/connected_components.pb.h
[3.269s] -- Up-to-date: /home/muhayy/mbzirc_ws/src/install/include/cartographer/mapping/proto/grid_2d.pb.h
[3.269s] -- Up-to-date: /home/muhayy/mbzirc_ws/src/install/include/cartographer/mapping/proto/grid_2d_options.pb.h
[3.270s] -- Up-to-date: /home/muhayy/mbzirc_ws/src/install/include/cartographer/mapping/proto/hybrid_grid.pb.h
[3.270s] -- Up-to-date: /home/muhayy/mbzirc_ws/src/install/include/cartographer/mapping/proto/local_trajectory_builder_options_2d.pb.h
[3.270s] -- Up-to-date: /home/muhayy/mbzirc_ws/src/install/include/cartographer/mapping/proto/local_trajectory_builder_options_3d.pb.h
[3.270s] -- Up-to-date: /home/muhayy/mbzirc_ws/src/install/include/cartographer/mapping/proto/map_builder_options.pb.h
[3.270s] -- Up-to-date: /home/muhayy/mbzirc_ws/src/install/include/cartographer/mapping/proto/map_limits.pb.h
[3.270s] -- Up-to-date: /home/muhayy/mbzirc_ws/src/install/include/cartographer/mapping/proto/motion_filter_options.pb.h
[3.270s] -- Up-to-date: /home/muhayy/mbzirc_ws/src/install/include/cartographer/mapping/proto/normal_estimation_options_2d.pb.h
[3.270s] -- Up-to-date: /home/muhayy/mbzirc_ws/src/install/include/cartographer/mapping/proto/pose_extrapolator_options.pb.h
[3.270s] -- Up-to-date: /home/muhayy/mbzirc_ws/src/install/include/cartographer/mapping/proto/pose_graph.pb.h
[3.271s] -- Up-to-date: /home/muhayy/mbzirc_ws/src/install/include/cartographer/mapping/proto/pose_graph/constraint_builder_options.pb.h
[3.271s] -- Up-to-date: /home/muhayy/mbzirc_ws/src/install/include/cartographer/mapping/proto/pose_graph/optimization_problem_options.pb.h
[3.271s] -- Up-to-date: /home/muhayy/mbzirc_ws/src/install/include/cartographer/mapping/proto/pose_graph_options.pb.h
[3.271s] -- Up-to-date: /home/muhayy/mbzirc_ws/src/install/include/cartographer/mapping/proto/probability_grid.pb.h
[3.271s] -- Up-to-date: /home/muhayy/mbzirc_ws/src/install/include/cartographer/mapping/proto/probability_grid_range_data_inserter_options_2d.pb.h
[3.271s] -- Up-to-date: /home/muhayy/mbzirc_ws/src/install/include/cartographer/mapping/proto/range_data_inserter_options.pb.h
[3.271s] -- Up-to-date: /home/muhayy/mbzirc_ws/src/install/include/cartographer/mapping/proto/range_data_inserter_options_3d.pb.h
[3.271s] -- Up-to-date: /home/muhayy/mbzirc_ws/src/install/include/cartographer/mapping/proto/scan_matching/ceres_scan_matcher_options_2d.pb.h
[3.272s] -- Up-to-date: /home/muhayy/mbzirc_ws/src/install/include/cartographer/mapping/proto/scan_matching/ceres_scan_matcher_options_3d.pb.h
[3.272s] -- Up-to-date: /home/muhayy/mbzirc_ws/src/install/include/cartographer/mapping/proto/scan_matching/fast_correlative_scan_matcher_options_2d.pb.h
[3.272s] -- Up-to-date: /home/muhayy/mbzirc_ws/src/install/include/cartographer/mapping/proto/scan_matching/fast_correlative_scan_matcher_options_3d.pb.h
[3.272s] -- Up-to-date: /home/muhayy/mbzirc_ws/src/install/include/cartographer/mapping/proto/scan_matching/real_time_correlative_scan_matcher_options.pb.h
[3.272s] -- Up-to-date: /home/muhayy/mbzirc_ws/src/install/include/cartographer/mapping/proto/serialization.pb.h
[3.272s] -- Up-to-date: /home/muhayy/mbzirc_ws/src/install/include/cartographer/mapping/proto/submap.pb.h
[3.272s] -- Up-to-date: /home/muhayy/mbzirc_ws/src/install/include/cartographer/mapping/proto/submap_visualization.pb.h
[3.272s] -- Up-to-date: /home/muhayy/mbzirc_ws/src/install/include/cartographer/mapping/proto/submaps_options_2d.pb.h
[3.273s] -- Up-to-date: /home/muhayy/mbzirc_ws/src/install/include/cartographer/mapping/proto/submaps_options_3d.pb.h
[3.273s] -- Up-to-date: /home/muhayy/mbzirc_ws/src/install/include/cartographer/mapping/proto/trajectory.pb.h
[3.273s] -- Up-to-date: /home/muhayy/mbzirc_ws/src/install/include/cartographer/mapping/proto/trajectory_builder_options.pb.h
[3.273s] -- Up-to-date: /home/muhayy/mbzirc_ws/src/install/include/cartographer/mapping/proto/trajectory_node_data.pb.h
[3.273s] -- Up-to-date: /home/muhayy/mbzirc_ws/src/install/include/cartographer/mapping/proto/tsdf_2d.pb.h
[3.273s] -- Up-to-date: /home/muhayy/mbzirc_ws/src/install/include/cartographer/mapping/proto/tsdf_range_data_inserter_options_2d.pb.h
[3.273s] -- Up-to-date: /home/muhayy/mbzirc_ws/src/install/include/cartographer/sensor/proto/adaptive_voxel_filter_options.pb.h
[3.273s] -- Up-to-date: /home/muhayy/mbzirc_ws/src/install/include/cartographer/sensor/proto/sensor.pb.h
[3.274s] -- Up-to-date: /home/muhayy/mbzirc_ws/src/install/include/cartographer/transform/proto/timestamped_transform.pb.h
[3.274s] -- Up-to-date: /home/muhayy/mbzirc_ws/src/install/include/cartographer/transform/proto/transform.pb.h
[3.274s] -- Up-to-date: /home/muhayy/mbzirc_ws/src/install/share/cartographer/cmake/CartographerTargets.cmake
[3.274s] -- Up-to-date: /home/muhayy/mbzirc_ws/src/install/share/cartographer/cmake/CartographerTargets-release.cmake
[3.274s] -- Up-to-date: /home/muhayy/mbzirc_ws/src/install/share/cartographer/cartographer-config.cmake
[3.538s] Invoked command in '/home/muhayy/mbzirc_ws/src/build/cartographer' returned '0': CMAKE_PREFIX_PATH=${CMAKE_PREFIX_PATH}:/opt/ros/galactic /usr/bin/cmake --install /home/muhayy/mbzirc_ws/src/build/cartographer
