[  5%] Built target gtest
[ 10%] Built target gtest_main
[ 10%] Built target ament_cmake_python_copy_mbzirc_ign
[ 15%] Built target Waves
[ 21%] Built target test_gripper
[ 26%] Built target test_spawn_uav_battery
[ 31%] Built target test_spawn_usv_arm
[ 42%] Built target test_spawn_usv_maxspeed
[ 47%] Built target MulticopterControl
[ 52%] Built target test_fixed_wing
[ 57%] Built target test_game_logic
[ 63%] Built target Surface
[ 81%] Built target FixedWingController
[ 81%] Built target GameLogicPlugin
[ 86%] Built target SimpleHydrodynamics
[ 89%] Built target SuctionGripper
[ 86%] Built target BaseStation
[ 94%] Built target EntityDetector
[100%] Built target WaveVisual
running egg_info
writing mbzirc_ign.egg-info/PKG-INFO
writing dependency_links to mbzirc_ign.egg-info/dependency_links.txt
writing top-level names to mbzirc_ign.egg-info/top_level.txt
reading manifest file 'mbzirc_ign.egg-info/SOURCES.txt'
writing manifest file 'mbzirc_ign.egg-info/SOURCES.txt'
[100%] Built target ament_cmake_python_build_mbzirc_ign_egg
-- Install configuration: ""
-- Up-to-date: /home/muhayy/mbzirc_ws/src/install/share/mbzirc_ign/environment/resource_paths.dsv
-- Up-to-date: /home/muhayy/mbzirc_ws/src/install/share/mbzirc_ign/environment/resource_paths.sh
-- Up-to-date: /home/muhayy/mbzirc_ws/src/install/lib/libWaves.so
-- Up-to-date: /home/muhayy/mbzirc_ws/src/install/lib/libBaseStation.so
-- Up-to-date: /home/muhayy/mbzirc_ws/src/install/lib/libFixedWingController.so
-- Up-to-date: /home/muhayy/mbzirc_ws/src/install/lib/libGameLogicPlugin.so
-- Up-to-date: /home/muhayy/mbzirc_ws/src/install/lib/libEntityDetector.so
-- Up-to-date: /home/muhayy/mbzirc_ws/src/install/lib/libSimpleHydrodynamics.so
-- Up-to-date: /home/muhayy/mbzirc_ws/src/install/lib/libSuctionGripper.so
-- Up-to-date: /home/muhayy/mbzirc_ws/src/install/lib/libSurface.so
-- Up-to-date: /home/muhayy/mbzirc_ws/src/install/lib/libWaveVisual.so
-- Up-to-date: /home/muhayy/mbzirc_ws/src/install/lib/libMulticopterControl.so
-- Up-to-date: /home/muhayy/mbzirc_ws/src/install/share/mbzirc_ign/environment/pythonpath.sh
-- Up-to-date: /home/muhayy/mbzirc_ws/src/install/share/mbzirc_ign/environment/pythonpath.dsv
-- Up-to-date: /home/muhayy/mbzirc_ws/src/install/lib/python3.8/site-packages//mbzirc_ign.egg-info
-- Installing: /home/muhayy/mbzirc_ws/src/install/lib/python3.8/site-packages//mbzirc_ign.egg-info/SOURCES.txt
-- Installing: /home/muhayy/mbzirc_ws/src/install/lib/python3.8/site-packages//mbzirc_ign.egg-info/PKG-INFO
-- Installing: /home/muhayy/mbzirc_ws/src/install/lib/python3.8/site-packages//mbzirc_ign.egg-info/top_level.txt
-- Installing: /home/muhayy/mbzirc_ws/src/install/lib/python3.8/site-packages//mbzirc_ign.egg-info/dependency_links.txt
-- Up-to-date: /home/muhayy/mbzirc_ws/src/install/lib/python3.8/site-packages/mbzirc_ign
-- Up-to-date: /home/muhayy/mbzirc_ws/src/install/lib/python3.8/site-packages/mbzirc_ign/__init__.py
-- Up-to-date: /home/muhayy/mbzirc_ws/src/install/lib/python3.8/site-packages/mbzirc_ign/bridge.py
-- Up-to-date: /home/muhayy/mbzirc_ws/src/install/lib/python3.8/site-packages/mbzirc_ign/test_model.py
-- Up-to-date: /home/muhayy/mbzirc_ws/src/install/lib/python3.8/site-packages/mbzirc_ign/payload_bridges.py
-- Up-to-date: /home/muhayy/mbzirc_ws/src/install/lib/python3.8/site-packages/mbzirc_ign/model.py
-- Up-to-date: /home/muhayy/mbzirc_ws/src/install/lib/python3.8/site-packages/mbzirc_ign/bridges.py
-- Up-to-date: /home/muhayy/mbzirc_ws/src/install/lib/python3.8/site-packages/mbzirc_ign/launch.py
-- Up-to-date: /home/muhayy/mbzirc_ws/src/install/lib/python3.8/site-packages/mbzirc_ign/test_bridges.py
Listing '/home/muhayy/mbzirc_ws/src/install/lib/python3.8/site-packages/mbzirc_ign'...
-- Up-to-date: /home/muhayy/mbzirc_ws/src/install/share/mbzirc_ign/config
-- Up-to-date: /home/muhayy/mbzirc_ws/src/install/share/mbzirc_ign/config/single_usv_with_arm_gripper_config.yaml
-- Up-to-date: /home/muhayy/mbzirc_ws/src/install/share/mbzirc_ign/config/single_fw_uav_config.yaml
-- Up-to-date: /home/muhayy/mbzirc_ws/src/install/share/mbzirc_ign/config/single_uav_with_gripper_config.yaml
-- Up-to-date: /home/muhayy/mbzirc_ws/src/install/share/mbzirc_ign/config/single_usv_config.yaml
-- Up-to-date: /home/muhayy/mbzirc_ws/src/install/share/mbzirc_ign/config/single_uav_config.yaml
-- Up-to-date: /home/muhayy/mbzirc_ws/src/install/share/mbzirc_ign/config/coast
-- Up-to-date: /home/muhayy/mbzirc_ws/src/install/share/mbzirc_ign/config/coast/usv.yaml
-- Up-to-date: /home/muhayy/mbzirc_ws/src/install/share/mbzirc_ign/config/coast/quadrotor.yaml
-- Up-to-date: /home/muhayy/mbzirc_ws/src/install/share/mbzirc_ign/config/coast/hexrotor.yaml
-- Up-to-date: /home/muhayy/mbzirc_ws/src/install/share/mbzirc_ign/config/coast/config_team.yaml
-- Up-to-date: /home/muhayy/mbzirc_ws/src/install/share/mbzirc_ign/worlds
-- Up-to-date: /home/muhayy/mbzirc_ws/src/install/share/mbzirc_ign/worlds/empty_platform.sdf
-- Up-to-date: /home/muhayy/mbzirc_ws/src/install/share/mbzirc_ign/worlds/simple_demo-original.sdf
-- Up-to-date: /home/muhayy/mbzirc_ws/src/install/share/mbzirc_ign/worlds/test
-- Up-to-date: /home/muhayy/mbzirc_ws/src/install/share/mbzirc_ign/worlds/test/simple_arm_demo.sdf
-- Up-to-date: /home/muhayy/mbzirc_ws/src/install/share/mbzirc_ign/worlds/test/simple_demo_manip.sdf
-- Up-to-date: /home/muhayy/mbzirc_ws/src/install/share/mbzirc_ign/worlds/test/suction_gripper.sdf
-- Up-to-date: /home/muhayy/mbzirc_ws/src/install/share/mbzirc_ign/worlds/test/usv_max_speed.sdf
-- Up-to-date: /home/muhayy/mbzirc_ws/src/install/share/mbzirc_ign/worlds/faster_than_realtime.sdf
-- Up-to-date: /home/muhayy/mbzirc_ws/src/install/share/mbzirc_ign/worlds/coast.sdf
-- Up-to-date: /home/muhayy/mbzirc_ws/src/install/share/mbzirc_ign/worlds/simple_demo.sdf
-- Up-to-date: /home/muhayy/mbzirc_ws/src/install/share/mbzirc_ign/models
-- Up-to-date: /home/muhayy/mbzirc_ws/src/install/share/mbzirc_ign/models/coast_waves
-- Up-to-date: /home/muhayy/mbzirc_ws/src/install/share/mbzirc_ign/models/coast_waves/model.sdf
-- Up-to-date: /home/muhayy/mbzirc_ws/src/install/share/mbzirc_ign/models/coast_waves/meshes
-- Up-to-date: /home/muhayy/mbzirc_ws/src/install/share/mbzirc_ign/models/coast_waves/meshes/waterlow.dae
-- Up-to-date: /home/muhayy/mbzirc_ws/src/install/share/mbzirc_ign/models/coast_waves/materials
-- Up-to-date: /home/muhayy/mbzirc_ws/src/install/share/mbzirc_ign/models/coast_waves/materials/programs
-- Up-to-date: /home/muhayy/mbzirc_ws/src/install/share/mbzirc_ign/models/coast_waves/materials/programs/GerstnerWaves_fs_330.glsl
-- Up-to-date: /home/muhayy/mbzirc_ws/src/install/share/mbzirc_ign/models/coast_waves/materials/programs/GerstnerWaves_vs_330.glsl
-- Up-to-date: /home/muhayy/mbzirc_ws/src/install/share/mbzirc_ign/models/coast_waves/materials/textures
-- Up-to-date: /home/muhayy/mbzirc_ws/src/install/share/mbzirc_ign/models/coast_waves/materials/textures/wave_normals.dds
-- Up-to-date: /home/muhayy/mbzirc_ws/src/install/share/mbzirc_ign/models/coast_waves/materials/textures/skybox_lowres.dds
-- Up-to-date: /home/muhayy/mbzirc_ws/src/install/share/mbzirc_ign/models/coast_waves/model.config
-- Up-to-date: /home/muhayy/mbzirc_ws/src/install/share/mbzirc_ign/models/mbzirc_usv_base
-- Up-to-date: /home/muhayy/mbzirc_ws/src/install/share/mbzirc_ign/models/mbzirc_usv_base/model.sdf
-- Up-to-date: /home/muhayy/mbzirc_ws/src/install/share/mbzirc_ign/models/mbzirc_usv_base/meshes
-- Up-to-date: /home/muhayy/mbzirc_ws/src/install/share/mbzirc_ign/models/mbzirc_usv_base/meshes/USV.dae
-- Up-to-date: /home/muhayy/mbzirc_ws/src/install/share/mbzirc_ign/models/mbzirc_usv_base/materials
-- Up-to-date: /home/muhayy/mbzirc_ws/src/install/share/mbzirc_ign/models/mbzirc_usv_base/materials/textures
-- Up-to-date: /home/muhayy/mbzirc_ws/src/install/share/mbzirc_ign/models/mbzirc_usv_base/materials/textures/USV_Roughness.jpg
-- Up-to-date: /home/muhayy/mbzirc_ws/src/install/share/mbzirc_ign/models/mbzirc_usv_base/materials/textures/USV_Metalness.png
-- Up-to-date: /home/muhayy/mbzirc_ws/src/install/share/mbzirc_ign/models/mbzirc_usv_base/materials/textures/USV_Albedo.jpg
-- Up-to-date: /home/muhayy/mbzirc_ws/src/install/share/mbzirc_ign/models/mbzirc_usv_base/materials/textures/USV_Normal.jpg
-- Up-to-date: /home/muhayy/mbzirc_ws/src/install/share/mbzirc_ign/models/mbzirc_usv_base/model.config
-- Up-to-date: /home/muhayy/mbzirc_ws/src/install/share/mbzirc_ign/models/water_plane
-- Up-to-date: /home/muhayy/mbzirc_ws/src/install/share/mbzirc_ign/models/water_plane/model.sdf
-- Up-to-date: /home/muhayy/mbzirc_ws/src/install/share/mbzirc_ign/models/water_plane/materials
-- Up-to-date: /home/muhayy/mbzirc_ws/src/install/share/mbzirc_ign/models/water_plane/materials/textures
-- Up-to-date: /home/muhayy/mbzirc_ws/src/install/share/mbzirc_ign/models/water_plane/materials/textures/Water_Normal.jpg
-- Up-to-date: /home/muhayy/mbzirc_ws/src/install/share/mbzirc_ign/models/water_plane/materials/textures/Water_Albedo.jpg
-- Up-to-date: /home/muhayy/mbzirc_ws/src/install/share/mbzirc_ign/models/water_plane/materials/textures/skybox_lowres.dds
-- Up-to-date: /home/muhayy/mbzirc_ws/src/install/share/mbzirc_ign/models/water_plane/model.config
-- Up-to-date: /home/muhayy/mbzirc_ws/src/install/share/mbzirc_ign/models/mbzirc_oberon7_gripper
-- Up-to-date: /home/muhayy/mbzirc_ws/src/install/share/mbzirc_ign/models/mbzirc_oberon7_gripper/meshes
-- Up-to-date: /home/muhayy/mbzirc_ws/src/install/share/mbzirc_ign/models/mbzirc_oberon7_gripper/meshes/parallel_gripper
-- Up-to-date: /home/muhayy/mbzirc_ws/src/install/share/mbzirc_ign/models/mbzirc_oberon7_gripper/meshes/parallel_gripper/visual
-- Up-to-date: /home/muhayy/mbzirc_ws/src/install/share/mbzirc_ign/models/mbzirc_oberon7_gripper/meshes/parallel_gripper/visual/FingerTip.dae
-- Up-to-date: /home/muhayy/mbzirc_ws/src/install/share/mbzirc_ign/models/mbzirc_oberon7_gripper/meshes/parallel_gripper/visual/Finger.dae
-- Up-to-date: /home/muhayy/mbzirc_ws/src/install/share/mbzirc_ign/models/mbzirc_oberon7_gripper/meshes/parallel_gripper/visual/BaseGripper.dae
-- Up-to-date: /home/muhayy/mbzirc_ws/src/install/share/mbzirc_ign/models/mbzirc_oberon7_gripper/model.config
-- Up-to-date: /home/muhayy/mbzirc_ws/src/install/share/mbzirc_ign/models/mbzirc_oberon7_gripper/model.sdf.erb
-- Up-to-date: /home/muhayy/mbzirc_ws/src/install/share/mbzirc_ign/models/wam-v
-- Up-to-date: /home/muhayy/mbzirc_ws/src/install/share/mbzirc_ign/models/wam-v/meshes
-- Up-to-date: /home/muhayy/mbzirc_ws/src/install/share/mbzirc_ign/models/wam-v/meshes/engine.dae
-- Up-to-date: /home/muhayy/mbzirc_ws/src/install/share/mbzirc_ign/models/wam-v/meshes/WamV.png
-- Up-to-date: /home/muhayy/mbzirc_ws/src/install/share/mbzirc_ign/models/wam-v/meshes/WAM-V-Base.dae
-- Up-to-date: /home/muhayy/mbzirc_ws/src/install/share/mbzirc_ign/models/wam-v/meshes/propeller.dae
-- Up-to-date: /home/muhayy/mbzirc_ws/src/install/share/mbzirc_ign/models/wam-v/model.sdf.erb
-- Up-to-date: /home/muhayy/mbzirc_ws/src/install/share/mbzirc_ign/models/mbzirc_fixed_wing_base
-- Up-to-date: /home/muhayy/mbzirc_ws/src/install/share/mbzirc_ign/models/mbzirc_fixed_wing_base/model.sdf
-- Up-to-date: /home/muhayy/mbzirc_ws/src/install/share/mbzirc_ign/models/mbzirc_fixed_wing_base/meshes
-- Up-to-date: /home/muhayy/mbzirc_ws/src/install/share/mbzirc_ign/models/mbzirc_fixed_wing_base/meshes/wing.dae
-- Up-to-date: /home/muhayy/mbzirc_ws/src/install/share/mbzirc_ign/models/mbzirc_fixed_wing_base/materials
-- Up-to-date: /home/muhayy/mbzirc_ws/src/install/share/mbzirc_ign/models/mbzirc_fixed_wing_base/materials/textures
-- Up-to-date: /home/muhayy/mbzirc_ws/src/install/share/mbzirc_ign/models/mbzirc_fixed_wing_base/materials/textures/wing.png
-- Up-to-date: /home/muhayy/mbzirc_ws/src/install/share/mbzirc_ign/models/mbzirc_fixed_wing_base/model.config
-- Up-to-date: /home/muhayy/mbzirc_ws/src/install/share/mbzirc_ign/models/mbzirc_hexrotor
-- Up-to-date: /home/muhayy/mbzirc_ws/src/install/share/mbzirc_ign/models/mbzirc_hexrotor/model.sdf.erb
-- Up-to-date: /home/muhayy/mbzirc_ws/src/install/share/mbzirc_ign/models/dust_storm
-- Up-to-date: /home/muhayy/mbzirc_ws/src/install/share/mbzirc_ign/models/dust_storm/model.sdf
-- Up-to-date: /home/muhayy/mbzirc_ws/src/install/share/mbzirc_ign/models/dust_storm/materials
-- Up-to-date: /home/muhayy/mbzirc_ws/src/install/share/mbzirc_ign/models/dust_storm/materials/textures
-- Up-to-date: /home/muhayy/mbzirc_ws/src/install/share/mbzirc_ign/models/dust_storm/materials/textures/dust.png
-- Up-to-date: /home/muhayy/mbzirc_ws/src/install/share/mbzirc_ign/models/dust_storm/materials/textures/dustcolors.png
-- Up-to-date: /home/muhayy/mbzirc_ws/src/install/share/mbzirc_ign/models/dust_storm/model.config
-- Up-to-date: /home/muhayy/mbzirc_ws/src/install/share/mbzirc_ign/models/mbzirc_hexrotor_base
-- Up-to-date: /home/muhayy/mbzirc_ws/src/install/share/mbzirc_ign/models/mbzirc_hexrotor_base/model.sdf
-- Up-to-date: /home/muhayy/mbzirc_ws/src/install/share/mbzirc_ign/models/mbzirc_hexrotor_base/meshes
-- Up-to-date: /home/muhayy/mbzirc_ws/src/install/share/mbzirc_ign/models/mbzirc_hexrotor_base/meshes/neo11_propeller_cw.dae
-- Up-to-date: /home/muhayy/mbzirc_ws/src/install/share/mbzirc_ign/models/mbzirc_hexrotor_base/meshes/led.dae
-- Up-to-date: /home/muhayy/mbzirc_ws/src/install/share/mbzirc_ign/models/mbzirc_hexrotor_base/meshes/neo11_propeller_ccw.dae
-- Up-to-date: /home/muhayy/mbzirc_ws/src/install/share/mbzirc_ign/models/mbzirc_hexrotor_base/meshes/led_lamp.dae
-- Up-to-date: /home/muhayy/mbzirc_ws/src/install/share/mbzirc_ign/models/mbzirc_hexrotor_base/meshes/hexrotor.jpg
-- Up-to-date: /home/muhayy/mbzirc_ws/src/install/share/mbzirc_ign/models/mbzirc_hexrotor_base/meshes/hexrotor.dae
-- Up-to-date: /home/muhayy/mbzirc_ws/src/install/share/mbzirc_ign/models/mbzirc_hexrotor_base/materials
-- Up-to-date: /home/muhayy/mbzirc_ws/src/install/share/mbzirc_ign/models/mbzirc_hexrotor_base/materials/textures
-- Up-to-date: /home/muhayy/mbzirc_ws/src/install/share/mbzirc_ign/models/mbzirc_hexrotor_base/materials/textures/led.jpg
-- Up-to-date: /home/muhayy/mbzirc_ws/src/install/share/mbzirc_ign/models/mbzirc_hexrotor_base/model.config
-- Up-to-date: /home/muhayy/mbzirc_ws/src/install/share/mbzirc_ign/models/sensors
-- Up-to-date: /home/muhayy/mbzirc_ws/src/install/share/mbzirc_ign/models/sensors/mbzirc_3d_lidar
-- Up-to-date: /home/muhayy/mbzirc_ws/src/install/share/mbzirc_ign/models/sensors/mbzirc_3d_lidar/model.sdf
-- Up-to-date: /home/muhayy/mbzirc_ws/src/install/share/mbzirc_ign/models/sensors/mbzirc_3d_lidar/model.config
-- Up-to-date: /home/muhayy/mbzirc_ws/src/install/share/mbzirc_ign/models/sensors/mbzirc_planar_lidar
-- Up-to-date: /home/muhayy/mbzirc_ws/src/install/share/mbzirc_ign/models/sensors/mbzirc_planar_lidar/model.sdf
-- Up-to-date: /home/muhayy/mbzirc_ws/src/install/share/mbzirc_ign/models/sensors/mbzirc_planar_lidar/model.config
-- Up-to-date: /home/muhayy/mbzirc_ws/src/install/share/mbzirc_ign/models/sensors/mbzirc_rgbd_camera
-- Up-to-date: /home/muhayy/mbzirc_ws/src/install/share/mbzirc_ign/models/sensors/mbzirc_rgbd_camera/model.sdf
-- Up-to-date: /home/muhayy/mbzirc_ws/src/install/share/mbzirc_ign/models/sensors/mbzirc_rgbd_camera/model.config
-- Up-to-date: /home/muhayy/mbzirc_ws/src/install/share/mbzirc_ign/models/sensors/mbzirc_hd_camera
-- Up-to-date: /home/muhayy/mbzirc_ws/src/install/share/mbzirc_ign/models/sensors/mbzirc_hd_camera/model.sdf
-- Up-to-date: /home/muhayy/mbzirc_ws/src/install/share/mbzirc_ign/models/sensors/mbzirc_hd_camera/model.config
-- Up-to-date: /home/muhayy/mbzirc_ws/src/install/share/mbzirc_ign/models/sensors/mbzirc_vga_camera
-- Up-to-date: /home/muhayy/mbzirc_ws/src/install/share/mbzirc_ign/models/sensors/mbzirc_vga_camera/model.sdf
-- Up-to-date: /home/muhayy/mbzirc_ws/src/install/share/mbzirc_ign/models/sensors/mbzirc_vga_camera/model.config
-- Up-to-date: /home/muhayy/mbzirc_ws/src/install/share/mbzirc_ign/models/usv
-- Up-to-date: /home/muhayy/mbzirc_ws/src/install/share/mbzirc_ign/models/usv/model.sdf.erb
-- Up-to-date: /home/muhayy/mbzirc_ws/src/install/share/mbzirc_ign/models/mbzirc_quadrotor_base
-- Up-to-date: /home/muhayy/mbzirc_ws/src/install/share/mbzirc_ign/models/mbzirc_quadrotor_base/model.sdf
-- Up-to-date: /home/muhayy/mbzirc_ws/src/install/share/mbzirc_ign/models/mbzirc_quadrotor_base/meshes
-- Up-to-date: /home/muhayy/mbzirc_ws/src/install/share/mbzirc_ign/models/mbzirc_quadrotor_base/meshes/propeller_ccw.dae
-- Up-to-date: /home/muhayy/mbzirc_ws/src/install/share/mbzirc_ign/models/mbzirc_quadrotor_base/meshes/led.dae
-- Up-to-date: /home/muhayy/mbzirc_ws/src/install/share/mbzirc_ign/models/mbzirc_quadrotor_base/meshes/led_lamp.dae
-- Up-to-date: /home/muhayy/mbzirc_ws/src/install/share/mbzirc_ign/models/mbzirc_quadrotor_base/meshes/propeller_cw.dae
-- Up-to-date: /home/muhayy/mbzirc_ws/src/install/share/mbzirc_ign/models/mbzirc_quadrotor_base/meshes/quadrotor.dae
-- Up-to-date: /home/muhayy/mbzirc_ws/src/install/share/mbzirc_ign/models/mbzirc_quadrotor_base/meshes/quadrotor.jpg
-- Up-to-date: /home/muhayy/mbzirc_ws/src/install/share/mbzirc_ign/models/mbzirc_quadrotor_base/materials
-- Up-to-date: /home/muhayy/mbzirc_ws/src/install/share/mbzirc_ign/models/mbzirc_quadrotor_base/materials/textures
-- Up-to-date: /home/muhayy/mbzirc_ws/src/install/share/mbzirc_ign/models/mbzirc_quadrotor_base/materials/textures/led.jpg
-- Up-to-date: /home/muhayy/mbzirc_ws/src/install/share/mbzirc_ign/models/mbzirc_quadrotor_base/model.config
-- Up-to-date: /home/muhayy/mbzirc_ws/src/install/share/mbzirc_ign/models/fog
-- Up-to-date: /home/muhayy/mbzirc_ws/src/install/share/mbzirc_ign/models/fog/model.sdf
-- Up-to-date: /home/muhayy/mbzirc_ws/src/install/share/mbzirc_ign/models/fog/materials
-- Up-to-date: /home/muhayy/mbzirc_ws/src/install/share/mbzirc_ign/models/fog/materials/textures
-- Up-to-date: /home/muhayy/mbzirc_ws/src/install/share/mbzirc_ign/models/fog/materials/textures/fogcolors.png
-- Up-to-date: /home/muhayy/mbzirc_ws/src/install/share/mbzirc_ign/models/fog/materials/textures/fog.png
-- Up-to-date: /home/muhayy/mbzirc_ws/src/install/share/mbzirc_ign/models/fog/model.config
-- Up-to-date: /home/muhayy/mbzirc_ws/src/install/share/mbzirc_ign/models/mbzirc_oberon7_arm
-- Up-to-date: /home/muhayy/mbzirc_ws/src/install/share/mbzirc_ign/models/mbzirc_oberon7_arm/meshes
-- Up-to-date: /home/muhayy/mbzirc_ws/src/install/share/mbzirc_ign/models/mbzirc_oberon7_arm/meshes/serial_arm
-- Up-to-date: /home/muhayy/mbzirc_ws/src/install/share/mbzirc_ign/models/mbzirc_oberon7_arm/meshes/serial_arm/visual
-- Up-to-date: /home/muhayy/mbzirc_ws/src/install/share/mbzirc_ign/models/mbzirc_oberon7_arm/meshes/serial_arm/visual/Forearm.dae
-- Up-to-date: /home/muhayy/mbzirc_ws/src/install/share/mbzirc_ign/models/mbzirc_oberon7_arm/meshes/serial_arm/visual/ShoulderLink.dae
-- Up-to-date: /home/muhayy/mbzirc_ws/src/install/share/mbzirc_ign/models/mbzirc_oberon7_arm/meshes/serial_arm/visual/Wrist.dae
-- Up-to-date: /home/muhayy/mbzirc_ws/src/install/share/mbzirc_ign/models/mbzirc_oberon7_arm/meshes/serial_arm/visual/ElbowLink.dae
-- Up-to-date: /home/muhayy/mbzirc_ws/src/install/share/mbzirc_ign/models/mbzirc_oberon7_arm/meshes/serial_arm/visual/UpperArm.dae
-- Up-to-date: /home/muhayy/mbzirc_ws/src/install/share/mbzirc_ign/models/mbzirc_oberon7_arm/meshes/serial_arm/visual/Base.dae
-- Up-to-date: /home/muhayy/mbzirc_ws/src/install/share/mbzirc_ign/models/mbzirc_oberon7_arm/meshes/serial_arm/collision
-- Up-to-date: /home/muhayy/mbzirc_ws/src/install/share/mbzirc_ign/models/mbzirc_oberon7_arm/meshes/serial_arm/collision/Base.stl
-- Up-to-date: /home/muhayy/mbzirc_ws/src/install/share/mbzirc_ign/models/mbzirc_oberon7_arm/model.config
-- Up-to-date: /home/muhayy/mbzirc_ws/src/install/share/mbzirc_ign/models/mbzirc_oberon7_arm/model.sdf.erb
-- Up-to-date: /home/muhayy/mbzirc_ws/src/install/share/mbzirc_ign/models/static_arm
-- Up-to-date: /home/muhayy/mbzirc_ws/src/install/share/mbzirc_ign/models/static_arm/model.sdf.erb
-- Up-to-date: /home/muhayy/mbzirc_ws/src/install/share/mbzirc_ign/models/mbzirc_quadrotor
-- Up-to-date: /home/muhayy/mbzirc_ws/src/install/share/mbzirc_ign/models/mbzirc_quadrotor/model.sdf.erb
-- Up-to-date: /home/muhayy/mbzirc_ws/src/install/share/mbzirc_ign/models/waves
-- Up-to-date: /home/muhayy/mbzirc_ws/src/install/share/mbzirc_ign/models/waves/model.sdf
-- Up-to-date: /home/muhayy/mbzirc_ws/src/install/share/mbzirc_ign/models/waves/meshes
-- Up-to-date: /home/muhayy/mbzirc_ws/src/install/share/mbzirc_ign/models/waves/meshes/mesh.dae
-- Up-to-date: /home/muhayy/mbzirc_ws/src/install/share/mbzirc_ign/models/waves/materials
-- Up-to-date: /home/muhayy/mbzirc_ws/src/install/share/mbzirc_ign/models/waves/materials/programs
-- Up-to-date: /home/muhayy/mbzirc_ws/src/install/share/mbzirc_ign/models/waves/materials/programs/GerstnerWaves_fs_330.glsl
-- Up-to-date: /home/muhayy/mbzirc_ws/src/install/share/mbzirc_ign/models/waves/materials/programs/GerstnerWaves_vs_330.glsl
-- Up-to-date: /home/muhayy/mbzirc_ws/src/install/share/mbzirc_ign/models/waves/materials/textures
-- Up-to-date: /home/muhayy/mbzirc_ws/src/install/share/mbzirc_ign/models/waves/materials/textures/wave_normals.dds
-- Up-to-date: /home/muhayy/mbzirc_ws/src/install/share/mbzirc_ign/models/waves/materials/textures/skybox_lowres.dds
-- Up-to-date: /home/muhayy/mbzirc_ws/src/install/share/mbzirc_ign/models/waves/model.config
-- Up-to-date: /home/muhayy/mbzirc_ws/src/install/share/mbzirc_ign/models/mbzirc_suction_gripper
-- Up-to-date: /home/muhayy/mbzirc_ws/src/install/share/mbzirc_ign/models/mbzirc_suction_gripper/model.config
-- Up-to-date: /home/muhayy/mbzirc_ws/src/install/share/mbzirc_ign/models/mbzirc_suction_gripper/model.sdf.erb
-- Up-to-date: /home/muhayy/mbzirc_ws/src/install/share/mbzirc_ign/models/mbzirc_fixed_wing
-- Up-to-date: /home/muhayy/mbzirc_ws/src/install/share/mbzirc_ign/models/mbzirc_fixed_wing/model.sdf.erb
-- Up-to-date: /home/muhayy/mbzirc_ws/src/install/share/mbzirc_ign/launch
-- Up-to-date: /home/muhayy/mbzirc_ws/src/install/share/mbzirc_ign/launch/spawn_config.launch.py
-- Up-to-date: /home/muhayy/mbzirc_ws/src/install/share/mbzirc_ign/launch/competition.launch.py
-- Up-to-date: /home/muhayy/mbzirc_ws/src/install/share/mbzirc_ign/launch/spawn.launch.py
-- Up-to-date: /home/muhayy/mbzirc_ws/src/install/share/ament_index/resource_index/package_run_dependencies/mbzirc_ign
-- Up-to-date: /home/muhayy/mbzirc_ws/src/install/share/ament_index/resource_index/parent_prefix_path/mbzirc_ign
-- Up-to-date: /home/muhayy/mbzirc_ws/src/install/share/mbzirc_ign/environment/ament_prefix_path.sh
-- Up-to-date: /home/muhayy/mbzirc_ws/src/install/share/mbzirc_ign/environment/ament_prefix_path.dsv
-- Up-to-date: /home/muhayy/mbzirc_ws/src/install/share/mbzirc_ign/environment/path.sh
-- Up-to-date: /home/muhayy/mbzirc_ws/src/install/share/mbzirc_ign/environment/path.dsv
-- Up-to-date: /home/muhayy/mbzirc_ws/src/install/share/mbzirc_ign/local_setup.bash
-- Up-to-date: /home/muhayy/mbzirc_ws/src/install/share/mbzirc_ign/local_setup.sh
-- Up-to-date: /home/muhayy/mbzirc_ws/src/install/share/mbzirc_ign/local_setup.zsh
-- Up-to-date: /home/muhayy/mbzirc_ws/src/install/share/mbzirc_ign/local_setup.dsv
-- Installing: /home/muhayy/mbzirc_ws/src/install/share/mbzirc_ign/package.dsv
-- Up-to-date: /home/muhayy/mbzirc_ws/src/install/share/ament_index/resource_index/packages/mbzirc_ign
-- Up-to-date: /home/muhayy/mbzirc_ws/src/install/share/mbzirc_ign/cmake/mbzirc_ignConfig.cmake
-- Up-to-date: /home/muhayy/mbzirc_ws/src/install/share/mbzirc_ign/cmake/mbzirc_ignConfig-version.cmake
-- Up-to-date: /home/muhayy/mbzirc_ws/src/install/share/mbzirc_ign/package.xml
