[0.051s] Invoking command in '/home/muhayy/mbzirc_ws/src/build/mbzirc_ign': AMENT_PREFIX_PATH=/home/muhayy/mbzirc_ws/src/install:${AMENT_PREFIX_PATH} CMAKE_PREFIX_PATH=/home/muhayy/mbzirc_ws/src/install:/home/muhayy/mbzirc_ws/install:/opt/ros/galactic LD_LIBRARY_PATH=/home/muhayy/mbzirc_ws/src/install/lib:${LD_LIBRARY_PATH} PATH=/home/muhayy/mbzirc_ws/src/install/bin:${PATH} PYTHONPATH=/home/muhayy/mbzirc_ws/src/install/lib/python3.8/site-packages:${PYTHONPATH} /usr/bin/cmake --build /home/muhayy/mbzirc_ws/src/build/mbzirc_ign -- -j12 -l12
[0.101s] [  5%] Built target gtest
[0.102s] [ 10%] Built target gtest_main
[0.117s] [ 10%] Built target ament_cmake_python_copy_mbzirc_ign
[0.123s] [ 15%] Built target Waves
[0.156s] [ 21%] Built target test_gripper
[0.159s] [ 26%] Built target test_spawn_uav_battery
[0.165s] [ 31%] Built target test_spawn_usv_arm
[0.165s] [ 42%] Built target test_spawn_usv_maxspeed
[0.165s] [ 47%] Built target MulticopterControl
[0.165s] [ 52%] Built target test_fixed_wing
[0.171s] [ 57%] Built target test_game_logic
[0.184s] [ 63%] Built target Surface
[0.214s] [ 81%] Built target FixedWingController
[0.215s] [ 81%] Built target GameLogicPlugin
[0.215s] [ 86%] Built target SimpleHydrodynamics
[0.215s] [ 89%] Built target SuctionGripper
[0.215s] [ 86%] Built target BaseStation
[0.216s] [ 94%] Built target EntityDetector
[0.235s] [100%] Built target WaveVisual
[0.420s] running egg_info
[0.420s] writing mbzirc_ign.egg-info/PKG-INFO
[0.421s] writing dependency_links to mbzirc_ign.egg-info/dependency_links.txt
[0.421s] writing top-level names to mbzirc_ign.egg-info/top_level.txt
[0.452s] reading manifest file 'mbzirc_ign.egg-info/SOURCES.txt'
[0.453s] writing manifest file 'mbzirc_ign.egg-info/SOURCES.txt'
[0.475s] [100%] Built target ament_cmake_python_build_mbzirc_ign_egg
[0.487s] Invoked command in '/home/muhayy/mbzirc_ws/src/build/mbzirc_ign' returned '0': AMENT_PREFIX_PATH=/home/muhayy/mbzirc_ws/src/install:${AMENT_PREFIX_PATH} CMAKE_PREFIX_PATH=/home/muhayy/mbzirc_ws/src/install:/home/muhayy/mbzirc_ws/install:/opt/ros/galactic LD_LIBRARY_PATH=/home/muhayy/mbzirc_ws/src/install/lib:${LD_LIBRARY_PATH} PATH=/home/muhayy/mbzirc_ws/src/install/bin:${PATH} PYTHONPATH=/home/muhayy/mbzirc_ws/src/install/lib/python3.8/site-packages:${PYTHONPATH} /usr/bin/cmake --build /home/muhayy/mbzirc_ws/src/build/mbzirc_ign -- -j12 -l12
[0.538s] Invoking command in '/home/muhayy/mbzirc_ws/src/build/mbzirc_ign': AMENT_PREFIX_PATH=/home/muhayy/mbzirc_ws/src/install:${AMENT_PREFIX_PATH} CMAKE_PREFIX_PATH=/home/muhayy/mbzirc_ws/src/install:/home/muhayy/mbzirc_ws/install:/opt/ros/galactic LD_LIBRARY_PATH=/home/muhayy/mbzirc_ws/src/install/lib:${LD_LIBRARY_PATH} PATH=/home/muhayy/mbzirc_ws/src/install/bin:${PATH} PYTHONPATH=/home/muhayy/mbzirc_ws/src/install/lib/python3.8/site-packages:${PYTHONPATH} /usr/bin/cmake --install /home/muhayy/mbzirc_ws/src/build/mbzirc_ign
[0.546s] -- Install configuration: ""
[0.546s] -- Up-to-date: /home/muhayy/mbzirc_ws/src/install/share/mbzirc_ign/environment/resource_paths.dsv
[0.546s] -- Up-to-date: /home/muhayy/mbzirc_ws/src/install/share/mbzirc_ign/environment/resource_paths.sh
[0.547s] -- Up-to-date: /home/muhayy/mbzirc_ws/src/install/lib/libWaves.so
[0.547s] -- Up-to-date: /home/muhayy/mbzirc_ws/src/install/lib/libBaseStation.so
[0.547s] -- Up-to-date: /home/muhayy/mbzirc_ws/src/install/lib/libFixedWingController.so
[0.547s] -- Up-to-date: /home/muhayy/mbzirc_ws/src/install/lib/libGameLogicPlugin.so
[0.547s] -- Up-to-date: /home/muhayy/mbzirc_ws/src/install/lib/libEntityDetector.so
[0.548s] -- Up-to-date: /home/muhayy/mbzirc_ws/src/install/lib/libSimpleHydrodynamics.so
[0.548s] -- Up-to-date: /home/muhayy/mbzirc_ws/src/install/lib/libSuctionGripper.so
[0.548s] -- Up-to-date: /home/muhayy/mbzirc_ws/src/install/lib/libSurface.so
[0.548s] -- Up-to-date: /home/muhayy/mbzirc_ws/src/install/lib/libWaveVisual.so
[0.549s] -- Up-to-date: /home/muhayy/mbzirc_ws/src/install/lib/libMulticopterControl.so
[0.549s] -- Up-to-date: /home/muhayy/mbzirc_ws/src/install/share/mbzirc_ign/environment/pythonpath.sh
[0.549s] -- Up-to-date: /home/muhayy/mbzirc_ws/src/install/share/mbzirc_ign/environment/pythonpath.dsv
[0.549s] -- Up-to-date: /home/muhayy/mbzirc_ws/src/install/lib/python3.8/site-packages//mbzirc_ign.egg-info
[0.549s] -- Installing: /home/muhayy/mbzirc_ws/src/install/lib/python3.8/site-packages//mbzirc_ign.egg-info/SOURCES.txt
[0.549s] -- Installing: /home/muhayy/mbzirc_ws/src/install/lib/python3.8/site-packages//mbzirc_ign.egg-info/PKG-INFO
[0.549s] -- Installing: /home/muhayy/mbzirc_ws/src/install/lib/python3.8/site-packages//mbzirc_ign.egg-info/top_level.txt
[0.549s] -- Installing: /home/muhayy/mbzirc_ws/src/install/lib/python3.8/site-packages//mbzirc_ign.egg-info/dependency_links.txt
[0.549s] -- Up-to-date: /home/muhayy/mbzirc_ws/src/install/lib/python3.8/site-packages/mbzirc_ign
[0.549s] -- Up-to-date: /home/muhayy/mbzirc_ws/src/install/lib/python3.8/site-packages/mbzirc_ign/__init__.py
[0.549s] -- Up-to-date: /home/muhayy/mbzirc_ws/src/install/lib/python3.8/site-packages/mbzirc_ign/bridge.py
[0.549s] -- Up-to-date: /home/muhayy/mbzirc_ws/src/install/lib/python3.8/site-packages/mbzirc_ign/test_model.py
[0.550s] -- Up-to-date: /home/muhayy/mbzirc_ws/src/install/lib/python3.8/site-packages/mbzirc_ign/payload_bridges.py
[0.550s] -- Up-to-date: /home/muhayy/mbzirc_ws/src/install/lib/python3.8/site-packages/mbzirc_ign/model.py
[0.550s] -- Up-to-date: /home/muhayy/mbzirc_ws/src/install/lib/python3.8/site-packages/mbzirc_ign/bridges.py
[0.550s] -- Up-to-date: /home/muhayy/mbzirc_ws/src/install/lib/python3.8/site-packages/mbzirc_ign/launch.py
[0.550s] -- Up-to-date: /home/muhayy/mbzirc_ws/src/install/lib/python3.8/site-packages/mbzirc_ign/test_bridges.py
[0.578s] Listing '/home/muhayy/mbzirc_ws/src/install/lib/python3.8/site-packages/mbzirc_ign'...
[0.582s] -- Up-to-date: /home/muhayy/mbzirc_ws/src/install/share/mbzirc_ign/config
[0.583s] -- Up-to-date: /home/muhayy/mbzirc_ws/src/install/share/mbzirc_ign/config/single_usv_with_arm_gripper_config.yaml
[0.583s] -- Up-to-date: /home/muhayy/mbzirc_ws/src/install/share/mbzirc_ign/config/single_fw_uav_config.yaml
[0.583s] -- Up-to-date: /home/muhayy/mbzirc_ws/src/install/share/mbzirc_ign/config/single_uav_with_gripper_config.yaml
[0.583s] -- Up-to-date: /home/muhayy/mbzirc_ws/src/install/share/mbzirc_ign/config/single_usv_config.yaml
[0.583s] -- Up-to-date: /home/muhayy/mbzirc_ws/src/install/share/mbzirc_ign/config/single_uav_config.yaml
[0.584s] -- Up-to-date: /home/muhayy/mbzirc_ws/src/install/share/mbzirc_ign/config/coast
[0.584s] -- Up-to-date: /home/muhayy/mbzirc_ws/src/install/share/mbzirc_ign/config/coast/usv.yaml
[0.584s] -- Up-to-date: /home/muhayy/mbzirc_ws/src/install/share/mbzirc_ign/config/coast/quadrotor.yaml
[0.584s] -- Up-to-date: /home/muhayy/mbzirc_ws/src/install/share/mbzirc_ign/config/coast/hexrotor.yaml
[0.585s] -- Up-to-date: /home/muhayy/mbzirc_ws/src/install/share/mbzirc_ign/config/coast/config_team.yaml
[0.585s] -- Up-to-date: /home/muhayy/mbzirc_ws/src/install/share/mbzirc_ign/worlds
[0.585s] -- Up-to-date: /home/muhayy/mbzirc_ws/src/install/share/mbzirc_ign/worlds/empty_platform.sdf
[0.585s] -- Up-to-date: /home/muhayy/mbzirc_ws/src/install/share/mbzirc_ign/worlds/simple_demo-original.sdf
[0.585s] -- Up-to-date: /home/muhayy/mbzirc_ws/src/install/share/mbzirc_ign/worlds/test
[0.585s] -- Up-to-date: /home/muhayy/mbzirc_ws/src/install/share/mbzirc_ign/worlds/test/simple_arm_demo.sdf
[0.585s] -- Up-to-date: /home/muhayy/mbzirc_ws/src/install/share/mbzirc_ign/worlds/test/simple_demo_manip.sdf
[0.586s] -- Up-to-date: /home/muhayy/mbzirc_ws/src/install/share/mbzirc_ign/worlds/test/suction_gripper.sdf
[0.586s] -- Up-to-date: /home/muhayy/mbzirc_ws/src/install/share/mbzirc_ign/worlds/test/usv_max_speed.sdf
[0.586s] -- Up-to-date: /home/muhayy/mbzirc_ws/src/install/share/mbzirc_ign/worlds/faster_than_realtime.sdf
[0.586s] -- Up-to-date: /home/muhayy/mbzirc_ws/src/install/share/mbzirc_ign/worlds/coast.sdf
[0.586s] -- Up-to-date: /home/muhayy/mbzirc_ws/src/install/share/mbzirc_ign/worlds/simple_demo.sdf
[0.586s] -- Up-to-date: /home/muhayy/mbzirc_ws/src/install/share/mbzirc_ign/models
[0.586s] -- Up-to-date: /home/muhayy/mbzirc_ws/src/install/share/mbzirc_ign/models/coast_waves
[0.586s] -- Up-to-date: /home/muhayy/mbzirc_ws/src/install/share/mbzirc_ign/models/coast_waves/model.sdf
[0.586s] -- Up-to-date: /home/muhayy/mbzirc_ws/src/install/share/mbzirc_ign/models/coast_waves/meshes
[0.586s] -- Up-to-date: /home/muhayy/mbzirc_ws/src/install/share/mbzirc_ign/models/coast_waves/meshes/waterlow.dae
[0.586s] -- Up-to-date: /home/muhayy/mbzirc_ws/src/install/share/mbzirc_ign/models/coast_waves/materials
[0.586s] -- Up-to-date: /home/muhayy/mbzirc_ws/src/install/share/mbzirc_ign/models/coast_waves/materials/programs
[0.586s] -- Up-to-date: /home/muhayy/mbzirc_ws/src/install/share/mbzirc_ign/models/coast_waves/materials/programs/GerstnerWaves_fs_330.glsl
[0.586s] -- Up-to-date: /home/muhayy/mbzirc_ws/src/install/share/mbzirc_ign/models/coast_waves/materials/programs/GerstnerWaves_vs_330.glsl
[0.587s] -- Up-to-date: /home/muhayy/mbzirc_ws/src/install/share/mbzirc_ign/models/coast_waves/materials/textures
[0.587s] -- Up-to-date: /home/muhayy/mbzirc_ws/src/install/share/mbzirc_ign/models/coast_waves/materials/textures/wave_normals.dds
[0.587s] -- Up-to-date: /home/muhayy/mbzirc_ws/src/install/share/mbzirc_ign/models/coast_waves/materials/textures/skybox_lowres.dds
[0.587s] -- Up-to-date: /home/muhayy/mbzirc_ws/src/install/share/mbzirc_ign/models/coast_waves/model.config
[0.587s] -- Up-to-date: /home/muhayy/mbzirc_ws/src/install/share/mbzirc_ign/models/mbzirc_usv_base
[0.587s] -- Up-to-date: /home/muhayy/mbzirc_ws/src/install/share/mbzirc_ign/models/mbzirc_usv_base/model.sdf
[0.587s] -- Up-to-date: /home/muhayy/mbzirc_ws/src/install/share/mbzirc_ign/models/mbzirc_usv_base/meshes
[0.587s] -- Up-to-date: /home/muhayy/mbzirc_ws/src/install/share/mbzirc_ign/models/mbzirc_usv_base/meshes/USV.dae
[0.587s] -- Up-to-date: /home/muhayy/mbzirc_ws/src/install/share/mbzirc_ign/models/mbzirc_usv_base/materials
[0.587s] -- Up-to-date: /home/muhayy/mbzirc_ws/src/install/share/mbzirc_ign/models/mbzirc_usv_base/materials/textures
[0.589s] -- Up-to-date: /home/muhayy/mbzirc_ws/src/install/share/mbzirc_ign/models/mbzirc_usv_base/materials/textures/USV_Roughness.jpg
[0.589s] -- Up-to-date: /home/muhayy/mbzirc_ws/src/install/share/mbzirc_ign/models/mbzirc_usv_base/materials/textures/USV_Metalness.png
[0.589s] -- Up-to-date: /home/muhayy/mbzirc_ws/src/install/share/mbzirc_ign/models/mbzirc_usv_base/materials/textures/USV_Albedo.jpg
[0.590s] -- Up-to-date: /home/muhayy/mbzirc_ws/src/install/share/mbzirc_ign/models/mbzirc_usv_base/materials/textures/USV_Normal.jpg
[0.590s] -- Up-to-date: /home/muhayy/mbzirc_ws/src/install/share/mbzirc_ign/models/mbzirc_usv_base/model.config
[0.590s] -- Up-to-date: /home/muhayy/mbzirc_ws/src/install/share/mbzirc_ign/models/water_plane
[0.590s] -- Up-to-date: /home/muhayy/mbzirc_ws/src/install/share/mbzirc_ign/models/water_plane/model.sdf
[0.590s] -- Up-to-date: /home/muhayy/mbzirc_ws/src/install/share/mbzirc_ign/models/water_plane/materials
[0.590s] -- Up-to-date: /home/muhayy/mbzirc_ws/src/install/share/mbzirc_ign/models/water_plane/materials/textures
[0.590s] -- Up-to-date: /home/muhayy/mbzirc_ws/src/install/share/mbzirc_ign/models/water_plane/materials/textures/Water_Normal.jpg
[0.590s] -- Up-to-date: /home/muhayy/mbzirc_ws/src/install/share/mbzirc_ign/models/water_plane/materials/textures/Water_Albedo.jpg
[0.590s] -- Up-to-date: /home/muhayy/mbzirc_ws/src/install/share/mbzirc_ign/models/water_plane/materials/textures/skybox_lowres.dds
[0.591s] -- Up-to-date: /home/muhayy/mbzirc_ws/src/install/share/mbzirc_ign/models/water_plane/model.config
[0.591s] -- Up-to-date: /home/muhayy/mbzirc_ws/src/install/share/mbzirc_ign/models/mbzirc_oberon7_gripper
[0.591s] -- Up-to-date: /home/muhayy/mbzirc_ws/src/install/share/mbzirc_ign/models/mbzirc_oberon7_gripper/meshes
[0.591s] -- Up-to-date: /home/muhayy/mbzirc_ws/src/install/share/mbzirc_ign/models/mbzirc_oberon7_gripper/meshes/parallel_gripper
[0.591s] -- Up-to-date: /home/muhayy/mbzirc_ws/src/install/share/mbzirc_ign/models/mbzirc_oberon7_gripper/meshes/parallel_gripper/visual
[0.591s] -- Up-to-date: /home/muhayy/mbzirc_ws/src/install/share/mbzirc_ign/models/mbzirc_oberon7_gripper/meshes/parallel_gripper/visual/FingerTip.dae
[0.591s] -- Up-to-date: /home/muhayy/mbzirc_ws/src/install/share/mbzirc_ign/models/mbzirc_oberon7_gripper/meshes/parallel_gripper/visual/Finger.dae
[0.591s] -- Up-to-date: /home/muhayy/mbzirc_ws/src/install/share/mbzirc_ign/models/mbzirc_oberon7_gripper/meshes/parallel_gripper/visual/BaseGripper.dae
[0.591s] -- Up-to-date: /home/muhayy/mbzirc_ws/src/install/share/mbzirc_ign/models/mbzirc_oberon7_gripper/model.config
[0.591s] -- Up-to-date: /home/muhayy/mbzirc_ws/src/install/share/mbzirc_ign/models/mbzirc_oberon7_gripper/model.sdf.erb
[0.592s] -- Up-to-date: /home/muhayy/mbzirc_ws/src/install/share/mbzirc_ign/models/wam-v
[0.592s] -- Up-to-date: /home/muhayy/mbzirc_ws/src/install/share/mbzirc_ign/models/wam-v/meshes
[0.592s] -- Up-to-date: /home/muhayy/mbzirc_ws/src/install/share/mbzirc_ign/models/wam-v/meshes/engine.dae
[0.592s] -- Up-to-date: /home/muhayy/mbzirc_ws/src/install/share/mbzirc_ign/models/wam-v/meshes/WamV.png
[0.592s] -- Up-to-date: /home/muhayy/mbzirc_ws/src/install/share/mbzirc_ign/models/wam-v/meshes/WAM-V-Base.dae
[0.592s] -- Up-to-date: /home/muhayy/mbzirc_ws/src/install/share/mbzirc_ign/models/wam-v/meshes/propeller.dae
[0.593s] -- Up-to-date: /home/muhayy/mbzirc_ws/src/install/share/mbzirc_ign/models/wam-v/model.sdf.erb
[0.593s] -- Up-to-date: /home/muhayy/mbzirc_ws/src/install/share/mbzirc_ign/models/mbzirc_fixed_wing_base
[0.593s] -- Up-to-date: /home/muhayy/mbzirc_ws/src/install/share/mbzirc_ign/models/mbzirc_fixed_wing_base/model.sdf
[0.594s] -- Up-to-date: /home/muhayy/mbzirc_ws/src/install/share/mbzirc_ign/models/mbzirc_fixed_wing_base/meshes
[0.594s] -- Up-to-date: /home/muhayy/mbzirc_ws/src/install/share/mbzirc_ign/models/mbzirc_fixed_wing_base/meshes/wing.dae
[0.594s] -- Up-to-date: /home/muhayy/mbzirc_ws/src/install/share/mbzirc_ign/models/mbzirc_fixed_wing_base/materials
[0.594s] -- Up-to-date: /home/muhayy/mbzirc_ws/src/install/share/mbzirc_ign/models/mbzirc_fixed_wing_base/materials/textures
[0.595s] -- Up-to-date: /home/muhayy/mbzirc_ws/src/install/share/mbzirc_ign/models/mbzirc_fixed_wing_base/materials/textures/wing.png
[0.595s] -- Up-to-date: /home/muhayy/mbzirc_ws/src/install/share/mbzirc_ign/models/mbzirc_fixed_wing_base/model.config
[0.595s] -- Up-to-date: /home/muhayy/mbzirc_ws/src/install/share/mbzirc_ign/models/mbzirc_hexrotor
[0.595s] -- Up-to-date: /home/muhayy/mbzirc_ws/src/install/share/mbzirc_ign/models/mbzirc_hexrotor/model.sdf.erb
[0.595s] -- Up-to-date: /home/muhayy/mbzirc_ws/src/install/share/mbzirc_ign/models/dust_storm
[0.595s] -- Up-to-date: /home/muhayy/mbzirc_ws/src/install/share/mbzirc_ign/models/dust_storm/model.sdf
[0.595s] -- Up-to-date: /home/muhayy/mbzirc_ws/src/install/share/mbzirc_ign/models/dust_storm/materials
[0.596s] -- Up-to-date: /home/muhayy/mbzirc_ws/src/install/share/mbzirc_ign/models/dust_storm/materials/textures
[0.596s] -- Up-to-date: /home/muhayy/mbzirc_ws/src/install/share/mbzirc_ign/models/dust_storm/materials/textures/dust.png
[0.596s] -- Up-to-date: /home/muhayy/mbzirc_ws/src/install/share/mbzirc_ign/models/dust_storm/materials/textures/dustcolors.png
[0.597s] -- Up-to-date: /home/muhayy/mbzirc_ws/src/install/share/mbzirc_ign/models/dust_storm/model.config
[0.597s] -- Up-to-date: /home/muhayy/mbzirc_ws/src/install/share/mbzirc_ign/models/mbzirc_hexrotor_base
[0.597s] -- Up-to-date: /home/muhayy/mbzirc_ws/src/install/share/mbzirc_ign/models/mbzirc_hexrotor_base/model.sdf
[0.597s] -- Up-to-date: /home/muhayy/mbzirc_ws/src/install/share/mbzirc_ign/models/mbzirc_hexrotor_base/meshes
[0.597s] -- Up-to-date: /home/muhayy/mbzirc_ws/src/install/share/mbzirc_ign/models/mbzirc_hexrotor_base/meshes/neo11_propeller_cw.dae
[0.597s] -- Up-to-date: /home/muhayy/mbzirc_ws/src/install/share/mbzirc_ign/models/mbzirc_hexrotor_base/meshes/led.dae
[0.597s] -- Up-to-date: /home/muhayy/mbzirc_ws/src/install/share/mbzirc_ign/models/mbzirc_hexrotor_base/meshes/neo11_propeller_ccw.dae
[0.598s] -- Up-to-date: /home/muhayy/mbzirc_ws/src/install/share/mbzirc_ign/models/mbzirc_hexrotor_base/meshes/led_lamp.dae
[0.598s] -- Up-to-date: /home/muhayy/mbzirc_ws/src/install/share/mbzirc_ign/models/mbzirc_hexrotor_base/meshes/hexrotor.jpg
[0.598s] -- Up-to-date: /home/muhayy/mbzirc_ws/src/install/share/mbzirc_ign/models/mbzirc_hexrotor_base/meshes/hexrotor.dae
[0.598s] -- Up-to-date: /home/muhayy/mbzirc_ws/src/install/share/mbzirc_ign/models/mbzirc_hexrotor_base/materials
[0.599s] -- Up-to-date: /home/muhayy/mbzirc_ws/src/install/share/mbzirc_ign/models/mbzirc_hexrotor_base/materials/textures
[0.599s] -- Up-to-date: /home/muhayy/mbzirc_ws/src/install/share/mbzirc_ign/models/mbzirc_hexrotor_base/materials/textures/led.jpg
[0.599s] -- Up-to-date: /home/muhayy/mbzirc_ws/src/install/share/mbzirc_ign/models/mbzirc_hexrotor_base/model.config
[0.599s] -- Up-to-date: /home/muhayy/mbzirc_ws/src/install/share/mbzirc_ign/models/sensors
[0.599s] -- Up-to-date: /home/muhayy/mbzirc_ws/src/install/share/mbzirc_ign/models/sensors/mbzirc_3d_lidar
[0.600s] -- Up-to-date: /home/muhayy/mbzirc_ws/src/install/share/mbzirc_ign/models/sensors/mbzirc_3d_lidar/model.sdf
[0.600s] -- Up-to-date: /home/muhayy/mbzirc_ws/src/install/share/mbzirc_ign/models/sensors/mbzirc_3d_lidar/model.config
[0.600s] -- Up-to-date: /home/muhayy/mbzirc_ws/src/install/share/mbzirc_ign/models/sensors/mbzirc_planar_lidar
[0.601s] -- Up-to-date: /home/muhayy/mbzirc_ws/src/install/share/mbzirc_ign/models/sensors/mbzirc_planar_lidar/model.sdf
[0.602s] -- Up-to-date: /home/muhayy/mbzirc_ws/src/install/share/mbzirc_ign/models/sensors/mbzirc_planar_lidar/model.config
[0.602s] -- Up-to-date: /home/muhayy/mbzirc_ws/src/install/share/mbzirc_ign/models/sensors/mbzirc_rgbd_camera
[0.602s] -- Up-to-date: /home/muhayy/mbzirc_ws/src/install/share/mbzirc_ign/models/sensors/mbzirc_rgbd_camera/model.sdf
[0.602s] -- Up-to-date: /home/muhayy/mbzirc_ws/src/install/share/mbzirc_ign/models/sensors/mbzirc_rgbd_camera/model.config
[0.602s] -- Up-to-date: /home/muhayy/mbzirc_ws/src/install/share/mbzirc_ign/models/sensors/mbzirc_hd_camera
[0.602s] -- Up-to-date: /home/muhayy/mbzirc_ws/src/install/share/mbzirc_ign/models/sensors/mbzirc_hd_camera/model.sdf
[0.603s] -- Up-to-date: /home/muhayy/mbzirc_ws/src/install/share/mbzirc_ign/models/sensors/mbzirc_hd_camera/model.config
[0.603s] -- Up-to-date: /home/muhayy/mbzirc_ws/src/install/share/mbzirc_ign/models/sensors/mbzirc_vga_camera
[0.603s] -- Up-to-date: /home/muhayy/mbzirc_ws/src/install/share/mbzirc_ign/models/sensors/mbzirc_vga_camera/model.sdf
[0.603s] -- Up-to-date: /home/muhayy/mbzirc_ws/src/install/share/mbzirc_ign/models/sensors/mbzirc_vga_camera/model.config
[0.603s] -- Up-to-date: /home/muhayy/mbzirc_ws/src/install/share/mbzirc_ign/models/usv
[0.604s] -- Up-to-date: /home/muhayy/mbzirc_ws/src/install/share/mbzirc_ign/models/usv/model.sdf.erb
[0.604s] -- Up-to-date: /home/muhayy/mbzirc_ws/src/install/share/mbzirc_ign/models/mbzirc_quadrotor_base
[0.604s] -- Up-to-date: /home/muhayy/mbzirc_ws/src/install/share/mbzirc_ign/models/mbzirc_quadrotor_base/model.sdf
[0.604s] -- Up-to-date: /home/muhayy/mbzirc_ws/src/install/share/mbzirc_ign/models/mbzirc_quadrotor_base/meshes
[0.605s] -- Up-to-date: /home/muhayy/mbzirc_ws/src/install/share/mbzirc_ign/models/mbzirc_quadrotor_base/meshes/propeller_ccw.dae
[0.605s] -- Up-to-date: /home/muhayy/mbzirc_ws/src/install/share/mbzirc_ign/models/mbzirc_quadrotor_base/meshes/led.dae
[0.605s] -- Up-to-date: /home/muhayy/mbzirc_ws/src/install/share/mbzirc_ign/models/mbzirc_quadrotor_base/meshes/led_lamp.dae
[0.605s] -- Up-to-date: /home/muhayy/mbzirc_ws/src/install/share/mbzirc_ign/models/mbzirc_quadrotor_base/meshes/propeller_cw.dae
[0.605s] -- Up-to-date: /home/muhayy/mbzirc_ws/src/install/share/mbzirc_ign/models/mbzirc_quadrotor_base/meshes/quadrotor.dae
[0.606s] -- Up-to-date: /home/muhayy/mbzirc_ws/src/install/share/mbzirc_ign/models/mbzirc_quadrotor_base/meshes/quadrotor.jpg
[0.607s] -- Up-to-date: /home/muhayy/mbzirc_ws/src/install/share/mbzirc_ign/models/mbzirc_quadrotor_base/materials
[0.607s] -- Up-to-date: /home/muhayy/mbzirc_ws/src/install/share/mbzirc_ign/models/mbzirc_quadrotor_base/materials/textures
[0.607s] -- Up-to-date: /home/muhayy/mbzirc_ws/src/install/share/mbzirc_ign/models/mbzirc_quadrotor_base/materials/textures/led.jpg
[0.607s] -- Up-to-date: /home/muhayy/mbzirc_ws/src/install/share/mbzirc_ign/models/mbzirc_quadrotor_base/model.config
[0.607s] -- Up-to-date: /home/muhayy/mbzirc_ws/src/install/share/mbzirc_ign/models/fog
[0.608s] -- Up-to-date: /home/muhayy/mbzirc_ws/src/install/share/mbzirc_ign/models/fog/model.sdf
[0.608s] -- Up-to-date: /home/muhayy/mbzirc_ws/src/install/share/mbzirc_ign/models/fog/materials
[0.608s] -- Up-to-date: /home/muhayy/mbzirc_ws/src/install/share/mbzirc_ign/models/fog/materials/textures
[0.608s] -- Up-to-date: /home/muhayy/mbzirc_ws/src/install/share/mbzirc_ign/models/fog/materials/textures/fogcolors.png
[0.609s] -- Up-to-date: /home/muhayy/mbzirc_ws/src/install/share/mbzirc_ign/models/fog/materials/textures/fog.png
[0.609s] -- Up-to-date: /home/muhayy/mbzirc_ws/src/install/share/mbzirc_ign/models/fog/model.config
[0.609s] -- Up-to-date: /home/muhayy/mbzirc_ws/src/install/share/mbzirc_ign/models/mbzirc_oberon7_arm
[0.610s] -- Up-to-date: /home/muhayy/mbzirc_ws/src/install/share/mbzirc_ign/models/mbzirc_oberon7_arm/meshes
[0.612s] -- Up-to-date: /home/muhayy/mbzirc_ws/src/install/share/mbzirc_ign/models/mbzirc_oberon7_arm/meshes/serial_arm
[0.612s] -- Up-to-date: /home/muhayy/mbzirc_ws/src/install/share/mbzirc_ign/models/mbzirc_oberon7_arm/meshes/serial_arm/visual
[0.612s] -- Up-to-date: /home/muhayy/mbzirc_ws/src/install/share/mbzirc_ign/models/mbzirc_oberon7_arm/meshes/serial_arm/visual/Forearm.dae
[0.612s] -- Up-to-date: /home/muhayy/mbzirc_ws/src/install/share/mbzirc_ign/models/mbzirc_oberon7_arm/meshes/serial_arm/visual/ShoulderLink.dae
[0.612s] -- Up-to-date: /home/muhayy/mbzirc_ws/src/install/share/mbzirc_ign/models/mbzirc_oberon7_arm/meshes/serial_arm/visual/Wrist.dae
[0.612s] -- Up-to-date: /home/muhayy/mbzirc_ws/src/install/share/mbzirc_ign/models/mbzirc_oberon7_arm/meshes/serial_arm/visual/ElbowLink.dae
[0.613s] -- Up-to-date: /home/muhayy/mbzirc_ws/src/install/share/mbzirc_ign/models/mbzirc_oberon7_arm/meshes/serial_arm/visual/UpperArm.dae
[0.613s] -- Up-to-date: /home/muhayy/mbzirc_ws/src/install/share/mbzirc_ign/models/mbzirc_oberon7_arm/meshes/serial_arm/visual/Base.dae
[0.614s] -- Up-to-date: /home/muhayy/mbzirc_ws/src/install/share/mbzirc_ign/models/mbzirc_oberon7_arm/meshes/serial_arm/collision
[0.614s] -- Up-to-date: /home/muhayy/mbzirc_ws/src/install/share/mbzirc_ign/models/mbzirc_oberon7_arm/meshes/serial_arm/collision/Base.stl
[0.614s] -- Up-to-date: /home/muhayy/mbzirc_ws/src/install/share/mbzirc_ign/models/mbzirc_oberon7_arm/model.config
[0.614s] -- Up-to-date: /home/muhayy/mbzirc_ws/src/install/share/mbzirc_ign/models/mbzirc_oberon7_arm/model.sdf.erb
[0.614s] -- Up-to-date: /home/muhayy/mbzirc_ws/src/install/share/mbzirc_ign/models/static_arm
[0.614s] -- Up-to-date: /home/muhayy/mbzirc_ws/src/install/share/mbzirc_ign/models/static_arm/model.sdf.erb
[0.615s] -- Up-to-date: /home/muhayy/mbzirc_ws/src/install/share/mbzirc_ign/models/mbzirc_quadrotor
[0.615s] -- Up-to-date: /home/muhayy/mbzirc_ws/src/install/share/mbzirc_ign/models/mbzirc_quadrotor/model.sdf.erb
[0.615s] -- Up-to-date: /home/muhayy/mbzirc_ws/src/install/share/mbzirc_ign/models/waves
[0.615s] -- Up-to-date: /home/muhayy/mbzirc_ws/src/install/share/mbzirc_ign/models/waves/model.sdf
[0.615s] -- Up-to-date: /home/muhayy/mbzirc_ws/src/install/share/mbzirc_ign/models/waves/meshes
[0.615s] -- Up-to-date: /home/muhayy/mbzirc_ws/src/install/share/mbzirc_ign/models/waves/meshes/mesh.dae
[0.615s] -- Up-to-date: /home/muhayy/mbzirc_ws/src/install/share/mbzirc_ign/models/waves/materials
[0.615s] -- Up-to-date: /home/muhayy/mbzirc_ws/src/install/share/mbzirc_ign/models/waves/materials/programs
[0.615s] -- Up-to-date: /home/muhayy/mbzirc_ws/src/install/share/mbzirc_ign/models/waves/materials/programs/GerstnerWaves_fs_330.glsl
[0.616s] -- Up-to-date: /home/muhayy/mbzirc_ws/src/install/share/mbzirc_ign/models/waves/materials/programs/GerstnerWaves_vs_330.glsl
[0.616s] -- Up-to-date: /home/muhayy/mbzirc_ws/src/install/share/mbzirc_ign/models/waves/materials/textures
[0.616s] -- Up-to-date: /home/muhayy/mbzirc_ws/src/install/share/mbzirc_ign/models/waves/materials/textures/wave_normals.dds
[0.616s] -- Up-to-date: /home/muhayy/mbzirc_ws/src/install/share/mbzirc_ign/models/waves/materials/textures/skybox_lowres.dds
[0.616s] -- Up-to-date: /home/muhayy/mbzirc_ws/src/install/share/mbzirc_ign/models/waves/model.config
[0.616s] -- Up-to-date: /home/muhayy/mbzirc_ws/src/install/share/mbzirc_ign/models/mbzirc_suction_gripper
[0.616s] -- Up-to-date: /home/muhayy/mbzirc_ws/src/install/share/mbzirc_ign/models/mbzirc_suction_gripper/model.config
[0.616s] -- Up-to-date: /home/muhayy/mbzirc_ws/src/install/share/mbzirc_ign/models/mbzirc_suction_gripper/model.sdf.erb
[0.616s] -- Up-to-date: /home/muhayy/mbzirc_ws/src/install/share/mbzirc_ign/models/mbzirc_fixed_wing
[0.616s] -- Up-to-date: /home/muhayy/mbzirc_ws/src/install/share/mbzirc_ign/models/mbzirc_fixed_wing/model.sdf.erb
[0.616s] -- Up-to-date: /home/muhayy/mbzirc_ws/src/install/share/mbzirc_ign/launch
[0.616s] -- Up-to-date: /home/muhayy/mbzirc_ws/src/install/share/mbzirc_ign/launch/spawn_config.launch.py
[0.616s] -- Up-to-date: /home/muhayy/mbzirc_ws/src/install/share/mbzirc_ign/launch/competition.launch.py
[0.617s] -- Up-to-date: /home/muhayy/mbzirc_ws/src/install/share/mbzirc_ign/launch/spawn.launch.py
[0.617s] -- Up-to-date: /home/muhayy/mbzirc_ws/src/install/share/ament_index/resource_index/package_run_dependencies/mbzirc_ign
[0.617s] -- Up-to-date: /home/muhayy/mbzirc_ws/src/install/share/ament_index/resource_index/parent_prefix_path/mbzirc_ign
[0.617s] -- Up-to-date: /home/muhayy/mbzirc_ws/src/install/share/mbzirc_ign/environment/ament_prefix_path.sh
[0.617s] -- Up-to-date: /home/muhayy/mbzirc_ws/src/install/share/mbzirc_ign/environment/ament_prefix_path.dsv
[0.617s] -- Up-to-date: /home/muhayy/mbzirc_ws/src/install/share/mbzirc_ign/environment/path.sh
[0.617s] -- Up-to-date: /home/muhayy/mbzirc_ws/src/install/share/mbzirc_ign/environment/path.dsv
[0.617s] -- Up-to-date: /home/muhayy/mbzirc_ws/src/install/share/mbzirc_ign/local_setup.bash
[0.617s] -- Up-to-date: /home/muhayy/mbzirc_ws/src/install/share/mbzirc_ign/local_setup.sh
[0.617s] -- Up-to-date: /home/muhayy/mbzirc_ws/src/install/share/mbzirc_ign/local_setup.zsh
[0.617s] -- Up-to-date: /home/muhayy/mbzirc_ws/src/install/share/mbzirc_ign/local_setup.dsv
[0.617s] -- Installing: /home/muhayy/mbzirc_ws/src/install/share/mbzirc_ign/package.dsv
[0.617s] -- Up-to-date: /home/muhayy/mbzirc_ws/src/install/share/ament_index/resource_index/packages/mbzirc_ign
[0.618s] -- Up-to-date: /home/muhayy/mbzirc_ws/src/install/share/mbzirc_ign/cmake/mbzirc_ignConfig.cmake
[0.618s] -- Up-to-date: /home/muhayy/mbzirc_ws/src/install/share/mbzirc_ign/cmake/mbzirc_ignConfig-version.cmake
[0.618s] -- Up-to-date: /home/muhayy/mbzirc_ws/src/install/share/mbzirc_ign/package.xml
[0.618s] Invoked command in '/home/muhayy/mbzirc_ws/src/build/mbzirc_ign' returned '0': AMENT_PREFIX_PATH=/home/muhayy/mbzirc_ws/src/install:${AMENT_PREFIX_PATH} CMAKE_PREFIX_PATH=/home/muhayy/mbzirc_ws/src/install:/home/muhayy/mbzirc_ws/install:/opt/ros/galactic LD_LIBRARY_PATH=/home/muhayy/mbzirc_ws/src/install/lib:${LD_LIBRARY_PATH} PATH=/home/muhayy/mbzirc_ws/src/install/bin:${PATH} PYTHONPATH=/home/muhayy/mbzirc_ws/src/install/lib/python3.8/site-packages:${PYTHONPATH} /usr/bin/cmake --install /home/muhayy/mbzirc_ws/src/build/mbzirc_ign
