[0.522s] Invoking command in '/home/muhayy/mbzirc_ws/src/build/turtlebot3_fake_node': CMAKE_PREFIX_PATH=${CMAKE_PREFIX_PATH}:/opt/ros/galactic /usr/bin/cmake --build /home/muhayy/mbzirc_ws/src/build/turtlebot3_fake_node -- -j12 -l12
[0.790s] [100%] Built target turtlebot3_fake_node
[0.801s] Invoked command in '/home/muhayy/mbzirc_ws/src/build/turtlebot3_fake_node' returned '0': CMAKE_PREFIX_PATH=${CMAKE_PREFIX_PATH}:/opt/ros/galactic /usr/bin/cmake --build /home/muhayy/mbzirc_ws/src/build/turtlebot3_fake_node -- -j12 -l12
[0.868s] Invoking command in '/home/muhayy/mbzirc_ws/src/build/turtlebot3_fake_node': CMAKE_PREFIX_PATH=${CMAKE_PREFIX_PATH}:/opt/ros/galactic /usr/bin/cmake --install /home/muhayy/mbzirc_ws/src/build/turtlebot3_fake_node
[0.908s] -- Install configuration: ""
[0.908s] -- Up-to-date: /home/muhayy/mbzirc_ws/src/install/lib/turtlebot3_fake_node/turtlebot3_fake_node
[0.908s] -- Up-to-date: /home/muhayy/mbzirc_ws/src/install/share/turtlebot3_fake_node/launch
[0.909s] -- Up-to-date: /home/muhayy/mbzirc_ws/src/install/share/turtlebot3_fake_node/launch/rviz2.launch.py
[0.909s] -- Up-to-date: /home/muhayy/mbzirc_ws/src/install/share/turtlebot3_fake_node/launch/turtlebot3_fake_node.launch.py
[0.910s] -- Up-to-date: /home/muhayy/mbzirc_ws/src/install/share/turtlebot3_fake_node/param
[0.910s] -- Up-to-date: /home/muhayy/mbzirc_ws/src/install/share/turtlebot3_fake_node/param/waffle_pi.yaml
[0.910s] -- Up-to-date: /home/muhayy/mbzirc_ws/src/install/share/turtlebot3_fake_node/param/burger.yaml
[0.910s] -- Up-to-date: /home/muhayy/mbzirc_ws/src/install/share/turtlebot3_fake_node/param/waffle.yaml
[0.911s] -- Up-to-date: /home/muhayy/mbzirc_ws/src/install/include/
[0.911s] -- Up-to-date: /home/muhayy/mbzirc_ws/src/install/include//turtlebot3_fake_node
[0.911s] -- Up-to-date: /home/muhayy/mbzirc_ws/src/install/include//turtlebot3_fake_node/turtlebot3_fake_node.hpp
[0.911s] -- Up-to-date: /home/muhayy/mbzirc_ws/src/install/share/ament_index/resource_index/package_run_dependencies/turtlebot3_fake_node
[0.912s] -- Up-to-date: /home/muhayy/mbzirc_ws/src/install/share/ament_index/resource_index/parent_prefix_path/turtlebot3_fake_node
[0.913s] -- Up-to-date: /home/muhayy/mbzirc_ws/src/install/share/turtlebot3_fake_node/environment/ament_prefix_path.sh
[0.913s] -- Up-to-date: /home/muhayy/mbzirc_ws/src/install/share/turtlebot3_fake_node/environment/ament_prefix_path.dsv
[0.913s] -- Up-to-date: /home/muhayy/mbzirc_ws/src/install/share/turtlebot3_fake_node/environment/path.sh
[0.914s] -- Up-to-date: /home/muhayy/mbzirc_ws/src/install/share/turtlebot3_fake_node/environment/path.dsv
[0.914s] -- Up-to-date: /home/muhayy/mbzirc_ws/src/install/share/turtlebot3_fake_node/local_setup.bash
[0.914s] -- Up-to-date: /home/muhayy/mbzirc_ws/src/install/share/turtlebot3_fake_node/local_setup.sh
[0.915s] -- Up-to-date: /home/muhayy/mbzirc_ws/src/install/share/turtlebot3_fake_node/local_setup.zsh
[0.915s] -- Up-to-date: /home/muhayy/mbzirc_ws/src/install/share/turtlebot3_fake_node/local_setup.dsv
[0.916s] -- Installing: /home/muhayy/mbzirc_ws/src/install/share/turtlebot3_fake_node/package.dsv
[0.916s] -- Up-to-date: /home/muhayy/mbzirc_ws/src/install/share/ament_index/resource_index/packages/turtlebot3_fake_node
[0.916s] -- Up-to-date: /home/muhayy/mbzirc_ws/src/install/share/turtlebot3_fake_node/cmake/ament_cmake_export_include_directories-extras.cmake
[0.916s] -- Up-to-date: /home/muhayy/mbzirc_ws/src/install/share/turtlebot3_fake_node/cmake/ament_cmake_export_dependencies-extras.cmake
[0.917s] -- Up-to-date: /home/muhayy/mbzirc_ws/src/install/share/turtlebot3_fake_node/cmake/turtlebot3_fake_nodeConfig.cmake
[0.917s] -- Up-to-date: /home/muhayy/mbzirc_ws/src/install/share/turtlebot3_fake_node/cmake/turtlebot3_fake_nodeConfig-version.cmake
[0.917s] -- Up-to-date: /home/muhayy/mbzirc_ws/src/install/share/turtlebot3_fake_node/package.xml
[1.031s] Invoked command in '/home/muhayy/mbzirc_ws/src/build/turtlebot3_fake_node' returned '0': CMAKE_PREFIX_PATH=${CMAKE_PREFIX_PATH}:/opt/ros/galactic /usr/bin/cmake --install /home/muhayy/mbzirc_ws/src/build/turtlebot3_fake_node
