[2.044s] Invoking command in '/home/muhayy/mbzirc_ws/src/ros2_explorer/explorer_bringup': PYTHONPATH=/home/muhayy/mbzirc_ws/src/install/lib/python3.8/site-packages:${PYTHONPATH} /usr/bin/python3 setup.py egg_info --egg-base ../../build/explorer_bringup build --build-base /home/muhayy/mbzirc_ws/src/build/explorer_bringup/build install --prefix /home/muhayy/mbzirc_ws/src/install --record /home/muhayy/mbzirc_ws/src/build/explorer_bringup/install.log --single-version-externally-managed
[2.289s] running egg_info
[2.289s] writing ../../build/explorer_bringup/explorer_bringup.egg-info/PKG-INFO
[2.289s] writing dependency_links to ../../build/explorer_bringup/explorer_bringup.egg-info/dependency_links.txt
[2.290s] writing entry points to ../../build/explorer_bringup/explorer_bringup.egg-info/entry_points.txt
[2.292s] writing requirements to ../../build/explorer_bringup/explorer_bringup.egg-info/requires.txt
[2.292s] writing top-level names to ../../build/explorer_bringup/explorer_bringup.egg-info/top_level.txt
[2.332s] reading manifest file '../../build/explorer_bringup/explorer_bringup.egg-info/SOURCES.txt'
[2.334s] writing manifest file '../../build/explorer_bringup/explorer_bringup.egg-info/SOURCES.txt'
[2.334s] running build
[2.334s] running build_py
[2.334s] running install
[2.336s] running install_lib
[2.336s] running install_data
[2.337s] running install_egg_info
[2.338s] removing '/home/muhayy/mbzirc_ws/src/install/lib/python3.8/site-packages/explorer_bringup-0.0.0-py3.8.egg-info' (and everything under it)
[2.340s] Copying ../../build/explorer_bringup/explorer_bringup.egg-info to /home/muhayy/mbzirc_ws/src/install/lib/python3.8/site-packages/explorer_bringup-0.0.0-py3.8.egg-info
[2.341s] running install_scripts
[2.346s] Installing manager script to /home/muhayy/mbzirc_ws/src/install/lib/explorer_bringup
[2.346s] writing list of installed files to '/home/muhayy/mbzirc_ws/src/build/explorer_bringup/install.log'
[2.436s] Invoked command in '/home/muhayy/mbzirc_ws/src/ros2_explorer/explorer_bringup' returned '0': PYTHONPATH=/home/muhayy/mbzirc_ws/src/install/lib/python3.8/site-packages:${PYTHONPATH} /usr/bin/python3 setup.py egg_info --egg-base ../../build/explorer_bringup build --build-base /home/muhayy/mbzirc_ws/src/build/explorer_bringup/build install --prefix /home/muhayy/mbzirc_ws/src/install --record /home/muhayy/mbzirc_ws/src/build/explorer_bringup/install.log --single-version-externally-managed
