running egg_info
creating ../build/usv_teleop_keyboard/usv_teleop_keyboard.egg-info
writing ../build/usv_teleop_keyboard/usv_teleop_keyboard.egg-info/PKG-INFO
writing dependency_links to ../build/usv_teleop_keyboard/usv_teleop_keyboard.egg-info/dependency_links.txt
writing entry points to ../build/usv_teleop_keyboard/usv_teleop_keyboard.egg-info/entry_points.txt
writing requirements to ../build/usv_teleop_keyboard/usv_teleop_keyboard.egg-info/requires.txt
writing top-level names to ../build/usv_teleop_keyboard/usv_teleop_keyboard.egg-info/top_level.txt
writing manifest file '../build/usv_teleop_keyboard/usv_teleop_keyboard.egg-info/SOURCES.txt'
reading manifest file '../build/usv_teleop_keyboard/usv_teleop_keyboard.egg-info/SOURCES.txt'
writing manifest file '../build/usv_teleop_keyboard/usv_teleop_keyboard.egg-info/SOURCES.txt'
running build
running build_py
creating /home/muhayy/mbzirc_ws/src/build/usv_teleop_keyboard/build
creating /home/muhayy/mbzirc_ws/src/build/usv_teleop_keyboard/build/lib
creating /home/muhayy/mbzirc_ws/src/build/usv_teleop_keyboard/build/lib/usv_teleop_keyboard
copying usv_teleop_keyboard/__init__.py -> /home/muhayy/mbzirc_ws/src/build/usv_teleop_keyboard/build/lib/usv_teleop_keyboard
copying usv_teleop_keyboard/compute_thrust.py -> /home/muhayy/mbzirc_ws/src/build/usv_teleop_keyboard/build/lib/usv_teleop_keyboard
running install
running install_lib
creating /home/muhayy/mbzirc_ws/src/install/lib/python3.8/site-packages/usv_teleop_keyboard
copying /home/muhayy/mbzirc_ws/src/build/usv_teleop_keyboard/build/lib/usv_teleop_keyboard/__init__.py -> /home/muhayy/mbzirc_ws/src/install/lib/python3.8/site-packages/usv_teleop_keyboard
copying /home/muhayy/mbzirc_ws/src/build/usv_teleop_keyboard/build/lib/usv_teleop_keyboard/compute_thrust.py -> /home/muhayy/mbzirc_ws/src/install/lib/python3.8/site-packages/usv_teleop_keyboard
byte-compiling /home/muhayy/mbzirc_ws/src/install/lib/python3.8/site-packages/usv_teleop_keyboard/__init__.py to __init__.cpython-38.pyc
byte-compiling /home/muhayy/mbzirc_ws/src/install/lib/python3.8/site-packages/usv_teleop_keyboard/compute_thrust.py to compute_thrust.cpython-38.pyc
running install_data
copying resource/usv_teleop_keyboard -> /home/muhayy/mbzirc_ws/src/install/share/ament_index/resource_index/packages
copying package.xml -> /home/muhayy/mbzirc_ws/src/install/share/usv_teleop_keyboard
running install_egg_info
Copying ../build/usv_teleop_keyboard/usv_teleop_keyboard.egg-info to /home/muhayy/mbzirc_ws/src/install/lib/python3.8/site-packages/usv_teleop_keyboard-0.0.0-py3.8.egg-info
running install_scripts
Installing compute_thrust script to /home/muhayy/mbzirc_ws/src/install/lib/usv_teleop_keyboard
writing list of installed files to '/home/muhayy/mbzirc_ws/src/build/usv_teleop_keyboard/install.log'
