[2.442s] Invoking command in '/home/muhayy/mbzirc_ws/src/usv_teleop_keyboard': AMENT_PREFIX_PATH=/home/muhayy/mbzirc_ws/src/install:${AMENT_PREFIX_PATH} CMAKE_PREFIX_PATH=/home/muhayy/mbzirc_ws/src/install:${CMAKE_PREFIX_PATH} PYTHONPATH=/home/muhayy/mbzirc_ws/src/install/lib/python3.8/site-packages:/home/muhayy/mbzirc_ws/src/install/lib/python3.8/site-packages:${PYTHONPATH} /usr/bin/python3 setup.py egg_info --egg-base ../build/usv_teleop_keyboard build --build-base /home/muhayy/mbzirc_ws/src/build/usv_teleop_keyboard/build install --prefix /home/muhayy/mbzirc_ws/src/install --record /home/muhayy/mbzirc_ws/src/build/usv_teleop_keyboard/install.log --single-version-externally-managed
[2.936s] running egg_info
[2.937s] creating ../build/usv_teleop_keyboard/usv_teleop_keyboard.egg-info
[2.939s] writing ../build/usv_teleop_keyboard/usv_teleop_keyboard.egg-info/PKG-INFO
[2.939s] writing dependency_links to ../build/usv_teleop_keyboard/usv_teleop_keyboard.egg-info/dependency_links.txt
[2.939s] writing entry points to ../build/usv_teleop_keyboard/usv_teleop_keyboard.egg-info/entry_points.txt
[2.939s] writing requirements to ../build/usv_teleop_keyboard/usv_teleop_keyboard.egg-info/requires.txt
[2.939s] writing top-level names to ../build/usv_teleop_keyboard/usv_teleop_keyboard.egg-info/top_level.txt
[2.941s] writing manifest file '../build/usv_teleop_keyboard/usv_teleop_keyboard.egg-info/SOURCES.txt'
[3.033s] reading manifest file '../build/usv_teleop_keyboard/usv_teleop_keyboard.egg-info/SOURCES.txt'
[3.034s] writing manifest file '../build/usv_teleop_keyboard/usv_teleop_keyboard.egg-info/SOURCES.txt'
[3.048s] running build
[3.048s] running build_py
[3.049s] creating /home/muhayy/mbzirc_ws/src/build/usv_teleop_keyboard/build
[3.049s] creating /home/muhayy/mbzirc_ws/src/build/usv_teleop_keyboard/build/lib
[3.049s] creating /home/muhayy/mbzirc_ws/src/build/usv_teleop_keyboard/build/lib/usv_teleop_keyboard
[3.049s] copying usv_teleop_keyboard/__init__.py -> /home/muhayy/mbzirc_ws/src/build/usv_teleop_keyboard/build/lib/usv_teleop_keyboard
[3.049s] copying usv_teleop_keyboard/compute_thrust.py -> /home/muhayy/mbzirc_ws/src/build/usv_teleop_keyboard/build/lib/usv_teleop_keyboard
[3.049s] running install
[3.050s] running install_lib
[3.052s] creating /home/muhayy/mbzirc_ws/src/install/lib/python3.8/site-packages/usv_teleop_keyboard
[3.052s] copying /home/muhayy/mbzirc_ws/src/build/usv_teleop_keyboard/build/lib/usv_teleop_keyboard/__init__.py -> /home/muhayy/mbzirc_ws/src/install/lib/python3.8/site-packages/usv_teleop_keyboard
[3.052s] copying /home/muhayy/mbzirc_ws/src/build/usv_teleop_keyboard/build/lib/usv_teleop_keyboard/compute_thrust.py -> /home/muhayy/mbzirc_ws/src/install/lib/python3.8/site-packages/usv_teleop_keyboard
[3.053s] byte-compiling /home/muhayy/mbzirc_ws/src/install/lib/python3.8/site-packages/usv_teleop_keyboard/__init__.py to __init__.cpython-38.pyc
[3.055s] byte-compiling /home/muhayy/mbzirc_ws/src/install/lib/python3.8/site-packages/usv_teleop_keyboard/compute_thrust.py to compute_thrust.cpython-38.pyc
[3.056s] running install_data
[3.057s] copying resource/usv_teleop_keyboard -> /home/muhayy/mbzirc_ws/src/install/share/ament_index/resource_index/packages
[3.057s] copying package.xml -> /home/muhayy/mbzirc_ws/src/install/share/usv_teleop_keyboard
[3.057s] running install_egg_info
[3.059s] Copying ../build/usv_teleop_keyboard/usv_teleop_keyboard.egg-info to /home/muhayy/mbzirc_ws/src/install/lib/python3.8/site-packages/usv_teleop_keyboard-0.0.0-py3.8.egg-info
[3.070s] running install_scripts
[3.117s] Installing compute_thrust script to /home/muhayy/mbzirc_ws/src/install/lib/usv_teleop_keyboard
[3.118s] writing list of installed files to '/home/muhayy/mbzirc_ws/src/build/usv_teleop_keyboard/install.log'
[3.165s] Invoked command in '/home/muhayy/mbzirc_ws/src/usv_teleop_keyboard' returned '0': AMENT_PREFIX_PATH=/home/muhayy/mbzirc_ws/src/install:${AMENT_PREFIX_PATH} CMAKE_PREFIX_PATH=/home/muhayy/mbzirc_ws/src/install:${CMAKE_PREFIX_PATH} PYTHONPATH=/home/muhayy/mbzirc_ws/src/install/lib/python3.8/site-packages:/home/muhayy/mbzirc_ws/src/install/lib/python3.8/site-packages:${PYTHONPATH} /usr/bin/python3 setup.py egg_info --egg-base ../build/usv_teleop_keyboard build --build-base /home/muhayy/mbzirc_ws/src/build/usv_teleop_keyboard/build install --prefix /home/muhayy/mbzirc_ws/src/install --record /home/muhayy/mbzirc_ws/src/build/usv_teleop_keyboard/install.log --single-version-externally-managed
