running egg_info
creating ../../build/explorer_wanderer/explorer_wanderer.egg-info
writing ../../build/explorer_wanderer/explorer_wanderer.egg-info/PKG-INFO
writing dependency_links to ../../build/explorer_wanderer/explorer_wanderer.egg-info/dependency_links.txt
writing entry points to ../../build/explorer_wanderer/explorer_wanderer.egg-info/entry_points.txt
writing requirements to ../../build/explorer_wanderer/explorer_wanderer.egg-info/requires.txt
writing top-level names to ../../build/explorer_wanderer/explorer_wanderer.egg-info/top_level.txt
writing manifest file '../../build/explorer_wanderer/explorer_wanderer.egg-info/SOURCES.txt'
reading manifest file '../../build/explorer_wanderer/explorer_wanderer.egg-info/SOURCES.txt'
writing manifest file '../../build/explorer_wanderer/explorer_wanderer.egg-info/SOURCES.txt'
running build
running build_py
creating /home/muhayy/mbzirc_ws/src/build/explorer_wanderer/build
creating /home/muhayy/mbzirc_ws/src/build/explorer_wanderer/build/lib
creating /home/muhayy/mbzirc_ws/src/build/explorer_wanderer/build/lib/explorer_wanderer
copying explorer_wanderer/__init__.py -> /home/muhayy/mbzirc_ws/src/build/explorer_wanderer/build/lib/explorer_wanderer
copying explorer_wanderer/discoverer_server.py -> /home/muhayy/mbzirc_ws/src/build/explorer_wanderer/build/lib/explorer_wanderer
copying explorer_wanderer/wanderer_server.py -> /home/muhayy/mbzirc_ws/src/build/explorer_wanderer/build/lib/explorer_wanderer
copying explorer_wanderer/wanderer.py -> /home/muhayy/mbzirc_ws/src/build/explorer_wanderer/build/lib/explorer_wanderer
running install
running install_lib
creating /home/muhayy/mbzirc_ws/src/install/lib/python3.8/site-packages/explorer_wanderer
copying /home/muhayy/mbzirc_ws/src/build/explorer_wanderer/build/lib/explorer_wanderer/__init__.py -> /home/muhayy/mbzirc_ws/src/install/lib/python3.8/site-packages/explorer_wanderer
copying /home/muhayy/mbzirc_ws/src/build/explorer_wanderer/build/lib/explorer_wanderer/discoverer_server.py -> /home/muhayy/mbzirc_ws/src/install/lib/python3.8/site-packages/explorer_wanderer
copying /home/muhayy/mbzirc_ws/src/build/explorer_wanderer/build/lib/explorer_wanderer/wanderer_server.py -> /home/muhayy/mbzirc_ws/src/install/lib/python3.8/site-packages/explorer_wanderer
copying /home/muhayy/mbzirc_ws/src/build/explorer_wanderer/build/lib/explorer_wanderer/wanderer.py -> /home/muhayy/mbzirc_ws/src/install/lib/python3.8/site-packages/explorer_wanderer
byte-compiling /home/muhayy/mbzirc_ws/src/install/lib/python3.8/site-packages/explorer_wanderer/__init__.py to __init__.cpython-38.pyc
byte-compiling /home/muhayy/mbzirc_ws/src/install/lib/python3.8/site-packages/explorer_wanderer/discoverer_server.py to discoverer_server.cpython-38.pyc
byte-compiling /home/muhayy/mbzirc_ws/src/install/lib/python3.8/site-packages/explorer_wanderer/wanderer_server.py to wanderer_server.cpython-38.pyc
byte-compiling /home/muhayy/mbzirc_ws/src/install/lib/python3.8/site-packages/explorer_wanderer/wanderer.py to wanderer.cpython-38.pyc
running install_data
copying resource/explorer_wanderer -> /home/muhayy/mbzirc_ws/src/install/share/ament_index/resource_index/packages
copying package.xml -> /home/muhayy/mbzirc_ws/src/install/share/explorer_wanderer
running install_egg_info
Copying ../../build/explorer_wanderer/explorer_wanderer.egg-info to /home/muhayy/mbzirc_ws/src/install/lib/python3.8/site-packages/explorer_wanderer-0.0.0-py3.8.egg-info
running install_scripts
Installing discoverer_server script to /home/muhayy/mbzirc_ws/src/install/lib/explorer_wanderer
Installing wanderer script to /home/muhayy/mbzirc_ws/src/install/lib/explorer_wanderer
Installing wanderer_server script to /home/muhayy/mbzirc_ws/src/install/lib/explorer_wanderer
writing list of installed files to '/home/muhayy/mbzirc_ws/src/build/explorer_wanderer/install.log'
