[4.264s] Invoking command in '/home/muhayy/mbzirc_ws/src/ros2_explorer/explorer_wanderer': PYTHONPATH=/home/muhayy/mbzirc_ws/src/install/lib/python3.8/site-packages:${PYTHONPATH} /usr/bin/python3 setup.py egg_info --egg-base ../../build/explorer_wanderer build --build-base /home/muhayy/mbzirc_ws/src/build/explorer_wanderer/build install --prefix /home/muhayy/mbzirc_ws/src/install --record /home/muhayy/mbzirc_ws/src/build/explorer_wanderer/install.log --single-version-externally-managed
[8.100s] running egg_info
[8.100s] creating ../../build/explorer_wanderer/explorer_wanderer.egg-info
[8.100s] writing ../../build/explorer_wanderer/explorer_wanderer.egg-info/PKG-INFO
[8.101s] writing dependency_links to ../../build/explorer_wanderer/explorer_wanderer.egg-info/dependency_links.txt
[8.101s] writing entry points to ../../build/explorer_wanderer/explorer_wanderer.egg-info/entry_points.txt
[8.101s] writing requirements to ../../build/explorer_wanderer/explorer_wanderer.egg-info/requires.txt
[8.101s] writing top-level names to ../../build/explorer_wanderer/explorer_wanderer.egg-info/top_level.txt
[8.101s] writing manifest file '../../build/explorer_wanderer/explorer_wanderer.egg-info/SOURCES.txt'
[8.101s] reading manifest file '../../build/explorer_wanderer/explorer_wanderer.egg-info/SOURCES.txt'
[8.101s] writing manifest file '../../build/explorer_wanderer/explorer_wanderer.egg-info/SOURCES.txt'
[8.101s] running build
[8.101s] running build_py
[8.102s] creating /home/muhayy/mbzirc_ws/src/build/explorer_wanderer/build
[8.102s] creating /home/muhayy/mbzirc_ws/src/build/explorer_wanderer/build/lib
[8.102s] creating /home/muhayy/mbzirc_ws/src/build/explorer_wanderer/build/lib/explorer_wanderer
[8.102s] copying explorer_wanderer/__init__.py -> /home/muhayy/mbzirc_ws/src/build/explorer_wanderer/build/lib/explorer_wanderer
[8.102s] copying explorer_wanderer/discoverer_server.py -> /home/muhayy/mbzirc_ws/src/build/explorer_wanderer/build/lib/explorer_wanderer
[8.102s] copying explorer_wanderer/wanderer_server.py -> /home/muhayy/mbzirc_ws/src/build/explorer_wanderer/build/lib/explorer_wanderer
[8.102s] copying explorer_wanderer/wanderer.py -> /home/muhayy/mbzirc_ws/src/build/explorer_wanderer/build/lib/explorer_wanderer
[8.102s] running install
[8.102s] running install_lib
[8.102s] creating /home/muhayy/mbzirc_ws/src/install/lib/python3.8/site-packages/explorer_wanderer
[8.103s] copying /home/muhayy/mbzirc_ws/src/build/explorer_wanderer/build/lib/explorer_wanderer/__init__.py -> /home/muhayy/mbzirc_ws/src/install/lib/python3.8/site-packages/explorer_wanderer
[8.103s] copying /home/muhayy/mbzirc_ws/src/build/explorer_wanderer/build/lib/explorer_wanderer/discoverer_server.py -> /home/muhayy/mbzirc_ws/src/install/lib/python3.8/site-packages/explorer_wanderer
[8.108s] copying /home/muhayy/mbzirc_ws/src/build/explorer_wanderer/build/lib/explorer_wanderer/wanderer_server.py -> /home/muhayy/mbzirc_ws/src/install/lib/python3.8/site-packages/explorer_wanderer
[8.108s] copying /home/muhayy/mbzirc_ws/src/build/explorer_wanderer/build/lib/explorer_wanderer/wanderer.py -> /home/muhayy/mbzirc_ws/src/install/lib/python3.8/site-packages/explorer_wanderer
[8.109s] byte-compiling /home/muhayy/mbzirc_ws/src/install/lib/python3.8/site-packages/explorer_wanderer/__init__.py to __init__.cpython-38.pyc
[8.109s] byte-compiling /home/muhayy/mbzirc_ws/src/install/lib/python3.8/site-packages/explorer_wanderer/discoverer_server.py to discoverer_server.cpython-38.pyc
[8.109s] byte-compiling /home/muhayy/mbzirc_ws/src/install/lib/python3.8/site-packages/explorer_wanderer/wanderer_server.py to wanderer_server.cpython-38.pyc
[8.109s] byte-compiling /home/muhayy/mbzirc_ws/src/install/lib/python3.8/site-packages/explorer_wanderer/wanderer.py to wanderer.cpython-38.pyc
[8.109s] running install_data
[8.109s] copying resource/explorer_wanderer -> /home/muhayy/mbzirc_ws/src/install/share/ament_index/resource_index/packages
[8.109s] copying package.xml -> /home/muhayy/mbzirc_ws/src/install/share/explorer_wanderer
[8.109s] running install_egg_info
[8.110s] Copying ../../build/explorer_wanderer/explorer_wanderer.egg-info to /home/muhayy/mbzirc_ws/src/install/lib/python3.8/site-packages/explorer_wanderer-0.0.0-py3.8.egg-info
[8.110s] running install_scripts
[8.110s] Installing discoverer_server script to /home/muhayy/mbzirc_ws/src/install/lib/explorer_wanderer
[8.110s] Installing wanderer script to /home/muhayy/mbzirc_ws/src/install/lib/explorer_wanderer
[8.110s] Installing wanderer_server script to /home/muhayy/mbzirc_ws/src/install/lib/explorer_wanderer
[8.110s] writing list of installed files to '/home/muhayy/mbzirc_ws/src/build/explorer_wanderer/install.log'
[8.149s] Invoked command in '/home/muhayy/mbzirc_ws/src/ros2_explorer/explorer_wanderer' returned '0': PYTHONPATH=/home/muhayy/mbzirc_ws/src/install/lib/python3.8/site-packages:${PYTHONPATH} /usr/bin/python3 setup.py egg_info --egg-base ../../build/explorer_wanderer build --build-base /home/muhayy/mbzirc_ws/src/build/explorer_wanderer/build install --prefix /home/muhayy/mbzirc_ws/src/install --record /home/muhayy/mbzirc_ws/src/build/explorer_wanderer/install.log --single-version-externally-managed
