[1.230s] Invoking command in '/home/muhayy/mbzirc_ws/src/build/cartographer': CMAKE_PREFIX_PATH=${CMAKE_PREFIX_PATH}:/opt/ros/galactic /usr/bin/cmake /home/muhayy/mbzirc_ws/src/cartographer -DCMAKE_INSTALL_PREFIX=/home/muhayy/mbzirc_ws/src/install
[1.342s] -- The C compiler identification is GNU 9.4.0
[1.464s] -- The CXX compiler identification is GNU 9.4.0
[1.475s] -- Check for working C compiler: /usr/bin/cc
[1.626s] -- Check for working C compiler: /usr/bin/cc -- works
[1.627s] -- Detecting C compiler ABI info
[1.751s] -- Detecting C compiler ABI info - done
[1.779s] -- Detecting C compile features
[1.779s] -- Detecting C compile features - done
[1.779s] -- Check for working CXX compiler: /usr/bin/c++
[1.943s] -- Check for working CXX compiler: /usr/bin/c++ -- works
[1.945s] -- Detecting CXX compiler ABI info
[2.107s] -- Detecting CXX compiler ABI info - done
[2.123s] -- Detecting CXX compile features
[2.124s] -- Detecting CXX compile features - done
[2.126s] -- Build type: Release
[2.148s] Files /home/muhayy/mbzirc_ws/src/build/cartographer/AllFiles.cmake and - differ
[2.187s] CMake Warning at /usr/src/googletest/googlemock/CMakeLists.txt:43 (project):
[2.187s]   VERSION keyword not followed by a value or was followed by a value that
[2.187s]   expanded to nothing.
[2.188s] 
[2.188s] 
[2.189s] CMake Warning at /usr/src/googletest/googletest/CMakeLists.txt:54 (project):
[2.189s]   VERSION keyword not followed by a value or was followed by a value that
[2.189s]   expanded to nothing.
[2.189s] 
[2.190s] 
[2.219s] -- Found PythonInterp: /usr/bin/python3.8 (found version "3.8.10") 
[2.221s] -- Looking for pthread.h
[2.318s] -- Looking for pthread.h - found
[2.319s] -- Performing Test CMAKE_HAVE_LIBC_PTHREAD
[2.445s] -- Performing Test CMAKE_HAVE_LIBC_PTHREAD - Failed
[2.446s] -- Looking for pthread_create in pthreads
[2.560s] -- Looking for pthread_create in pthreads - not found
[2.560s] -- Looking for pthread_create in pthread
[2.669s] -- Looking for pthread_create in pthread - found
[2.670s] -- Found Threads: TRUE  
[2.681s] -- Found GMock: gmock_main;-lpthread  
[2.734s] -- Found Boost: /usr/lib/x86_64-linux-gnu/cmake/Boost-1.71.0/BoostConfig.cmake (found version "1.71.0") found components: iostreams 
[2.740s] -- Found installed version of Eigen: /usr/lib/cmake/eigen3
[2.741s] -- Found required Ceres dependency: Eigen version 3.3.7 in /usr/include/eigen3
[2.744s] -- Found required Ceres dependency: glog
[2.749s] -- Found installed version of gflags: /usr/lib/x86_64-linux-gnu/cmake/gflags
[2.749s] -- Detected gflags version: 2.2.2
[2.752s] -- Found required Ceres dependency: gflags
[2.753s] -- Found Ceres version: 1.14.0 installed in: /usr with components: [EigenSparse, SparseLinearAlgebraLibrary, LAPACK, SuiteSparse, CXSparse, SchurSpecializations, OpenMP, Multithreading]
[2.768s] -- Found Lua: /usr/lib/x86_64-linux-gnu/liblua5.2.so;/usr/lib/x86_64-linux-gnu/libm.so (found version "5.2.4") 
[2.804s] -- Found Protobuf: /usr/lib/x86_64-linux-gnu/libprotobuf.so;-lpthread (found suitable version "3.6.1", minimum required is "3.0.0") 
[2.831s] -- Found PkgConfig: /usr/bin/pkg-config (found version "0.29.1") 
[2.832s] -- Checking for one of the modules 'cairo>=1.12.16'
[2.967s] -- Could NOT find Sphinx (missing: SPHINX_EXECUTABLE) 
[3.032s] -- Configuring done
[3.489s] -- Generating done
[3.512s] -- Build files have been written to: /home/muhayy/mbzirc_ws/src/build/cartographer
[3.532s] Invoked command in '/home/muhayy/mbzirc_ws/src/build/cartographer' returned '0': CMAKE_PREFIX_PATH=${CMAKE_PREFIX_PATH}:/opt/ros/galactic /usr/bin/cmake /home/muhayy/mbzirc_ws/src/cartographer -DCMAKE_INSTALL_PREFIX=/home/muhayy/mbzirc_ws/src/install
[3.536s] Invoking command in '/home/muhayy/mbzirc_ws/src/build/cartographer': CMAKE_PREFIX_PATH=${CMAKE_PREFIX_PATH}:/opt/ros/galactic /usr/bin/cmake --build /home/muhayy/mbzirc_ws/src/build/cartographer -- -j12 -l12
[4.487s] [35m[1mScanning dependencies of target cartographer_detect_changes[0m
[4.487s] [35m[1mScanning dependencies of target gtest[0m
[4.487s] [  0%] [34m[1mRunning C++ protocol buffer compiler on /home/muhayy/mbzirc_ws/src/cartographer/cartographer/transform/proto/transform.proto[0m
[4.487s] [  0%] [34m[1mRunning C++ protocol buffer compiler on /home/muhayy/mbzirc_ws/src/cartographer/cartographer/ground_truth/proto/relations.proto[0m
[4.487s] [  0%] [34m[1mRunning C++ protocol buffer compiler on /home/muhayy/mbzirc_ws/src/cartographer/cartographer/common/proto/ceres_solver_options.proto[0m
[4.488s] [  1%] [34m[1mRunning C++ protocol buffer compiler on /home/muhayy/mbzirc_ws/src/cartographer/cartographer/mapping/proto/connected_components.proto[0m
[4.488s] [  1%] [34m[1mRunning C++ protocol buffer compiler on /home/muhayy/mbzirc_ws/src/cartographer/cartographer/mapping/proto/grid_2d.proto[0m
[4.488s] [  1%] [34m[1mRunning C++ protocol buffer compiler on /home/muhayy/mbzirc_ws/src/cartographer/cartographer/mapping/proto/cell_limits_2d.proto[0m
[4.488s] [  2%] [32mBuilding CXX object googletest/CMakeFiles/gtest.dir/src/gtest-all.cc.o[0m
[4.488s] [  2%] [34m[1mRunning C++ protocol buffer compiler on /home/muhayy/mbzirc_ws/src/cartographer/cartographer/mapping/proto/grid_2d_options.proto[0m
[4.488s] [  3%] [34m[1mRunning C++ protocol buffer compiler on /home/muhayy/mbzirc_ws/src/cartographer/cartographer/mapping/proto/local_trajectory_builder_options_2d.proto[0m
[4.488s] [  3%] [34m[1mRunning C++ protocol buffer compiler on /home/muhayy/mbzirc_ws/src/cartographer/cartographer/mapping/proto/hybrid_grid.proto[0m
[4.488s] [  3%] [34m[1mRunning C++ protocol buffer compiler on /home/muhayy/mbzirc_ws/src/cartographer/cartographer/mapping/proto/map_builder_options.proto[0m
[4.488s] [  3%] Built target cartographer_detect_changes
[4.489s] [  3%] [34m[1mRunning C++ protocol buffer compiler on /home/muhayy/mbzirc_ws/src/cartographer/cartographer/mapping/proto/local_trajectory_builder_options_3d.proto[0m
[4.489s] [  3%] [34m[1mRunning C++ protocol buffer compiler on /home/muhayy/mbzirc_ws/src/cartographer/cartographer/mapping/proto/map_limits.proto[0m
[4.489s] [  4%] [34m[1mRunning C++ protocol buffer compiler on /home/muhayy/mbzirc_ws/src/cartographer/cartographer/mapping/proto/motion_filter_options.proto[0m
[4.489s] [  4%] [34m[1mRunning C++ protocol buffer compiler on /home/muhayy/mbzirc_ws/src/cartographer/cartographer/mapping/proto/normal_estimation_options_2d.proto[0m
[4.489s] [  4%] [34m[1mRunning C++ protocol buffer compiler on /home/muhayy/mbzirc_ws/src/cartographer/cartographer/mapping/proto/pose_extrapolator_options.proto[0m
[4.489s] [  4%] [34m[1mRunning C++ protocol buffer compiler on /home/muhayy/mbzirc_ws/src/cartographer/cartographer/mapping/proto/pose_graph/optimization_problem_options.proto[0m
[4.489s] [  4%] [34m[1mRunning C++ protocol buffer compiler on /home/muhayy/mbzirc_ws/src/cartographer/cartographer/mapping/proto/pose_graph.proto[0m
[4.489s] [  4%] [34m[1mRunning C++ protocol buffer compiler on /home/muhayy/mbzirc_ws/src/cartographer/cartographer/mapping/proto/pose_graph_options.proto[0m
[4.489s] [  5%] [34m[1mRunning C++ protocol buffer compiler on /home/muhayy/mbzirc_ws/src/cartographer/cartographer/mapping/proto/pose_graph/constraint_builder_options.proto[0m
[4.490s] [  5%] [34m[1mRunning C++ protocol buffer compiler on /home/muhayy/mbzirc_ws/src/cartographer/cartographer/mapping/proto/probability_grid.proto[0m
[4.490s] [  6%] [34m[1mRunning C++ protocol buffer compiler on /home/muhayy/mbzirc_ws/src/cartographer/cartographer/mapping/proto/probability_grid_range_data_inserter_options_2d.proto[0m
[4.490s] [  6%] [34m[1mRunning C++ protocol buffer compiler on /home/muhayy/mbzirc_ws/src/cartographer/cartographer/mapping/proto/range_data_inserter_options.proto[0m
[4.490s] [  6%] [34m[1mRunning C++ protocol buffer compiler on /home/muhayy/mbzirc_ws/src/cartographer/cartographer/mapping/proto/scan_matching/ceres_scan_matcher_options_2d.proto[0m
[4.490s] [  6%] [34m[1mRunning C++ protocol buffer compiler on /home/muhayy/mbzirc_ws/src/cartographer/cartographer/mapping/proto/range_data_inserter_options_3d.proto[0m
[4.490s] [  7%] [34m[1mRunning C++ protocol buffer compiler on /home/muhayy/mbzirc_ws/src/cartographer/cartographer/mapping/proto/scan_matching/ceres_scan_matcher_options_3d.proto[0m
[4.490s] [  7%] [34m[1mRunning C++ protocol buffer compiler on /home/muhayy/mbzirc_ws/src/cartographer/cartographer/mapping/proto/scan_matching/fast_correlative_scan_matcher_options_2d.proto[0m
[4.490s] [  7%] [34m[1mRunning C++ protocol buffer compiler on /home/muhayy/mbzirc_ws/src/cartographer/cartographer/mapping/proto/scan_matching/real_time_correlative_scan_matcher_options.proto[0m
[4.490s] [  7%] [34m[1mRunning C++ protocol buffer compiler on /home/muhayy/mbzirc_ws/src/cartographer/cartographer/mapping/proto/scan_matching/fast_correlative_scan_matcher_options_3d.proto[0m
[4.491s] [  7%] [34m[1mRunning C++ protocol buffer compiler on /home/muhayy/mbzirc_ws/src/cartographer/cartographer/mapping/proto/submap.proto[0m
[4.491s] [  7%] [34m[1mRunning C++ protocol buffer compiler on /home/muhayy/mbzirc_ws/src/cartographer/cartographer/mapping/proto/submap_visualization.proto[0m
[4.491s] [  8%] [34m[1mRunning C++ protocol buffer compiler on /home/muhayy/mbzirc_ws/src/cartographer/cartographer/mapping/proto/serialization.proto[0m
[4.491s] [  9%] [34m[1mRunning C++ protocol buffer compiler on /home/muhayy/mbzirc_ws/src/cartographer/cartographer/mapping/proto/submaps_options_2d.proto[0m
[4.491s] [  9%] [34m[1mRunning C++ protocol buffer compiler on /home/muhayy/mbzirc_ws/src/cartographer/cartographer/mapping/proto/submaps_options_3d.proto[0m
[4.491s] [  9%] [34m[1mRunning C++ protocol buffer compiler on /home/muhayy/mbzirc_ws/src/cartographer/cartographer/mapping/proto/trajectory.proto[0m
[4.491s] [  9%] [34m[1mRunning C++ protocol buffer compiler on /home/muhayy/mbzirc_ws/src/cartographer/cartographer/mapping/proto/trajectory_builder_options.proto[0m
[4.491s] [ 10%] [34m[1mRunning C++ protocol buffer compiler on /home/muhayy/mbzirc_ws/src/cartographer/cartographer/mapping/proto/trajectory_node_data.proto[0m
[4.491s] [ 10%] [34m[1mRunning C++ protocol buffer compiler on /home/muhayy/mbzirc_ws/src/cartographer/cartographer/mapping/proto/tsdf_2d.proto[0m
[4.492s] [ 10%] [34m[1mRunning C++ protocol buffer compiler on /home/muhayy/mbzirc_ws/src/cartographer/cartographer/mapping/proto/tsdf_range_data_inserter_options_2d.proto[0m
[4.492s] [ 10%] [34m[1mRunning C++ protocol buffer compiler on /home/muhayy/mbzirc_ws/src/cartographer/cartographer/sensor/proto/adaptive_voxel_filter_options.proto[0m
[4.492s] [ 11%] [34m[1mRunning C++ protocol buffer compiler on /home/muhayy/mbzirc_ws/src/cartographer/cartographer/sensor/proto/sensor.proto[0m
[4.492s] [ 11%] [34m[1mRunning C++ protocol buffer compiler on /home/muhayy/mbzirc_ws/src/cartographer/cartographer/transform/proto/timestamped_transform.proto[0m
[5.027s] [35m[1mScanning dependencies of target cartographer[0m
[7.411s] [ 11%] [32mBuilding CXX object CMakeFiles/cartographer.dir/cartographer/common/configuration_file_resolver.cc.o[0m
[7.437s] [ 12%] [32mBuilding CXX object CMakeFiles/cartographer.dir/cartographer/common/fixed_ratio_sampler.cc.o[0m
[7.447s] [ 12%] [32mBuilding CXX object CMakeFiles/cartographer.dir/cartographer/common/histogram.cc.o[0m
[7.525s] [ 12%] [32mBuilding CXX object CMakeFiles/cartographer.dir/cartographer/common/internal/ceres_solver_options.cc.o[0m
[7.531s] [ 12%] [32mBuilding CXX object CMakeFiles/cartographer.dir/cartographer/common/internal/testing/thread_pool_for_testing.cc.o[0m
[7.569s] [ 13%] [32mBuilding CXX object CMakeFiles/cartographer.dir/cartographer/common/lua_parameter_dictionary.cc.o[0m
[7.589s] [ 13%] [32mBuilding CXX object CMakeFiles/cartographer.dir/cartographer/common/task.cc.o[0m
[7.668s] [ 13%] [32mBuilding CXX object CMakeFiles/cartographer.dir/cartographer/common/thread_pool.cc.o[0m
[7.685s] [ 13%] [32mBuilding CXX object CMakeFiles/cartographer.dir/cartographer/common/time.cc.o[0m
[7.713s] [ 14%] [32mBuilding CXX object CMakeFiles/cartographer.dir/cartographer/ground_truth/autogenerate_ground_truth.cc.o[0m
[7.741s] [ 14%] [32mBuilding CXX object CMakeFiles/cartographer.dir/cartographer/ground_truth/relations_text_file.cc.o[0m
[12.030s] [ 14%] [32mBuilding CXX object CMakeFiles/cartographer.dir/cartographer/io/color.cc.o[0m
[12.920s] [ 14%] [32mBuilding CXX object CMakeFiles/cartographer.dir/cartographer/io/coloring_points_processor.cc.o[0m
[14.000s] [ 15%] [32mBuilding CXX object CMakeFiles/cartographer.dir/cartographer/io/counting_points_processor.cc.o[0m
[14.734s] [ 15%] [32mBuilding CXX object CMakeFiles/cartographer.dir/cartographer/io/draw_trajectories.cc.o[0m
[15.355s] [ 15%] [32mBuilding CXX object CMakeFiles/cartographer.dir/cartographer/io/file_writer.cc.o[0m
[27.860s] [ 15%] [32mBuilding CXX object CMakeFiles/cartographer.dir/cartographer/io/min_max_range_filtering_points_processor.cc.o[0m
[29.435s] [ 15%] [32m[1mLinking CXX static library ../lib/libgtest.a[0m
[29.637s] [ 15%] Built target gtest
[34.202s] [ 15%] [32mBuilding CXX object CMakeFiles/cartographer.dir/cartographer/io/outlier_removing_points_processor.cc.o[0m
[42.176s] [ 15%] [32mBuilding CXX object CMakeFiles/cartographer.dir/cartographer/io/pcd_writing_points_processor.cc.o[0m
[46.674s] [ 16%] [32mBuilding CXX object CMakeFiles/cartographer.dir/cartographer/io/ply_writing_points_processor.cc.o[0m
[50.748s] [ 16%] [32mBuilding CXX object CMakeFiles/cartographer.dir/cartographer/io/points_batch.cc.o[0m
[54.142s] [ 16%] [32mBuilding CXX object CMakeFiles/cartographer.dir/cartographer/io/points_processor_pipeline_builder.cc.o[0m
[59.432s] [ 16%] [32mBuilding CXX object CMakeFiles/cartographer.dir/cartographer/io/probability_grid_points_processor.cc.o[0m
[64.191s] [ 17%] [32mBuilding CXX object CMakeFiles/cartographer.dir/cartographer/io/proto_stream.cc.o[0m
[67.991s] [ 17%] [32mBuilding CXX object CMakeFiles/cartographer.dir/cartographer/io/proto_stream_deserializer.cc.o[0m
[71.755s] [ 17%] [32mBuilding CXX object CMakeFiles/cartographer.dir/cartographer/io/serialization_format_migration.cc.o[0m
[78.574s] [ 17%] [32mBuilding CXX object CMakeFiles/cartographer.dir/cartographer/io/submap_painter.cc.o[0m
[86.470s] [ 18%] [32mBuilding CXX object CMakeFiles/cartographer.dir/cartographer/io/vertical_range_filtering_points_processor.cc.o[0m
[90.360s] [ 18%] [32mBuilding CXX object CMakeFiles/cartographer.dir/cartographer/io/xray_points_processor.cc.o[0m
[96.513s] [ 18%] [32mBuilding CXX object CMakeFiles/cartographer.dir/cartographer/io/xyz_writing_points_processor.cc.o[0m
[100.108s] [ 18%] [32mBuilding CXX object CMakeFiles/cartographer.dir/cartographer/mapping/2d/grid_2d.cc.o[0m
[104.017s] [ 19%] [32mBuilding CXX object CMakeFiles/cartographer.dir/cartographer/mapping/2d/probability_grid.cc.o[0m
[109.094s] [ 19%] [32mBuilding CXX object CMakeFiles/cartographer.dir/cartographer/mapping/2d/probability_grid_range_data_inserter_2d.cc.o[0m
[112.410s] [ 19%] [32mBuilding CXX object CMakeFiles/cartographer.dir/cartographer/mapping/2d/submap_2d.cc.o[0m
[116.282s] [ 20%] [32mBuilding CXX object CMakeFiles/cartographer.dir/cartographer/mapping/3d/range_data_inserter_3d.cc.o[0m
[116.283s] [ 20%] [32mBuilding CXX object CMakeFiles/cartographer.dir/cartographer/io/internal/pbstream_migrate.cc.o[0m
[117.294s] [ 21%] [32mBuilding CXX object CMakeFiles/cartographer.dir/cartographer/mapping/3d/submap_3d.cc.o[0m
[118.309s] [ 21%] [32mBuilding CXX object CMakeFiles/cartographer.dir/cartographer/io/internal/pbstream_info.cc.o[0m
[118.436s] [ 21%] [32mBuilding CXX object CMakeFiles/cartographer.dir/cartographer/io/internal/mapping_state_serialization.cc.o[0m
[119.453s] [ 21%] [32mBuilding CXX object CMakeFiles/cartographer.dir/cartographer/mapping/detect_floors.cc.o[0m
[120.469s] [ 21%] [32mBuilding CXX object CMakeFiles/cartographer.dir/cartographer/io/internal/in_memory_proto_stream.cc.o[0m
[126.486s] [ 21%] [32mBuilding CXX object CMakeFiles/cartographer.dir/cartographer/mapping/internal/2d/local_trajectory_builder_options_2d.cc.o[0m
[126.487s] [ 22%] [32mBuilding CXX object CMakeFiles/cartographer.dir/cartographer/mapping/internal/2d/local_trajectory_builder_2d.cc.o[0m
[126.490s] [ 22%] [32mBuilding CXX object CMakeFiles/cartographer.dir/cartographer/mapping/internal/2d/normal_estimation_2d.cc.o[0m
[127.505s] [ 23%] [32mBuilding CXX object CMakeFiles/cartographer.dir/cartographer/mapping/internal/2d/overlapping_submaps_trimmer_2d.cc.o[0m
[127.505s] [ 23%] [32mBuilding CXX object CMakeFiles/cartographer.dir/cartographer/mapping/internal/2d/local_slam_result_2d.cc.o[0m
[128.554s] [ 23%] [32mBuilding CXX object CMakeFiles/cartographer.dir/cartographer/mapping/imu_tracker.cc.o[0m
[128.567s] [ 24%] [32mBuilding CXX object CMakeFiles/cartographer.dir/cartographer/io/intensity_to_color_points_processor.cc.o[0m
[129.656s] [ 24%] [32mBuilding CXX object CMakeFiles/cartographer.dir/cartographer/io/image.cc.o[0m
[129.675s] [ 24%] [32mBuilding CXX object CMakeFiles/cartographer.dir/cartographer/io/hybrid_grid_points_processor.cc.o[0m
[129.772s] [ 24%] [32mBuilding CXX object CMakeFiles/cartographer.dir/cartographer/io/fixed_ratio_sampling_points_processor.cc.o[0m
[129.775s] [ 25%] [32mBuilding CXX object CMakeFiles/cartographer.dir/cartographer/io/frame_id_filtering_points_processor.cc.o[0m
[141.804s] [ 25%] [32mBuilding CXX object CMakeFiles/cartographer.dir/cartographer/mapping/internal/2d/tsdf_2d.cc.o[0m
[149.718s] [ 25%] [32mBuilding CXX object CMakeFiles/cartographer.dir/cartographer/mapping/internal/2d/tsdf_range_data_inserter_2d.cc.o[0m
[154.663s] [ 26%] [32mBuilding CXX object CMakeFiles/cartographer.dir/cartographer/mapping/internal/3d/local_slam_result_3d.cc.o[0m
[160.396s] [ 26%] [32mBuilding CXX object CMakeFiles/cartographer.dir/cartographer/mapping/internal/3d/local_trajectory_builder_3d.cc.o[0m
[167.245s] [ 26%] [32mBuilding CXX object CMakeFiles/cartographer.dir/cartographer/mapping/internal/3d/local_trajectory_builder_options_3d.cc.o[0m
[171.189s] [ 26%] [32mBuilding CXX object CMakeFiles/cartographer.dir/cartographer/mapping/internal/3d/pose_graph_3d.cc.o[0m
[182.812s] [ 27%] [32mBuilding CXX object CMakeFiles/cartographer.dir/cartographer/mapping/internal/3d/scan_matching/ceres_scan_matcher_3d.cc.o[0m
[185.828s] [ 27%] [32mBuilding CXX object CMakeFiles/cartographer.dir/cartographer/mapping/internal/3d/scan_matching/fast_correlative_scan_matcher_3d.cc.o[0m
[185.828s] [ 27%] [32mBuilding CXX object CMakeFiles/cartographer.dir/cartographer/mapping/internal/2d/tsd_value_converter.cc.o[0m
[186.839s] [ 28%] [32mBuilding CXX object CMakeFiles/cartographer.dir/cartographer/mapping/internal/2d/scan_matching/tsdf_match_cost_function_2d.cc.o[0m
[187.852s] [ 28%] [32mBuilding CXX object CMakeFiles/cartographer.dir/cartographer/mapping/internal/2d/scan_matching/real_time_correlative_scan_matcher_2d.cc.o[0m
[188.101s] [ 28%] [32mBuilding CXX object CMakeFiles/cartographer.dir/cartographer/mapping/internal/2d/scan_matching/occupied_space_cost_function_2d.cc.o[0m
[189.118s] [ 28%] [32mBuilding CXX object CMakeFiles/cartographer.dir/cartographer/mapping/internal/3d/scan_matching/intensity_cost_function_3d.cc.o[0m
[190.133s] [ 28%] [32mBuilding CXX object CMakeFiles/cartographer.dir/cartographer/mapping/internal/2d/scan_matching/fast_correlative_scan_matcher_2d.cc.o[0m
[190.491s] [ 29%] [32mBuilding CXX object CMakeFiles/cartographer.dir/cartographer/mapping/internal/2d/scan_matching/correlative_scan_matcher_2d.cc.o[0m
[195.741s] [ 30%] [32mBuilding CXX object CMakeFiles/cartographer.dir/cartographer/mapping/internal/constraints/constraint_builder.cc.o[0m
[195.741s] [ 30%] [32mBuilding CXX object CMakeFiles/cartographer.dir/cartographer/mapping/internal/connected_components.cc.o[0m
[196.752s] [ 30%] [32mBuilding CXX object CMakeFiles/cartographer.dir/cartographer/mapping/internal/constraints/constraint_builder_2d.cc.o[0m
[197.763s] [ 30%] [32mBuilding CXX object CMakeFiles/cartographer.dir/cartographer/mapping/internal/collated_trajectory_builder.cc.o[0m
[198.781s] [ 30%] [32mBuilding CXX object CMakeFiles/cartographer.dir/cartographer/mapping/internal/3d/scan_matching/rotational_scan_matcher.cc.o[0m
[199.711s] [ 30%] [32mBuilding CXX object CMakeFiles/cartographer.dir/cartographer/mapping/internal/3d/scan_matching/real_time_correlative_scan_matcher_3d.cc.o[0m
[199.726s] [ 31%] [32mBuilding CXX object CMakeFiles/cartographer.dir/cartographer/mapping/internal/constraints/constraint_builder_3d.cc.o[0m
[200.561s] [ 32%] [32mBuilding CXX object CMakeFiles/cartographer.dir/cartographer/mapping/internal/3d/scan_matching/precomputation_grid_3d.cc.o[0m
[201.574s] [ 32%] [32mBuilding CXX object CMakeFiles/cartographer.dir/cartographer/mapping/internal/eigen_quaterniond_from_two_vectors.cc.o[0m
[202.621s] [ 32%] [32mBuilding CXX object CMakeFiles/cartographer.dir/cartographer/mapping/internal/3d/scan_matching/low_resolution_matcher.cc.o[0m
[203.689s] [ 32%] [32mBuilding CXX object CMakeFiles/cartographer.dir/cartographer/mapping/internal/2d/scan_matching/ceres_scan_matcher_2d.cc.o[0m
[204.023s] [ 32%] [32mBuilding CXX object CMakeFiles/cartographer.dir/cartographer/mapping/internal/2d/ray_to_pixel_mask.cc.o[0m
[204.694s] [ 32%] [32mBuilding CXX object CMakeFiles/cartographer.dir/cartographer/mapping/internal/global_trajectory_builder.cc.o[0m
[204.741s] [ 32%] [32mBuilding CXX object CMakeFiles/cartographer.dir/cartographer/mapping/internal/imu_based_pose_extrapolator.cc.o[0m
[205.207s] [ 32%] [32mBuilding CXX object CMakeFiles/cartographer.dir/cartographer/mapping/internal/2d/pose_graph_2d.cc.o[0m
[219.894s] [ 32%] [32mBuilding CXX object CMakeFiles/cartographer.dir/cartographer/mapping/internal/trajectory_connectivity_state.cc.o[0m
[223.590s] [ 32%] [32mBuilding CXX object CMakeFiles/cartographer.dir/cartographer/mapping/map_builder.cc.o[0m
[231.097s] [ 32%] [32mBuilding CXX object CMakeFiles/cartographer.dir/cartographer/mapping/map_builder_interface.cc.o[0m
[233.110s] [ 33%] [32mBuilding CXX object CMakeFiles/cartographer.dir/cartographer/mapping/pose_extrapolator.cc.o[0m
[234.804s] [ 34%] [32mBuilding CXX object CMakeFiles/cartographer.dir/cartographer/mapping/internal/submap_controller.cc.o[0m
[235.815s] [ 34%] [32mBuilding CXX object CMakeFiles/cartographer.dir/cartographer/mapping/pose_extrapolator_interface.cc.o[0m
[236.834s] [ 34%] [32mBuilding CXX object CMakeFiles/cartographer.dir/cartographer/mapping/internal/scan_matching/real_time_correlative_scan_matcher.cc.o[0m
[237.392s] [ 34%] [32mBuilding CXX object CMakeFiles/cartographer.dir/cartographer/mapping/internal/range_data_collator.cc.o[0m
[238.407s] [ 34%] [32mBuilding CXX object CMakeFiles/cartographer.dir/cartographer/mapping/pose_graph.cc.o[0m
[238.987s] [ 34%] [32mBuilding CXX object CMakeFiles/cartographer.dir/cartographer/mapping/internal/optimization/optimization_problem_options.cc.o[0m
[239.116s] [ 34%] [32mBuilding CXX object CMakeFiles/cartographer.dir/cartographer/mapping/pose_graph_trimmer.cc.o[0m
[239.458s] [ 35%] [32mBuilding CXX object CMakeFiles/cartographer.dir/cartographer/mapping/probability_values.cc.o[0m
[240.474s] [ 35%] [32mBuilding CXX object CMakeFiles/cartographer.dir/cartographer/mapping/range_data_inserter_interface.cc.o[0m
[244.425s] [ 35%] [32mBuilding CXX object CMakeFiles/cartographer.dir/cartographer/metrics/gauge.cc.o[0m
[244.701s] [ 35%] [32mBuilding CXX object CMakeFiles/cartographer.dir/cartographer/metrics/histogram.cc.o[0m
[245.193s] [ 36%] [32mBuilding CXX object CMakeFiles/cartographer.dir/cartographer/metrics/register.cc.o[0m
[247.209s] [ 36%] [32mBuilding CXX object CMakeFiles/cartographer.dir/cartographer/sensor/compressed_point_cloud.cc.o[0m
[249.222s] [ 36%] [32mBuilding CXX object CMakeFiles/cartographer.dir/cartographer/metrics/counter.cc.o[0m
[249.522s] [ 37%] [32mBuilding CXX object CMakeFiles/cartographer.dir/cartographer/mapping/value_conversion_tables.cc.o[0m
[250.312s] [ 37%] [32mBuilding CXX object CMakeFiles/cartographer.dir/cartographer/sensor/fixed_frame_pose_data.cc.o[0m
[251.241s] [ 38%] [32mBuilding CXX object CMakeFiles/cartographer.dir/cartographer/sensor/imu_data.cc.o[0m
[251.241s] [ 38%] [32mBuilding CXX object CMakeFiles/cartographer.dir/cartographer/mapping/trajectory_node.cc.o[0m
[251.430s] [ 38%] [32mBuilding CXX object CMakeFiles/cartographer.dir/cartographer/sensor/internal/collator.cc.o[0m
[252.446s] [ 38%] [32mBuilding CXX object CMakeFiles/cartographer.dir/cartographer/sensor/internal/ordered_multi_queue.cc.o[0m
[252.446s] [ 38%] [32mBuilding CXX object CMakeFiles/cartographer.dir/cartographer/mapping/trajectory_builder_interface.cc.o[0m
[253.462s] [ 38%] [32mBuilding CXX object CMakeFiles/cartographer.dir/cartographer/mapping/internal/optimization/optimization_problem_2d.cc.o[0m
[253.464s] [ 39%] [32mBuilding CXX object CMakeFiles/cartographer.dir/cartographer/mapping/internal/optimization/optimization_problem_3d.cc.o[0m
[253.485s] [ 39%] [32mBuilding CXX object CMakeFiles/cartographer.dir/cartographer/mapping/internal/optimization/cost_functions/spa_cost_function_2d.cc.o[0m
[254.553s] [ 39%] [32mBuilding CXX object CMakeFiles/cartographer.dir/cartographer/sensor/internal/trajectory_collator.cc.o[0m
[254.560s] [ 39%] [32mBuilding CXX object CMakeFiles/cartographer.dir/cartographer/mapping/internal/optimization/ceres_pose.cc.o[0m
[254.940s] [ 40%] [32mBuilding CXX object CMakeFiles/cartographer.dir/cartographer/sensor/internal/voxel_filter.cc.o[0m
[254.948s] [ 41%] [32mBuilding CXX object CMakeFiles/cartographer.dir/cartographer/mapping/internal/motion_filter.cc.o[0m
[255.041s] [ 41%] [32mBuilding CXX object CMakeFiles/cartographer.dir/cartographer/sensor/landmark_data.cc.o[0m
[271.609s] [ 41%] [32mBuilding CXX object CMakeFiles/cartographer.dir/cartographer/ground_truth/proto/relations.pb.cc.o[0m
[272.797s] [ 42%] [32mBuilding CXX object CMakeFiles/cartographer.dir/cartographer/mapping/proto/cell_limits_2d.pb.cc.o[0m
[273.759s] [ 42%] [32mBuilding CXX object CMakeFiles/cartographer.dir/cartographer/mapping/proto/connected_components.pb.cc.o[0m
[274.930s] [ 42%] [32mBuilding CXX object CMakeFiles/cartographer.dir/cartographer/mapping/proto/grid_2d.pb.cc.o[0m
[276.192s] [ 42%] [32mBuilding CXX object CMakeFiles/cartographer.dir/cartographer/mapping/proto/grid_2d_options.pb.cc.o[0m
[277.101s] [ 43%] [32mBuilding CXX object CMakeFiles/cartographer.dir/cartographer/mapping/proto/hybrid_grid.pb.cc.o[0m
[278.197s] [ 43%] [32mBuilding CXX object CMakeFiles/cartographer.dir/cartographer/mapping/proto/local_trajectory_builder_options_2d.pb.cc.o[0m
[279.373s] [ 43%] [32mBuilding CXX object CMakeFiles/cartographer.dir/cartographer/mapping/proto/local_trajectory_builder_options_3d.pb.cc.o[0m
[280.784s] [ 43%] [32mBuilding CXX object CMakeFiles/cartographer.dir/cartographer/mapping/proto/map_builder_options.pb.cc.o[0m
[281.829s] [ 44%] [32mBuilding CXX object CMakeFiles/cartographer.dir/cartographer/mapping/proto/map_limits.pb.cc.o[0m
[282.835s] [ 44%] [32mBuilding CXX object CMakeFiles/cartographer.dir/cartographer/mapping/proto/motion_filter_options.pb.cc.o[0m
[283.766s] [ 44%] [32mBuilding CXX object CMakeFiles/cartographer.dir/cartographer/mapping/proto/normal_estimation_options_2d.pb.cc.o[0m
[284.713s] [ 44%] [32mBuilding CXX object CMakeFiles/cartographer.dir/cartographer/mapping/proto/pose_extrapolator_options.pb.cc.o[0m
[285.725s] [ 45%] [32mBuilding CXX object CMakeFiles/cartographer.dir/cartographer/common/proto/ceres_solver_options.pb.cc.o[0m
[285.725s] [ 45%] [32mBuilding CXX object CMakeFiles/cartographer.dir/cartographer/mapping/proto/pose_graph.pb.cc.o[0m
[285.990s] [ 45%] [32mBuilding CXX object CMakeFiles/cartographer.dir/cartographer/transform/transform_interpolation_buffer.cc.o[0m
[286.730s] [ 46%] [32mBuilding CXX object CMakeFiles/cartographer.dir/cartographer/transform/transform.cc.o[0m
[286.731s] [ 46%] [32mBuilding CXX object CMakeFiles/cartographer.dir/cartographer/mapping/proto/pose_graph/constraint_builder_options.pb.cc.o[0m
[287.470s] [ 46%] [32mBuilding CXX object CMakeFiles/cartographer.dir/cartographer/mapping/proto/pose_graph/optimization_problem_options.pb.cc.o[0m
[287.865s] [ 47%] [32mBuilding CXX object CMakeFiles/cartographer.dir/cartographer/mapping/proto/pose_graph_options.pb.cc.o[0m
[287.871s] [ 47%] [32mBuilding CXX object CMakeFiles/cartographer.dir/cartographer/transform/timestamped_transform.cc.o[0m
[288.615s] [ 47%] [32mBuilding CXX object CMakeFiles/cartographer.dir/cartographer/mapping/proto/probability_grid.pb.cc.o[0m
[288.998s] [ 47%] [32mBuilding CXX object CMakeFiles/cartographer.dir/cartographer/transform/rigid_transform.cc.o[0m
[289.000s] [ 47%] [32mBuilding CXX object CMakeFiles/cartographer.dir/cartographer/mapping/proto/probability_grid_range_data_inserter_options_2d.pb.cc.o[0m
[289.154s] [ 47%] [32mBuilding CXX object CMakeFiles/cartographer.dir/cartographer/mapping/proto/range_data_inserter_options.pb.cc.o[0m
[289.730s] [ 48%] [32mBuilding CXX object CMakeFiles/cartographer.dir/cartographer/mapping/proto/range_data_inserter_options_3d.pb.cc.o[0m
[289.735s] [ 48%] [32mBuilding CXX object CMakeFiles/cartographer.dir/cartographer/sensor/timed_point_cloud_data.cc.o[0m
[289.818s] [ 48%] [32mBuilding CXX object CMakeFiles/cartographer.dir/cartographer/mapping/proto/scan_matching/ceres_scan_matcher_options_2d.pb.cc.o[0m
[290.280s] [ 48%] [32mBuilding CXX object CMakeFiles/cartographer.dir/cartographer/mapping/proto/scan_matching/ceres_scan_matcher_options_3d.pb.cc.o[0m
[290.283s] [ 48%] [32mBuilding CXX object CMakeFiles/cartographer.dir/cartographer/mapping/proto/scan_matching/fast_correlative_scan_matcher_options_2d.pb.cc.o[0m
[290.937s] [ 49%] [32mBuilding CXX object CMakeFiles/cartographer.dir/cartographer/sensor/range_data.cc.o[0m
[290.938s] [ 50%] [32mBuilding CXX object CMakeFiles/cartographer.dir/cartographer/mapping/proto/scan_matching/fast_correlative_scan_matcher_options_3d.pb.cc.o[0m
[290.954s] [ 50%] [32mBuilding CXX object CMakeFiles/cartographer.dir/cartographer/sensor/point_cloud.cc.o[0m
[291.087s] [ 50%] [32mBuilding CXX object CMakeFiles/cartographer.dir/cartographer/mapping/proto/scan_matching/real_time_correlative_scan_matcher_options.pb.cc.o[0m
[291.265s] [ 50%] [32mBuilding CXX object CMakeFiles/cartographer.dir/cartographer/mapping/proto/serialization.pb.cc.o[0m
[291.706s] [ 50%] [32mBuilding CXX object CMakeFiles/cartographer.dir/cartographer/mapping/proto/submap.pb.cc.o[0m
[291.723s] [ 51%] [32mBuilding CXX object CMakeFiles/cartographer.dir/cartographer/mapping/proto/submap_visualization.pb.cc.o[0m
[291.739s] [ 51%] [32mBuilding CXX object CMakeFiles/cartographer.dir/cartographer/sensor/odometry_data.cc.o[0m
[292.169s] [ 51%] [32mBuilding CXX object CMakeFiles/cartographer.dir/cartographer/mapping/proto/submaps_options_2d.pb.cc.o[0m
[292.366s] [ 51%] [32mBuilding CXX object CMakeFiles/cartographer.dir/cartographer/mapping/proto/submaps_options_3d.pb.cc.o[0m
[292.384s] [ 51%] [32mBuilding CXX object CMakeFiles/cartographer.dir/cartographer/mapping/proto/trajectory.pb.cc.o[0m
[292.546s] [ 52%] [32mBuilding CXX object CMakeFiles/cartographer.dir/cartographer/mapping/proto/trajectory_builder_options.pb.cc.o[0m
[293.666s] [ 52%] [32mBuilding CXX object CMakeFiles/cartographer.dir/cartographer/mapping/proto/trajectory_node_data.pb.cc.o[0m
[293.860s] [ 52%] [32mBuilding CXX object CMakeFiles/cartographer.dir/cartographer/mapping/proto/tsdf_2d.pb.cc.o[0m
[294.248s] [ 52%] [32mBuilding CXX object CMakeFiles/cartographer.dir/cartographer/mapping/proto/tsdf_range_data_inserter_options_2d.pb.cc.o[0m
[294.288s] [ 53%] [32mBuilding CXX object CMakeFiles/cartographer.dir/cartographer/sensor/proto/adaptive_voxel_filter_options.pb.cc.o[0m
[294.695s] [ 53%] [32mBuilding CXX object CMakeFiles/cartographer.dir/cartographer/sensor/proto/sensor.pb.cc.o[0m
[294.994s] [ 53%] [32mBuilding CXX object CMakeFiles/cartographer.dir/cartographer/transform/proto/timestamped_transform.pb.cc.o[0m
[295.496s] [ 53%] [32mBuilding CXX object CMakeFiles/cartographer.dir/cartographer/transform/proto/transform.pb.cc.o[0m
[297.875s] [ 54%] [32m[1mLinking CXX static library libcartographer.a[0m
[297.992s] [ 54%] Built target cartographer
[298.003s] [35m[1mScanning dependencies of target gmock[0m
[298.027s] [ 55%] [32mBuilding CXX object gmock/CMakeFiles/gmock.dir/src/gmock-all.cc.o[0m
[301.001s] [ 55%] [32m[1mLinking CXX static library ../lib/libgmock.a[0m
[301.035s] [ 55%] Built target gmock
[301.047s] [35m[1mScanning dependencies of target cartographer_autogenerate_ground_truth[0m
[301.047s] [35m[1mScanning dependencies of target cartographer_print_configuration[0m
[301.059s] [ 55%] [32mBuilding CXX object CMakeFiles/cartographer_print_configuration.dir/cartographer/common/print_configuration_main.cc.o[0m
[301.085s] [ 55%] [32mBuilding CXX object CMakeFiles/cartographer_autogenerate_ground_truth.dir/cartographer/ground_truth/autogenerate_ground_truth_main.cc.o[0m
[302.759s] [ 55%] [32m[1mLinking CXX executable cartographer_print_configuration[0m
[302.909s] [ 55%] Built target cartographer_print_configuration
[302.921s] [35m[1mScanning dependencies of target gmock_main[0m
[302.940s] [ 55%] [32mBuilding CXX object gmock/CMakeFiles/gmock_main.dir/src/gmock_main.cc.o[0m
[303.909s] [ 55%] [32m[1mLinking CXX static library ../lib/libgmock_main.a[0m
[303.945s] [ 55%] Built target gmock_main
[303.956s] [35m[1mScanning dependencies of target cartographer_compute_relations_metrics[0m
[303.982s] [ 56%] [32m[1mLinking CXX executable cartographer_autogenerate_ground_truth[0m
[303.998s] [ 56%] [32mBuilding CXX object CMakeFiles/cartographer_compute_relations_metrics.dir/cartographer/ground_truth/compute_relations_metrics_main.cc.o[0m
[304.175s] [ 56%] Built target cartographer_autogenerate_ground_truth
[304.188s] [35m[1mScanning dependencies of target cartographer_pbstream[0m
[304.201s] [ 56%] [32mBuilding CXX object CMakeFiles/cartographer_pbstream.dir/cartographer/io/pbstream_main.cc.o[0m
[305.218s] [ 57%] [32m[1mLinking CXX executable cartographer_pbstream[0m
[305.618s] [ 57%] Built target cartographer_pbstream
[305.630s] [35m[1mScanning dependencies of target cartographer_test_library[0m
[305.673s] [ 58%] [32mBuilding CXX object CMakeFiles/cartographer_test_library.dir/cartographer/io/fake_file_writer.cc.o[0m
[305.673s] [ 58%] [32mBuilding CXX object CMakeFiles/cartographer_test_library.dir/cartographer/io/fake_file_writer_test.cc.o[0m
[307.551s] [ 58%] [32mBuilding CXX object CMakeFiles/cartographer_test_library.dir/cartographer/mapping/internal/testing/test_helpers.cc.o[0m
[307.551s] [ 58%] [32mBuilding CXX object CMakeFiles/cartographer_test_library.dir/cartographer/io/internal/testing/test_helpers.cc.o[0m
[307.749s] [ 58%] [32m[1mLinking CXX executable cartographer_compute_relations_metrics[0m
[307.936s] [ 58%] Built target cartographer_compute_relations_metrics
[311.607s] [ 58%] [32m[1mLinking CXX static library libcartographer_test_library.a[0m
[311.644s] [ 58%] Built target cartographer_test_library
[311.656s] [35m[1mScanning dependencies of target cartographer.sensor.range_data_test[0m
[311.656s] [35m[1mScanning dependencies of target cartographer.mapping.value_conversion_tables_test[0m
[311.657s] [35m[1mScanning dependencies of target cartographer.sensor.internal.voxel_filter_test[0m
[311.659s] [35m[1mScanning dependencies of target cartographer.transform.timestamped_transform_test[0m
[311.661s] [35m[1mScanning dependencies of target cartographer.transform.transform_test[0m
[311.676s] [ 58%] [32mBuilding CXX object CMakeFiles/cartographer.mapping.value_conversion_tables_test.dir/cartographer/mapping/value_conversion_tables_test.cc.o[0m
[311.707s] [ 59%] [32mBuilding CXX object CMakeFiles/cartographer.transform.timestamped_transform_test.dir/cartographer/transform/timestamped_transform_test.cc.o[0m
[311.707s] [ 59%] [32mBuilding CXX object CMakeFiles/cartographer.sensor.internal.voxel_filter_test.dir/cartographer/sensor/internal/voxel_filter_test.cc.o[0m
[311.724s] [35m[1mScanning dependencies of target cartographer.sensor.point_cloud_test[0m
[311.724s] [35m[1mScanning dependencies of target cartographer.mapping.internal.trajectory_connectivity_state_test[0m
[311.736s] [35m[1mScanning dependencies of target cartographer.mapping.internal.range_data_collator_test[0m
[311.737s] [ 60%] [32mBuilding CXX object CMakeFiles/cartographer.sensor.range_data_test.dir/cartographer/sensor/range_data_test.cc.o[0m
[311.747s] [ 60%] [32mBuilding CXX object CMakeFiles/cartographer.transform.transform_test.dir/cartographer/transform/transform_test.cc.o[0m
[311.808s] [ 60%] [32mBuilding CXX object CMakeFiles/cartographer.sensor.point_cloud_test.dir/cartographer/sensor/point_cloud_test.cc.o[0m
[311.818s] [ 60%] [32mBuilding CXX object CMakeFiles/cartographer.mapping.internal.range_data_collator_test.dir/cartographer/mapping/internal/range_data_collator_test.cc.o[0m
[311.823s] [ 60%] [32mBuilding CXX object CMakeFiles/cartographer.mapping.internal.trajectory_connectivity_state_test.dir/cartographer/mapping/internal/trajectory_connectivity_state_test.cc.o[0m
[312.817s] [35m[1mScanning dependencies of target cartographer.mapping.map_builder_test[0m
[312.868s] [35m[1mScanning dependencies of target cartographer.mapping.probability_values_test[0m
[312.884s] [35m[1mScanning dependencies of target cartographer.mapping.pose_extrapolator_test[0m
[312.917s] [ 60%] [32mBuilding CXX object CMakeFiles/cartographer.mapping.map_builder_test.dir/cartographer/mapping/map_builder_test.cc.o[0m
[312.984s] [ 61%] [32mBuilding CXX object CMakeFiles/cartographer.mapping.probability_values_test.dir/cartographer/mapping/probability_values_test.cc.o[0m
[313.003s] [ 61%] [32mBuilding CXX object CMakeFiles/cartographer.mapping.pose_extrapolator_test.dir/cartographer/mapping/pose_extrapolator_test.cc.o[0m
[314.032s] [35m[1mScanning dependencies of target cartographer.mapping.pose_graph_test[0m
[314.233s] [ 62%] [32mBuilding CXX object CMakeFiles/cartographer.mapping.pose_graph_test.dir/cartographer/mapping/pose_graph_test.cc.o[0m
[315.472s] [ 62%] [32m[1mLinking CXX executable cartographer.mapping.value_conversion_tables_test[0m
[315.913s] [ 62%] Built target cartographer.mapping.value_conversion_tables_test
[317.781s] [ 62%] [32m[1mLinking CXX executable cartographer.sensor.range_data_test[0m
[318.038s] [ 62%] Built target cartographer.sensor.range_data_test
[318.922s] [ 62%] [32m[1mLinking CXX executable cartographer.mapping.probability_values_test[0m
[319.252s] [ 62%] [32m[1mLinking CXX executable cartographer.transform.timestamped_transform_test[0m
[319.265s] [ 62%] Built target cartographer.mapping.probability_values_test
[319.267s] [ 62%] [32m[1mLinking CXX executable cartographer.mapping.internal.trajectory_connectivity_state_test[0m
[319.507s] [ 62%] Built target cartographer.transform.timestamped_transform_test
[319.581s] [ 62%] Built target cartographer.mapping.internal.trajectory_connectivity_state_test
[320.127s] [ 63%] [32m[1mLinking CXX executable cartographer.mapping.internal.range_data_collator_test[0m
[320.281s] [ 63%] Built target cartographer.mapping.internal.range_data_collator_test
[320.416s] [ 63%] [32m[1mLinking CXX executable cartographer.transform.transform_test[0m
[320.515s] [ 63%] [32m[1mLinking CXX executable cartographer.sensor.internal.voxel_filter_test[0m
[320.527s] [ 63%] [32m[1mLinking CXX executable cartographer.sensor.point_cloud_test[0m
[320.616s] [ 63%] Built target cartographer.transform.transform_test
[320.705s] [ 63%] Built target cartographer.sensor.point_cloud_test
[320.765s] [ 63%] Built target cartographer.sensor.internal.voxel_filter_test
[321.178s] [ 63%] [32m[1mLinking CXX executable cartographer.mapping.pose_graph_test[0m
[321.505s] [ 63%] Built target cartographer.mapping.pose_graph_test
[322.908s] [ 63%] [32m[1mLinking CXX executable cartographer.mapping.pose_extrapolator_test[0m
[323.074s] [ 63%] Built target cartographer.mapping.pose_extrapolator_test
[325.241s] [ 64%] [32m[1mLinking CXX executable cartographer.mapping.map_builder_test[0m
[325.718s] [ 64%] Built target cartographer.mapping.map_builder_test
[325.730s] [35m[1mScanning dependencies of target cartographer.common.fixed_ratio_sampler_test[0m
[325.745s] [ 65%] [32mBuilding CXX object CMakeFiles/cartographer.common.fixed_ratio_sampler_test.dir/cartographer/common/fixed_ratio_sampler_test.cc.o[0m
[326.748s] [35m[1mScanning dependencies of target cartographer.common.internal.blocking_queue_test[0m
[326.748s] [35m[1mScanning dependencies of target cartographer.io.points_processor_pipeline_builder_test[0m
[326.748s] [35m[1mScanning dependencies of target cartographer.io.proto_stream_deserializer_test[0m
[326.764s] [ 65%] [32mBuilding CXX object CMakeFiles/cartographer.common.internal.blocking_queue_test.dir/cartographer/common/internal/blocking_queue_test.cc.o[0m
[326.775s] [ 65%] [32mBuilding CXX object CMakeFiles/cartographer.io.proto_stream_deserializer_test.dir/cartographer/io/proto_stream_deserializer_test.cc.o[0m
[326.803s] [ 65%] [32mBuilding CXX object CMakeFiles/cartographer.io.points_processor_pipeline_builder_test.dir/cartographer/io/points_processor_pipeline_builder_test.cc.o[0m
[327.798s] [35m[1mScanning dependencies of target cartographer.mapping.internal.constraints.constraint_builder_3d_test[0m
[327.801s] [35m[1mScanning dependencies of target cartographer.mapping.2d.map_limits_test[0m
[327.852s] [ 65%] [32mBuilding CXX object CMakeFiles/cartographer.mapping.internal.constraints.constraint_builder_3d_test.dir/cartographer/mapping/internal/constraints/constraint_builder_3d_test.cc.o[0m
[327.864s] [ 66%] [32mBuilding CXX object CMakeFiles/cartographer.mapping.2d.map_limits_test.dir/cartographer/mapping/2d/map_limits_test.cc.o[0m
[327.914s] [ 66%] [32m[1mLinking CXX executable cartographer.common.fixed_ratio_sampler_test[0m
[328.095s] [ 66%] Built target cartographer.common.fixed_ratio_sampler_test
[328.110s] [35m[1mScanning dependencies of target cartographer.mapping.3d.hybrid_grid_test[0m
[328.168s] [ 66%] [32mBuilding CXX object CMakeFiles/cartographer.mapping.3d.hybrid_grid_test.dir/cartographer/mapping/3d/hybrid_grid_test.cc.o[0m
[329.166s] [35m[1mScanning dependencies of target cartographer.mapping.trajectory_node_test[0m
[329.170s] [35m[1mScanning dependencies of target cartographer.sensor.landmark_data_test[0m
[329.227s] [ 67%] [32mBuilding CXX object CMakeFiles/cartographer.mapping.trajectory_node_test.dir/cartographer/mapping/trajectory_node_test.cc.o[0m
[329.261s] [ 67%] [32mBuilding CXX object CMakeFiles/cartographer.sensor.landmark_data_test.dir/cartographer/sensor/landmark_data_test.cc.o[0m
[330.280s] [35m[1mScanning dependencies of target cartographer.mapping.internal.2d.scan_matching.ceres_scan_matcher_2d_test[0m
[330.280s] [35m[1mScanning dependencies of target cartographer.mapping.2d.range_data_inserter_2d_test[0m
[330.368s] [ 67%] [32mBuilding CXX object CMakeFiles/cartographer.mapping.2d.range_data_inserter_2d_test.dir/cartographer/mapping/2d/range_data_inserter_2d_test.cc.o[0m
[330.383s] [ 67%] [32mBuilding CXX object CMakeFiles/cartographer.mapping.internal.2d.scan_matching.ceres_scan_matcher_2d_test.dir/cartographer/mapping/internal/2d/scan_matching/ceres_scan_matcher_2d_test.cc.o[0m
[330.471s] [ 67%] [32m[1mLinking CXX executable cartographer.common.internal.blocking_queue_test[0m
[330.786s] [ 67%] Built target cartographer.common.internal.blocking_queue_test
[331.137s] [ 67%] [32m[1mLinking CXX executable cartographer.io.points_processor_pipeline_builder_test[0m
[331.413s] [ 67%] [32m[1mLinking CXX executable cartographer.io.proto_stream_deserializer_test[0m
[331.487s] [ 67%] Built target cartographer.io.points_processor_pipeline_builder_test
[331.752s] [ 67%] Built target cartographer.io.proto_stream_deserializer_test
[332.246s] [ 67%] [32m[1mLinking CXX executable cartographer.mapping.2d.map_limits_test[0m
[332.418s] [ 67%] Built target cartographer.mapping.2d.map_limits_test
[335.372s] [ 67%] [32m[1mLinking CXX executable cartographer.mapping.trajectory_node_test[0m
[335.568s] [ 67%] Built target cartographer.mapping.trajectory_node_test
[335.974s] [ 67%] [32m[1mLinking CXX executable cartographer.mapping.2d.range_data_inserter_2d_test[0m
[336.179s] [ 67%] Built target cartographer.mapping.2d.range_data_inserter_2d_test
[336.431s] [ 67%] [32m[1mLinking CXX executable cartographer.mapping.internal.2d.scan_matching.ceres_scan_matcher_2d_test[0m
[336.678s] [ 67%] Built target cartographer.mapping.internal.2d.scan_matching.ceres_scan_matcher_2d_test
[337.334s] [ 68%] [32m[1mLinking CXX executable cartographer.mapping.internal.constraints.constraint_builder_3d_test[0m
[337.349s] [ 69%] [32m[1mLinking CXX executable cartographer.mapping.3d.hybrid_grid_test[0m
[337.521s] [ 69%] Built target cartographer.mapping.3d.hybrid_grid_test
[337.759s] [ 69%] Built target cartographer.mapping.internal.constraints.constraint_builder_3d_test
[338.277s] [ 69%] [32m[1mLinking CXX executable cartographer.sensor.landmark_data_test[0m
[338.449s] [ 69%] Built target cartographer.sensor.landmark_data_test
[338.461s] [35m[1mScanning dependencies of target cartographer.common.math_test[0m
[338.487s] [ 70%] [32mBuilding CXX object CMakeFiles/cartographer.common.math_test.dir/cartographer/common/math_test.cc.o[0m
[340.972s] [ 70%] [32m[1mLinking CXX executable cartographer.common.math_test[0m
[341.097s] [ 70%] Built target cartographer.common.math_test
[341.099s] [35m[1mScanning dependencies of target cartographer.io.internal.in_memory_proto_stream_test[0m
[341.099s] [35m[1mScanning dependencies of target cartographer.common.lua_parameter_dictionary_test[0m
[341.110s] [35m[1mScanning dependencies of target cartographer.transform.transform_interpolation_buffer_test[0m
[341.119s] [ 70%] [32mBuilding CXX object CMakeFiles/cartographer.common.lua_parameter_dictionary_test.dir/cartographer/common/lua_parameter_dictionary_test.cc.o[0m
[341.122s] [ 71%] [32mBuilding CXX object CMakeFiles/cartographer.io.internal.in_memory_proto_stream_test.dir/cartographer/io/internal/in_memory_proto_stream_test.cc.o[0m
[341.156s] [ 71%] [32mBuilding CXX object CMakeFiles/cartographer.transform.transform_interpolation_buffer_test.dir/cartographer/transform/transform_interpolation_buffer_test.cc.o[0m
[342.157s] [35m[1mScanning dependencies of target cartographer.mapping.internal.3d.scan_matching.ceres_scan_matcher_3d_test[0m
[342.161s] [35m[1mScanning dependencies of target cartographer.mapping.internal.3d.scan_matching.fast_correlative_scan_matcher_3d_test[0m
[342.206s] [ 71%] [32mBuilding CXX object CMakeFiles/cartographer.mapping.internal.3d.scan_matching.ceres_scan_matcher_3d_test.dir/cartographer/mapping/internal/3d/scan_matching/ceres_scan_matcher_3d_test.cc.o[0m
[342.228s] [ 72%] [32mBuilding CXX object CMakeFiles/cartographer.mapping.internal.3d.scan_matching.fast_correlative_scan_matcher_3d_test.dir/cartographer/mapping/internal/3d/scan_matching/fast_correlative_scan_matcher_3d_test.cc.o[0m
[343.233s] [35m[1mScanning dependencies of target cartographer.io.fake_file_writer_test[0m
[343.234s] [35m[1mScanning dependencies of target cartographer.io.proto_stream_test[0m
[343.262s] [ 73%] [32mBuilding CXX object CMakeFiles/cartographer.io.proto_stream_test.dir/cartographer/io/proto_stream_test.cc.o[0m
[343.269s] [ 73%] [32mBuilding CXX object CMakeFiles/cartographer.io.fake_file_writer_test.dir/cartographer/io/fake_file_writer_test.cc.o[0m
[344.134s] [ 73%] [32m[1mLinking CXX executable cartographer.io.internal.in_memory_proto_stream_test[0m
[344.265s] [35m[1mScanning dependencies of target cartographer.io.serialization_format_migration_test[0m
[344.266s] [35m[1mScanning dependencies of target cartographer.mapping.3d.submap_3d_test[0m
[344.351s] [ 73%] [32mBuilding CXX object CMakeFiles/cartographer.mapping.3d.submap_3d_test.dir/cartographer/mapping/3d/submap_3d_test.cc.o[0m
[344.353s] [ 73%] [32mBuilding CXX object CMakeFiles/cartographer.io.serialization_format_migration_test.dir/cartographer/io/serialization_format_migration_test.cc.o[0m
[344.434s] [ 73%] Built target cartographer.io.internal.in_memory_proto_stream_test
[344.461s] [35m[1mScanning dependencies of target cartographer.mapping.submaps_test[0m
[344.535s] [ 73%] [32mBuilding CXX object CMakeFiles/cartographer.mapping.submaps_test.dir/cartographer/mapping/submaps_test.cc.o[0m
[345.101s] [ 73%] [32m[1mLinking CXX executable cartographer.common.lua_parameter_dictionary_test[0m
[345.349s] [ 73%] Built target cartographer.common.lua_parameter_dictionary_test
[345.365s] [35m[1mScanning dependencies of target cartographer.mapping.3d.range_data_inserter_3d_test[0m
[345.369s] [35m[1mScanning dependencies of target cartographer.mapping.internal.motion_filter_test[0m
[345.458s] [35m[1mScanning dependencies of target cartographer.mapping.internal.optimization.cost_functions.spa_cost_function_2d_test[0m
[345.504s] [ 73%] [32mBuilding CXX object CMakeFiles/cartographer.mapping.3d.range_data_inserter_3d_test.dir/cartographer/mapping/3d/range_data_inserter_3d_test.cc.o[0m
[345.525s] [ 73%] [32mBuilding CXX object CMakeFiles/cartographer.mapping.internal.motion_filter_test.dir/cartographer/mapping/internal/motion_filter_test.cc.o[0m
[345.611s] [ 73%] [32mBuilding CXX object CMakeFiles/cartographer.mapping.internal.optimization.cost_functions.spa_cost_function_2d_test.dir/cartographer/mapping/internal/optimization/cost_functions/spa_cost_function_2d_test.cc.o[0m
[347.368s] [ 73%] [32m[1mLinking CXX executable cartographer.io.proto_stream_test[0m
[347.617s] [35m[1mScanning dependencies of target cartographer.common.internal.rate_timer_test[0m
[347.738s] [ 74%] [32mBuilding CXX object CMakeFiles/cartographer.common.internal.rate_timer_test.dir/cartographer/common/internal/rate_timer_test.cc.o[0m
[347.738s] [ 74%] [32m[1mLinking CXX executable cartographer.io.fake_file_writer_test[0m
[347.818s] [ 74%] Built target cartographer.io.proto_stream_test
[347.857s] [35m[1mScanning dependencies of target cartographer.mapping.id_test[0m
[347.936s] [ 74%] [32mBuilding CXX object CMakeFiles/cartographer.mapping.id_test.dir/cartographer/mapping/id_test.cc.o[0m
[348.097s] [ 74%] Built target cartographer.io.fake_file_writer_test
[348.201s] [35m[1mScanning dependencies of target cartographer.transform.rigid_transform_test[0m
[348.260s] [ 75%] [32m[1mLinking CXX executable cartographer.transform.transform_interpolation_buffer_test[0m
[348.403s] [ 75%] [32mBuilding CXX object CMakeFiles/cartographer.transform.rigid_transform_test.dir/cartographer/transform/rigid_transform_test.cc.o[0m
[348.761s] [ 75%] Built target cartographer.transform.transform_interpolation_buffer_test
[348.839s] [35m[1mScanning dependencies of target cartographer.mapping.internal.optimization.cost_functions.landmark_cost_function_2d_test[0m
[349.096s] [ 75%] [32mBuilding CXX object CMakeFiles/cartographer.mapping.internal.optimization.cost_functions.landmark_cost_function_2d_test.dir/cartographer/mapping/internal/optimization/cost_functions/landmark_cost_function_2d_test.cc.o[0m
[350.552s] [ 75%] [32m[1mLinking CXX executable cartographer.mapping.submaps_test[0m
[351.054s] [ 75%] Built target cartographer.mapping.submaps_test
[351.899s] [ 75%] [32m[1mLinking CXX executable cartographer.io.serialization_format_migration_test[0m
[352.481s] [ 75%] [32m[1mLinking CXX executable cartographer.mapping.internal.motion_filter_test[0m
[352.659s] [ 75%] [32m[1mLinking CXX executable cartographer.common.internal.rate_timer_test[0m
[352.809s] [ 75%] Built target cartographer.io.serialization_format_migration_test
[352.871s] [ 75%] Built target cartographer.mapping.internal.motion_filter_test
[352.991s] [ 75%] Built target cartographer.common.internal.rate_timer_test
[353.244s] [ 75%] [32m[1mLinking CXX executable cartographer.mapping.internal.3d.scan_matching.ceres_scan_matcher_3d_test[0m
[353.274s] [ 76%] [32m[1mLinking CXX executable cartographer.mapping.3d.submap_3d_test[0m
[353.591s] [ 76%] Built target cartographer.mapping.internal.3d.scan_matching.ceres_scan_matcher_3d_test
[353.640s] [ 76%] Built target cartographer.mapping.3d.submap_3d_test
[354.008s] [ 76%] [32m[1mLinking CXX executable cartographer.mapping.internal.3d.scan_matching.fast_correlative_scan_matcher_3d_test[0m
[354.069s] [ 76%] [32m[1mLinking CXX executable cartographer.mapping.3d.range_data_inserter_3d_test[0m
[354.277s] [ 76%] Built target cartographer.mapping.3d.range_data_inserter_3d_test
[354.296s] [ 76%] Built target cartographer.mapping.internal.3d.scan_matching.fast_correlative_scan_matcher_3d_test
[354.907s] [ 77%] [32m[1mLinking CXX executable cartographer.mapping.internal.optimization.cost_functions.spa_cost_function_2d_test[0m
[355.074s] [ 77%] Built target cartographer.mapping.internal.optimization.cost_functions.spa_cost_function_2d_test
[356.132s] [ 77%] [32m[1mLinking CXX executable cartographer.mapping.id_test[0m
[356.279s] [ 77%] Built target cartographer.mapping.id_test
[359.059s] [ 78%] [32m[1mLinking CXX executable cartographer.mapping.internal.optimization.cost_functions.landmark_cost_function_2d_test[0m
[359.202s] [ 78%] Built target cartographer.mapping.internal.optimization.cost_functions.landmark_cost_function_2d_test
[360.399s] [ 79%] [32m[1mLinking CXX executable cartographer.transform.rigid_transform_test[0m
[360.561s] [ 79%] Built target cartographer.transform.rigid_transform_test
[360.574s] [35m[1mScanning dependencies of target cartographer.common.thread_pool_test[0m
[360.591s] [ 80%] [32mBuilding CXX object CMakeFiles/cartographer.common.thread_pool_test.dir/cartographer/common/thread_pool_test.cc.o[0m
[362.747s] [ 80%] [32m[1mLinking CXX executable cartographer.common.thread_pool_test[0m
[362.890s] [ 80%] Built target cartographer.common.thread_pool_test
[362.901s] [35m[1mScanning dependencies of target cartographer.mapping.internal.2d.pose_graph_2d_test[0m
[362.950s] [ 80%] [32mBuilding CXX object CMakeFiles/cartographer.mapping.internal.2d.pose_graph_2d_test.dir/cartographer/mapping/internal/2d/pose_graph_2d_test.cc.o[0m
[365.957s] [35m[1mScanning dependencies of target cartographer.mapping.internal.3d.pose_graph_3d_test[0m
[366.002s] [ 81%] [32mBuilding CXX object CMakeFiles/cartographer.mapping.internal.3d.pose_graph_3d_test.dir/cartographer/mapping/internal/3d/pose_graph_3d_test.cc.o[0m
[367.007s] [35m[1mScanning dependencies of target cartographer.mapping.internal.2d.scan_matching.correlative_scan_matcher_test[0m
[367.044s] [ 81%] [32mBuilding CXX object CMakeFiles/cartographer.mapping.internal.2d.scan_matching.correlative_scan_matcher_test.dir/cartographer/mapping/internal/2d/scan_matching/correlative_scan_matcher_test.cc.o[0m
[368.046s] [35m[1mScanning dependencies of target cartographer.common.configuration_files_test[0m
[368.086s] [ 81%] [32mBuilding CXX object CMakeFiles/cartographer.common.configuration_files_test.dir/cartographer/common/configuration_files_test.cc.o[0m
[369.093s] [35m[1mScanning dependencies of target cartographer.mapping.internal.2d.ray_to_pixel_mask_test[0m
[369.140s] [ 81%] [32mBuilding CXX object CMakeFiles/cartographer.mapping.internal.2d.ray_to_pixel_mask_test.dir/cartographer/mapping/internal/2d/ray_to_pixel_mask_test.cc.o[0m
[370.140s] [35m[1mScanning dependencies of target cartographer.mapping.internal.3d.scan_matching.intensity_cost_function_3d_test[0m
[370.201s] [ 81%] [32mBuilding CXX object CMakeFiles/cartographer.mapping.internal.3d.scan_matching.intensity_cost_function_3d_test.dir/cartographer/mapping/internal/3d/scan_matching/intensity_cost_function_3d_test.cc.o[0m
[370.555s] [ 81%] [32m[1mLinking CXX executable cartographer.mapping.internal.2d.pose_graph_2d_test[0m
[370.555s] [ 82%] [32m[1mLinking CXX executable cartographer.mapping.internal.2d.scan_matching.correlative_scan_matcher_test[0m
[370.678s] [ 82%] Built target cartographer.mapping.internal.2d.scan_matching.correlative_scan_matcher_test
[370.690s] [35m[1mScanning dependencies of target cartographer.mapping.internal.2d.overlapping_submaps_trimmer_2d_test[0m
[370.738s] [35m[1mScanning dependencies of target cartographer.mapping.internal.constraints.constraint_builder_2d_test[0m
[370.743s] [ 82%] [32mBuilding CXX object CMakeFiles/cartographer.mapping.internal.2d.overlapping_submaps_trimmer_2d_test.dir/cartographer/mapping/internal/2d/overlapping_submaps_trimmer_2d_test.cc.o[0m
[370.787s] [ 82%] [32mBuilding CXX object CMakeFiles/cartographer.mapping.internal.constraints.constraint_builder_2d_test.dir/cartographer/mapping/internal/constraints/constraint_builder_2d_test.cc.o[0m
[370.908s] [ 82%] Built target cartographer.mapping.internal.2d.pose_graph_2d_test
[370.920s] [35m[1mScanning dependencies of target cartographer.mapping.2d.submap_2d_test[0m
[370.967s] [ 82%] [32mBuilding CXX object CMakeFiles/cartographer.mapping.2d.submap_2d_test.dir/cartographer/mapping/2d/submap_2d_test.cc.o[0m
[371.291s] [ 82%] [32m[1mLinking CXX executable cartographer.common.configuration_files_test[0m
[371.610s] [ 82%] Built target cartographer.common.configuration_files_test
[371.623s] [35m[1mScanning dependencies of target cartographer.mapping.internal.2d.scan_matching.fast_correlative_scan_matcher_2d_test[0m
[371.669s] [ 82%] [32mBuilding CXX object CMakeFiles/cartographer.mapping.internal.2d.scan_matching.fast_correlative_scan_matcher_2d_test.dir/cartographer/mapping/internal/2d/scan_matching/fast_correlative_scan_matcher_2d_test.cc.o[0m
[372.676s] [35m[1mScanning dependencies of target cartographer.mapping.internal.2d.scan_matching.interpolated_tsdf_2d_test[0m
[372.735s] [35m[1mScanning dependencies of target cartographer.mapping.internal.optimization.optimization_problem_3d_test[0m
[372.743s] [ 83%] [32mBuilding CXX object CMakeFiles/cartographer.mapping.internal.2d.scan_matching.interpolated_tsdf_2d_test.dir/cartographer/mapping/internal/2d/scan_matching/interpolated_tsdf_2d_test.cc.o[0m
[372.803s] [ 83%] [32mBuilding CXX object CMakeFiles/cartographer.mapping.internal.optimization.optimization_problem_3d_test.dir/cartographer/mapping/internal/optimization/optimization_problem_3d_test.cc.o[0m
[373.808s] [35m[1mScanning dependencies of target cartographer.mapping.internal.2d.normal_estimation_2d_test[0m
[373.910s] [ 83%] [32mBuilding CXX object CMakeFiles/cartographer.mapping.internal.2d.normal_estimation_2d_test.dir/cartographer/mapping/internal/2d/normal_estimation_2d_test.cc.o[0m
[373.977s] [ 83%] [32m[1mLinking CXX executable cartographer.mapping.internal.3d.pose_graph_3d_test[0m
[374.513s] [ 83%] Built target cartographer.mapping.internal.3d.pose_graph_3d_test
[374.528s] [35m[1mScanning dependencies of target cartographer.mapping.imu_tracker_test[0m
[374.596s] [ 84%] [32m[1mLinking CXX executable cartographer.mapping.internal.2d.ray_to_pixel_mask_test[0m
[374.619s] [ 84%] [32mBuilding CXX object CMakeFiles/cartographer.mapping.imu_tracker_test.dir/cartographer/mapping/imu_tracker_test.cc.o[0m
[374.793s] [ 84%] Built target cartographer.mapping.internal.2d.ray_to_pixel_mask_test
[374.807s] [35m[1mScanning dependencies of target cartographer.mapping.2d.probability_grid_test[0m
[374.841s] [35m[1mScanning dependencies of target cartographer.common.task_test[0m
[374.902s] [ 84%] [32mBuilding CXX object CMakeFiles/cartographer.common.task_test.dir/cartographer/common/task_test.cc.o[0m
[374.924s] [ 84%] [32mBuilding CXX object CMakeFiles/cartographer.mapping.2d.probability_grid_test.dir/cartographer/mapping/2d/probability_grid_test.cc.o[0m
[375.961s] [35m[1mScanning dependencies of target cartographer.mapping.internal.2d.scan_matching.occupied_space_cost_function_2d_test[0m
[376.143s] [ 84%] [32mBuilding CXX object CMakeFiles/cartographer.mapping.internal.2d.scan_matching.occupied_space_cost_function_2d_test.dir/cartographer/mapping/internal/2d/scan_matching/occupied_space_cost_function_2d_test.cc.o[0m
[376.732s] [ 85%] [32m[1mLinking CXX executable cartographer.mapping.2d.submap_2d_test[0m
[377.201s] [ 85%] Built target cartographer.mapping.2d.submap_2d_test
[377.277s] [35m[1mScanning dependencies of target cartographer.mapping.internal.3d.local_trajectory_builder_3d_test[0m
[377.324s] [ 85%] [32m[1mLinking CXX executable cartographer.mapping.internal.3d.scan_matching.intensity_cost_function_3d_test[0m
[377.416s] [ 85%] [32mBuilding CXX object CMakeFiles/cartographer.mapping.internal.3d.local_trajectory_builder_3d_test.dir/cartographer/mapping/internal/3d/local_trajectory_builder_3d_test.cc.o[0m
[377.799s] [ 85%] Built target cartographer.mapping.internal.3d.scan_matching.intensity_cost_function_3d_test
[377.865s] [35m[1mScanning dependencies of target cartographer.mapping.pose_graph_trimmer_test[0m
[378.012s] [ 85%] [32mBuilding CXX object CMakeFiles/cartographer.mapping.pose_graph_trimmer_test.dir/cartographer/mapping/pose_graph_trimmer_test.cc.o[0m
[378.848s] [ 85%] [32m[1mLinking CXX executable cartographer.mapping.internal.2d.scan_matching.interpolated_tsdf_2d_test[0m
[379.256s] [ 86%] [32m[1mLinking CXX executable cartographer.mapping.imu_tracker_test[0m
[379.281s] [ 86%] Built target cartographer.mapping.internal.2d.scan_matching.interpolated_tsdf_2d_test
[379.361s] [35m[1mScanning dependencies of target cartographer.mapping.internal.2d.scan_matching.real_time_correlative_scan_matcher_2d_test[0m
[379.557s] [ 87%] [32mBuilding CXX object CMakeFiles/cartographer.mapping.internal.2d.scan_matching.real_time_correlative_scan_matcher_2d_test.dir/cartographer/mapping/internal/2d/scan_matching/real_time_correlative_scan_matcher_2d_test.cc.o[0m
[379.640s] [ 87%] Built target cartographer.mapping.imu_tracker_test
[379.712s] [35m[1mScanning dependencies of target cartographer.sensor.internal.collator_test[0m
[379.884s] [ 87%] [32mBuilding CXX object CMakeFiles/cartographer.sensor.internal.collator_test.dir/cartographer/sensor/internal/collator_test.cc.o[0m
[380.511s] [ 87%] [32m[1mLinking CXX executable cartographer.mapping.internal.optimization.optimization_problem_3d_test[0m
[380.701s] [ 88%] [32m[1mLinking CXX executable cartographer.mapping.internal.2d.overlapping_submaps_trimmer_2d_test[0m
[380.936s] [ 88%] Built target cartographer.mapping.internal.optimization.optimization_problem_3d_test
[380.938s] [ 88%] [32m[1mLinking CXX executable cartographer.mapping.internal.constraints.constraint_builder_2d_test[0m
[380.960s] [ 88%] [32m[1mLinking CXX executable cartographer.common.task_test[0m
[381.123s] [ 88%] [32m[1mLinking CXX executable cartographer.mapping.internal.2d.scan_matching.fast_correlative_scan_matcher_2d_test[0m
[381.162s] [ 88%] Built target cartographer.mapping.internal.2d.overlapping_submaps_trimmer_2d_test
[381.352s] [ 88%] Built target cartographer.common.task_test
[381.412s] [ 88%] [32m[1mLinking CXX executable cartographer.mapping.internal.2d.normal_estimation_2d_test[0m
[381.422s] [ 88%] Built target cartographer.mapping.internal.2d.scan_matching.fast_correlative_scan_matcher_2d_test
[381.553s] [ 88%] Built target cartographer.mapping.internal.2d.normal_estimation_2d_test
[381.573s] [ 88%] Built target cartographer.mapping.internal.constraints.constraint_builder_2d_test
[382.115s] [ 89%] [32m[1mLinking CXX executable cartographer.mapping.2d.probability_grid_test[0m
[382.265s] [ 89%] Built target cartographer.mapping.2d.probability_grid_test
[382.330s] [ 89%] [32m[1mLinking CXX executable cartographer.mapping.internal.2d.scan_matching.occupied_space_cost_function_2d_test[0m
[382.511s] [ 89%] Built target cartographer.mapping.internal.2d.scan_matching.occupied_space_cost_function_2d_test
[383.275s] [ 89%] [32m[1mLinking CXX executable cartographer.mapping.pose_graph_trimmer_test[0m
[383.382s] [ 89%] Built target cartographer.mapping.pose_graph_trimmer_test
[384.819s] [ 89%] [32m[1mLinking CXX executable cartographer.mapping.internal.2d.scan_matching.real_time_correlative_scan_matcher_2d_test[0m
[384.967s] [ 89%] Built target cartographer.mapping.internal.2d.scan_matching.real_time_correlative_scan_matcher_2d_test
[385.682s] [ 89%] [32m[1mLinking CXX executable cartographer.mapping.internal.3d.local_trajectory_builder_3d_test[0m
[385.957s] [ 89%] Built target cartographer.mapping.internal.3d.local_trajectory_builder_3d_test
[385.962s] [35m[1mScanning dependencies of target cartographer.mapping.internal.3d.scan_matching.rotation_delta_cost_functor_3d_test[0m
[385.963s] [35m[1mScanning dependencies of target cartographer.mapping.internal.3d.scan_matching.rotational_scan_matcher_test[0m
[385.963s] [35m[1mScanning dependencies of target cartographer.mapping.internal.2d.tsdf_range_data_inserter_2d_test[0m
[385.967s] [35m[1mScanning dependencies of target cartographer.sensor.internal.ordered_multi_queue_test[0m
[385.989s] [ 89%] [32mBuilding CXX object CMakeFiles/cartographer.mapping.internal.3d.scan_matching.rotation_delta_cost_functor_3d_test.dir/cartographer/mapping/internal/3d/scan_matching/rotation_delta_cost_functor_3d_test.cc.o[0m
[385.997s] [ 89%] [32mBuilding CXX object CMakeFiles/cartographer.mapping.internal.3d.scan_matching.rotational_scan_matcher_test.dir/cartographer/mapping/internal/3d/scan_matching/rotational_scan_matcher_test.cc.o[0m
[386.007s] [ 90%] [32mBuilding CXX object CMakeFiles/cartographer.mapping.internal.2d.tsdf_range_data_inserter_2d_test.dir/cartographer/mapping/internal/2d/tsdf_range_data_inserter_2d_test.cc.o[0m
[386.008s] [ 91%] [32mBuilding CXX object CMakeFiles/cartographer.sensor.internal.ordered_multi_queue_test.dir/cartographer/sensor/internal/ordered_multi_queue_test.cc.o[0m
[386.045s] [ 91%] [32m[1mLinking CXX executable cartographer.sensor.internal.collator_test[0m
[386.196s] [ 91%] Built target cartographer.sensor.internal.collator_test
[386.207s] [35m[1mScanning dependencies of target cartographer.mapping.internal.3d.scan_matching.interpolated_grid_test[0m
[386.246s] [ 92%] [32mBuilding CXX object CMakeFiles/cartographer.mapping.internal.3d.scan_matching.interpolated_grid_test.dir/cartographer/mapping/internal/3d/scan_matching/interpolated_grid_test.cc.o[0m
[387.253s] [35m[1mScanning dependencies of target cartographer.mapping.internal.2d.tsdf_2d_test[0m
[387.253s] [35m[1mScanning dependencies of target cartographer.io.probability_grid_points_processor_test[0m
[387.253s] [35m[1mScanning dependencies of target cartographer.sensor.map_by_time_test[0m
[387.276s] [ 93%] [32mBuilding CXX object CMakeFiles/cartographer.sensor.map_by_time_test.dir/cartographer/sensor/map_by_time_test.cc.o[0m
[387.315s] [ 93%] [32mBuilding CXX object CMakeFiles/cartographer.mapping.internal.2d.tsdf_2d_test.dir/cartographer/mapping/internal/2d/tsdf_2d_test.cc.o[0m
[387.320s] [ 94%] [32mBuilding CXX object CMakeFiles/cartographer.io.probability_grid_points_processor_test.dir/cartographer/io/probability_grid_points_processor_test.cc.o[0m
[388.325s] [35m[1mScanning dependencies of target cartographer.mapping.internal.2d.scan_matching.tsdf_match_cost_function_2d_test[0m
[388.326s] [35m[1mScanning dependencies of target cartographer.mapping.internal.2d.tsd_value_converter_test[0m
[388.326s] [35m[1mScanning dependencies of target cartographer.mapping.2d.xy_index_test[0m
[388.385s] [ 94%] [32mBuilding CXX object CMakeFiles/cartographer.mapping.2d.xy_index_test.dir/cartographer/mapping/2d/xy_index_test.cc.o[0m
[388.387s] [ 95%] [32mBuilding CXX object CMakeFiles/cartographer.mapping.internal.2d.tsd_value_converter_test.dir/cartographer/mapping/internal/2d/tsd_value_converter_test.cc.o[0m
[388.407s] [ 95%] [32mBuilding CXX object CMakeFiles/cartographer.mapping.internal.2d.scan_matching.tsdf_match_cost_function_2d_test.dir/cartographer/mapping/internal/2d/scan_matching/tsdf_match_cost_function_2d_test.cc.o[0m
[389.457s] [35m[1mScanning dependencies of target cartographer.mapping.internal.optimization.cost_functions.landmark_cost_function_3d_test[0m
[389.628s] [ 95%] [32mBuilding CXX object CMakeFiles/cartographer.mapping.internal.optimization.cost_functions.landmark_cost_function_3d_test.dir/cartographer/mapping/internal/optimization/cost_functions/landmark_cost_function_3d_test.cc.o[0m
[389.791s] [ 96%] [32m[1mLinking CXX executable cartographer.mapping.internal.3d.scan_matching.rotation_delta_cost_functor_3d_test[0m
[390.160s] [ 96%] Built target cartographer.mapping.internal.3d.scan_matching.rotation_delta_cost_functor_3d_test
[390.244s] [35m[1mScanning dependencies of target cartographer.mapping.internal.3d.scan_matching.real_time_correlative_scan_matcher_3d_test[0m
[390.355s] [ 96%] [32m[1mLinking CXX executable cartographer.mapping.internal.3d.scan_matching.rotational_scan_matcher_test[0m
[390.408s] [ 96%] [32mBuilding CXX object CMakeFiles/cartographer.mapping.internal.3d.scan_matching.real_time_correlative_scan_matcher_3d_test.dir/cartographer/mapping/internal/3d/scan_matching/real_time_correlative_scan_matcher_3d_test.cc.o[0m
[390.692s] [ 96%] Built target cartographer.mapping.internal.3d.scan_matching.rotational_scan_matcher_test
[390.785s] [35m[1mScanning dependencies of target cartographer.sensor.internal.trajectory_collator_test[0m
[390.815s] [ 96%] [32m[1mLinking CXX executable cartographer.mapping.internal.3d.scan_matching.interpolated_grid_test[0m
[390.920s] [ 96%] [32mBuilding CXX object CMakeFiles/cartographer.sensor.internal.trajectory_collator_test.dir/cartographer/sensor/internal/trajectory_collator_test.cc.o[0m
[391.075s] [ 96%] Built target cartographer.mapping.internal.3d.scan_matching.interpolated_grid_test
[391.145s] [35m[1mScanning dependencies of target cartographer.mapping.internal.3d.scan_matching.precomputation_grid_3d_test[0m
[391.278s] [ 96%] [32m[1mLinking CXX executable cartographer.sensor.internal.ordered_multi_queue_test[0m
[391.293s] [ 96%] [32mBuilding CXX object CMakeFiles/cartographer.mapping.internal.3d.scan_matching.precomputation_grid_3d_test.dir/cartographer/mapping/internal/3d/scan_matching/precomputation_grid_3d_test.cc.o[0m
[391.656s] [ 96%] Built target cartographer.sensor.internal.ordered_multi_queue_test
[391.737s] [35m[1mScanning dependencies of target cartographer.sensor.compressed_point_cloud_test[0m
[391.879s] [ 97%] [32mBuilding CXX object CMakeFiles/cartographer.sensor.compressed_point_cloud_test.dir/cartographer/sensor/compressed_point_cloud_test.cc.o[0m
[392.290s] [ 97%] [32m[1mLinking CXX executable cartographer.mapping.internal.2d.tsdf_range_data_inserter_2d_test[0m
[392.343s] [ 97%] [32m[1mLinking CXX executable cartographer.sensor.map_by_time_test[0m
[392.604s] [ 97%] Built target cartographer.mapping.internal.2d.tsdf_range_data_inserter_2d_test
[392.665s] [35m[1mScanning dependencies of target cartographer.mapping.internal.connected_components_test[0m
[392.683s] [ 97%] Built target cartographer.sensor.map_by_time_test
[392.741s] [ 97%] [32m[1mLinking CXX executable cartographer.mapping.internal.2d.tsd_value_converter_test[0m
[392.765s] [ 97%] [32mBuilding CXX object CMakeFiles/cartographer.mapping.internal.connected_components_test.dir/cartographer/mapping/internal/connected_components_test.cc.o[0m
[392.951s] [ 97%] Built target cartographer.mapping.internal.2d.tsd_value_converter_test
[393.193s] [ 97%] [32m[1mLinking CXX executable cartographer.mapping.2d.xy_index_test[0m
[393.383s] [ 97%] Built target cartographer.mapping.2d.xy_index_test
[393.767s] [ 97%] [32m[1mLinking CXX executable cartographer.mapping.internal.2d.tsdf_2d_test[0m
[393.987s] [ 97%] Built target cartographer.mapping.internal.2d.tsdf_2d_test
[394.465s] [ 97%] [32m[1mLinking CXX executable cartographer.io.probability_grid_points_processor_test[0m
[394.763s] [ 97%] Built target cartographer.io.probability_grid_points_processor_test
[395.825s] [ 97%] [32m[1mLinking CXX executable cartographer.mapping.internal.2d.scan_matching.tsdf_match_cost_function_2d_test[0m
[396.005s] [ 97%] Built target cartographer.mapping.internal.2d.scan_matching.tsdf_match_cost_function_2d_test
[396.293s] [ 98%] [32m[1mLinking CXX executable cartographer.mapping.internal.3d.scan_matching.precomputation_grid_3d_test[0m
[396.429s] [ 98%] Built target cartographer.mapping.internal.3d.scan_matching.precomputation_grid_3d_test
[396.987s] [100%] [32m[1mLinking CXX executable cartographer.mapping.internal.connected_components_test[0m
[397.186s] [100%] Built target cartographer.mapping.internal.connected_components_test
[397.356s] [100%] [32m[1mLinking CXX executable cartographer.sensor.internal.trajectory_collator_test[0m
[397.484s] [100%] [32m[1mLinking CXX executable cartographer.sensor.compressed_point_cloud_test[0m
[397.541s] [100%] Built target cartographer.sensor.internal.trajectory_collator_test
[397.621s] [100%] Built target cartographer.sensor.compressed_point_cloud_test
[398.394s] [100%] [32m[1mLinking CXX executable cartographer.mapping.internal.3d.scan_matching.real_time_correlative_scan_matcher_3d_test[0m
[398.531s] [100%] Built target cartographer.mapping.internal.3d.scan_matching.real_time_correlative_scan_matcher_3d_test
[398.784s] [100%] [32m[1mLinking CXX executable cartographer.mapping.internal.optimization.cost_functions.landmark_cost_function_3d_test[0m
[398.882s] [100%] Built target cartographer.mapping.internal.optimization.cost_functions.landmark_cost_function_3d_test
[398.894s] Invoked command in '/home/muhayy/mbzirc_ws/src/build/cartographer' returned '0': CMAKE_PREFIX_PATH=${CMAKE_PREFIX_PATH}:/opt/ros/galactic /usr/bin/cmake --build /home/muhayy/mbzirc_ws/src/build/cartographer -- -j12 -l12
[399.274s] Invoking command in '/home/muhayy/mbzirc_ws/src/build/cartographer': CMAKE_PREFIX_PATH=${CMAKE_PREFIX_PATH}:/opt/ros/galactic /usr/bin/cmake --install /home/muhayy/mbzirc_ws/src/build/cartographer
[399.285s] -- Install configuration: "Release"
[399.285s] -- Installing: /home/muhayy/mbzirc_ws/src/install/share/cartographer/package.xml
[399.285s] -- Installing: /home/muhayy/mbzirc_ws/src/install/share/cartographer//configuration_files
[399.286s] -- Installing: /home/muhayy/mbzirc_ws/src/install/share/cartographer//configuration_files/trajectory_builder_2d.lua
[399.286s] -- Installing: /home/muhayy/mbzirc_ws/src/install/share/cartographer//configuration_files/map_builder_server.lua
[399.286s] -- Installing: /home/muhayy/mbzirc_ws/src/install/share/cartographer//configuration_files/pose_graph.lua
[399.286s] -- Installing: /home/muhayy/mbzirc_ws/src/install/share/cartographer//configuration_files/trajectory_builder_3d.lua
[399.286s] -- Installing: /home/muhayy/mbzirc_ws/src/install/share/cartographer//configuration_files/trajectory_builder.lua
[399.287s] -- Installing: /home/muhayy/mbzirc_ws/src/install/share/cartographer//configuration_files/map_builder.lua
[399.288s] -- Installing: /home/muhayy/mbzirc_ws/src/install/share/cartographer//cmake
[399.288s] -- Installing: /home/muhayy/mbzirc_ws/src/install/share/cartographer//cmake/functions.cmake
[399.288s] -- Installing: /home/muhayy/mbzirc_ws/src/install/share/cartographer//cmake/modules
[399.288s] -- Installing: /home/muhayy/mbzirc_ws/src/install/share/cartographer//cmake/modules/FindGMock.cmake
[399.288s] -- Installing: /home/muhayy/mbzirc_ws/src/install/share/cartographer//cmake/modules/FindLuaGoogle.cmake
[399.288s] -- Installing: /home/muhayy/mbzirc_ws/src/install/share/cartographer//cmake/modules/FindSphinx.cmake
[399.288s] -- Installing: /home/muhayy/mbzirc_ws/src/install/share/cartographer//cmake/modules/FindEigen3.cmake
[399.289s] -- Installing: /home/muhayy/mbzirc_ws/src/install/bin/cartographer_autogenerate_ground_truth
[399.290s] -- Installing: /home/muhayy/mbzirc_ws/src/install/bin/cartographer_compute_relations_metrics
[399.292s] -- Installing: /home/muhayy/mbzirc_ws/src/install/bin/cartographer_pbstream
[399.296s] -- Installing: /home/muhayy/mbzirc_ws/src/install/bin/cartographer_print_configuration
[399.297s] -- Installing: /home/muhayy/mbzirc_ws/src/install/lib/libcartographer.a
[399.306s] -- Installing: /home/muhayy/mbzirc_ws/src/install/include/cartographer/common/configuration_file_resolver.h
[399.306s] -- Installing: /home/muhayy/mbzirc_ws/src/install/include/cartographer/common/fixed_ratio_sampler.h
[399.306s] -- Installing: /home/muhayy/mbzirc_ws/src/install/include/cartographer/common/histogram.h
[399.306s] -- Installing: /home/muhayy/mbzirc_ws/src/install/include/cartographer/common/lua.h
[399.306s] -- Installing: /home/muhayy/mbzirc_ws/src/install/include/cartographer/common/lua_parameter_dictionary.h
[399.306s] -- Installing: /home/muhayy/mbzirc_ws/src/install/include/cartographer/common/math.h
[399.306s] -- Installing: /home/muhayy/mbzirc_ws/src/install/include/cartographer/common/port.h
[399.306s] -- Installing: /home/muhayy/mbzirc_ws/src/install/include/cartographer/common/task.h
[399.306s] -- Installing: /home/muhayy/mbzirc_ws/src/install/include/cartographer/common/thread_pool.h
[399.306s] -- Installing: /home/muhayy/mbzirc_ws/src/install/include/cartographer/common/time.h
[399.307s] -- Installing: /home/muhayy/mbzirc_ws/src/install/include/cartographer/ground_truth/autogenerate_ground_truth.h
[399.307s] -- Installing: /home/muhayy/mbzirc_ws/src/install/include/cartographer/ground_truth/relations_text_file.h
[399.307s] -- Installing: /home/muhayy/mbzirc_ws/src/install/include/cartographer/io/color.h
[399.307s] -- Installing: /home/muhayy/mbzirc_ws/src/install/include/cartographer/io/coloring_points_processor.h
[399.307s] -- Installing: /home/muhayy/mbzirc_ws/src/install/include/cartographer/io/counting_points_processor.h
[399.308s] -- Installing: /home/muhayy/mbzirc_ws/src/install/include/cartographer/io/draw_trajectories.h
[399.308s] -- Installing: /home/muhayy/mbzirc_ws/src/install/include/cartographer/io/file_writer.h
[399.308s] -- Installing: /home/muhayy/mbzirc_ws/src/install/include/cartographer/io/fixed_ratio_sampling_points_processor.h
[399.308s] -- Installing: /home/muhayy/mbzirc_ws/src/install/include/cartographer/io/frame_id_filtering_points_processor.h
[399.308s] -- Installing: /home/muhayy/mbzirc_ws/src/install/include/cartographer/io/hybrid_grid_points_processor.h
[399.308s] -- Installing: /home/muhayy/mbzirc_ws/src/install/include/cartographer/io/image.h
[399.308s] -- Installing: /home/muhayy/mbzirc_ws/src/install/include/cartographer/io/intensity_to_color_points_processor.h
[399.308s] -- Installing: /home/muhayy/mbzirc_ws/src/install/include/cartographer/io/min_max_range_filtering_points_processor.h
[399.308s] -- Installing: /home/muhayy/mbzirc_ws/src/install/include/cartographer/io/null_points_processor.h
[399.309s] -- Installing: /home/muhayy/mbzirc_ws/src/install/include/cartographer/io/outlier_removing_points_processor.h
[399.309s] -- Installing: /home/muhayy/mbzirc_ws/src/install/include/cartographer/io/pcd_writing_points_processor.h
[399.309s] -- Installing: /home/muhayy/mbzirc_ws/src/install/include/cartographer/io/ply_writing_points_processor.h
[399.309s] -- Installing: /home/muhayy/mbzirc_ws/src/install/include/cartographer/io/points_batch.h
[399.309s] -- Installing: /home/muhayy/mbzirc_ws/src/install/include/cartographer/io/points_processor.h
[399.309s] -- Installing: /home/muhayy/mbzirc_ws/src/install/include/cartographer/io/points_processor_pipeline_builder.h
[399.309s] -- Installing: /home/muhayy/mbzirc_ws/src/install/include/cartographer/io/probability_grid_points_processor.h
[399.309s] -- Installing: /home/muhayy/mbzirc_ws/src/install/include/cartographer/io/proto_stream.h
[399.309s] -- Installing: /home/muhayy/mbzirc_ws/src/install/include/cartographer/io/proto_stream_deserializer.h
[399.310s] -- Installing: /home/muhayy/mbzirc_ws/src/install/include/cartographer/io/proto_stream_interface.h
[399.310s] -- Installing: /home/muhayy/mbzirc_ws/src/install/include/cartographer/io/serialization_format_migration.h
[399.310s] -- Installing: /home/muhayy/mbzirc_ws/src/install/include/cartographer/io/submap_painter.h
[399.310s] -- Installing: /home/muhayy/mbzirc_ws/src/install/include/cartographer/io/vertical_range_filtering_points_processor.h
[399.310s] -- Installing: /home/muhayy/mbzirc_ws/src/install/include/cartographer/io/xray_points_processor.h
[399.310s] -- Installing: /home/muhayy/mbzirc_ws/src/install/include/cartographer/io/xyz_writing_points_processor.h
[399.310s] -- Installing: /home/muhayy/mbzirc_ws/src/install/include/cartographer/mapping/2d/grid_2d.h
[399.310s] -- Installing: /home/muhayy/mbzirc_ws/src/install/include/cartographer/mapping/2d/map_limits.h
[399.311s] -- Installing: /home/muhayy/mbzirc_ws/src/install/include/cartographer/mapping/2d/probability_grid.h
[399.311s] -- Installing: /home/muhayy/mbzirc_ws/src/install/include/cartographer/mapping/2d/probability_grid_range_data_inserter_2d.h
[399.311s] -- Installing: /home/muhayy/mbzirc_ws/src/install/include/cartographer/mapping/2d/submap_2d.h
[399.311s] -- Installing: /home/muhayy/mbzirc_ws/src/install/include/cartographer/mapping/2d/xy_index.h
[399.311s] -- Installing: /home/muhayy/mbzirc_ws/src/install/include/cartographer/mapping/3d/hybrid_grid.h
[399.311s] -- Installing: /home/muhayy/mbzirc_ws/src/install/include/cartographer/mapping/3d/range_data_inserter_3d.h
[399.311s] -- Installing: /home/muhayy/mbzirc_ws/src/install/include/cartographer/mapping/3d/submap_3d.h
[399.311s] -- Installing: /home/muhayy/mbzirc_ws/src/install/include/cartographer/mapping/detect_floors.h
[399.312s] -- Installing: /home/muhayy/mbzirc_ws/src/install/include/cartographer/mapping/grid_interface.h
[399.312s] -- Installing: /home/muhayy/mbzirc_ws/src/install/include/cartographer/mapping/id.h
[399.312s] -- Installing: /home/muhayy/mbzirc_ws/src/install/include/cartographer/mapping/imu_tracker.h
[399.312s] -- Installing: /home/muhayy/mbzirc_ws/src/install/include/cartographer/mapping/map_builder.h
[399.312s] -- Installing: /home/muhayy/mbzirc_ws/src/install/include/cartographer/mapping/map_builder_interface.h
[399.312s] -- Installing: /home/muhayy/mbzirc_ws/src/install/include/cartographer/mapping/pose_extrapolator.h
[399.312s] -- Installing: /home/muhayy/mbzirc_ws/src/install/include/cartographer/mapping/pose_extrapolator_interface.h
[399.312s] -- Installing: /home/muhayy/mbzirc_ws/src/install/include/cartographer/mapping/pose_graph.h
[399.312s] -- Installing: /home/muhayy/mbzirc_ws/src/install/include/cartographer/mapping/pose_graph_interface.h
[399.313s] -- Installing: /home/muhayy/mbzirc_ws/src/install/include/cartographer/mapping/pose_graph_trimmer.h
[399.313s] -- Installing: /home/muhayy/mbzirc_ws/src/install/include/cartographer/mapping/probability_values.h
[399.313s] -- Installing: /home/muhayy/mbzirc_ws/src/install/include/cartographer/mapping/range_data_inserter_interface.h
[399.313s] -- Installing: /home/muhayy/mbzirc_ws/src/install/include/cartographer/mapping/submaps.h
[399.313s] -- Installing: /home/muhayy/mbzirc_ws/src/install/include/cartographer/mapping/trajectory_builder_interface.h
[399.313s] -- Installing: /home/muhayy/mbzirc_ws/src/install/include/cartographer/mapping/trajectory_node.h
[399.313s] -- Installing: /home/muhayy/mbzirc_ws/src/install/include/cartographer/mapping/value_conversion_tables.h
[399.313s] -- Installing: /home/muhayy/mbzirc_ws/src/install/include/cartographer/metrics/counter.h
[399.314s] -- Installing: /home/muhayy/mbzirc_ws/src/install/include/cartographer/metrics/family_factory.h
[399.314s] -- Installing: /home/muhayy/mbzirc_ws/src/install/include/cartographer/metrics/gauge.h
[399.314s] -- Installing: /home/muhayy/mbzirc_ws/src/install/include/cartographer/metrics/histogram.h
[399.314s] -- Installing: /home/muhayy/mbzirc_ws/src/install/include/cartographer/metrics/register.h
[399.314s] -- Installing: /home/muhayy/mbzirc_ws/src/install/include/cartographer/sensor/collator_interface.h
[399.314s] -- Installing: /home/muhayy/mbzirc_ws/src/install/include/cartographer/sensor/compressed_point_cloud.h
[399.314s] -- Installing: /home/muhayy/mbzirc_ws/src/install/include/cartographer/sensor/data.h
[399.314s] -- Installing: /home/muhayy/mbzirc_ws/src/install/include/cartographer/sensor/fixed_frame_pose_data.h
[399.314s] -- Installing: /home/muhayy/mbzirc_ws/src/install/include/cartographer/sensor/imu_data.h
[399.315s] -- Installing: /home/muhayy/mbzirc_ws/src/install/include/cartographer/sensor/landmark_data.h
[399.315s] -- Installing: /home/muhayy/mbzirc_ws/src/install/include/cartographer/sensor/map_by_time.h
[399.315s] -- Installing: /home/muhayy/mbzirc_ws/src/install/include/cartographer/sensor/odometry_data.h
[399.315s] -- Installing: /home/muhayy/mbzirc_ws/src/install/include/cartographer/sensor/point_cloud.h
[399.315s] -- Installing: /home/muhayy/mbzirc_ws/src/install/include/cartographer/sensor/range_data.h
[399.315s] -- Installing: /home/muhayy/mbzirc_ws/src/install/include/cartographer/sensor/rangefinder_point.h
[399.315s] -- Installing: /home/muhayy/mbzirc_ws/src/install/include/cartographer/sensor/timed_point_cloud_data.h
[399.316s] -- Installing: /home/muhayy/mbzirc_ws/src/install/include/cartographer/transform/rigid_transform.h
[399.316s] -- Installing: /home/muhayy/mbzirc_ws/src/install/include/cartographer/transform/timestamped_transform.h
[399.316s] -- Installing: /home/muhayy/mbzirc_ws/src/install/include/cartographer/transform/transform.h
[399.316s] -- Installing: /home/muhayy/mbzirc_ws/src/install/include/cartographer/transform/transform_interpolation_buffer.h
[399.316s] -- Installing: /home/muhayy/mbzirc_ws/src/install/include/cartographer/io/fake_file_writer.h
[399.316s] -- Installing: /home/muhayy/mbzirc_ws/src/install/include/cartographer/transform/rigid_transform_test_helpers.h
[399.316s] -- Installing: /home/muhayy/mbzirc_ws/src/install/include/cartographer/common/proto/ceres_solver_options.pb.h
[399.317s] -- Installing: /home/muhayy/mbzirc_ws/src/install/include/cartographer/ground_truth/proto/relations.pb.h
[399.317s] -- Installing: /home/muhayy/mbzirc_ws/src/install/include/cartographer/mapping/proto/cell_limits_2d.pb.h
[399.317s] -- Installing: /home/muhayy/mbzirc_ws/src/install/include/cartographer/mapping/proto/connected_components.pb.h
[399.317s] -- Installing: /home/muhayy/mbzirc_ws/src/install/include/cartographer/mapping/proto/grid_2d.pb.h
[399.317s] -- Installing: /home/muhayy/mbzirc_ws/src/install/include/cartographer/mapping/proto/grid_2d_options.pb.h
[399.317s] -- Installing: /home/muhayy/mbzirc_ws/src/install/include/cartographer/mapping/proto/hybrid_grid.pb.h
[399.317s] -- Installing: /home/muhayy/mbzirc_ws/src/install/include/cartographer/mapping/proto/local_trajectory_builder_options_2d.pb.h
[399.318s] -- Installing: /home/muhayy/mbzirc_ws/src/install/include/cartographer/mapping/proto/local_trajectory_builder_options_3d.pb.h
[399.318s] -- Installing: /home/muhayy/mbzirc_ws/src/install/include/cartographer/mapping/proto/map_builder_options.pb.h
[399.318s] -- Installing: /home/muhayy/mbzirc_ws/src/install/include/cartographer/mapping/proto/map_limits.pb.h
[399.318s] -- Installing: /home/muhayy/mbzirc_ws/src/install/include/cartographer/mapping/proto/motion_filter_options.pb.h
[399.318s] -- Installing: /home/muhayy/mbzirc_ws/src/install/include/cartographer/mapping/proto/normal_estimation_options_2d.pb.h
[399.318s] -- Installing: /home/muhayy/mbzirc_ws/src/install/include/cartographer/mapping/proto/pose_extrapolator_options.pb.h
[399.319s] -- Installing: /home/muhayy/mbzirc_ws/src/install/include/cartographer/mapping/proto/pose_graph.pb.h
[399.319s] -- Installing: /home/muhayy/mbzirc_ws/src/install/include/cartographer/mapping/proto/pose_graph/constraint_builder_options.pb.h
[399.319s] -- Installing: /home/muhayy/mbzirc_ws/src/install/include/cartographer/mapping/proto/pose_graph/optimization_problem_options.pb.h
[399.319s] -- Installing: /home/muhayy/mbzirc_ws/src/install/include/cartographer/mapping/proto/pose_graph_options.pb.h
[399.319s] -- Installing: /home/muhayy/mbzirc_ws/src/install/include/cartographer/mapping/proto/probability_grid.pb.h
[399.319s] -- Installing: /home/muhayy/mbzirc_ws/src/install/include/cartographer/mapping/proto/probability_grid_range_data_inserter_options_2d.pb.h
[399.319s] -- Installing: /home/muhayy/mbzirc_ws/src/install/include/cartographer/mapping/proto/range_data_inserter_options.pb.h
[399.320s] -- Installing: /home/muhayy/mbzirc_ws/src/install/include/cartographer/mapping/proto/range_data_inserter_options_3d.pb.h
[399.320s] -- Installing: /home/muhayy/mbzirc_ws/src/install/include/cartographer/mapping/proto/scan_matching/ceres_scan_matcher_options_2d.pb.h
[399.320s] -- Installing: /home/muhayy/mbzirc_ws/src/install/include/cartographer/mapping/proto/scan_matching/ceres_scan_matcher_options_3d.pb.h
[399.320s] -- Installing: /home/muhayy/mbzirc_ws/src/install/include/cartographer/mapping/proto/scan_matching/fast_correlative_scan_matcher_options_2d.pb.h
[399.320s] -- Installing: /home/muhayy/mbzirc_ws/src/install/include/cartographer/mapping/proto/scan_matching/fast_correlative_scan_matcher_options_3d.pb.h
[399.320s] -- Installing: /home/muhayy/mbzirc_ws/src/install/include/cartographer/mapping/proto/scan_matching/real_time_correlative_scan_matcher_options.pb.h
[399.321s] -- Installing: /home/muhayy/mbzirc_ws/src/install/include/cartographer/mapping/proto/serialization.pb.h
[399.321s] -- Installing: /home/muhayy/mbzirc_ws/src/install/include/cartographer/mapping/proto/submap.pb.h
[399.321s] -- Installing: /home/muhayy/mbzirc_ws/src/install/include/cartographer/mapping/proto/submap_visualization.pb.h
[399.321s] -- Installing: /home/muhayy/mbzirc_ws/src/install/include/cartographer/mapping/proto/submaps_options_2d.pb.h
[399.321s] -- Installing: /home/muhayy/mbzirc_ws/src/install/include/cartographer/mapping/proto/submaps_options_3d.pb.h
[399.321s] -- Installing: /home/muhayy/mbzirc_ws/src/install/include/cartographer/mapping/proto/trajectory.pb.h
[399.322s] -- Installing: /home/muhayy/mbzirc_ws/src/install/include/cartographer/mapping/proto/trajectory_builder_options.pb.h
[399.322s] -- Installing: /home/muhayy/mbzirc_ws/src/install/include/cartographer/mapping/proto/trajectory_node_data.pb.h
[399.322s] -- Installing: /home/muhayy/mbzirc_ws/src/install/include/cartographer/mapping/proto/tsdf_2d.pb.h
[399.322s] -- Installing: /home/muhayy/mbzirc_ws/src/install/include/cartographer/mapping/proto/tsdf_range_data_inserter_options_2d.pb.h
[399.322s] -- Installing: /home/muhayy/mbzirc_ws/src/install/include/cartographer/sensor/proto/adaptive_voxel_filter_options.pb.h
[399.322s] -- Installing: /home/muhayy/mbzirc_ws/src/install/include/cartographer/sensor/proto/sensor.pb.h
[399.323s] -- Installing: /home/muhayy/mbzirc_ws/src/install/include/cartographer/transform/proto/timestamped_transform.pb.h
[399.323s] -- Installing: /home/muhayy/mbzirc_ws/src/install/include/cartographer/transform/proto/transform.pb.h
[399.323s] -- Installing: /home/muhayy/mbzirc_ws/src/install/share/cartographer/cmake/CartographerTargets.cmake
[399.323s] -- Installing: /home/muhayy/mbzirc_ws/src/install/share/cartographer/cmake/CartographerTargets-release.cmake
[399.324s] -- Installing: /home/muhayy/mbzirc_ws/src/install/share/cartographer/cartographer-config.cmake
[399.325s] Invoked command in '/home/muhayy/mbzirc_ws/src/build/cartographer' returned '0': CMAKE_PREFIX_PATH=${CMAKE_PREFIX_PATH}:/opt/ros/galactic /usr/bin/cmake --install /home/muhayy/mbzirc_ws/src/build/cartographer
