[ 50%] Built target NaiveRadar
[100%] Built target naive_radar_bridge
-- Install configuration: ""
-- Up-to-date: /home/muhayy/mbzirc_ws/src/install/share/mbzirc_naive_radar/environment/resource_paths.dsv
-- Up-to-date: /home/muhayy/mbzirc_ws/src/install/share/mbzirc_naive_radar/environment/resource_paths.sh
-- Up-to-date: /home/muhayy/mbzirc_ws/src/install/share/ament_index/resource_index/package_run_dependencies/mbzirc_naive_radar
-- Up-to-date: /home/muhayy/mbzirc_ws/src/install/share/ament_index/resource_index/parent_prefix_path/mbzirc_naive_radar
-- Up-to-date: /home/muhayy/mbzirc_ws/src/install/share/mbzirc_naive_radar/environment/ament_prefix_path.sh
-- Up-to-date: /home/muhayy/mbzirc_ws/src/install/share/mbzirc_naive_radar/environment/ament_prefix_path.dsv
-- Up-to-date: /home/muhayy/mbzirc_ws/src/install/share/mbzirc_naive_radar/environment/path.sh
-- Up-to-date: /home/muhayy/mbzirc_ws/src/install/share/mbzirc_naive_radar/environment/path.dsv
-- Up-to-date: /home/muhayy/mbzirc_ws/src/install/share/mbzirc_naive_radar/local_setup.bash
-- Up-to-date: /home/muhayy/mbzirc_ws/src/install/share/mbzirc_naive_radar/local_setup.sh
-- Up-to-date: /home/muhayy/mbzirc_ws/src/install/share/mbzirc_naive_radar/local_setup.zsh
-- Up-to-date: /home/muhayy/mbzirc_ws/src/install/share/mbzirc_naive_radar/local_setup.dsv
-- Installing: /home/muhayy/mbzirc_ws/src/install/share/mbzirc_naive_radar/package.dsv
-- Up-to-date: /home/muhayy/mbzirc_ws/src/install/share/ament_index/resource_index/packages/mbzirc_naive_radar
-- Up-to-date: /home/muhayy/mbzirc_ws/src/install/share/mbzirc_naive_radar/cmake/mbzirc_naive_radarConfig.cmake
-- Up-to-date: /home/muhayy/mbzirc_ws/src/install/share/mbzirc_naive_radar/cmake/mbzirc_naive_radarConfig-version.cmake
-- Up-to-date: /home/muhayy/mbzirc_ws/src/install/share/mbzirc_naive_radar/package.xml
