[0.034s] Invoking command in '/home/muhayy/mbzirc_ws/src/build/mbzirc_naive_radar': AMENT_PREFIX_PATH=/home/muhayy/mbzirc_ws/src/install:${AMENT_PREFIX_PATH} CMAKE_PREFIX_PATH=/home/muhayy/mbzirc_ws/src/install:/home/muhayy/mbzirc_ws/install:/opt/ros/galactic IGN_GAZEBO_RESOURCE_PATH=/home/muhayy/mbzirc_ws/src/install/share/mbzirc_ign/models:/home/muhayy/mbzirc_ws/src/install/share/mbzirc_ign/worlds:${IGN_GAZEBO_RESOURCE_PATH} IGN_GAZEBO_SYSTEM_PLUGIN_PATH=/home/muhayy/mbzirc_ws/src/install/lib:${IGN_GAZEBO_SYSTEM_PLUGIN_PATH} LD_LIBRARY_PATH=/home/muhayy/mbzirc_ws/src/install/lib:${LD_LIBRARY_PATH} PATH=/home/muhayy/mbzirc_ws/src/install/bin:${PATH} PYTHONPATH=/home/muhayy/mbzirc_ws/src/install/lib/python3.8/site-packages:${PYTHONPATH} /usr/bin/cmake --build /home/muhayy/mbzirc_ws/src/build/mbzirc_naive_radar -- -j12 -l12
[0.096s] [ 50%] Built target NaiveRadar
[0.098s] [100%] Built target naive_radar_bridge
[0.131s] Invoked command in '/home/muhayy/mbzirc_ws/src/build/mbzirc_naive_radar' returned '0': AMENT_PREFIX_PATH=/home/muhayy/mbzirc_ws/src/install:${AMENT_PREFIX_PATH} CMAKE_PREFIX_PATH=/home/muhayy/mbzirc_ws/src/install:/home/muhayy/mbzirc_ws/install:/opt/ros/galactic IGN_GAZEBO_RESOURCE_PATH=/home/muhayy/mbzirc_ws/src/install/share/mbzirc_ign/models:/home/muhayy/mbzirc_ws/src/install/share/mbzirc_ign/worlds:${IGN_GAZEBO_RESOURCE_PATH} IGN_GAZEBO_SYSTEM_PLUGIN_PATH=/home/muhayy/mbzirc_ws/src/install/lib:${IGN_GAZEBO_SYSTEM_PLUGIN_PATH} LD_LIBRARY_PATH=/home/muhayy/mbzirc_ws/src/install/lib:${LD_LIBRARY_PATH} PATH=/home/muhayy/mbzirc_ws/src/install/bin:${PATH} PYTHONPATH=/home/muhayy/mbzirc_ws/src/install/lib/python3.8/site-packages:${PYTHONPATH} /usr/bin/cmake --build /home/muhayy/mbzirc_ws/src/build/mbzirc_naive_radar -- -j12 -l12
[0.189s] Invoking command in '/home/muhayy/mbzirc_ws/src/build/mbzirc_naive_radar': AMENT_PREFIX_PATH=/home/muhayy/mbzirc_ws/src/install:${AMENT_PREFIX_PATH} CMAKE_PREFIX_PATH=/home/muhayy/mbzirc_ws/src/install:/home/muhayy/mbzirc_ws/install:/opt/ros/galactic IGN_GAZEBO_RESOURCE_PATH=/home/muhayy/mbzirc_ws/src/install/share/mbzirc_ign/models:/home/muhayy/mbzirc_ws/src/install/share/mbzirc_ign/worlds:${IGN_GAZEBO_RESOURCE_PATH} IGN_GAZEBO_SYSTEM_PLUGIN_PATH=/home/muhayy/mbzirc_ws/src/install/lib:${IGN_GAZEBO_SYSTEM_PLUGIN_PATH} LD_LIBRARY_PATH=/home/muhayy/mbzirc_ws/src/install/lib:${LD_LIBRARY_PATH} PATH=/home/muhayy/mbzirc_ws/src/install/bin:${PATH} PYTHONPATH=/home/muhayy/mbzirc_ws/src/install/lib/python3.8/site-packages:${PYTHONPATH} /usr/bin/cmake --install /home/muhayy/mbzirc_ws/src/build/mbzirc_naive_radar
[0.195s] -- Install configuration: ""
[0.196s] -- Up-to-date: /home/muhayy/mbzirc_ws/src/install/share/mbzirc_naive_radar/environment/resource_paths.dsv
[0.196s] -- Up-to-date: /home/muhayy/mbzirc_ws/src/install/share/mbzirc_naive_radar/environment/resource_paths.sh
[0.196s] -- Up-to-date: /home/muhayy/mbzirc_ws/src/install/share/ament_index/resource_index/package_run_dependencies/mbzirc_naive_radar
[0.197s] -- Up-to-date: /home/muhayy/mbzirc_ws/src/install/share/ament_index/resource_index/parent_prefix_path/mbzirc_naive_radar
[0.197s] -- Up-to-date: /home/muhayy/mbzirc_ws/src/install/share/mbzirc_naive_radar/environment/ament_prefix_path.sh
[0.197s] -- Up-to-date: /home/muhayy/mbzirc_ws/src/install/share/mbzirc_naive_radar/environment/ament_prefix_path.dsv
[0.197s] -- Up-to-date: /home/muhayy/mbzirc_ws/src/install/share/mbzirc_naive_radar/environment/path.sh
[0.197s] -- Up-to-date: /home/muhayy/mbzirc_ws/src/install/share/mbzirc_naive_radar/environment/path.dsv
[0.198s] -- Up-to-date: /home/muhayy/mbzirc_ws/src/install/share/mbzirc_naive_radar/local_setup.bash
[0.198s] -- Up-to-date: /home/muhayy/mbzirc_ws/src/install/share/mbzirc_naive_radar/local_setup.sh
[0.198s] -- Up-to-date: /home/muhayy/mbzirc_ws/src/install/share/mbzirc_naive_radar/local_setup.zsh
[0.198s] -- Up-to-date: /home/muhayy/mbzirc_ws/src/install/share/mbzirc_naive_radar/local_setup.dsv
[0.198s] -- Installing: /home/muhayy/mbzirc_ws/src/install/share/mbzirc_naive_radar/package.dsv
[0.198s] -- Up-to-date: /home/muhayy/mbzirc_ws/src/install/share/ament_index/resource_index/packages/mbzirc_naive_radar
[0.199s] -- Up-to-date: /home/muhayy/mbzirc_ws/src/install/share/mbzirc_naive_radar/cmake/mbzirc_naive_radarConfig.cmake
[0.199s] -- Up-to-date: /home/muhayy/mbzirc_ws/src/install/share/mbzirc_naive_radar/cmake/mbzirc_naive_radarConfig-version.cmake
[0.199s] -- Up-to-date: /home/muhayy/mbzirc_ws/src/install/share/mbzirc_naive_radar/package.xml
[0.209s] Invoked command in '/home/muhayy/mbzirc_ws/src/build/mbzirc_naive_radar' returned '0': AMENT_PREFIX_PATH=/home/muhayy/mbzirc_ws/src/install:${AMENT_PREFIX_PATH} CMAKE_PREFIX_PATH=/home/muhayy/mbzirc_ws/src/install:/home/muhayy/mbzirc_ws/install:/opt/ros/galactic IGN_GAZEBO_RESOURCE_PATH=/home/muhayy/mbzirc_ws/src/install/share/mbzirc_ign/models:/home/muhayy/mbzirc_ws/src/install/share/mbzirc_ign/worlds:${IGN_GAZEBO_RESOURCE_PATH} IGN_GAZEBO_SYSTEM_PLUGIN_PATH=/home/muhayy/mbzirc_ws/src/install/lib:${IGN_GAZEBO_SYSTEM_PLUGIN_PATH} LD_LIBRARY_PATH=/home/muhayy/mbzirc_ws/src/install/lib:${LD_LIBRARY_PATH} PATH=/home/muhayy/mbzirc_ws/src/install/bin:${PATH} PYTHONPATH=/home/muhayy/mbzirc_ws/src/install/lib/python3.8/site-packages:${PYTHONPATH} /usr/bin/cmake --install /home/muhayy/mbzirc_ws/src/build/mbzirc_naive_radar
