[0.078s] Invoking command in '/home/muhayy/mbzirc_ws/src/build/ros_ign_interfaces': CMAKE_PREFIX_PATH=${CMAKE_PREFIX_PATH}:/opt/ros/galactic /usr/bin/cmake --build /home/muhayy/mbzirc_ws/src/build/ros_ign_interfaces -- -j12 -l12
[0.825s] [  0%] Built target ros_ign_interfaces__cpp
[0.826s] [ 12%] Built target ros_ign_interfaces__rosidl_generator_c
[0.827s] [ 24%] Built target ros_ign_interfaces__rosidl_typesupport_introspection_cpp
[0.827s] [ 36%] Built target ros_ign_interfaces__rosidl_typesupport_cpp
[0.828s] [ 48%] Built target ros_ign_interfaces__rosidl_typesupport_fastrtps_cpp
[0.828s] [ 60%] Built target ros_ign_interfaces__rosidl_typesupport_c
[0.828s] [ 72%] Built target ros_ign_interfaces__rosidl_typesupport_introspection_c
[0.829s] [ 84%] Built target ros_ign_interfaces__rosidl_typesupport_fastrtps_c
[0.830s] [ 84%] Built target ros_ign_interfaces
[0.830s] [ 85%] Built target ros_ign_interfaces__py
[0.830s] [ 96%] Built target ros_ign_interfaces__python
[0.830s] [100%] Built target ros_ign_interfaces__rosidl_typesupport_c__pyext
[0.830s] [100%] Built target ros_ign_interfaces__rosidl_typesupport_fastrtps_c__pyext
[0.830s] [100%] Built target ros_ign_interfaces__rosidl_typesupport_introspection_c__pyext
[0.836s] Invoked command in '/home/muhayy/mbzirc_ws/src/build/ros_ign_interfaces' returned '0': CMAKE_PREFIX_PATH=${CMAKE_PREFIX_PATH}:/opt/ros/galactic /usr/bin/cmake --build /home/muhayy/mbzirc_ws/src/build/ros_ign_interfaces -- -j12 -l12
[1.217s] Invoking command in '/home/muhayy/mbzirc_ws/src/build/ros_ign_interfaces': CMAKE_PREFIX_PATH=${CMAKE_PREFIX_PATH}:/opt/ros/galactic /usr/bin/cmake --install /home/muhayy/mbzirc_ws/src/build/ros_ign_interfaces
[1.348s] -- Install configuration: ""
[1.348s] -- Up-to-date: /home/muhayy/mbzirc_ws/src/install/share/ament_index/resource_index/rosidl_interfaces/ros_ign_interfaces
[1.348s] -- Up-to-date: /home/muhayy/mbzirc_ws/src/install/include/ros_ign_interfaces
[1.348s] -- Up-to-date: /home/muhayy/mbzirc_ws/src/install/include/ros_ign_interfaces/srv
[1.348s] -- Up-to-date: /home/muhayy/mbzirc_ws/src/install/include/ros_ign_interfaces/srv/control_world.h
[1.349s] -- Up-to-date: /home/muhayy/mbzirc_ws/src/install/include/ros_ign_interfaces/srv/detail
[1.349s] -- Up-to-date: /home/muhayy/mbzirc_ws/src/install/include/ros_ign_interfaces/srv/detail/control_world__functions.c
[1.349s] -- Up-to-date: /home/muhayy/mbzirc_ws/src/install/include/ros_ign_interfaces/srv/detail/set_entity_pose__struct.h
[1.349s] -- Up-to-date: /home/muhayy/mbzirc_ws/src/install/include/ros_ign_interfaces/srv/detail/set_entity_pose__functions.h
[1.349s] -- Up-to-date: /home/muhayy/mbzirc_ws/src/install/include/ros_ign_interfaces/srv/detail/delete_entity__functions.c
[1.349s] -- Up-to-date: /home/muhayy/mbzirc_ws/src/install/include/ros_ign_interfaces/srv/detail/control_world__type_support.h
[1.349s] -- Up-to-date: /home/muhayy/mbzirc_ws/src/install/include/ros_ign_interfaces/srv/detail/spawn_entity__type_support.h
[1.349s] -- Up-to-date: /home/muhayy/mbzirc_ws/src/install/include/ros_ign_interfaces/srv/detail/spawn_entity__functions.c
[1.350s] -- Up-to-date: /home/muhayy/mbzirc_ws/src/install/include/ros_ign_interfaces/srv/detail/delete_entity__functions.h
[1.350s] -- Up-to-date: /home/muhayy/mbzirc_ws/src/install/include/ros_ign_interfaces/srv/detail/spawn_entity__functions.h
[1.350s] -- Up-to-date: /home/muhayy/mbzirc_ws/src/install/include/ros_ign_interfaces/srv/detail/delete_entity__struct.h
[1.350s] -- Up-to-date: /home/muhayy/mbzirc_ws/src/install/include/ros_ign_interfaces/srv/detail/control_world__struct.h
[1.350s] -- Up-to-date: /home/muhayy/mbzirc_ws/src/install/include/ros_ign_interfaces/srv/detail/control_world__functions.h
[1.350s] -- Up-to-date: /home/muhayy/mbzirc_ws/src/install/include/ros_ign_interfaces/srv/detail/set_entity_pose__functions.c
[1.350s] -- Up-to-date: /home/muhayy/mbzirc_ws/src/install/include/ros_ign_interfaces/srv/detail/delete_entity__type_support.h
[1.350s] -- Up-to-date: /home/muhayy/mbzirc_ws/src/install/include/ros_ign_interfaces/srv/detail/set_entity_pose__type_support.h
[1.351s] -- Up-to-date: /home/muhayy/mbzirc_ws/src/install/include/ros_ign_interfaces/srv/detail/spawn_entity__struct.h
[1.351s] -- Up-to-date: /home/muhayy/mbzirc_ws/src/install/include/ros_ign_interfaces/srv/spawn_entity.h
[1.351s] -- Up-to-date: /home/muhayy/mbzirc_ws/src/install/include/ros_ign_interfaces/srv/delete_entity.h
[1.351s] -- Up-to-date: /home/muhayy/mbzirc_ws/src/install/include/ros_ign_interfaces/srv/set_entity_pose.h
[1.351s] -- Up-to-date: /home/muhayy/mbzirc_ws/src/install/include/ros_ign_interfaces/msg
[1.351s] -- Up-to-date: /home/muhayy/mbzirc_ws/src/install/include/ros_ign_interfaces/msg/joint_wrench.h
[1.351s] -- Up-to-date: /home/muhayy/mbzirc_ws/src/install/include/ros_ign_interfaces/msg/world_reset.h
[1.351s] -- Up-to-date: /home/muhayy/mbzirc_ws/src/install/include/ros_ign_interfaces/msg/dataframe.h
[1.351s] -- Up-to-date: /home/muhayy/mbzirc_ws/src/install/include/ros_ign_interfaces/msg/contact.h
[1.352s] -- Up-to-date: /home/muhayy/mbzirc_ws/src/install/include/ros_ign_interfaces/msg/detail
[1.352s] -- Up-to-date: /home/muhayy/mbzirc_ws/src/install/include/ros_ign_interfaces/msg/detail/entity__functions.h
[1.352s] -- Up-to-date: /home/muhayy/mbzirc_ws/src/install/include/ros_ign_interfaces/msg/detail/joint_wrench__functions.c
[1.352s] -- Up-to-date: /home/muhayy/mbzirc_ws/src/install/include/ros_ign_interfaces/msg/detail/video_record__type_support.h
[1.352s] -- Up-to-date: /home/muhayy/mbzirc_ws/src/install/include/ros_ign_interfaces/msg/detail/entity_factory__functions.c
[1.352s] -- Up-to-date: /home/muhayy/mbzirc_ws/src/install/include/ros_ign_interfaces/msg/detail/gui_camera__struct.h
[1.352s] -- Up-to-date: /home/muhayy/mbzirc_ws/src/install/include/ros_ign_interfaces/msg/detail/light__type_support.h
[1.352s] -- Up-to-date: /home/muhayy/mbzirc_ws/src/install/include/ros_ign_interfaces/msg/detail/contact__functions.h
[1.353s] -- Up-to-date: /home/muhayy/mbzirc_ws/src/install/include/ros_ign_interfaces/msg/detail/string_vec__struct.h
[1.353s] -- Up-to-date: /home/muhayy/mbzirc_ws/src/install/include/ros_ign_interfaces/msg/detail/entity__type_support.h
[1.353s] -- Up-to-date: /home/muhayy/mbzirc_ws/src/install/include/ros_ign_interfaces/msg/detail/entity_factory__struct.h
[1.353s] -- Up-to-date: /home/muhayy/mbzirc_ws/src/install/include/ros_ign_interfaces/msg/detail/world_control__functions.h
[1.353s] -- Up-to-date: /home/muhayy/mbzirc_ws/src/install/include/ros_ign_interfaces/msg/detail/contacts__type_support.h
[1.353s] -- Up-to-date: /home/muhayy/mbzirc_ws/src/install/include/ros_ign_interfaces/msg/detail/world_reset__functions.c
[1.353s] -- Up-to-date: /home/muhayy/mbzirc_ws/src/install/include/ros_ign_interfaces/msg/detail/entity__struct.h
[1.353s] -- Up-to-date: /home/muhayy/mbzirc_ws/src/install/include/ros_ign_interfaces/msg/detail/gui_camera__functions.h
[1.354s] -- Up-to-date: /home/muhayy/mbzirc_ws/src/install/include/ros_ign_interfaces/msg/detail/light__functions.h
[1.354s] -- Up-to-date: /home/muhayy/mbzirc_ws/src/install/include/ros_ign_interfaces/msg/detail/contact__struct.h
[1.354s] -- Up-to-date: /home/muhayy/mbzirc_ws/src/install/include/ros_ign_interfaces/msg/detail/joint_wrench__functions.h
[1.354s] -- Up-to-date: /home/muhayy/mbzirc_ws/src/install/include/ros_ign_interfaces/msg/detail/contacts__struct.h
[1.354s] -- Up-to-date: /home/muhayy/mbzirc_ws/src/install/include/ros_ign_interfaces/msg/detail/string_vec__type_support.h
[1.354s] -- Up-to-date: /home/muhayy/mbzirc_ws/src/install/include/ros_ign_interfaces/msg/detail/world_reset__functions.h
[1.354s] -- Up-to-date: /home/muhayy/mbzirc_ws/src/install/include/ros_ign_interfaces/msg/detail/dataframe__struct.h
[1.354s] -- Up-to-date: /home/muhayy/mbzirc_ws/src/install/include/ros_ign_interfaces/msg/detail/dataframe__functions.c
[1.355s] -- Up-to-date: /home/muhayy/mbzirc_ws/src/install/include/ros_ign_interfaces/msg/detail/entity_factory__type_support.h
[1.355s] -- Up-to-date: /home/muhayy/mbzirc_ws/src/install/include/ros_ign_interfaces/msg/detail/video_record__struct.h
[1.355s] -- Up-to-date: /home/muhayy/mbzirc_ws/src/install/include/ros_ign_interfaces/msg/detail/joint_wrench__type_support.h
[1.355s] -- Up-to-date: /home/muhayy/mbzirc_ws/src/install/include/ros_ign_interfaces/msg/detail/gui_camera__functions.c
[1.355s] -- Up-to-date: /home/muhayy/mbzirc_ws/src/install/include/ros_ign_interfaces/msg/detail/track_visual__struct.h
[1.362s] -- Up-to-date: /home/muhayy/mbzirc_ws/src/install/include/ros_ign_interfaces/msg/detail/world_control__type_support.h
[1.362s] -- Up-to-date: /home/muhayy/mbzirc_ws/src/install/include/ros_ign_interfaces/msg/detail/world_reset__type_support.h
[1.362s] -- Up-to-date: /home/muhayy/mbzirc_ws/src/install/include/ros_ign_interfaces/msg/detail/gui_camera__type_support.h
[1.363s] -- Up-to-date: /home/muhayy/mbzirc_ws/src/install/include/ros_ign_interfaces/msg/detail/world_reset__struct.h
[1.363s] -- Up-to-date: /home/muhayy/mbzirc_ws/src/install/include/ros_ign_interfaces/msg/detail/string_vec__functions.h
[1.363s] -- Up-to-date: /home/muhayy/mbzirc_ws/src/install/include/ros_ign_interfaces/msg/detail/world_control__functions.c
[1.363s] -- Up-to-date: /home/muhayy/mbzirc_ws/src/install/include/ros_ign_interfaces/msg/detail/track_visual__type_support.h
[1.363s] -- Up-to-date: /home/muhayy/mbzirc_ws/src/install/include/ros_ign_interfaces/msg/detail/dataframe__type_support.h
[1.364s] -- Up-to-date: /home/muhayy/mbzirc_ws/src/install/include/ros_ign_interfaces/msg/detail/light__struct.h
[1.366s] -- Up-to-date: /home/muhayy/mbzirc_ws/src/install/include/ros_ign_interfaces/msg/detail/joint_wrench__struct.h
[1.366s] -- Up-to-date: /home/muhayy/mbzirc_ws/src/install/include/ros_ign_interfaces/msg/detail/entity_factory__functions.h
[1.366s] -- Up-to-date: /home/muhayy/mbzirc_ws/src/install/include/ros_ign_interfaces/msg/detail/world_control__struct.h
[1.367s] -- Up-to-date: /home/muhayy/mbzirc_ws/src/install/include/ros_ign_interfaces/msg/detail/contact__type_support.h
[1.367s] -- Up-to-date: /home/muhayy/mbzirc_ws/src/install/include/ros_ign_interfaces/msg/detail/track_visual__functions.c
[1.367s] -- Up-to-date: /home/muhayy/mbzirc_ws/src/install/include/ros_ign_interfaces/msg/detail/contacts__functions.h
[1.367s] -- Up-to-date: /home/muhayy/mbzirc_ws/src/install/include/ros_ign_interfaces/msg/detail/string_vec__functions.c
[1.367s] -- Up-to-date: /home/muhayy/mbzirc_ws/src/install/include/ros_ign_interfaces/msg/detail/contact__functions.c
[1.368s] -- Up-to-date: /home/muhayy/mbzirc_ws/src/install/include/ros_ign_interfaces/msg/detail/light__functions.c
[1.368s] -- Up-to-date: /home/muhayy/mbzirc_ws/src/install/include/ros_ign_interfaces/msg/detail/track_visual__functions.h
[1.368s] -- Up-to-date: /home/muhayy/mbzirc_ws/src/install/include/ros_ign_interfaces/msg/detail/entity__functions.c
[1.369s] -- Up-to-date: /home/muhayy/mbzirc_ws/src/install/include/ros_ign_interfaces/msg/detail/video_record__functions.c
[1.369s] -- Up-to-date: /home/muhayy/mbzirc_ws/src/install/include/ros_ign_interfaces/msg/detail/contacts__functions.c
[1.370s] -- Up-to-date: /home/muhayy/mbzirc_ws/src/install/include/ros_ign_interfaces/msg/detail/video_record__functions.h
[1.370s] -- Up-to-date: /home/muhayy/mbzirc_ws/src/install/include/ros_ign_interfaces/msg/detail/dataframe__functions.h
[1.370s] -- Up-to-date: /home/muhayy/mbzirc_ws/src/install/include/ros_ign_interfaces/msg/string_vec.h
[1.370s] -- Up-to-date: /home/muhayy/mbzirc_ws/src/install/include/ros_ign_interfaces/msg/light.h
[1.370s] -- Up-to-date: /home/muhayy/mbzirc_ws/src/install/include/ros_ign_interfaces/msg/track_visual.h
[1.370s] -- Up-to-date: /home/muhayy/mbzirc_ws/src/install/include/ros_ign_interfaces/msg/world_control.h
[1.371s] -- Up-to-date: /home/muhayy/mbzirc_ws/src/install/include/ros_ign_interfaces/msg/contacts.h
[1.371s] -- Up-to-date: /home/muhayy/mbzirc_ws/src/install/include/ros_ign_interfaces/msg/entity_factory.h
[1.371s] -- Up-to-date: /home/muhayy/mbzirc_ws/src/install/include/ros_ign_interfaces/msg/gui_camera.h
[1.371s] -- Up-to-date: /home/muhayy/mbzirc_ws/src/install/include/ros_ign_interfaces/msg/video_record.h
[1.372s] -- Up-to-date: /home/muhayy/mbzirc_ws/src/install/include/ros_ign_interfaces/msg/entity.h
[1.372s] -- Up-to-date: /home/muhayy/mbzirc_ws/src/install/include/ros_ign_interfaces/msg/rosidl_generator_c__visibility_control.h
[1.372s] -- Up-to-date: /home/muhayy/mbzirc_ws/src/install/share/ros_ign_interfaces/environment/library_path.sh
[1.372s] -- Up-to-date: /home/muhayy/mbzirc_ws/src/install/share/ros_ign_interfaces/environment/library_path.dsv
[1.372s] -- Up-to-date: /home/muhayy/mbzirc_ws/src/install/lib/libros_ign_interfaces__rosidl_generator_c.so
[1.372s] -- Up-to-date: /home/muhayy/mbzirc_ws/src/install/include/ros_ign_interfaces
[1.373s] -- Up-to-date: /home/muhayy/mbzirc_ws/src/install/include/ros_ign_interfaces/srv
[1.373s] -- Up-to-date: /home/muhayy/mbzirc_ws/src/install/include/ros_ign_interfaces/srv/detail
[1.373s] -- Up-to-date: /home/muhayy/mbzirc_ws/src/install/include/ros_ign_interfaces/srv/detail/delete_entity__rosidl_typesupport_fastrtps_c.h
[1.373s] -- Up-to-date: /home/muhayy/mbzirc_ws/src/install/include/ros_ign_interfaces/srv/detail/set_entity_pose__rosidl_typesupport_fastrtps_c.h
[1.373s] -- Up-to-date: /home/muhayy/mbzirc_ws/src/install/include/ros_ign_interfaces/srv/detail/control_world__rosidl_typesupport_fastrtps_c.h
[1.373s] -- Up-to-date: /home/muhayy/mbzirc_ws/src/install/include/ros_ign_interfaces/srv/detail/spawn_entity__rosidl_typesupport_fastrtps_c.h
[1.373s] -- Up-to-date: /home/muhayy/mbzirc_ws/src/install/include/ros_ign_interfaces/msg
[1.373s] -- Up-to-date: /home/muhayy/mbzirc_ws/src/install/include/ros_ign_interfaces/msg/detail
[1.373s] -- Up-to-date: /home/muhayy/mbzirc_ws/src/install/include/ros_ign_interfaces/msg/detail/light__rosidl_typesupport_fastrtps_c.h
[1.373s] -- Up-to-date: /home/muhayy/mbzirc_ws/src/install/include/ros_ign_interfaces/msg/detail/world_control__rosidl_typesupport_fastrtps_c.h
[1.374s] -- Up-to-date: /home/muhayy/mbzirc_ws/src/install/include/ros_ign_interfaces/msg/detail/string_vec__rosidl_typesupport_fastrtps_c.h
[1.374s] -- Up-to-date: /home/muhayy/mbzirc_ws/src/install/include/ros_ign_interfaces/msg/detail/world_reset__rosidl_typesupport_fastrtps_c.h
[1.374s] -- Up-to-date: /home/muhayy/mbzirc_ws/src/install/include/ros_ign_interfaces/msg/detail/contact__rosidl_typesupport_fastrtps_c.h
[1.374s] -- Up-to-date: /home/muhayy/mbzirc_ws/src/install/include/ros_ign_interfaces/msg/detail/entity_factory__rosidl_typesupport_fastrtps_c.h
[1.374s] -- Up-to-date: /home/muhayy/mbzirc_ws/src/install/include/ros_ign_interfaces/msg/detail/gui_camera__rosidl_typesupport_fastrtps_c.h
[1.374s] -- Up-to-date: /home/muhayy/mbzirc_ws/src/install/include/ros_ign_interfaces/msg/detail/entity__rosidl_typesupport_fastrtps_c.h
[1.374s] -- Up-to-date: /home/muhayy/mbzirc_ws/src/install/include/ros_ign_interfaces/msg/detail/contacts__rosidl_typesupport_fastrtps_c.h
[1.374s] -- Up-to-date: /home/muhayy/mbzirc_ws/src/install/include/ros_ign_interfaces/msg/detail/dataframe__rosidl_typesupport_fastrtps_c.h
[1.374s] -- Up-to-date: /home/muhayy/mbzirc_ws/src/install/include/ros_ign_interfaces/msg/detail/track_visual__rosidl_typesupport_fastrtps_c.h
[1.374s] -- Up-to-date: /home/muhayy/mbzirc_ws/src/install/include/ros_ign_interfaces/msg/detail/joint_wrench__rosidl_typesupport_fastrtps_c.h
[1.375s] -- Up-to-date: /home/muhayy/mbzirc_ws/src/install/include/ros_ign_interfaces/msg/detail/video_record__rosidl_typesupport_fastrtps_c.h
[1.375s] -- Up-to-date: /home/muhayy/mbzirc_ws/src/install/include/ros_ign_interfaces/msg/rosidl_typesupport_fastrtps_c__visibility_control.h
[1.375s] -- Up-to-date: /home/muhayy/mbzirc_ws/src/install/lib/libros_ign_interfaces__rosidl_typesupport_fastrtps_c.so
[1.375s] -- Up-to-date: /home/muhayy/mbzirc_ws/src/install/include/ros_ign_interfaces
[1.375s] -- Up-to-date: /home/muhayy/mbzirc_ws/src/install/include/ros_ign_interfaces/srv
[1.375s] -- Up-to-date: /home/muhayy/mbzirc_ws/src/install/include/ros_ign_interfaces/srv/detail
[1.375s] -- Up-to-date: /home/muhayy/mbzirc_ws/src/install/include/ros_ign_interfaces/srv/detail/control_world__rosidl_typesupport_fastrtps_cpp.hpp
[1.375s] -- Up-to-date: /home/muhayy/mbzirc_ws/src/install/include/ros_ign_interfaces/srv/detail/spawn_entity__rosidl_typesupport_fastrtps_cpp.hpp
[1.375s] -- Up-to-date: /home/muhayy/mbzirc_ws/src/install/include/ros_ign_interfaces/srv/detail/set_entity_pose__rosidl_typesupport_fastrtps_cpp.hpp
[1.375s] -- Up-to-date: /home/muhayy/mbzirc_ws/src/install/include/ros_ign_interfaces/srv/detail/delete_entity__rosidl_typesupport_fastrtps_cpp.hpp
[1.376s] -- Up-to-date: /home/muhayy/mbzirc_ws/src/install/include/ros_ign_interfaces/srv/detail/dds_fastrtps
[1.376s] -- Up-to-date: /home/muhayy/mbzirc_ws/src/install/include/ros_ign_interfaces/msg
[1.376s] -- Up-to-date: /home/muhayy/mbzirc_ws/src/install/include/ros_ign_interfaces/msg/detail
[1.376s] -- Up-to-date: /home/muhayy/mbzirc_ws/src/install/include/ros_ign_interfaces/msg/detail/world_reset__rosidl_typesupport_fastrtps_cpp.hpp
[1.376s] -- Up-to-date: /home/muhayy/mbzirc_ws/src/install/include/ros_ign_interfaces/msg/detail/string_vec__rosidl_typesupport_fastrtps_cpp.hpp
[1.376s] -- Up-to-date: /home/muhayy/mbzirc_ws/src/install/include/ros_ign_interfaces/msg/detail/dataframe__rosidl_typesupport_fastrtps_cpp.hpp
[1.376s] -- Up-to-date: /home/muhayy/mbzirc_ws/src/install/include/ros_ign_interfaces/msg/detail/contact__rosidl_typesupport_fastrtps_cpp.hpp
[1.376s] -- Up-to-date: /home/muhayy/mbzirc_ws/src/install/include/ros_ign_interfaces/msg/detail/light__rosidl_typesupport_fastrtps_cpp.hpp
[1.376s] -- Up-to-date: /home/muhayy/mbzirc_ws/src/install/include/ros_ign_interfaces/msg/detail/track_visual__rosidl_typesupport_fastrtps_cpp.hpp
[1.376s] -- Up-to-date: /home/muhayy/mbzirc_ws/src/install/include/ros_ign_interfaces/msg/detail/video_record__rosidl_typesupport_fastrtps_cpp.hpp
[1.377s] -- Up-to-date: /home/muhayy/mbzirc_ws/src/install/include/ros_ign_interfaces/msg/detail/world_control__rosidl_typesupport_fastrtps_cpp.hpp
[1.377s] -- Up-to-date: /home/muhayy/mbzirc_ws/src/install/include/ros_ign_interfaces/msg/detail/entity_factory__rosidl_typesupport_fastrtps_cpp.hpp
[1.377s] -- Up-to-date: /home/muhayy/mbzirc_ws/src/install/include/ros_ign_interfaces/msg/detail/dds_fastrtps
[1.377s] -- Up-to-date: /home/muhayy/mbzirc_ws/src/install/include/ros_ign_interfaces/msg/detail/entity__rosidl_typesupport_fastrtps_cpp.hpp
[1.377s] -- Up-to-date: /home/muhayy/mbzirc_ws/src/install/include/ros_ign_interfaces/msg/detail/gui_camera__rosidl_typesupport_fastrtps_cpp.hpp
[1.377s] -- Up-to-date: /home/muhayy/mbzirc_ws/src/install/include/ros_ign_interfaces/msg/detail/contacts__rosidl_typesupport_fastrtps_cpp.hpp
[1.377s] -- Up-to-date: /home/muhayy/mbzirc_ws/src/install/include/ros_ign_interfaces/msg/detail/joint_wrench__rosidl_typesupport_fastrtps_cpp.hpp
[1.378s] -- Up-to-date: /home/muhayy/mbzirc_ws/src/install/include/ros_ign_interfaces/msg/rosidl_typesupport_fastrtps_cpp__visibility_control.h
[1.378s] -- Up-to-date: /home/muhayy/mbzirc_ws/src/install/lib/libros_ign_interfaces__rosidl_typesupport_fastrtps_cpp.so
[1.378s] -- Up-to-date: /home/muhayy/mbzirc_ws/src/install/include/ros_ign_interfaces
[1.378s] -- Up-to-date: /home/muhayy/mbzirc_ws/src/install/include/ros_ign_interfaces/srv
[1.378s] -- Up-to-date: /home/muhayy/mbzirc_ws/src/install/include/ros_ign_interfaces/srv/detail
[1.378s] -- Up-to-date: /home/muhayy/mbzirc_ws/src/install/include/ros_ign_interfaces/srv/detail/control_world__type_support.c
[1.378s] -- Up-to-date: /home/muhayy/mbzirc_ws/src/install/include/ros_ign_interfaces/srv/detail/control_world__rosidl_typesupport_introspection_c.h
[1.378s] -- Up-to-date: /home/muhayy/mbzirc_ws/src/install/include/ros_ign_interfaces/srv/detail/set_entity_pose__rosidl_typesupport_introspection_c.h
[1.378s] -- Up-to-date: /home/muhayy/mbzirc_ws/src/install/include/ros_ign_interfaces/srv/detail/delete_entity__type_support.c
[1.378s] -- Up-to-date: /home/muhayy/mbzirc_ws/src/install/include/ros_ign_interfaces/srv/detail/delete_entity__rosidl_typesupport_introspection_c.h
[1.379s] -- Up-to-date: /home/muhayy/mbzirc_ws/src/install/include/ros_ign_interfaces/srv/detail/spawn_entity__rosidl_typesupport_introspection_c.h
[1.379s] -- Up-to-date: /home/muhayy/mbzirc_ws/src/install/include/ros_ign_interfaces/srv/detail/set_entity_pose__type_support.c
[1.379s] -- Up-to-date: /home/muhayy/mbzirc_ws/src/install/include/ros_ign_interfaces/srv/detail/spawn_entity__type_support.c
[1.379s] -- Up-to-date: /home/muhayy/mbzirc_ws/src/install/include/ros_ign_interfaces/msg
[1.379s] -- Up-to-date: /home/muhayy/mbzirc_ws/src/install/include/ros_ign_interfaces/msg/detail
[1.379s] -- Up-to-date: /home/muhayy/mbzirc_ws/src/install/include/ros_ign_interfaces/msg/detail/dataframe__rosidl_typesupport_introspection_c.h
[1.379s] -- Up-to-date: /home/muhayy/mbzirc_ws/src/install/include/ros_ign_interfaces/msg/detail/track_visual__rosidl_typesupport_introspection_c.h
[1.379s] -- Up-to-date: /home/muhayy/mbzirc_ws/src/install/include/ros_ign_interfaces/msg/detail/track_visual__type_support.c
[1.379s] -- Up-to-date: /home/muhayy/mbzirc_ws/src/install/include/ros_ign_interfaces/msg/detail/entity_factory__rosidl_typesupport_introspection_c.h
[1.380s] -- Up-to-date: /home/muhayy/mbzirc_ws/src/install/include/ros_ign_interfaces/msg/detail/gui_camera__rosidl_typesupport_introspection_c.h
[1.380s] -- Up-to-date: /home/muhayy/mbzirc_ws/src/install/include/ros_ign_interfaces/msg/detail/contact__type_support.c
[1.380s] -- Up-to-date: /home/muhayy/mbzirc_ws/src/install/include/ros_ign_interfaces/msg/detail/world_reset__rosidl_typesupport_introspection_c.h
[1.380s] -- Up-to-date: /home/muhayy/mbzirc_ws/src/install/include/ros_ign_interfaces/msg/detail/dataframe__type_support.c
[1.380s] -- Up-to-date: /home/muhayy/mbzirc_ws/src/install/include/ros_ign_interfaces/msg/detail/light__type_support.c
[1.380s] -- Up-to-date: /home/muhayy/mbzirc_ws/src/install/include/ros_ign_interfaces/msg/detail/string_vec__rosidl_typesupport_introspection_c.h
[1.380s] -- Up-to-date: /home/muhayy/mbzirc_ws/src/install/include/ros_ign_interfaces/msg/detail/string_vec__type_support.c
[1.380s] -- Up-to-date: /home/muhayy/mbzirc_ws/src/install/include/ros_ign_interfaces/msg/detail/video_record__rosidl_typesupport_introspection_c.h
[1.380s] -- Up-to-date: /home/muhayy/mbzirc_ws/src/install/include/ros_ign_interfaces/msg/detail/video_record__type_support.c
[1.381s] -- Up-to-date: /home/muhayy/mbzirc_ws/src/install/include/ros_ign_interfaces/msg/detail/gui_camera__type_support.c
[1.381s] -- Up-to-date: /home/muhayy/mbzirc_ws/src/install/include/ros_ign_interfaces/msg/detail/world_control__type_support.c
[1.381s] -- Up-to-date: /home/muhayy/mbzirc_ws/src/install/include/ros_ign_interfaces/msg/detail/joint_wrench__type_support.c
[1.381s] -- Up-to-date: /home/muhayy/mbzirc_ws/src/install/include/ros_ign_interfaces/msg/detail/world_control__rosidl_typesupport_introspection_c.h
[1.381s] -- Up-to-date: /home/muhayy/mbzirc_ws/src/install/include/ros_ign_interfaces/msg/detail/joint_wrench__rosidl_typesupport_introspection_c.h
[1.381s] -- Up-to-date: /home/muhayy/mbzirc_ws/src/install/include/ros_ign_interfaces/msg/detail/contacts__rosidl_typesupport_introspection_c.h
[1.381s] -- Up-to-date: /home/muhayy/mbzirc_ws/src/install/include/ros_ign_interfaces/msg/detail/world_reset__type_support.c
[1.381s] -- Up-to-date: /home/muhayy/mbzirc_ws/src/install/include/ros_ign_interfaces/msg/detail/entity__type_support.c
[1.381s] -- Up-to-date: /home/muhayy/mbzirc_ws/src/install/include/ros_ign_interfaces/msg/detail/contacts__type_support.c
[1.382s] -- Up-to-date: /home/muhayy/mbzirc_ws/src/install/include/ros_ign_interfaces/msg/detail/entity__rosidl_typesupport_introspection_c.h
[1.382s] -- Up-to-date: /home/muhayy/mbzirc_ws/src/install/include/ros_ign_interfaces/msg/detail/entity_factory__type_support.c
[1.388s] -- Up-to-date: /home/muhayy/mbzirc_ws/src/install/include/ros_ign_interfaces/msg/detail/light__rosidl_typesupport_introspection_c.h
[1.389s] -- Up-to-date: /home/muhayy/mbzirc_ws/src/install/include/ros_ign_interfaces/msg/detail/contact__rosidl_typesupport_introspection_c.h
[1.389s] -- Up-to-date: /home/muhayy/mbzirc_ws/src/install/include/ros_ign_interfaces/msg/rosidl_typesupport_introspection_c__visibility_control.h
[1.389s] -- Up-to-date: /home/muhayy/mbzirc_ws/src/install/lib/libros_ign_interfaces__rosidl_typesupport_introspection_c.so
[1.390s] -- Up-to-date: /home/muhayy/mbzirc_ws/src/install/lib/libros_ign_interfaces__rosidl_typesupport_c.so
[1.390s] -- Up-to-date: /home/muhayy/mbzirc_ws/src/install/include/ros_ign_interfaces
[1.390s] -- Up-to-date: /home/muhayy/mbzirc_ws/src/install/include/ros_ign_interfaces/srv
[1.390s] -- Up-to-date: /home/muhayy/mbzirc_ws/src/install/include/ros_ign_interfaces/srv/detail
[1.390s] -- Up-to-date: /home/muhayy/mbzirc_ws/src/install/include/ros_ign_interfaces/srv/detail/delete_entity__builder.hpp
[1.390s] -- Up-to-date: /home/muhayy/mbzirc_ws/src/install/include/ros_ign_interfaces/srv/detail/delete_entity__struct.hpp
[1.390s] -- Up-to-date: /home/muhayy/mbzirc_ws/src/install/include/ros_ign_interfaces/srv/detail/spawn_entity__struct.hpp
[1.390s] -- Up-to-date: /home/muhayy/mbzirc_ws/src/install/include/ros_ign_interfaces/srv/detail/spawn_entity__traits.hpp
[1.390s] -- Up-to-date: /home/muhayy/mbzirc_ws/src/install/include/ros_ign_interfaces/srv/detail/delete_entity__traits.hpp
[1.391s] -- Up-to-date: /home/muhayy/mbzirc_ws/src/install/include/ros_ign_interfaces/srv/detail/control_world__struct.hpp
[1.391s] -- Up-to-date: /home/muhayy/mbzirc_ws/src/install/include/ros_ign_interfaces/srv/detail/set_entity_pose__traits.hpp
[1.391s] -- Up-to-date: /home/muhayy/mbzirc_ws/src/install/include/ros_ign_interfaces/srv/detail/set_entity_pose__builder.hpp
[1.391s] -- Up-to-date: /home/muhayy/mbzirc_ws/src/install/include/ros_ign_interfaces/srv/detail/control_world__traits.hpp
[1.391s] -- Up-to-date: /home/muhayy/mbzirc_ws/src/install/include/ros_ign_interfaces/srv/detail/set_entity_pose__struct.hpp
[1.391s] -- Up-to-date: /home/muhayy/mbzirc_ws/src/install/include/ros_ign_interfaces/srv/detail/control_world__builder.hpp
[1.391s] -- Up-to-date: /home/muhayy/mbzirc_ws/src/install/include/ros_ign_interfaces/srv/detail/spawn_entity__builder.hpp
[1.391s] -- Up-to-date: /home/muhayy/mbzirc_ws/src/install/include/ros_ign_interfaces/srv/control_world.hpp
[1.391s] -- Up-to-date: /home/muhayy/mbzirc_ws/src/install/include/ros_ign_interfaces/srv/spawn_entity.hpp
[1.391s] -- Up-to-date: /home/muhayy/mbzirc_ws/src/install/include/ros_ign_interfaces/srv/delete_entity.hpp
[1.392s] -- Up-to-date: /home/muhayy/mbzirc_ws/src/install/include/ros_ign_interfaces/srv/set_entity_pose.hpp
[1.392s] -- Up-to-date: /home/muhayy/mbzirc_ws/src/install/include/ros_ign_interfaces/msg
[1.392s] -- Up-to-date: /home/muhayy/mbzirc_ws/src/install/include/ros_ign_interfaces/msg/video_record.hpp
[1.392s] -- Up-to-date: /home/muhayy/mbzirc_ws/src/install/include/ros_ign_interfaces/msg/track_visual.hpp
[1.392s] -- Up-to-date: /home/muhayy/mbzirc_ws/src/install/include/ros_ign_interfaces/msg/detail
[1.392s] -- Up-to-date: /home/muhayy/mbzirc_ws/src/install/include/ros_ign_interfaces/msg/detail/video_record__traits.hpp
[1.392s] -- Up-to-date: /home/muhayy/mbzirc_ws/src/install/include/ros_ign_interfaces/msg/detail/world_reset__builder.hpp
[1.392s] -- Up-to-date: /home/muhayy/mbzirc_ws/src/install/include/ros_ign_interfaces/msg/detail/contacts__struct.hpp
[1.392s] -- Up-to-date: /home/muhayy/mbzirc_ws/src/install/include/ros_ign_interfaces/msg/detail/track_visual__struct.hpp
[1.392s] -- Up-to-date: /home/muhayy/mbzirc_ws/src/install/include/ros_ign_interfaces/msg/detail/video_record__struct.hpp
[1.393s] -- Up-to-date: /home/muhayy/mbzirc_ws/src/install/include/ros_ign_interfaces/msg/detail/entity__builder.hpp
[1.393s] -- Up-to-date: /home/muhayy/mbzirc_ws/src/install/include/ros_ign_interfaces/msg/detail/gui_camera__builder.hpp
[1.393s] -- Up-to-date: /home/muhayy/mbzirc_ws/src/install/include/ros_ign_interfaces/msg/detail/contact__struct.hpp
[1.393s] -- Up-to-date: /home/muhayy/mbzirc_ws/src/install/include/ros_ign_interfaces/msg/detail/contacts__traits.hpp
[1.393s] -- Up-to-date: /home/muhayy/mbzirc_ws/src/install/include/ros_ign_interfaces/msg/detail/string_vec__struct.hpp
[1.393s] -- Up-to-date: /home/muhayy/mbzirc_ws/src/install/include/ros_ign_interfaces/msg/detail/entity_factory__traits.hpp
[1.393s] -- Up-to-date: /home/muhayy/mbzirc_ws/src/install/include/ros_ign_interfaces/msg/detail/dataframe__struct.hpp
[1.393s] -- Up-to-date: /home/muhayy/mbzirc_ws/src/install/include/ros_ign_interfaces/msg/detail/light__struct.hpp
[1.393s] -- Up-to-date: /home/muhayy/mbzirc_ws/src/install/include/ros_ign_interfaces/msg/detail/entity__struct.hpp
[1.394s] -- Up-to-date: /home/muhayy/mbzirc_ws/src/install/include/ros_ign_interfaces/msg/detail/world_control__struct.hpp
[1.394s] -- Up-to-date: /home/muhayy/mbzirc_ws/src/install/include/ros_ign_interfaces/msg/detail/contact__traits.hpp
[1.394s] -- Up-to-date: /home/muhayy/mbzirc_ws/src/install/include/ros_ign_interfaces/msg/detail/light__traits.hpp
[1.394s] -- Up-to-date: /home/muhayy/mbzirc_ws/src/install/include/ros_ign_interfaces/msg/detail/gui_camera__struct.hpp
[1.394s] -- Up-to-date: /home/muhayy/mbzirc_ws/src/install/include/ros_ign_interfaces/msg/detail/dataframe__builder.hpp
[1.394s] -- Up-to-date: /home/muhayy/mbzirc_ws/src/install/include/ros_ign_interfaces/msg/detail/gui_camera__traits.hpp
[1.394s] -- Up-to-date: /home/muhayy/mbzirc_ws/src/install/include/ros_ign_interfaces/msg/detail/entity_factory__struct.hpp
[1.395s] -- Up-to-date: /home/muhayy/mbzirc_ws/src/install/include/ros_ign_interfaces/msg/detail/track_visual__traits.hpp
[1.395s] -- Up-to-date: /home/muhayy/mbzirc_ws/src/install/include/ros_ign_interfaces/msg/detail/world_control__builder.hpp
[1.395s] -- Up-to-date: /home/muhayy/mbzirc_ws/src/install/include/ros_ign_interfaces/msg/detail/contact__builder.hpp
[1.395s] -- Up-to-date: /home/muhayy/mbzirc_ws/src/install/include/ros_ign_interfaces/msg/detail/joint_wrench__builder.hpp
[1.395s] -- Up-to-date: /home/muhayy/mbzirc_ws/src/install/include/ros_ign_interfaces/msg/detail/track_visual__builder.hpp
[1.395s] -- Up-to-date: /home/muhayy/mbzirc_ws/src/install/include/ros_ign_interfaces/msg/detail/dataframe__traits.hpp
[1.395s] -- Up-to-date: /home/muhayy/mbzirc_ws/src/install/include/ros_ign_interfaces/msg/detail/contacts__builder.hpp
[1.395s] -- Up-to-date: /home/muhayy/mbzirc_ws/src/install/include/ros_ign_interfaces/msg/detail/world_reset__struct.hpp
[1.395s] -- Up-to-date: /home/muhayy/mbzirc_ws/src/install/include/ros_ign_interfaces/msg/detail/entity__traits.hpp
[1.395s] -- Up-to-date: /home/muhayy/mbzirc_ws/src/install/include/ros_ign_interfaces/msg/detail/string_vec__traits.hpp
[1.396s] -- Up-to-date: /home/muhayy/mbzirc_ws/src/install/include/ros_ign_interfaces/msg/detail/world_reset__traits.hpp
[1.396s] -- Up-to-date: /home/muhayy/mbzirc_ws/src/install/include/ros_ign_interfaces/msg/detail/light__builder.hpp
[1.396s] -- Up-to-date: /home/muhayy/mbzirc_ws/src/install/include/ros_ign_interfaces/msg/detail/joint_wrench__struct.hpp
[1.396s] -- Up-to-date: /home/muhayy/mbzirc_ws/src/install/include/ros_ign_interfaces/msg/detail/video_record__builder.hpp
[1.396s] -- Up-to-date: /home/muhayy/mbzirc_ws/src/install/include/ros_ign_interfaces/msg/detail/joint_wrench__traits.hpp
[1.396s] -- Up-to-date: /home/muhayy/mbzirc_ws/src/install/include/ros_ign_interfaces/msg/detail/entity_factory__builder.hpp
[1.396s] -- Up-to-date: /home/muhayy/mbzirc_ws/src/install/include/ros_ign_interfaces/msg/detail/string_vec__builder.hpp
[1.396s] -- Up-to-date: /home/muhayy/mbzirc_ws/src/install/include/ros_ign_interfaces/msg/detail/world_control__traits.hpp
[1.396s] -- Up-to-date: /home/muhayy/mbzirc_ws/src/install/include/ros_ign_interfaces/msg/world_reset.hpp
[1.396s] -- Up-to-date: /home/muhayy/mbzirc_ws/src/install/include/ros_ign_interfaces/msg/contact.hpp
[1.397s] -- Up-to-date: /home/muhayy/mbzirc_ws/src/install/include/ros_ign_interfaces/msg/world_control.hpp
[1.397s] -- Up-to-date: /home/muhayy/mbzirc_ws/src/install/include/ros_ign_interfaces/msg/string_vec.hpp
[1.397s] -- Up-to-date: /home/muhayy/mbzirc_ws/src/install/include/ros_ign_interfaces/msg/light.hpp
[1.397s] -- Up-to-date: /home/muhayy/mbzirc_ws/src/install/include/ros_ign_interfaces/msg/dataframe.hpp
[1.397s] -- Up-to-date: /home/muhayy/mbzirc_ws/src/install/include/ros_ign_interfaces/msg/contacts.hpp
[1.397s] -- Up-to-date: /home/muhayy/mbzirc_ws/src/install/include/ros_ign_interfaces/msg/joint_wrench.hpp
[1.397s] -- Up-to-date: /home/muhayy/mbzirc_ws/src/install/include/ros_ign_interfaces/msg/entity_factory.hpp
[1.397s] -- Up-to-date: /home/muhayy/mbzirc_ws/src/install/include/ros_ign_interfaces/msg/gui_camera.hpp
[1.397s] -- Up-to-date: /home/muhayy/mbzirc_ws/src/install/include/ros_ign_interfaces/msg/entity.hpp
[1.397s] -- Up-to-date: /home/muhayy/mbzirc_ws/src/install/include/ros_ign_interfaces
[1.398s] -- Up-to-date: /home/muhayy/mbzirc_ws/src/install/include/ros_ign_interfaces/srv
[1.398s] -- Up-to-date: /home/muhayy/mbzirc_ws/src/install/include/ros_ign_interfaces/srv/detail
[1.398s] -- Up-to-date: /home/muhayy/mbzirc_ws/src/install/include/ros_ign_interfaces/srv/detail/delete_entity__type_support.cpp
[1.398s] -- Up-to-date: /home/muhayy/mbzirc_ws/src/install/include/ros_ign_interfaces/srv/detail/spawn_entity__rosidl_typesupport_introspection_cpp.hpp
[1.398s] -- Up-to-date: /home/muhayy/mbzirc_ws/src/install/include/ros_ign_interfaces/srv/detail/control_world__rosidl_typesupport_introspection_cpp.hpp
[1.398s] -- Up-to-date: /home/muhayy/mbzirc_ws/src/install/include/ros_ign_interfaces/srv/detail/delete_entity__rosidl_typesupport_introspection_cpp.hpp
[1.398s] -- Up-to-date: /home/muhayy/mbzirc_ws/src/install/include/ros_ign_interfaces/srv/detail/set_entity_pose__type_support.cpp
[1.398s] -- Up-to-date: /home/muhayy/mbzirc_ws/src/install/include/ros_ign_interfaces/srv/detail/set_entity_pose__rosidl_typesupport_introspection_cpp.hpp
[1.398s] -- Up-to-date: /home/muhayy/mbzirc_ws/src/install/include/ros_ign_interfaces/srv/detail/control_world__type_support.cpp
[1.399s] -- Up-to-date: /home/muhayy/mbzirc_ws/src/install/include/ros_ign_interfaces/srv/detail/spawn_entity__type_support.cpp
[1.399s] -- Up-to-date: /home/muhayy/mbzirc_ws/src/install/include/ros_ign_interfaces/msg
[1.399s] -- Up-to-date: /home/muhayy/mbzirc_ws/src/install/include/ros_ign_interfaces/msg/detail
[1.399s] -- Up-to-date: /home/muhayy/mbzirc_ws/src/install/include/ros_ign_interfaces/msg/detail/video_record__rosidl_typesupport_introspection_cpp.hpp
[1.399s] -- Up-to-date: /home/muhayy/mbzirc_ws/src/install/include/ros_ign_interfaces/msg/detail/light__rosidl_typesupport_introspection_cpp.hpp
[1.399s] -- Up-to-date: /home/muhayy/mbzirc_ws/src/install/include/ros_ign_interfaces/msg/detail/world_control__rosidl_typesupport_introspection_cpp.hpp
[1.399s] -- Up-to-date: /home/muhayy/mbzirc_ws/src/install/include/ros_ign_interfaces/msg/detail/entity__rosidl_typesupport_introspection_cpp.hpp
[1.399s] -- Up-to-date: /home/muhayy/mbzirc_ws/src/install/include/ros_ign_interfaces/msg/detail/world_control__type_support.cpp
[1.399s] -- Up-to-date: /home/muhayy/mbzirc_ws/src/install/include/ros_ign_interfaces/msg/detail/world_reset__type_support.cpp
[1.399s] -- Up-to-date: /home/muhayy/mbzirc_ws/src/install/include/ros_ign_interfaces/msg/detail/entity__type_support.cpp
[1.399s] -- Up-to-date: /home/muhayy/mbzirc_ws/src/install/include/ros_ign_interfaces/msg/detail/entity_factory__rosidl_typesupport_introspection_cpp.hpp
[1.400s] -- Up-to-date: /home/muhayy/mbzirc_ws/src/install/include/ros_ign_interfaces/msg/detail/string_vec__type_support.cpp
[1.400s] -- Up-to-date: /home/muhayy/mbzirc_ws/src/install/include/ros_ign_interfaces/msg/detail/light__type_support.cpp
[1.400s] -- Up-to-date: /home/muhayy/mbzirc_ws/src/install/include/ros_ign_interfaces/msg/detail/entity_factory__type_support.cpp
[1.400s] -- Up-to-date: /home/muhayy/mbzirc_ws/src/install/include/ros_ign_interfaces/msg/detail/dataframe__type_support.cpp
[1.400s] -- Up-to-date: /home/muhayy/mbzirc_ws/src/install/include/ros_ign_interfaces/msg/detail/contact__type_support.cpp
[1.400s] -- Up-to-date: /home/muhayy/mbzirc_ws/src/install/include/ros_ign_interfaces/msg/detail/track_visual__rosidl_typesupport_introspection_cpp.hpp
[1.400s] -- Up-to-date: /home/muhayy/mbzirc_ws/src/install/include/ros_ign_interfaces/msg/detail/contact__rosidl_typesupport_introspection_cpp.hpp
[1.400s] -- Up-to-date: /home/muhayy/mbzirc_ws/src/install/include/ros_ign_interfaces/msg/detail/gui_camera__rosidl_typesupport_introspection_cpp.hpp
[1.400s] -- Up-to-date: /home/muhayy/mbzirc_ws/src/install/include/ros_ign_interfaces/msg/detail/gui_camera__type_support.cpp
[1.401s] -- Up-to-date: /home/muhayy/mbzirc_ws/src/install/include/ros_ign_interfaces/msg/detail/track_visual__type_support.cpp
[1.405s] -- Up-to-date: /home/muhayy/mbzirc_ws/src/install/include/ros_ign_interfaces/msg/detail/video_record__type_support.cpp
[1.405s] -- Up-to-date: /home/muhayy/mbzirc_ws/src/install/include/ros_ign_interfaces/msg/detail/contacts__rosidl_typesupport_introspection_cpp.hpp
[1.405s] -- Up-to-date: /home/muhayy/mbzirc_ws/src/install/include/ros_ign_interfaces/msg/detail/joint_wrench__type_support.cpp
[1.406s] -- Up-to-date: /home/muhayy/mbzirc_ws/src/install/include/ros_ign_interfaces/msg/detail/dataframe__rosidl_typesupport_introspection_cpp.hpp
[1.406s] -- Up-to-date: /home/muhayy/mbzirc_ws/src/install/include/ros_ign_interfaces/msg/detail/joint_wrench__rosidl_typesupport_introspection_cpp.hpp
[1.406s] -- Up-to-date: /home/muhayy/mbzirc_ws/src/install/include/ros_ign_interfaces/msg/detail/string_vec__rosidl_typesupport_introspection_cpp.hpp
[1.406s] -- Up-to-date: /home/muhayy/mbzirc_ws/src/install/include/ros_ign_interfaces/msg/detail/contacts__type_support.cpp
[1.406s] -- Up-to-date: /home/muhayy/mbzirc_ws/src/install/include/ros_ign_interfaces/msg/detail/world_reset__rosidl_typesupport_introspection_cpp.hpp
[1.406s] -- Up-to-date: /home/muhayy/mbzirc_ws/src/install/lib/libros_ign_interfaces__rosidl_typesupport_introspection_cpp.so
[1.407s] -- Up-to-date: /home/muhayy/mbzirc_ws/src/install/lib/libros_ign_interfaces__rosidl_typesupport_cpp.so
[1.407s] -- Up-to-date: /home/muhayy/mbzirc_ws/src/install/share/ros_ign_interfaces/environment/pythonpath.sh
[1.407s] -- Up-to-date: /home/muhayy/mbzirc_ws/src/install/share/ros_ign_interfaces/environment/pythonpath.dsv
[1.407s] -- Up-to-date: /home/muhayy/mbzirc_ws/src/install/lib/python3.8/site-packages/ros_ign_interfaces/__init__.py
[1.412s] -- Up-to-date: /home/muhayy/mbzirc_ws/src/install/lib/python3.8/site-packages/ros_ign_interfaces/msg
[1.420s] -- Up-to-date: /home/muhayy/mbzirc_ws/src/install/lib/python3.8/site-packages/ros_ign_interfaces/msg/_entity.py
[1.420s] -- Up-to-date: /home/muhayy/mbzirc_ws/src/install/lib/python3.8/site-packages/ros_ign_interfaces/msg/__init__.py
[1.420s] -- Up-to-date: /home/muhayy/mbzirc_ws/src/install/lib/python3.8/site-packages/ros_ign_interfaces/msg/_entity_s.c
[1.420s] -- Up-to-date: /home/muhayy/mbzirc_ws/src/install/lib/python3.8/site-packages/ros_ign_interfaces/msg/_world_control.py
[1.421s] -- Up-to-date: /home/muhayy/mbzirc_ws/src/install/lib/python3.8/site-packages/ros_ign_interfaces/msg/_string_vec.py
[1.421s] -- Up-to-date: /home/muhayy/mbzirc_ws/src/install/lib/python3.8/site-packages/ros_ign_interfaces/msg/_contacts.py
[1.421s] -- Up-to-date: /home/muhayy/mbzirc_ws/src/install/lib/python3.8/site-packages/ros_ign_interfaces/msg/_contact.py
[1.421s] -- Up-to-date: /home/muhayy/mbzirc_ws/src/install/lib/python3.8/site-packages/ros_ign_interfaces/msg/_contact_s.c
[1.421s] -- Up-to-date: /home/muhayy/mbzirc_ws/src/install/lib/python3.8/site-packages/ros_ign_interfaces/msg/_gui_camera.py
[1.421s] -- Up-to-date: /home/muhayy/mbzirc_ws/src/install/lib/python3.8/site-packages/ros_ign_interfaces/msg/_string_vec_s.c
[1.421s] -- Up-to-date: /home/muhayy/mbzirc_ws/src/install/lib/python3.8/site-packages/ros_ign_interfaces/msg/_light_s.c
[1.421s] -- Up-to-date: /home/muhayy/mbzirc_ws/src/install/lib/python3.8/site-packages/ros_ign_interfaces/msg/_contacts_s.c
[1.422s] -- Up-to-date: /home/muhayy/mbzirc_ws/src/install/lib/python3.8/site-packages/ros_ign_interfaces/msg/_entity_factory.py
[1.422s] -- Up-to-date: /home/muhayy/mbzirc_ws/src/install/lib/python3.8/site-packages/ros_ign_interfaces/msg/_joint_wrench_s.c
[1.422s] -- Up-to-date: /home/muhayy/mbzirc_ws/src/install/lib/python3.8/site-packages/ros_ign_interfaces/msg/_dataframe.py
[1.422s] -- Up-to-date: /home/muhayy/mbzirc_ws/src/install/lib/python3.8/site-packages/ros_ign_interfaces/msg/_world_reset_s.c
[1.422s] -- Up-to-date: /home/muhayy/mbzirc_ws/src/install/lib/python3.8/site-packages/ros_ign_interfaces/msg/_track_visual.py
[1.422s] -- Up-to-date: /home/muhayy/mbzirc_ws/src/install/lib/python3.8/site-packages/ros_ign_interfaces/msg/_video_record_s.c
[1.422s] -- Up-to-date: /home/muhayy/mbzirc_ws/src/install/lib/python3.8/site-packages/ros_ign_interfaces/msg/_gui_camera_s.c
[1.422s] -- Up-to-date: /home/muhayy/mbzirc_ws/src/install/lib/python3.8/site-packages/ros_ign_interfaces/msg/_video_record.py
[1.423s] -- Up-to-date: /home/muhayy/mbzirc_ws/src/install/lib/python3.8/site-packages/ros_ign_interfaces/msg/_entity_factory_s.c
[1.423s] -- Up-to-date: /home/muhayy/mbzirc_ws/src/install/lib/python3.8/site-packages/ros_ign_interfaces/msg/_world_control_s.c
[1.423s] -- Up-to-date: /home/muhayy/mbzirc_ws/src/install/lib/python3.8/site-packages/ros_ign_interfaces/msg/_track_visual_s.c
[1.424s] -- Up-to-date: /home/muhayy/mbzirc_ws/src/install/lib/python3.8/site-packages/ros_ign_interfaces/msg/_light.py
[1.424s] -- Up-to-date: /home/muhayy/mbzirc_ws/src/install/lib/python3.8/site-packages/ros_ign_interfaces/msg/_dataframe_s.c
[1.424s] -- Up-to-date: /home/muhayy/mbzirc_ws/src/install/lib/python3.8/site-packages/ros_ign_interfaces/msg/_joint_wrench.py
[1.424s] -- Up-to-date: /home/muhayy/mbzirc_ws/src/install/lib/python3.8/site-packages/ros_ign_interfaces/msg/_world_reset.py
[1.425s] -- Up-to-date: /home/muhayy/mbzirc_ws/src/install/lib/python3.8/site-packages/ros_ign_interfaces/srv
[1.425s] -- Up-to-date: /home/muhayy/mbzirc_ws/src/install/lib/python3.8/site-packages/ros_ign_interfaces/srv/__init__.py
[1.425s] -- Up-to-date: /home/muhayy/mbzirc_ws/src/install/lib/python3.8/site-packages/ros_ign_interfaces/srv/_set_entity_pose_s.c
[1.425s] -- Up-to-date: /home/muhayy/mbzirc_ws/src/install/lib/python3.8/site-packages/ros_ign_interfaces/srv/_control_world.py
[1.426s] -- Up-to-date: /home/muhayy/mbzirc_ws/src/install/lib/python3.8/site-packages/ros_ign_interfaces/srv/_set_entity_pose.py
[1.426s] -- Up-to-date: /home/muhayy/mbzirc_ws/src/install/lib/python3.8/site-packages/ros_ign_interfaces/srv/_control_world_s.c
[1.426s] -- Up-to-date: /home/muhayy/mbzirc_ws/src/install/lib/python3.8/site-packages/ros_ign_interfaces/srv/_delete_entity_s.c
[1.426s] -- Up-to-date: /home/muhayy/mbzirc_ws/src/install/lib/python3.8/site-packages/ros_ign_interfaces/srv/_delete_entity.py
[1.426s] -- Up-to-date: /home/muhayy/mbzirc_ws/src/install/lib/python3.8/site-packages/ros_ign_interfaces/srv/_spawn_entity.py
[1.426s] -- Up-to-date: /home/muhayy/mbzirc_ws/src/install/lib/python3.8/site-packages/ros_ign_interfaces/srv/_spawn_entity_s.c
[1.426s] -- Up-to-date: /home/muhayy/mbzirc_ws/src/install/lib/python3.8/site-packages/ros_ign_interfaces/ros_ign_interfaces_s__rosidl_typesupport_fastrtps_c.cpython-38-x86_64-linux-gnu.so
[1.427s] -- Up-to-date: /home/muhayy/mbzirc_ws/src/install/lib/python3.8/site-packages/ros_ign_interfaces/ros_ign_interfaces_s__rosidl_typesupport_introspection_c.cpython-38-x86_64-linux-gnu.so
[1.428s] -- Up-to-date: /home/muhayy/mbzirc_ws/src/install/lib/python3.8/site-packages/ros_ign_interfaces/ros_ign_interfaces_s__rosidl_typesupport_c.cpython-38-x86_64-linux-gnu.so
[1.428s] -- Up-to-date: /home/muhayy/mbzirc_ws/src/install/lib/libros_ign_interfaces__python.so
[1.428s] -- Up-to-date: /home/muhayy/mbzirc_ws/src/install/share/ros_ign_interfaces/msg/Contact.idl
[1.428s] -- Up-to-date: /home/muhayy/mbzirc_ws/src/install/share/ros_ign_interfaces/msg/Contacts.idl
[1.428s] -- Up-to-date: /home/muhayy/mbzirc_ws/src/install/share/ros_ign_interfaces/msg/Dataframe.idl
[1.429s] -- Up-to-date: /home/muhayy/mbzirc_ws/src/install/share/ros_ign_interfaces/msg/Entity.idl
[1.429s] -- Up-to-date: /home/muhayy/mbzirc_ws/src/install/share/ros_ign_interfaces/msg/EntityFactory.idl
[1.429s] -- Up-to-date: /home/muhayy/mbzirc_ws/src/install/share/ros_ign_interfaces/msg/GuiCamera.idl
[1.429s] -- Up-to-date: /home/muhayy/mbzirc_ws/src/install/share/ros_ign_interfaces/msg/JointWrench.idl
[1.430s] -- Up-to-date: /home/muhayy/mbzirc_ws/src/install/share/ros_ign_interfaces/msg/Light.idl
[1.430s] -- Up-to-date: /home/muhayy/mbzirc_ws/src/install/share/ros_ign_interfaces/msg/StringVec.idl
[1.430s] -- Up-to-date: /home/muhayy/mbzirc_ws/src/install/share/ros_ign_interfaces/msg/TrackVisual.idl
[1.431s] -- Up-to-date: /home/muhayy/mbzirc_ws/src/install/share/ros_ign_interfaces/msg/VideoRecord.idl
[1.431s] -- Up-to-date: /home/muhayy/mbzirc_ws/src/install/share/ros_ign_interfaces/msg/WorldControl.idl
[1.431s] -- Up-to-date: /home/muhayy/mbzirc_ws/src/install/share/ros_ign_interfaces/msg/WorldReset.idl
[1.432s] -- Up-to-date: /home/muhayy/mbzirc_ws/src/install/share/ros_ign_interfaces/srv/ControlWorld.idl
[1.436s] -- Up-to-date: /home/muhayy/mbzirc_ws/src/install/share/ros_ign_interfaces/srv/DeleteEntity.idl
[1.436s] -- Up-to-date: /home/muhayy/mbzirc_ws/src/install/share/ros_ign_interfaces/srv/SetEntityPose.idl
[1.436s] -- Up-to-date: /home/muhayy/mbzirc_ws/src/install/share/ros_ign_interfaces/srv/SpawnEntity.idl
[1.436s] -- Up-to-date: /home/muhayy/mbzirc_ws/src/install/share/ros_ign_interfaces/msg/Contact.msg
[1.436s] -- Up-to-date: /home/muhayy/mbzirc_ws/src/install/share/ros_ign_interfaces/msg/Contacts.msg
[1.437s] -- Up-to-date: /home/muhayy/mbzirc_ws/src/install/share/ros_ign_interfaces/msg/Dataframe.msg
[1.437s] -- Up-to-date: /home/muhayy/mbzirc_ws/src/install/share/ros_ign_interfaces/msg/Entity.msg
[1.437s] -- Up-to-date: /home/muhayy/mbzirc_ws/src/install/share/ros_ign_interfaces/msg/EntityFactory.msg
[1.437s] -- Up-to-date: /home/muhayy/mbzirc_ws/src/install/share/ros_ign_interfaces/msg/GuiCamera.msg
[1.437s] -- Up-to-date: /home/muhayy/mbzirc_ws/src/install/share/ros_ign_interfaces/msg/JointWrench.msg
[1.438s] -- Up-to-date: /home/muhayy/mbzirc_ws/src/install/share/ros_ign_interfaces/msg/Light.msg
[1.438s] -- Up-to-date: /home/muhayy/mbzirc_ws/src/install/share/ros_ign_interfaces/msg/StringVec.msg
[1.438s] -- Up-to-date: /home/muhayy/mbzirc_ws/src/install/share/ros_ign_interfaces/msg/TrackVisual.msg
[1.438s] -- Up-to-date: /home/muhayy/mbzirc_ws/src/install/share/ros_ign_interfaces/msg/VideoRecord.msg
[1.438s] -- Up-to-date: /home/muhayy/mbzirc_ws/src/install/share/ros_ign_interfaces/msg/WorldControl.msg
[1.438s] -- Up-to-date: /home/muhayy/mbzirc_ws/src/install/share/ros_ign_interfaces/msg/WorldReset.msg
[1.438s] -- Up-to-date: /home/muhayy/mbzirc_ws/src/install/share/ros_ign_interfaces/srv/ControlWorld.srv
[1.438s] -- Up-to-date: /home/muhayy/mbzirc_ws/src/install/share/ros_ign_interfaces/srv/ControlWorld_Request.msg
[1.438s] -- Up-to-date: /home/muhayy/mbzirc_ws/src/install/share/ros_ign_interfaces/srv/ControlWorld_Response.msg
[1.438s] -- Up-to-date: /home/muhayy/mbzirc_ws/src/install/share/ros_ign_interfaces/srv/DeleteEntity.srv
[1.439s] -- Up-to-date: /home/muhayy/mbzirc_ws/src/install/share/ros_ign_interfaces/srv/DeleteEntity_Request.msg
[1.439s] -- Up-to-date: /home/muhayy/mbzirc_ws/src/install/share/ros_ign_interfaces/srv/DeleteEntity_Response.msg
[1.439s] -- Up-to-date: /home/muhayy/mbzirc_ws/src/install/share/ros_ign_interfaces/srv/SetEntityPose.srv
[1.439s] -- Up-to-date: /home/muhayy/mbzirc_ws/src/install/share/ros_ign_interfaces/srv/SetEntityPose_Request.msg
[1.439s] -- Up-to-date: /home/muhayy/mbzirc_ws/src/install/share/ros_ign_interfaces/srv/SetEntityPose_Response.msg
[1.439s] -- Up-to-date: /home/muhayy/mbzirc_ws/src/install/share/ros_ign_interfaces/srv/SpawnEntity.srv
[1.439s] -- Up-to-date: /home/muhayy/mbzirc_ws/src/install/share/ros_ign_interfaces/srv/SpawnEntity_Request.msg
[1.439s] -- Up-to-date: /home/muhayy/mbzirc_ws/src/install/share/ros_ign_interfaces/srv/SpawnEntity_Response.msg
[1.439s] -- Up-to-date: /home/muhayy/mbzirc_ws/src/install/share/ament_index/resource_index/package_run_dependencies/ros_ign_interfaces
[1.440s] -- Up-to-date: /home/muhayy/mbzirc_ws/src/install/share/ament_index/resource_index/parent_prefix_path/ros_ign_interfaces
[1.440s] -- Up-to-date: /home/muhayy/mbzirc_ws/src/install/share/ros_ign_interfaces/environment/ament_prefix_path.sh
[1.440s] -- Up-to-date: /home/muhayy/mbzirc_ws/src/install/share/ros_ign_interfaces/environment/ament_prefix_path.dsv
[1.441s] -- Up-to-date: /home/muhayy/mbzirc_ws/src/install/share/ros_ign_interfaces/environment/path.sh
[1.441s] -- Up-to-date: /home/muhayy/mbzirc_ws/src/install/share/ros_ign_interfaces/environment/path.dsv
[1.441s] -- Up-to-date: /home/muhayy/mbzirc_ws/src/install/share/ros_ign_interfaces/local_setup.bash
[1.442s] -- Up-to-date: /home/muhayy/mbzirc_ws/src/install/share/ros_ign_interfaces/local_setup.sh
[1.442s] -- Up-to-date: /home/muhayy/mbzirc_ws/src/install/share/ros_ign_interfaces/local_setup.zsh
[1.442s] -- Up-to-date: /home/muhayy/mbzirc_ws/src/install/share/ros_ign_interfaces/local_setup.dsv
[1.443s] -- Installing: /home/muhayy/mbzirc_ws/src/install/share/ros_ign_interfaces/package.dsv
[1.443s] -- Up-to-date: /home/muhayy/mbzirc_ws/src/install/share/ament_index/resource_index/packages/ros_ign_interfaces
[1.444s] -- Up-to-date: /home/muhayy/mbzirc_ws/src/install/share/ros_ign_interfaces/cmake/ros_ign_interfaces__rosidl_generator_cExport.cmake
[1.444s] -- Up-to-date: /home/muhayy/mbzirc_ws/src/install/share/ros_ign_interfaces/cmake/ros_ign_interfaces__rosidl_generator_cExport-noconfig.cmake
[1.445s] -- Up-to-date: /home/muhayy/mbzirc_ws/src/install/share/ros_ign_interfaces/cmake/ros_ign_interfaces__rosidl_typesupport_introspection_cExport.cmake
[1.445s] -- Up-to-date: /home/muhayy/mbzirc_ws/src/install/share/ros_ign_interfaces/cmake/ros_ign_interfaces__rosidl_typesupport_introspection_cExport-noconfig.cmake
[1.445s] -- Up-to-date: /home/muhayy/mbzirc_ws/src/install/share/ros_ign_interfaces/cmake/ros_ign_interfaces__rosidl_typesupport_cExport.cmake
[1.445s] -- Up-to-date: /home/muhayy/mbzirc_ws/src/install/share/ros_ign_interfaces/cmake/ros_ign_interfaces__rosidl_typesupport_cExport-noconfig.cmake
[1.445s] -- Up-to-date: /home/muhayy/mbzirc_ws/src/install/share/ros_ign_interfaces/cmake/ros_ign_interfaces__rosidl_generator_cppExport.cmake
[1.445s] -- Up-to-date: /home/muhayy/mbzirc_ws/src/install/share/ros_ign_interfaces/cmake/ros_ign_interfaces__rosidl_typesupport_introspection_cppExport.cmake
[1.445s] -- Up-to-date: /home/muhayy/mbzirc_ws/src/install/share/ros_ign_interfaces/cmake/ros_ign_interfaces__rosidl_typesupport_introspection_cppExport-noconfig.cmake
[1.445s] -- Up-to-date: /home/muhayy/mbzirc_ws/src/install/share/ros_ign_interfaces/cmake/ros_ign_interfaces__rosidl_typesupport_cppExport.cmake
[1.445s] -- Up-to-date: /home/muhayy/mbzirc_ws/src/install/share/ros_ign_interfaces/cmake/ros_ign_interfaces__rosidl_typesupport_cppExport-noconfig.cmake
[1.445s] -- Up-to-date: /home/muhayy/mbzirc_ws/src/install/share/ros_ign_interfaces/cmake/rosidl_cmake-extras.cmake
[1.446s] -- Up-to-date: /home/muhayy/mbzirc_ws/src/install/share/ros_ign_interfaces/cmake/ament_cmake_export_dependencies-extras.cmake
[1.446s] -- Up-to-date: /home/muhayy/mbzirc_ws/src/install/share/ros_ign_interfaces/cmake/ament_cmake_export_libraries-extras.cmake
[1.446s] -- Up-to-date: /home/muhayy/mbzirc_ws/src/install/share/ros_ign_interfaces/cmake/ament_cmake_export_targets-extras.cmake
[1.446s] -- Up-to-date: /home/muhayy/mbzirc_ws/src/install/share/ros_ign_interfaces/cmake/ament_cmake_export_include_directories-extras.cmake
[1.446s] -- Up-to-date: /home/muhayy/mbzirc_ws/src/install/share/ros_ign_interfaces/cmake/rosidl_cmake_export_typesupport_libraries-extras.cmake
[1.446s] -- Up-to-date: /home/muhayy/mbzirc_ws/src/install/share/ros_ign_interfaces/cmake/rosidl_cmake_export_typesupport_targets-extras.cmake
[1.446s] -- Up-to-date: /home/muhayy/mbzirc_ws/src/install/share/ros_ign_interfaces/cmake/ros_ign_interfacesConfig.cmake
[1.446s] -- Up-to-date: /home/muhayy/mbzirc_ws/src/install/share/ros_ign_interfaces/cmake/ros_ign_interfacesConfig-version.cmake
[1.446s] -- Up-to-date: /home/muhayy/mbzirc_ws/src/install/share/ros_ign_interfaces/package.xml
[1.513s] Invoked command in '/home/muhayy/mbzirc_ws/src/build/ros_ign_interfaces' returned '0': CMAKE_PREFIX_PATH=${CMAKE_PREFIX_PATH}:/opt/ros/galactic /usr/bin/cmake --install /home/muhayy/mbzirc_ws/src/build/ros_ign_interfaces
