[1.361s] Invoking command in '/home/muhayy/mbzirc_ws/src/urdf_tutorial_r2d2': PYTHONPATH=/home/muhayy/mbzirc_ws/src/install/lib/python3.8/site-packages:${PYTHONPATH} /usr/bin/python3 setup.py egg_info --egg-base ../build/urdf_tutorial_r2d2 build --build-base /home/muhayy/mbzirc_ws/src/build/urdf_tutorial_r2d2/build install --prefix /home/muhayy/mbzirc_ws/src/install --record /home/muhayy/mbzirc_ws/src/build/urdf_tutorial_r2d2/install.log --single-version-externally-managed
[1.637s] running egg_info
[1.638s] writing ../build/urdf_tutorial_r2d2/urdf_tutorial_r2d2.egg-info/PKG-INFO
[1.638s] writing dependency_links to ../build/urdf_tutorial_r2d2/urdf_tutorial_r2d2.egg-info/dependency_links.txt
[1.639s] writing entry points to ../build/urdf_tutorial_r2d2/urdf_tutorial_r2d2.egg-info/entry_points.txt
[1.641s] writing requirements to ../build/urdf_tutorial_r2d2/urdf_tutorial_r2d2.egg-info/requires.txt
[1.642s] writing top-level names to ../build/urdf_tutorial_r2d2/urdf_tutorial_r2d2.egg-info/top_level.txt
[1.693s] reading manifest file '../build/urdf_tutorial_r2d2/urdf_tutorial_r2d2.egg-info/SOURCES.txt'
[1.695s] writing manifest file '../build/urdf_tutorial_r2d2/urdf_tutorial_r2d2.egg-info/SOURCES.txt'
[1.695s] running build
[1.695s] running build_py
[1.695s] running install
[1.696s] running install_lib
[1.698s] running install_data
[1.699s] running install_egg_info
[1.701s] removing '/home/muhayy/mbzirc_ws/src/install/lib/python3.8/site-packages/urdf_tutorial_r2d2-0.0.0-py3.8.egg-info' (and everything under it)
[1.701s] Copying ../build/urdf_tutorial_r2d2/urdf_tutorial_r2d2.egg-info to /home/muhayy/mbzirc_ws/src/install/lib/python3.8/site-packages/urdf_tutorial_r2d2-0.0.0-py3.8.egg-info
[1.702s] running install_scripts
[1.728s] Installing state_publisher script to /home/muhayy/mbzirc_ws/src/install/lib/urdf_tutorial_r2d2
[1.728s] writing list of installed files to '/home/muhayy/mbzirc_ws/src/build/urdf_tutorial_r2d2/install.log'
[1.753s] Invoked command in '/home/muhayy/mbzirc_ws/src/urdf_tutorial_r2d2' returned '0': PYTHONPATH=/home/muhayy/mbzirc_ws/src/install/lib/python3.8/site-packages:${PYTHONPATH} /usr/bin/python3 setup.py egg_info --egg-base ../build/urdf_tutorial_r2d2 build --build-base /home/muhayy/mbzirc_ws/src/build/urdf_tutorial_r2d2/build install --prefix /home/muhayy/mbzirc_ws/src/install --record /home/muhayy/mbzirc_ws/src/build/urdf_tutorial_r2d2/install.log --single-version-externally-managed
