[2.425s] Invoking command in '/home/muhayy/mbzirc_ws/src/teleop_twist_keyboard': PYTHONPATH=/home/muhayy/mbzirc_ws/src/install/lib/python3.8/site-packages:${PYTHONPATH} /usr/bin/python3 setup.py egg_info --egg-base ../build/teleop_twist_keyboard build --build-base /home/muhayy/mbzirc_ws/src/build/teleop_twist_keyboard/build install --prefix /home/muhayy/mbzirc_ws/src/install --record /home/muhayy/mbzirc_ws/src/build/teleop_twist_keyboard/install.log --single-version-externally-managed
[2.792s] running egg_info
[2.793s] creating ../build/teleop_twist_keyboard/teleop_twist_keyboard.egg-info
[2.794s] writing ../build/teleop_twist_keyboard/teleop_twist_keyboard.egg-info/PKG-INFO
[2.794s] writing dependency_links to ../build/teleop_twist_keyboard/teleop_twist_keyboard.egg-info/dependency_links.txt
[2.795s] writing entry points to ../build/teleop_twist_keyboard/teleop_twist_keyboard.egg-info/entry_points.txt
[2.795s] writing requirements to ../build/teleop_twist_keyboard/teleop_twist_keyboard.egg-info/requires.txt
[2.795s] writing top-level names to ../build/teleop_twist_keyboard/teleop_twist_keyboard.egg-info/top_level.txt
[2.797s] writing manifest file '../build/teleop_twist_keyboard/teleop_twist_keyboard.egg-info/SOURCES.txt'
[2.845s] reading manifest file '../build/teleop_twist_keyboard/teleop_twist_keyboard.egg-info/SOURCES.txt'
[2.845s] writing manifest file '../build/teleop_twist_keyboard/teleop_twist_keyboard.egg-info/SOURCES.txt'
[2.846s] running build
[2.846s] running build_py
[2.846s] creating /home/muhayy/mbzirc_ws/src/build/teleop_twist_keyboard/build
[2.846s] creating /home/muhayy/mbzirc_ws/src/build/teleop_twist_keyboard/build/lib
[2.846s] copying teleop_twist_keyboard.py -> /home/muhayy/mbzirc_ws/src/build/teleop_twist_keyboard/build/lib
[2.847s] running install
[2.848s] running install_lib
[2.849s] copying /home/muhayy/mbzirc_ws/src/build/teleop_twist_keyboard/build/lib/teleop_twist_keyboard.py -> /home/muhayy/mbzirc_ws/src/install/lib/python3.8/site-packages
[2.850s] byte-compiling /home/muhayy/mbzirc_ws/src/install/lib/python3.8/site-packages/teleop_twist_keyboard.py to teleop_twist_keyboard.cpython-38.pyc
[2.853s] running install_data
[2.854s] copying resource/teleop_twist_keyboard -> /home/muhayy/mbzirc_ws/src/install/share/ament_index/resource_index/packages
[2.854s] copying package.xml -> /home/muhayy/mbzirc_ws/src/install/share/teleop_twist_keyboard
[2.854s] running install_egg_info
[2.856s] Copying ../build/teleop_twist_keyboard/teleop_twist_keyboard.egg-info to /home/muhayy/mbzirc_ws/src/install/lib/python3.8/site-packages/teleop_twist_keyboard-2.3.2-py3.8.egg-info
[2.858s] running install_scripts
[2.883s] Installing teleop_twist_keyboard script to /home/muhayy/mbzirc_ws/src/install/lib/teleop_twist_keyboard
[2.883s] writing list of installed files to '/home/muhayy/mbzirc_ws/src/build/teleop_twist_keyboard/install.log'
[2.921s] Invoked command in '/home/muhayy/mbzirc_ws/src/teleop_twist_keyboard' returned '0': PYTHONPATH=/home/muhayy/mbzirc_ws/src/install/lib/python3.8/site-packages:${PYTHONPATH} /usr/bin/python3 setup.py egg_info --egg-base ../build/teleop_twist_keyboard build --build-base /home/muhayy/mbzirc_ws/src/build/teleop_twist_keyboard/build install --prefix /home/muhayy/mbzirc_ws/src/install --record /home/muhayy/mbzirc_ws/src/build/teleop_twist_keyboard/install.log --single-version-externally-managed
