[2.430s] Invoking command in '/home/muhayy/mbzirc_ws/src/turtlebot3/turtlebot3_example': PYTHONPATH=/home/muhayy/mbzirc_ws/src/install/lib/python3.8/site-packages:${PYTHONPATH} /usr/bin/python3 setup.py egg_info --egg-base ../../build/turtlebot3_example build --build-base /home/muhayy/mbzirc_ws/src/build/turtlebot3_example/build install --prefix /home/muhayy/mbzirc_ws/src/install --record /home/muhayy/mbzirc_ws/src/build/turtlebot3_example/install.log --single-version-externally-managed
[2.939s] running egg_info
[2.940s] creating ../../build/turtlebot3_example/turtlebot3_example.egg-info
[2.942s] writing ../../build/turtlebot3_example/turtlebot3_example.egg-info/PKG-INFO
[2.943s] writing dependency_links to ../../build/turtlebot3_example/turtlebot3_example.egg-info/dependency_links.txt
[2.945s] writing entry points to ../../build/turtlebot3_example/turtlebot3_example.egg-info/entry_points.txt
[2.946s] writing requirements to ../../build/turtlebot3_example/turtlebot3_example.egg-info/requires.txt
[2.946s] writing top-level names to ../../build/turtlebot3_example/turtlebot3_example.egg-info/top_level.txt
[2.947s] writing manifest file '../../build/turtlebot3_example/turtlebot3_example.egg-info/SOURCES.txt'
[2.947s] reading manifest file '../../build/turtlebot3_example/turtlebot3_example.egg-info/SOURCES.txt'
[2.947s] writing manifest file '../../build/turtlebot3_example/turtlebot3_example.egg-info/SOURCES.txt'
[2.947s] running build
[2.947s] running build_py
[2.947s] creating /home/muhayy/mbzirc_ws/src/build/turtlebot3_example/build
[2.947s] creating /home/muhayy/mbzirc_ws/src/build/turtlebot3_example/build/lib
[2.947s] creating /home/muhayy/mbzirc_ws/src/build/turtlebot3_example/build/lib/turtlebot3_example
[2.947s] copying turtlebot3_example/__init__.py -> /home/muhayy/mbzirc_ws/src/build/turtlebot3_example/build/lib/turtlebot3_example
[2.947s] creating /home/muhayy/mbzirc_ws/src/build/turtlebot3_example/build/lib/turtlebot3_example/turtlebot3_obstacle_detection
[2.947s] copying turtlebot3_example/turtlebot3_obstacle_detection/__init__.py -> /home/muhayy/mbzirc_ws/src/build/turtlebot3_example/build/lib/turtlebot3_example/turtlebot3_obstacle_detection
[2.947s] copying turtlebot3_example/turtlebot3_obstacle_detection/turtlebot3_obstacle_detection.py -> /home/muhayy/mbzirc_ws/src/build/turtlebot3_example/build/lib/turtlebot3_example/turtlebot3_obstacle_detection
[2.947s] copying turtlebot3_example/turtlebot3_obstacle_detection/main.py -> /home/muhayy/mbzirc_ws/src/build/turtlebot3_example/build/lib/turtlebot3_example/turtlebot3_obstacle_detection
[2.948s] creating /home/muhayy/mbzirc_ws/src/build/turtlebot3_example/build/lib/turtlebot3_example/turtlebot3_position_control
[2.948s] copying turtlebot3_example/turtlebot3_position_control/__init__.py -> /home/muhayy/mbzirc_ws/src/build/turtlebot3_example/build/lib/turtlebot3_example/turtlebot3_position_control
[2.948s] copying turtlebot3_example/turtlebot3_position_control/main.py -> /home/muhayy/mbzirc_ws/src/build/turtlebot3_example/build/lib/turtlebot3_example/turtlebot3_position_control
[2.948s] copying turtlebot3_example/turtlebot3_position_control/turtlebot3_path.py -> /home/muhayy/mbzirc_ws/src/build/turtlebot3_example/build/lib/turtlebot3_example/turtlebot3_position_control
[2.949s] copying turtlebot3_example/turtlebot3_position_control/turtlebot3_position_control.py -> /home/muhayy/mbzirc_ws/src/build/turtlebot3_example/build/lib/turtlebot3_example/turtlebot3_position_control
[2.950s] creating /home/muhayy/mbzirc_ws/src/build/turtlebot3_example/build/lib/turtlebot3_example/turtlebot3_patrol_client
[2.950s] copying turtlebot3_example/turtlebot3_patrol_client/__init__.py -> /home/muhayy/mbzirc_ws/src/build/turtlebot3_example/build/lib/turtlebot3_example/turtlebot3_patrol_client
[2.950s] copying turtlebot3_example/turtlebot3_patrol_client/turtlebot3_patrol_client.py -> /home/muhayy/mbzirc_ws/src/build/turtlebot3_example/build/lib/turtlebot3_example/turtlebot3_patrol_client
[2.951s] copying turtlebot3_example/turtlebot3_patrol_client/main.py -> /home/muhayy/mbzirc_ws/src/build/turtlebot3_example/build/lib/turtlebot3_example/turtlebot3_patrol_client
[2.951s] creating /home/muhayy/mbzirc_ws/src/build/turtlebot3_example/build/lib/turtlebot3_example/turtlebot3_patrol_server
[2.951s] copying turtlebot3_example/turtlebot3_patrol_server/__init__.py -> /home/muhayy/mbzirc_ws/src/build/turtlebot3_example/build/lib/turtlebot3_example/turtlebot3_patrol_server
[2.951s] copying turtlebot3_example/turtlebot3_patrol_server/turtlebot3_patrol_server.py -> /home/muhayy/mbzirc_ws/src/build/turtlebot3_example/build/lib/turtlebot3_example/turtlebot3_patrol_server
[2.951s] copying turtlebot3_example/turtlebot3_patrol_server/main.py -> /home/muhayy/mbzirc_ws/src/build/turtlebot3_example/build/lib/turtlebot3_example/turtlebot3_patrol_server
[2.951s] copying turtlebot3_example/turtlebot3_patrol_server/turtlebot3_path.py -> /home/muhayy/mbzirc_ws/src/build/turtlebot3_example/build/lib/turtlebot3_example/turtlebot3_patrol_server
[2.951s] running install
[2.951s] running install_lib
[2.951s] creating /home/muhayy/mbzirc_ws/src/install/lib/python3.8/site-packages/turtlebot3_example
[2.951s] copying /home/muhayy/mbzirc_ws/src/build/turtlebot3_example/build/lib/turtlebot3_example/__init__.py -> /home/muhayy/mbzirc_ws/src/install/lib/python3.8/site-packages/turtlebot3_example
[2.952s] creating /home/muhayy/mbzirc_ws/src/install/lib/python3.8/site-packages/turtlebot3_example/turtlebot3_obstacle_detection
[2.952s] copying /home/muhayy/mbzirc_ws/src/build/turtlebot3_example/build/lib/turtlebot3_example/turtlebot3_obstacle_detection/__init__.py -> /home/muhayy/mbzirc_ws/src/install/lib/python3.8/site-packages/turtlebot3_example/turtlebot3_obstacle_detection
[2.952s] copying /home/muhayy/mbzirc_ws/src/build/turtlebot3_example/build/lib/turtlebot3_example/turtlebot3_obstacle_detection/turtlebot3_obstacle_detection.py -> /home/muhayy/mbzirc_ws/src/install/lib/python3.8/site-packages/turtlebot3_example/turtlebot3_obstacle_detection
[2.952s] copying /home/muhayy/mbzirc_ws/src/build/turtlebot3_example/build/lib/turtlebot3_example/turtlebot3_obstacle_detection/main.py -> /home/muhayy/mbzirc_ws/src/install/lib/python3.8/site-packages/turtlebot3_example/turtlebot3_obstacle_detection
[2.952s] creating /home/muhayy/mbzirc_ws/src/install/lib/python3.8/site-packages/turtlebot3_example/turtlebot3_position_control
[2.952s] copying /home/muhayy/mbzirc_ws/src/build/turtlebot3_example/build/lib/turtlebot3_example/turtlebot3_position_control/__init__.py -> /home/muhayy/mbzirc_ws/src/install/lib/python3.8/site-packages/turtlebot3_example/turtlebot3_position_control
[2.952s] copying /home/muhayy/mbzirc_ws/src/build/turtlebot3_example/build/lib/turtlebot3_example/turtlebot3_position_control/main.py -> /home/muhayy/mbzirc_ws/src/install/lib/python3.8/site-packages/turtlebot3_example/turtlebot3_position_control
[2.952s] copying /home/muhayy/mbzirc_ws/src/build/turtlebot3_example/build/lib/turtlebot3_example/turtlebot3_position_control/turtlebot3_path.py -> /home/muhayy/mbzirc_ws/src/install/lib/python3.8/site-packages/turtlebot3_example/turtlebot3_position_control
[2.953s] copying /home/muhayy/mbzirc_ws/src/build/turtlebot3_example/build/lib/turtlebot3_example/turtlebot3_position_control/turtlebot3_position_control.py -> /home/muhayy/mbzirc_ws/src/install/lib/python3.8/site-packages/turtlebot3_example/turtlebot3_position_control
[2.953s] creating /home/muhayy/mbzirc_ws/src/install/lib/python3.8/site-packages/turtlebot3_example/turtlebot3_patrol_client
[2.953s] copying /home/muhayy/mbzirc_ws/src/build/turtlebot3_example/build/lib/turtlebot3_example/turtlebot3_patrol_client/__init__.py -> /home/muhayy/mbzirc_ws/src/install/lib/python3.8/site-packages/turtlebot3_example/turtlebot3_patrol_client
[2.953s] copying /home/muhayy/mbzirc_ws/src/build/turtlebot3_example/build/lib/turtlebot3_example/turtlebot3_patrol_client/turtlebot3_patrol_client.py -> /home/muhayy/mbzirc_ws/src/install/lib/python3.8/site-packages/turtlebot3_example/turtlebot3_patrol_client
[2.953s] copying /home/muhayy/mbzirc_ws/src/build/turtlebot3_example/build/lib/turtlebot3_example/turtlebot3_patrol_client/main.py -> /home/muhayy/mbzirc_ws/src/install/lib/python3.8/site-packages/turtlebot3_example/turtlebot3_patrol_client
[2.953s] creating /home/muhayy/mbzirc_ws/src/install/lib/python3.8/site-packages/turtlebot3_example/turtlebot3_patrol_server
[2.953s] copying /home/muhayy/mbzirc_ws/src/build/turtlebot3_example/build/lib/turtlebot3_example/turtlebot3_patrol_server/__init__.py -> /home/muhayy/mbzirc_ws/src/install/lib/python3.8/site-packages/turtlebot3_example/turtlebot3_patrol_server
[2.953s] copying /home/muhayy/mbzirc_ws/src/build/turtlebot3_example/build/lib/turtlebot3_example/turtlebot3_patrol_server/turtlebot3_patrol_server.py -> /home/muhayy/mbzirc_ws/src/install/lib/python3.8/site-packages/turtlebot3_example/turtlebot3_patrol_server
[2.953s] copying /home/muhayy/mbzirc_ws/src/build/turtlebot3_example/build/lib/turtlebot3_example/turtlebot3_patrol_server/main.py -> /home/muhayy/mbzirc_ws/src/install/lib/python3.8/site-packages/turtlebot3_example/turtlebot3_patrol_server
[2.954s] copying /home/muhayy/mbzirc_ws/src/build/turtlebot3_example/build/lib/turtlebot3_example/turtlebot3_patrol_server/turtlebot3_path.py -> /home/muhayy/mbzirc_ws/src/install/lib/python3.8/site-packages/turtlebot3_example/turtlebot3_patrol_server
[2.954s] byte-compiling /home/muhayy/mbzirc_ws/src/install/lib/python3.8/site-packages/turtlebot3_example/__init__.py to __init__.cpython-38.pyc
[2.954s] byte-compiling /home/muhayy/mbzirc_ws/src/install/lib/python3.8/site-packages/turtlebot3_example/turtlebot3_obstacle_detection/__init__.py to __init__.cpython-38.pyc
[2.954s] byte-compiling /home/muhayy/mbzirc_ws/src/install/lib/python3.8/site-packages/turtlebot3_example/turtlebot3_obstacle_detection/turtlebot3_obstacle_detection.py to turtlebot3_obstacle_detection.cpython-38.pyc
[2.954s] byte-compiling /home/muhayy/mbzirc_ws/src/install/lib/python3.8/site-packages/turtlebot3_example/turtlebot3_obstacle_detection/main.py to main.cpython-38.pyc
[2.954s] byte-compiling /home/muhayy/mbzirc_ws/src/install/lib/python3.8/site-packages/turtlebot3_example/turtlebot3_position_control/__init__.py to __init__.cpython-38.pyc
[2.954s] byte-compiling /home/muhayy/mbzirc_ws/src/install/lib/python3.8/site-packages/turtlebot3_example/turtlebot3_position_control/main.py to main.cpython-38.pyc
[2.954s] byte-compiling /home/muhayy/mbzirc_ws/src/install/lib/python3.8/site-packages/turtlebot3_example/turtlebot3_position_control/turtlebot3_path.py to turtlebot3_path.cpython-38.pyc
[2.955s] byte-compiling /home/muhayy/mbzirc_ws/src/install/lib/python3.8/site-packages/turtlebot3_example/turtlebot3_position_control/turtlebot3_position_control.py to turtlebot3_position_control.cpython-38.pyc
[2.955s] byte-compiling /home/muhayy/mbzirc_ws/src/install/lib/python3.8/site-packages/turtlebot3_example/turtlebot3_patrol_client/__init__.py to __init__.cpython-38.pyc
[2.955s] byte-compiling /home/muhayy/mbzirc_ws/src/install/lib/python3.8/site-packages/turtlebot3_example/turtlebot3_patrol_client/turtlebot3_patrol_client.py to turtlebot3_patrol_client.cpython-38.pyc
[2.955s] byte-compiling /home/muhayy/mbzirc_ws/src/install/lib/python3.8/site-packages/turtlebot3_example/turtlebot3_patrol_client/main.py to main.cpython-38.pyc
[2.955s] byte-compiling /home/muhayy/mbzirc_ws/src/install/lib/python3.8/site-packages/turtlebot3_example/turtlebot3_patrol_server/__init__.py to __init__.cpython-38.pyc
[2.955s] byte-compiling /home/muhayy/mbzirc_ws/src/install/lib/python3.8/site-packages/turtlebot3_example/turtlebot3_patrol_server/turtlebot3_patrol_server.py to turtlebot3_patrol_server.cpython-38.pyc
[2.955s] byte-compiling /home/muhayy/mbzirc_ws/src/install/lib/python3.8/site-packages/turtlebot3_example/turtlebot3_patrol_server/main.py to main.cpython-38.pyc
[2.955s] byte-compiling /home/muhayy/mbzirc_ws/src/install/lib/python3.8/site-packages/turtlebot3_example/turtlebot3_patrol_server/turtlebot3_path.py to turtlebot3_path.cpython-38.pyc
[2.955s] running install_data
[2.955s] copying resource/turtlebot3_example -> /home/muhayy/mbzirc_ws/src/install/share/ament_index/resource_index/packages
[2.955s] copying package.xml -> /home/muhayy/mbzirc_ws/src/install/share/turtlebot3_example
[2.956s] running install_egg_info
[2.956s] Copying ../../build/turtlebot3_example/turtlebot3_example.egg-info to /home/muhayy/mbzirc_ws/src/install/lib/python3.8/site-packages/turtlebot3_example-2.1.4-py3.8.egg-info
[2.956s] running install_scripts
[2.956s] Installing turtlebot3_obstacle_detection script to /home/muhayy/mbzirc_ws/src/install/lib/turtlebot3_example
[2.956s] Installing turtlebot3_patrol_client script to /home/muhayy/mbzirc_ws/src/install/lib/turtlebot3_example
[2.956s] Installing turtlebot3_patrol_server script to /home/muhayy/mbzirc_ws/src/install/lib/turtlebot3_example
[2.956s] Installing turtlebot3_position_control script to /home/muhayy/mbzirc_ws/src/install/lib/turtlebot3_example
[2.956s] writing list of installed files to '/home/muhayy/mbzirc_ws/src/build/turtlebot3_example/install.log'
[2.975s] Invoked command in '/home/muhayy/mbzirc_ws/src/turtlebot3/turtlebot3_example' returned '0': PYTHONPATH=/home/muhayy/mbzirc_ws/src/install/lib/python3.8/site-packages:${PYTHONPATH} /usr/bin/python3 setup.py egg_info --egg-base ../../build/turtlebot3_example build --build-base /home/muhayy/mbzirc_ws/src/build/turtlebot3_example/build install --prefix /home/muhayy/mbzirc_ws/src/install --record /home/muhayy/mbzirc_ws/src/build/turtlebot3_example/install.log --single-version-externally-managed
