[ 14%] Built target gtest
[ 42%] Built target pose_tf_broadcaster
[ 42%] Built target video_stream_publisher
[ 57%] Built target optical_frame_publisher
[ 71%] Built target video_target_relay
[ 85%] Built target fixed_wing_bridge
[100%] Built target test_ros_api
-- Install configuration: ""
-- Up-to-date: /home/muhayy/mbzirc_ws/src/install/lib/mbzirc_ros/fixed_wing_bridge
-- Up-to-date: /home/muhayy/mbzirc_ws/src/install/lib/mbzirc_ros/optical_frame_publisher
-- Up-to-date: /home/muhayy/mbzirc_ws/src/install/lib/mbzirc_ros/pose_tf_broadcaster
-- Up-to-date: /home/muhayy/mbzirc_ws/src/install/lib/mbzirc_ros/video_target_relay
-- Up-to-date: /home/muhayy/mbzirc_ws/src/install/lib/mbzirc_ros/video_stream_publisher
-- Up-to-date: /home/muhayy/mbzirc_ws/src/install/share/mbzirc_ros/launch
-- Up-to-date: /home/muhayy/mbzirc_ws/src/install/share/mbzirc_ros/launch/competition_local.launch.py
-- Up-to-date: /home/muhayy/mbzirc_ws/src/install/lib/mbzirc_ros/test_ros_api
-- Up-to-date: /home/muhayy/mbzirc_ws/src/install/share/ament_index/resource_index/package_run_dependencies/mbzirc_ros
-- Up-to-date: /home/muhayy/mbzirc_ws/src/install/share/ament_index/resource_index/parent_prefix_path/mbzirc_ros
-- Up-to-date: /home/muhayy/mbzirc_ws/src/install/share/mbzirc_ros/environment/ament_prefix_path.sh
-- Up-to-date: /home/muhayy/mbzirc_ws/src/install/share/mbzirc_ros/environment/ament_prefix_path.dsv
-- Up-to-date: /home/muhayy/mbzirc_ws/src/install/share/mbzirc_ros/environment/path.sh
-- Up-to-date: /home/muhayy/mbzirc_ws/src/install/share/mbzirc_ros/environment/path.dsv
-- Up-to-date: /home/muhayy/mbzirc_ws/src/install/share/mbzirc_ros/local_setup.bash
-- Up-to-date: /home/muhayy/mbzirc_ws/src/install/share/mbzirc_ros/local_setup.sh
-- Up-to-date: /home/muhayy/mbzirc_ws/src/install/share/mbzirc_ros/local_setup.zsh
-- Up-to-date: /home/muhayy/mbzirc_ws/src/install/share/mbzirc_ros/local_setup.dsv
-- Installing: /home/muhayy/mbzirc_ws/src/install/share/mbzirc_ros/package.dsv
-- Up-to-date: /home/muhayy/mbzirc_ws/src/install/share/ament_index/resource_index/packages/mbzirc_ros
-- Up-to-date: /home/muhayy/mbzirc_ws/src/install/share/mbzirc_ros/cmake/mbzirc_rosConfig.cmake
-- Up-to-date: /home/muhayy/mbzirc_ws/src/install/share/mbzirc_ros/cmake/mbzirc_rosConfig-version.cmake
-- Up-to-date: /home/muhayy/mbzirc_ws/src/install/share/mbzirc_ros/package.xml
