[0.377s] Invoking command in '/home/muhayy/mbzirc_ws/src/build/mbzirc_ros': AMENT_PREFIX_PATH=/home/muhayy/mbzirc_ws/src/install:${AMENT_PREFIX_PATH} CMAKE_PREFIX_PATH=/home/muhayy/mbzirc_ws/src/install:/home/muhayy/mbzirc_ws/install:/opt/ros/galactic LD_LIBRARY_PATH=/home/muhayy/mbzirc_ws/src/install/lib:${LD_LIBRARY_PATH} PATH=/home/muhayy/mbzirc_ws/src/install/bin:${PATH} PYTHONPATH=/home/muhayy/mbzirc_ws/src/install/lib/python3.8/site-packages:${PYTHONPATH} /usr/bin/cmake --build /home/muhayy/mbzirc_ws/src/build/mbzirc_ros -- -j12 -l12
[0.438s] [ 14%] Built target gtest
[0.451s] [ 42%] Built target pose_tf_broadcaster
[0.451s] [ 42%] Built target video_stream_publisher
[0.464s] [ 57%] Built target optical_frame_publisher
[0.473s] [ 71%] Built target video_target_relay
[0.474s] [ 85%] Built target fixed_wing_bridge
[0.490s] [100%] Built target test_ros_api
[0.776s] Invoked command in '/home/muhayy/mbzirc_ws/src/build/mbzirc_ros' returned '0': AMENT_PREFIX_PATH=/home/muhayy/mbzirc_ws/src/install:${AMENT_PREFIX_PATH} CMAKE_PREFIX_PATH=/home/muhayy/mbzirc_ws/src/install:/home/muhayy/mbzirc_ws/install:/opt/ros/galactic LD_LIBRARY_PATH=/home/muhayy/mbzirc_ws/src/install/lib:${LD_LIBRARY_PATH} PATH=/home/muhayy/mbzirc_ws/src/install/bin:${PATH} PYTHONPATH=/home/muhayy/mbzirc_ws/src/install/lib/python3.8/site-packages:${PYTHONPATH} /usr/bin/cmake --build /home/muhayy/mbzirc_ws/src/build/mbzirc_ros -- -j12 -l12
[0.869s] Invoking command in '/home/muhayy/mbzirc_ws/src/build/mbzirc_ros': AMENT_PREFIX_PATH=/home/muhayy/mbzirc_ws/src/install:${AMENT_PREFIX_PATH} CMAKE_PREFIX_PATH=/home/muhayy/mbzirc_ws/src/install:/home/muhayy/mbzirc_ws/install:/opt/ros/galactic LD_LIBRARY_PATH=/home/muhayy/mbzirc_ws/src/install/lib:${LD_LIBRARY_PATH} PATH=/home/muhayy/mbzirc_ws/src/install/bin:${PATH} PYTHONPATH=/home/muhayy/mbzirc_ws/src/install/lib/python3.8/site-packages:${PYTHONPATH} /usr/bin/cmake --install /home/muhayy/mbzirc_ws/src/build/mbzirc_ros
[0.895s] -- Install configuration: ""
[0.895s] -- Up-to-date: /home/muhayy/mbzirc_ws/src/install/lib/mbzirc_ros/fixed_wing_bridge
[0.896s] -- Up-to-date: /home/muhayy/mbzirc_ws/src/install/lib/mbzirc_ros/optical_frame_publisher
[0.898s] -- Up-to-date: /home/muhayy/mbzirc_ws/src/install/lib/mbzirc_ros/pose_tf_broadcaster
[0.898s] -- Up-to-date: /home/muhayy/mbzirc_ws/src/install/lib/mbzirc_ros/video_target_relay
[0.898s] -- Up-to-date: /home/muhayy/mbzirc_ws/src/install/lib/mbzirc_ros/video_stream_publisher
[0.898s] -- Up-to-date: /home/muhayy/mbzirc_ws/src/install/share/mbzirc_ros/launch
[0.898s] -- Up-to-date: /home/muhayy/mbzirc_ws/src/install/share/mbzirc_ros/launch/competition_local.launch.py
[0.898s] -- Up-to-date: /home/muhayy/mbzirc_ws/src/install/lib/mbzirc_ros/test_ros_api
[0.898s] -- Up-to-date: /home/muhayy/mbzirc_ws/src/install/share/ament_index/resource_index/package_run_dependencies/mbzirc_ros
[0.899s] -- Up-to-date: /home/muhayy/mbzirc_ws/src/install/share/ament_index/resource_index/parent_prefix_path/mbzirc_ros
[0.899s] -- Up-to-date: /home/muhayy/mbzirc_ws/src/install/share/mbzirc_ros/environment/ament_prefix_path.sh
[0.899s] -- Up-to-date: /home/muhayy/mbzirc_ws/src/install/share/mbzirc_ros/environment/ament_prefix_path.dsv
[0.899s] -- Up-to-date: /home/muhayy/mbzirc_ws/src/install/share/mbzirc_ros/environment/path.sh
[0.899s] -- Up-to-date: /home/muhayy/mbzirc_ws/src/install/share/mbzirc_ros/environment/path.dsv
[0.899s] -- Up-to-date: /home/muhayy/mbzirc_ws/src/install/share/mbzirc_ros/local_setup.bash
[0.899s] -- Up-to-date: /home/muhayy/mbzirc_ws/src/install/share/mbzirc_ros/local_setup.sh
[0.899s] -- Up-to-date: /home/muhayy/mbzirc_ws/src/install/share/mbzirc_ros/local_setup.zsh
[0.899s] -- Up-to-date: /home/muhayy/mbzirc_ws/src/install/share/mbzirc_ros/local_setup.dsv
[0.899s] -- Installing: /home/muhayy/mbzirc_ws/src/install/share/mbzirc_ros/package.dsv
[0.900s] -- Up-to-date: /home/muhayy/mbzirc_ws/src/install/share/ament_index/resource_index/packages/mbzirc_ros
[0.900s] -- Up-to-date: /home/muhayy/mbzirc_ws/src/install/share/mbzirc_ros/cmake/mbzirc_rosConfig.cmake
[0.900s] -- Up-to-date: /home/muhayy/mbzirc_ws/src/install/share/mbzirc_ros/cmake/mbzirc_rosConfig-version.cmake
[0.900s] -- Up-to-date: /home/muhayy/mbzirc_ws/src/install/share/mbzirc_ros/package.xml
[0.917s] Invoked command in '/home/muhayy/mbzirc_ws/src/build/mbzirc_ros' returned '0': AMENT_PREFIX_PATH=/home/muhayy/mbzirc_ws/src/install:${AMENT_PREFIX_PATH} CMAKE_PREFIX_PATH=/home/muhayy/mbzirc_ws/src/install:/home/muhayy/mbzirc_ws/install:/opt/ros/galactic LD_LIBRARY_PATH=/home/muhayy/mbzirc_ws/src/install/lib:${LD_LIBRARY_PATH} PATH=/home/muhayy/mbzirc_ws/src/install/bin:${PATH} PYTHONPATH=/home/muhayy/mbzirc_ws/src/install/lib/python3.8/site-packages:${PYTHONPATH} /usr/bin/cmake --install /home/muhayy/mbzirc_ws/src/build/mbzirc_ros
