[0.017s] Invoking command in '/home/muhayy/mbzirc_ws/src/build/turtlebot3_simulations': AMENT_PREFIX_PATH=/home/muhayy/mbzirc_ws/src/install:${AMENT_PREFIX_PATH} CMAKE_PREFIX_PATH=/home/muhayy/mbzirc_ws/src/install:/home/muhayy/mbzirc_ws/install:/opt/ros/galactic LD_LIBRARY_PATH=/home/muhayy/mbzirc_ws/src/install/lib:${LD_LIBRARY_PATH} PYTHONPATH=/home/muhayy/mbzirc_ws/src/install/lib/python3.8/site-packages:${PYTHONPATH} /usr/bin/cmake /home/muhayy/mbzirc_ws/src/turtlebot3_simulations/turtlebot3_simulations -DCMAKE_INSTALL_PREFIX=/home/muhayy/mbzirc_ws/src/install
[0.084s] -- The C compiler identification is GNU 9.4.0
[0.153s] -- The CXX compiler identification is GNU 9.4.0
[0.159s] -- Check for working C compiler: /usr/bin/cc
[0.250s] -- Check for working C compiler: /usr/bin/cc -- works
[0.251s] -- Detecting C compiler ABI info
[0.341s] -- Detecting C compiler ABI info - done
[0.356s] -- Detecting C compile features
[0.357s] -- Detecting C compile features - done
[0.360s] -- Check for working CXX compiler: /usr/bin/c++
[0.453s] -- Check for working CXX compiler: /usr/bin/c++ -- works
[0.455s] -- Detecting CXX compiler ABI info
[0.555s] -- Detecting CXX compiler ABI info - done
[0.574s] -- Detecting CXX compile features
[0.575s] -- Detecting CXX compile features - done
[0.579s] -- Found ament_cmake: 1.1.5 (/opt/ros/galactic/share/ament_cmake/cmake)
[0.610s] -- Found PythonInterp: /usr/bin/python3 (found suitable version "3.8.10", minimum required is "3") 
[0.610s] -- Using PYTHON_EXECUTABLE: /usr/bin/python3
[0.794s] -- Configuring done
[0.797s] -- Generating done
[0.798s] -- Build files have been written to: /home/muhayy/mbzirc_ws/src/build/turtlebot3_simulations
[0.803s] Invoked command in '/home/muhayy/mbzirc_ws/src/build/turtlebot3_simulations' returned '0': AMENT_PREFIX_PATH=/home/muhayy/mbzirc_ws/src/install:${AMENT_PREFIX_PATH} CMAKE_PREFIX_PATH=/home/muhayy/mbzirc_ws/src/install:/home/muhayy/mbzirc_ws/install:/opt/ros/galactic LD_LIBRARY_PATH=/home/muhayy/mbzirc_ws/src/install/lib:${LD_LIBRARY_PATH} PYTHONPATH=/home/muhayy/mbzirc_ws/src/install/lib/python3.8/site-packages:${PYTHONPATH} /usr/bin/cmake /home/muhayy/mbzirc_ws/src/turtlebot3_simulations/turtlebot3_simulations -DCMAKE_INSTALL_PREFIX=/home/muhayy/mbzirc_ws/src/install
[0.808s] Invoking command in '/home/muhayy/mbzirc_ws/src/build/turtlebot3_simulations': AMENT_PREFIX_PATH=/home/muhayy/mbzirc_ws/src/install:${AMENT_PREFIX_PATH} CMAKE_PREFIX_PATH=/home/muhayy/mbzirc_ws/src/install:/home/muhayy/mbzirc_ws/install:/opt/ros/galactic LD_LIBRARY_PATH=/home/muhayy/mbzirc_ws/src/install/lib:${LD_LIBRARY_PATH} PYTHONPATH=/home/muhayy/mbzirc_ws/src/install/lib/python3.8/site-packages:${PYTHONPATH} /usr/bin/cmake --build /home/muhayy/mbzirc_ws/src/build/turtlebot3_simulations -- -j12 -l12
[0.863s] Invoked command in '/home/muhayy/mbzirc_ws/src/build/turtlebot3_simulations' returned '0': AMENT_PREFIX_PATH=/home/muhayy/mbzirc_ws/src/install:${AMENT_PREFIX_PATH} CMAKE_PREFIX_PATH=/home/muhayy/mbzirc_ws/src/install:/home/muhayy/mbzirc_ws/install:/opt/ros/galactic LD_LIBRARY_PATH=/home/muhayy/mbzirc_ws/src/install/lib:${LD_LIBRARY_PATH} PYTHONPATH=/home/muhayy/mbzirc_ws/src/install/lib/python3.8/site-packages:${PYTHONPATH} /usr/bin/cmake --build /home/muhayy/mbzirc_ws/src/build/turtlebot3_simulations -- -j12 -l12
[0.895s] Invoking command in '/home/muhayy/mbzirc_ws/src/build/turtlebot3_simulations': AMENT_PREFIX_PATH=/home/muhayy/mbzirc_ws/src/install:${AMENT_PREFIX_PATH} CMAKE_PREFIX_PATH=/home/muhayy/mbzirc_ws/src/install:/home/muhayy/mbzirc_ws/install:/opt/ros/galactic LD_LIBRARY_PATH=/home/muhayy/mbzirc_ws/src/install/lib:${LD_LIBRARY_PATH} PYTHONPATH=/home/muhayy/mbzirc_ws/src/install/lib/python3.8/site-packages:${PYTHONPATH} /usr/bin/cmake --install /home/muhayy/mbzirc_ws/src/build/turtlebot3_simulations
[0.907s] -- Install configuration: ""
[0.908s] -- Installing: /home/muhayy/mbzirc_ws/src/install/share/ament_index/resource_index/package_run_dependencies/turtlebot3_simulations
[0.908s] -- Installing: /home/muhayy/mbzirc_ws/src/install/share/ament_index/resource_index/parent_prefix_path/turtlebot3_simulations
[0.909s] -- Installing: /home/muhayy/mbzirc_ws/src/install/share/turtlebot3_simulations/environment/ament_prefix_path.sh
[0.909s] -- Installing: /home/muhayy/mbzirc_ws/src/install/share/turtlebot3_simulations/environment/ament_prefix_path.dsv
[0.909s] -- Installing: /home/muhayy/mbzirc_ws/src/install/share/turtlebot3_simulations/environment/path.sh
[0.909s] -- Installing: /home/muhayy/mbzirc_ws/src/install/share/turtlebot3_simulations/environment/path.dsv
[0.909s] -- Installing: /home/muhayy/mbzirc_ws/src/install/share/turtlebot3_simulations/local_setup.bash
[0.910s] -- Installing: /home/muhayy/mbzirc_ws/src/install/share/turtlebot3_simulations/local_setup.sh
[0.910s] -- Installing: /home/muhayy/mbzirc_ws/src/install/share/turtlebot3_simulations/local_setup.zsh
[0.910s] -- Installing: /home/muhayy/mbzirc_ws/src/install/share/turtlebot3_simulations/local_setup.dsv
[0.910s] -- Installing: /home/muhayy/mbzirc_ws/src/install/share/turtlebot3_simulations/package.dsv
[0.910s] -- Installing: /home/muhayy/mbzirc_ws/src/install/share/ament_index/resource_index/packages/turtlebot3_simulations
[0.910s] -- Installing: /home/muhayy/mbzirc_ws/src/install/share/turtlebot3_simulations/cmake/turtlebot3_simulationsConfig.cmake
[0.910s] -- Installing: /home/muhayy/mbzirc_ws/src/install/share/turtlebot3_simulations/cmake/turtlebot3_simulationsConfig-version.cmake
[0.910s] -- Installing: /home/muhayy/mbzirc_ws/src/install/share/turtlebot3_simulations/package.xml
[0.915s] Invoked command in '/home/muhayy/mbzirc_ws/src/build/turtlebot3_simulations' returned '0': AMENT_PREFIX_PATH=/home/muhayy/mbzirc_ws/src/install:${AMENT_PREFIX_PATH} CMAKE_PREFIX_PATH=/home/muhayy/mbzirc_ws/src/install:/home/muhayy/mbzirc_ws/install:/opt/ros/galactic LD_LIBRARY_PATH=/home/muhayy/mbzirc_ws/src/install/lib:${LD_LIBRARY_PATH} PYTHONPATH=/home/muhayy/mbzirc_ws/src/install/lib/python3.8/site-packages:${PYTHONPATH} /usr/bin/cmake --install /home/muhayy/mbzirc_ws/src/build/turtlebot3_simulations
