[0.028s] Invoking command in '/home/muhayy/mbzirc_ws/src/build/turtlebot3': AMENT_PREFIX_PATH=/home/muhayy/mbzirc_ws/src/install:${AMENT_PREFIX_PATH} CMAKE_PREFIX_PATH=/home/muhayy/mbzirc_ws/src/install:/home/muhayy/mbzirc_ws/install:/opt/ros/galactic LD_LIBRARY_PATH=/home/muhayy/mbzirc_ws/src/install/lib:${LD_LIBRARY_PATH} PYTHONPATH=/home/muhayy/mbzirc_ws/src/install/lib/python3.8/site-packages:${PYTHONPATH} /usr/bin/cmake /home/muhayy/mbzirc_ws/src/turtlebot3/turtlebot3 -DCMAKE_INSTALL_PREFIX=/home/muhayy/mbzirc_ws/src/install
[0.091s] -- The C compiler identification is GNU 9.4.0
[0.149s] -- The CXX compiler identification is GNU 9.4.0
[0.154s] -- Check for working C compiler: /usr/bin/cc
[0.239s] -- Check for working C compiler: /usr/bin/cc -- works
[0.241s] -- Detecting C compiler ABI info
[0.320s] -- Detecting C compiler ABI info - done
[0.340s] -- Detecting C compile features
[0.340s] -- Detecting C compile features - done
[0.344s] -- Check for working CXX compiler: /usr/bin/c++
[0.429s] -- Check for working CXX compiler: /usr/bin/c++ -- works
[0.430s] -- Detecting CXX compiler ABI info
[0.517s] -- Detecting CXX compiler ABI info - done
[0.537s] -- Detecting CXX compile features
[0.538s] -- Detecting CXX compile features - done
[0.542s] -- Found ament_cmake: 1.1.5 (/opt/ros/galactic/share/ament_cmake/cmake)
[0.572s] -- Found PythonInterp: /usr/bin/python3 (found suitable version "3.8.10", minimum required is "3") 
[0.572s] -- Using PYTHON_EXECUTABLE: /usr/bin/python3
[0.738s] -- Configuring done
[0.741s] -- Generating done
[0.742s] -- Build files have been written to: /home/muhayy/mbzirc_ws/src/build/turtlebot3
[0.746s] Invoked command in '/home/muhayy/mbzirc_ws/src/build/turtlebot3' returned '0': AMENT_PREFIX_PATH=/home/muhayy/mbzirc_ws/src/install:${AMENT_PREFIX_PATH} CMAKE_PREFIX_PATH=/home/muhayy/mbzirc_ws/src/install:/home/muhayy/mbzirc_ws/install:/opt/ros/galactic LD_LIBRARY_PATH=/home/muhayy/mbzirc_ws/src/install/lib:${LD_LIBRARY_PATH} PYTHONPATH=/home/muhayy/mbzirc_ws/src/install/lib/python3.8/site-packages:${PYTHONPATH} /usr/bin/cmake /home/muhayy/mbzirc_ws/src/turtlebot3/turtlebot3 -DCMAKE_INSTALL_PREFIX=/home/muhayy/mbzirc_ws/src/install
[0.750s] Invoking command in '/home/muhayy/mbzirc_ws/src/build/turtlebot3': AMENT_PREFIX_PATH=/home/muhayy/mbzirc_ws/src/install:${AMENT_PREFIX_PATH} CMAKE_PREFIX_PATH=/home/muhayy/mbzirc_ws/src/install:/home/muhayy/mbzirc_ws/install:/opt/ros/galactic LD_LIBRARY_PATH=/home/muhayy/mbzirc_ws/src/install/lib:${LD_LIBRARY_PATH} PYTHONPATH=/home/muhayy/mbzirc_ws/src/install/lib/python3.8/site-packages:${PYTHONPATH} /usr/bin/cmake --build /home/muhayy/mbzirc_ws/src/build/turtlebot3 -- -j12 -l12
[0.797s] Invoked command in '/home/muhayy/mbzirc_ws/src/build/turtlebot3' returned '0': AMENT_PREFIX_PATH=/home/muhayy/mbzirc_ws/src/install:${AMENT_PREFIX_PATH} CMAKE_PREFIX_PATH=/home/muhayy/mbzirc_ws/src/install:/home/muhayy/mbzirc_ws/install:/opt/ros/galactic LD_LIBRARY_PATH=/home/muhayy/mbzirc_ws/src/install/lib:${LD_LIBRARY_PATH} PYTHONPATH=/home/muhayy/mbzirc_ws/src/install/lib/python3.8/site-packages:${PYTHONPATH} /usr/bin/cmake --build /home/muhayy/mbzirc_ws/src/build/turtlebot3 -- -j12 -l12
[0.827s] Invoking command in '/home/muhayy/mbzirc_ws/src/build/turtlebot3': AMENT_PREFIX_PATH=/home/muhayy/mbzirc_ws/src/install:${AMENT_PREFIX_PATH} CMAKE_PREFIX_PATH=/home/muhayy/mbzirc_ws/src/install:/home/muhayy/mbzirc_ws/install:/opt/ros/galactic LD_LIBRARY_PATH=/home/muhayy/mbzirc_ws/src/install/lib:${LD_LIBRARY_PATH} PYTHONPATH=/home/muhayy/mbzirc_ws/src/install/lib/python3.8/site-packages:${PYTHONPATH} /usr/bin/cmake --install /home/muhayy/mbzirc_ws/src/build/turtlebot3
[0.838s] -- Install configuration: ""
[0.838s] -- Installing: /home/muhayy/mbzirc_ws/src/install/share/ament_index/resource_index/package_run_dependencies/turtlebot3
[0.838s] -- Installing: /home/muhayy/mbzirc_ws/src/install/share/ament_index/resource_index/parent_prefix_path/turtlebot3
[0.838s] -- Installing: /home/muhayy/mbzirc_ws/src/install/share/turtlebot3/environment/ament_prefix_path.sh
[0.838s] -- Installing: /home/muhayy/mbzirc_ws/src/install/share/turtlebot3/environment/ament_prefix_path.dsv
[0.838s] -- Installing: /home/muhayy/mbzirc_ws/src/install/share/turtlebot3/environment/path.sh
[0.838s] -- Installing: /home/muhayy/mbzirc_ws/src/install/share/turtlebot3/environment/path.dsv
[0.838s] -- Installing: /home/muhayy/mbzirc_ws/src/install/share/turtlebot3/local_setup.bash
[0.839s] -- Installing: /home/muhayy/mbzirc_ws/src/install/share/turtlebot3/local_setup.sh
[0.839s] -- Installing: /home/muhayy/mbzirc_ws/src/install/share/turtlebot3/local_setup.zsh
[0.839s] -- Installing: /home/muhayy/mbzirc_ws/src/install/share/turtlebot3/local_setup.dsv
[0.839s] -- Installing: /home/muhayy/mbzirc_ws/src/install/share/turtlebot3/package.dsv
[0.839s] -- Installing: /home/muhayy/mbzirc_ws/src/install/share/ament_index/resource_index/packages/turtlebot3
[0.839s] -- Installing: /home/muhayy/mbzirc_ws/src/install/share/turtlebot3/cmake/turtlebot3Config.cmake
[0.839s] -- Installing: /home/muhayy/mbzirc_ws/src/install/share/turtlebot3/cmake/turtlebot3Config-version.cmake
[0.839s] -- Installing: /home/muhayy/mbzirc_ws/src/install/share/turtlebot3/package.xml
[0.843s] Invoked command in '/home/muhayy/mbzirc_ws/src/build/turtlebot3' returned '0': AMENT_PREFIX_PATH=/home/muhayy/mbzirc_ws/src/install:${AMENT_PREFIX_PATH} CMAKE_PREFIX_PATH=/home/muhayy/mbzirc_ws/src/install:/home/muhayy/mbzirc_ws/install:/opt/ros/galactic LD_LIBRARY_PATH=/home/muhayy/mbzirc_ws/src/install/lib:${LD_LIBRARY_PATH} PYTHONPATH=/home/muhayy/mbzirc_ws/src/install/lib/python3.8/site-packages:${PYTHONPATH} /usr/bin/cmake --install /home/muhayy/mbzirc_ws/src/build/turtlebot3
