[0.016s] Invoking command in '/home/muhayy/mbzirc_ws/src/build/ros_ign_gazebo_demos': AMENT_PREFIX_PATH=/home/muhayy/mbzirc_ws/src/install:${AMENT_PREFIX_PATH} CMAKE_PREFIX_PATH=/home/muhayy/mbzirc_ws/src/install:/home/muhayy/mbzirc_ws/install:/opt/ros/galactic LD_LIBRARY_PATH=/home/muhayy/mbzirc_ws/src/install/lib:${LD_LIBRARY_PATH} PATH=/home/muhayy/mbzirc_ws/src/install/bin:${PATH} PYTHONPATH=/home/muhayy/mbzirc_ws/src/install/lib/python3.8/site-packages:${PYTHONPATH} /usr/bin/cmake /home/muhayy/mbzirc_ws/src/ros_ign/ros_ign_gazebo_demos -DCMAKE_INSTALL_PREFIX=/home/muhayy/mbzirc_ws/src/install
[0.063s] -- The C compiler identification is GNU 9.4.0
[0.115s] -- The CXX compiler identification is GNU 9.4.0
[0.119s] -- Check for working C compiler: /usr/bin/cc
[0.181s] -- Check for working C compiler: /usr/bin/cc -- works
[0.181s] -- Detecting C compiler ABI info
[0.246s] -- Detecting C compiler ABI info - done
[0.261s] -- Detecting C compile features
[0.261s] -- Detecting C compile features - done
[0.265s] -- Check for working CXX compiler: /usr/bin/c++
[0.342s] -- Check for working CXX compiler: /usr/bin/c++ -- works
[0.343s] -- Detecting CXX compiler ABI info
[0.417s] -- Detecting CXX compiler ABI info - done
[0.429s] -- Detecting CXX compile features
[0.430s] -- Detecting CXX compile features - done
[0.432s] -- Found ament_cmake: 1.1.5 (/opt/ros/galactic/share/ament_cmake/cmake)
[0.455s] -- Found PythonInterp: /usr/bin/python3 (found suitable version "3.8.10", minimum required is "3") 
[0.455s] -- Using PYTHON_EXECUTABLE: /usr/bin/python3
[0.606s] -- Configuring done
[0.609s] -- Generating done
[0.610s] -- Build files have been written to: /home/muhayy/mbzirc_ws/src/build/ros_ign_gazebo_demos
[0.613s] Invoked command in '/home/muhayy/mbzirc_ws/src/build/ros_ign_gazebo_demos' returned '0': AMENT_PREFIX_PATH=/home/muhayy/mbzirc_ws/src/install:${AMENT_PREFIX_PATH} CMAKE_PREFIX_PATH=/home/muhayy/mbzirc_ws/src/install:/home/muhayy/mbzirc_ws/install:/opt/ros/galactic LD_LIBRARY_PATH=/home/muhayy/mbzirc_ws/src/install/lib:${LD_LIBRARY_PATH} PATH=/home/muhayy/mbzirc_ws/src/install/bin:${PATH} PYTHONPATH=/home/muhayy/mbzirc_ws/src/install/lib/python3.8/site-packages:${PYTHONPATH} /usr/bin/cmake /home/muhayy/mbzirc_ws/src/ros_ign/ros_ign_gazebo_demos -DCMAKE_INSTALL_PREFIX=/home/muhayy/mbzirc_ws/src/install
[0.616s] Invoking command in '/home/muhayy/mbzirc_ws/src/build/ros_ign_gazebo_demos': AMENT_PREFIX_PATH=/home/muhayy/mbzirc_ws/src/install:${AMENT_PREFIX_PATH} CMAKE_PREFIX_PATH=/home/muhayy/mbzirc_ws/src/install:/home/muhayy/mbzirc_ws/install:/opt/ros/galactic LD_LIBRARY_PATH=/home/muhayy/mbzirc_ws/src/install/lib:${LD_LIBRARY_PATH} PATH=/home/muhayy/mbzirc_ws/src/install/bin:${PATH} PYTHONPATH=/home/muhayy/mbzirc_ws/src/install/lib/python3.8/site-packages:${PYTHONPATH} /usr/bin/cmake --build /home/muhayy/mbzirc_ws/src/build/ros_ign_gazebo_demos -- -j12 -l12
[0.653s] Invoked command in '/home/muhayy/mbzirc_ws/src/build/ros_ign_gazebo_demos' returned '0': AMENT_PREFIX_PATH=/home/muhayy/mbzirc_ws/src/install:${AMENT_PREFIX_PATH} CMAKE_PREFIX_PATH=/home/muhayy/mbzirc_ws/src/install:/home/muhayy/mbzirc_ws/install:/opt/ros/galactic LD_LIBRARY_PATH=/home/muhayy/mbzirc_ws/src/install/lib:${LD_LIBRARY_PATH} PATH=/home/muhayy/mbzirc_ws/src/install/bin:${PATH} PYTHONPATH=/home/muhayy/mbzirc_ws/src/install/lib/python3.8/site-packages:${PYTHONPATH} /usr/bin/cmake --build /home/muhayy/mbzirc_ws/src/build/ros_ign_gazebo_demos -- -j12 -l12
[0.675s] Invoking command in '/home/muhayy/mbzirc_ws/src/build/ros_ign_gazebo_demos': AMENT_PREFIX_PATH=/home/muhayy/mbzirc_ws/src/install:${AMENT_PREFIX_PATH} CMAKE_PREFIX_PATH=/home/muhayy/mbzirc_ws/src/install:/home/muhayy/mbzirc_ws/install:/opt/ros/galactic LD_LIBRARY_PATH=/home/muhayy/mbzirc_ws/src/install/lib:${LD_LIBRARY_PATH} PATH=/home/muhayy/mbzirc_ws/src/install/bin:${PATH} PYTHONPATH=/home/muhayy/mbzirc_ws/src/install/lib/python3.8/site-packages:${PYTHONPATH} /usr/bin/cmake --install /home/muhayy/mbzirc_ws/src/build/ros_ign_gazebo_demos
[0.684s] -- Install configuration: ""
[0.684s] -- Installing: /home/muhayy/mbzirc_ws/src/install/share/ros_ign_gazebo_demos/launch
[0.684s] -- Installing: /home/muhayy/mbzirc_ws/src/install/share/ros_ign_gazebo_demos/launch/battery.launch.py
[0.684s] -- Installing: /home/muhayy/mbzirc_ws/src/install/share/ros_ign_gazebo_demos/launch/diff_drive.launch.py
[0.684s] -- Installing: /home/muhayy/mbzirc_ws/src/install/share/ros_ign_gazebo_demos/launch/joint_states.launch.py
[0.684s] -- Installing: /home/muhayy/mbzirc_ws/src/install/share/ros_ign_gazebo_demos/launch/image_bridge.launch.py
[0.684s] -- Installing: /home/muhayy/mbzirc_ws/src/install/share/ros_ign_gazebo_demos/launch/gpu_lidar_bridge.launch.py
[0.684s] -- Installing: /home/muhayy/mbzirc_ws/src/install/share/ros_ign_gazebo_demos/launch/rgbd_camera.launch.py
[0.684s] -- Installing: /home/muhayy/mbzirc_ws/src/install/share/ros_ign_gazebo_demos/launch/air_pressure.launch.py
[0.685s] -- Installing: /home/muhayy/mbzirc_ws/src/install/share/ros_ign_gazebo_demos/launch/magnetometer.launch.py
[0.685s] -- Installing: /home/muhayy/mbzirc_ws/src/install/share/ros_ign_gazebo_demos/launch/rgbd_camera_bridge.launch.py
[0.685s] -- Installing: /home/muhayy/mbzirc_ws/src/install/share/ros_ign_gazebo_demos/launch/depth_camera.launch.py
[0.685s] -- Installing: /home/muhayy/mbzirc_ws/src/install/share/ros_ign_gazebo_demos/launch/gpu_lidar.launch.py
[0.685s] -- Installing: /home/muhayy/mbzirc_ws/src/install/share/ros_ign_gazebo_demos/launch/camera.launch.py
[0.685s] -- Installing: /home/muhayy/mbzirc_ws/src/install/share/ros_ign_gazebo_demos/launch/robot_description_publisher.launch.py
[0.686s] -- Installing: /home/muhayy/mbzirc_ws/src/install/share/ros_ign_gazebo_demos/launch/imu.launch.py
[0.686s] -- Installing: /home/muhayy/mbzirc_ws/src/install/share/ros_ign_gazebo_demos/rviz
[0.686s] -- Installing: /home/muhayy/mbzirc_ws/src/install/share/ros_ign_gazebo_demos/rviz/gpu_lidar.rviz
[0.686s] -- Installing: /home/muhayy/mbzirc_ws/src/install/share/ros_ign_gazebo_demos/rviz/rgbd_camera_bridge.rviz
[0.686s] -- Installing: /home/muhayy/mbzirc_ws/src/install/share/ros_ign_gazebo_demos/rviz/robot_description_publisher.rviz
[0.686s] -- Installing: /home/muhayy/mbzirc_ws/src/install/share/ros_ign_gazebo_demos/rviz/diff_drive.rviz
[0.686s] -- Installing: /home/muhayy/mbzirc_ws/src/install/share/ros_ign_gazebo_demos/rviz/imu.rviz
[0.686s] -- Installing: /home/muhayy/mbzirc_ws/src/install/share/ros_ign_gazebo_demos/rviz/camera.rviz
[0.686s] -- Installing: /home/muhayy/mbzirc_ws/src/install/share/ros_ign_gazebo_demos/rviz/joint_states.rviz
[0.686s] -- Installing: /home/muhayy/mbzirc_ws/src/install/share/ros_ign_gazebo_demos/rviz/rgbd_camera.rviz
[0.686s] -- Installing: /home/muhayy/mbzirc_ws/src/install/share/ros_ign_gazebo_demos/rviz/gpu_lidar_bridge.rviz
[0.686s] -- Installing: /home/muhayy/mbzirc_ws/src/install/share/ros_ign_gazebo_demos/rviz/depth_camera.rviz
[0.687s] -- Installing: /home/muhayy/mbzirc_ws/src/install/share/ros_ign_gazebo_demos/models
[0.687s] -- Installing: /home/muhayy/mbzirc_ws/src/install/share/ros_ign_gazebo_demos/models/rrbot.xacro
[0.687s] -- Installing: /home/muhayy/mbzirc_ws/src/install/share/ament_index/resource_index/package_run_dependencies/ros_ign_gazebo_demos
[0.687s] -- Installing: /home/muhayy/mbzirc_ws/src/install/share/ament_index/resource_index/parent_prefix_path/ros_ign_gazebo_demos
[0.687s] -- Installing: /home/muhayy/mbzirc_ws/src/install/share/ros_ign_gazebo_demos/environment/ament_prefix_path.sh
[0.687s] -- Installing: /home/muhayy/mbzirc_ws/src/install/share/ros_ign_gazebo_demos/environment/ament_prefix_path.dsv
[0.688s] -- Installing: /home/muhayy/mbzirc_ws/src/install/share/ros_ign_gazebo_demos/environment/path.sh
[0.688s] -- Installing: /home/muhayy/mbzirc_ws/src/install/share/ros_ign_gazebo_demos/environment/path.dsv
[0.688s] -- Installing: /home/muhayy/mbzirc_ws/src/install/share/ros_ign_gazebo_demos/local_setup.bash
[0.688s] -- Installing: /home/muhayy/mbzirc_ws/src/install/share/ros_ign_gazebo_demos/local_setup.sh
[0.688s] -- Installing: /home/muhayy/mbzirc_ws/src/install/share/ros_ign_gazebo_demos/local_setup.zsh
[0.688s] -- Installing: /home/muhayy/mbzirc_ws/src/install/share/ros_ign_gazebo_demos/local_setup.dsv
[0.688s] -- Installing: /home/muhayy/mbzirc_ws/src/install/share/ros_ign_gazebo_demos/package.dsv
[0.688s] -- Installing: /home/muhayy/mbzirc_ws/src/install/share/ament_index/resource_index/packages/ros_ign_gazebo_demos
[0.689s] -- Installing: /home/muhayy/mbzirc_ws/src/install/share/ros_ign_gazebo_demos/cmake/ros_ign_gazebo_demosConfig.cmake
[0.689s] -- Installing: /home/muhayy/mbzirc_ws/src/install/share/ros_ign_gazebo_demos/cmake/ros_ign_gazebo_demosConfig-version.cmake
[0.689s] -- Installing: /home/muhayy/mbzirc_ws/src/install/share/ros_ign_gazebo_demos/package.xml
[0.692s] Invoked command in '/home/muhayy/mbzirc_ws/src/build/ros_ign_gazebo_demos' returned '0': AMENT_PREFIX_PATH=/home/muhayy/mbzirc_ws/src/install:${AMENT_PREFIX_PATH} CMAKE_PREFIX_PATH=/home/muhayy/mbzirc_ws/src/install:/home/muhayy/mbzirc_ws/install:/opt/ros/galactic LD_LIBRARY_PATH=/home/muhayy/mbzirc_ws/src/install/lib:${LD_LIBRARY_PATH} PATH=/home/muhayy/mbzirc_ws/src/install/bin:${PATH} PYTHONPATH=/home/muhayy/mbzirc_ws/src/install/lib/python3.8/site-packages:${PYTHONPATH} /usr/bin/cmake --install /home/muhayy/mbzirc_ws/src/build/ros_ign_gazebo_demos
