[0.021s] Invoking command in '/home/muhayy/mbzirc_ws/src/build/ros_ign': AMENT_PREFIX_PATH=/home/muhayy/mbzirc_ws/src/install:${AMENT_PREFIX_PATH} CMAKE_PREFIX_PATH=/home/muhayy/mbzirc_ws/src/install:/home/muhayy/mbzirc_ws/install:/opt/ros/galactic LD_LIBRARY_PATH=/home/muhayy/mbzirc_ws/src/install/lib:${LD_LIBRARY_PATH} PATH=/home/muhayy/mbzirc_ws/src/install/bin:${PATH} PYTHONPATH=/home/muhayy/mbzirc_ws/src/install/lib/python3.8/site-packages:${PYTHONPATH} /usr/bin/cmake --build /home/muhayy/mbzirc_ws/src/build/ros_ign -- -j12 -l12
[0.058s] Invoked command in '/home/muhayy/mbzirc_ws/src/build/ros_ign' returned '0': AMENT_PREFIX_PATH=/home/muhayy/mbzirc_ws/src/install:${AMENT_PREFIX_PATH} CMAKE_PREFIX_PATH=/home/muhayy/mbzirc_ws/src/install:/home/muhayy/mbzirc_ws/install:/opt/ros/galactic LD_LIBRARY_PATH=/home/muhayy/mbzirc_ws/src/install/lib:${LD_LIBRARY_PATH} PATH=/home/muhayy/mbzirc_ws/src/install/bin:${PATH} PYTHONPATH=/home/muhayy/mbzirc_ws/src/install/lib/python3.8/site-packages:${PYTHONPATH} /usr/bin/cmake --build /home/muhayy/mbzirc_ws/src/build/ros_ign -- -j12 -l12
[0.081s] Invoking command in '/home/muhayy/mbzirc_ws/src/build/ros_ign': AMENT_PREFIX_PATH=/home/muhayy/mbzirc_ws/src/install:${AMENT_PREFIX_PATH} CMAKE_PREFIX_PATH=/home/muhayy/mbzirc_ws/src/install:/home/muhayy/mbzirc_ws/install:/opt/ros/galactic LD_LIBRARY_PATH=/home/muhayy/mbzirc_ws/src/install/lib:${LD_LIBRARY_PATH} PATH=/home/muhayy/mbzirc_ws/src/install/bin:${PATH} PYTHONPATH=/home/muhayy/mbzirc_ws/src/install/lib/python3.8/site-packages:${PYTHONPATH} /usr/bin/cmake --install /home/muhayy/mbzirc_ws/src/build/ros_ign
[0.094s] -- Install configuration: ""
[0.094s] -- Up-to-date: /home/muhayy/mbzirc_ws/src/install/share/ament_index/resource_index/package_run_dependencies/ros_ign
[0.094s] -- Up-to-date: /home/muhayy/mbzirc_ws/src/install/share/ament_index/resource_index/parent_prefix_path/ros_ign
[0.094s] -- Up-to-date: /home/muhayy/mbzirc_ws/src/install/share/ros_ign/environment/ament_prefix_path.sh
[0.095s] -- Up-to-date: /home/muhayy/mbzirc_ws/src/install/share/ros_ign/environment/ament_prefix_path.dsv
[0.095s] -- Up-to-date: /home/muhayy/mbzirc_ws/src/install/share/ros_ign/environment/path.sh
[0.095s] -- Up-to-date: /home/muhayy/mbzirc_ws/src/install/share/ros_ign/environment/path.dsv
[0.095s] -- Up-to-date: /home/muhayy/mbzirc_ws/src/install/share/ros_ign/local_setup.bash
[0.096s] -- Up-to-date: /home/muhayy/mbzirc_ws/src/install/share/ros_ign/local_setup.sh
[0.096s] -- Up-to-date: /home/muhayy/mbzirc_ws/src/install/share/ros_ign/local_setup.zsh
[0.097s] -- Up-to-date: /home/muhayy/mbzirc_ws/src/install/share/ros_ign/local_setup.dsv
[0.097s] -- Up-to-date: /home/muhayy/mbzirc_ws/src/install/share/ros_ign/package.dsv
[0.097s] -- Up-to-date: /home/muhayy/mbzirc_ws/src/install/share/ament_index/resource_index/packages/ros_ign
[0.097s] -- Up-to-date: /home/muhayy/mbzirc_ws/src/install/share/ros_ign/cmake/ros_ignConfig.cmake
[0.097s] -- Up-to-date: /home/muhayy/mbzirc_ws/src/install/share/ros_ign/cmake/ros_ignConfig-version.cmake
[0.098s] -- Up-to-date: /home/muhayy/mbzirc_ws/src/install/share/ros_ign/package.xml
[0.107s] Invoked command in '/home/muhayy/mbzirc_ws/src/build/ros_ign' returned '0': AMENT_PREFIX_PATH=/home/muhayy/mbzirc_ws/src/install:${AMENT_PREFIX_PATH} CMAKE_PREFIX_PATH=/home/muhayy/mbzirc_ws/src/install:/home/muhayy/mbzirc_ws/install:/opt/ros/galactic LD_LIBRARY_PATH=/home/muhayy/mbzirc_ws/src/install/lib:${LD_LIBRARY_PATH} PATH=/home/muhayy/mbzirc_ws/src/install/bin:${PATH} PYTHONPATH=/home/muhayy/mbzirc_ws/src/install/lib/python3.8/site-packages:${PYTHONPATH} /usr/bin/cmake --install /home/muhayy/mbzirc_ws/src/build/ros_ign
