running egg_info
creating ../../build/explorer_map_utils/explorer_map_utils.egg-info
writing ../../build/explorer_map_utils/explorer_map_utils.egg-info/PKG-INFO
writing dependency_links to ../../build/explorer_map_utils/explorer_map_utils.egg-info/dependency_links.txt
writing entry points to ../../build/explorer_map_utils/explorer_map_utils.egg-info/entry_points.txt
writing requirements to ../../build/explorer_map_utils/explorer_map_utils.egg-info/requires.txt
writing top-level names to ../../build/explorer_map_utils/explorer_map_utils.egg-info/top_level.txt
writing manifest file '../../build/explorer_map_utils/explorer_map_utils.egg-info/SOURCES.txt'
reading manifest file '../../build/explorer_map_utils/explorer_map_utils.egg-info/SOURCES.txt'
writing manifest file '../../build/explorer_map_utils/explorer_map_utils.egg-info/SOURCES.txt'
running build
running build_py
creating /home/muhayy/mbzirc_ws/src/build/explorer_map_utils/build
creating /home/muhayy/mbzirc_ws/src/build/explorer_map_utils/build/lib
creating /home/muhayy/mbzirc_ws/src/build/explorer_map_utils/build/lib/explorer_map_utils
copying explorer_map_utils/__init__.py -> /home/muhayy/mbzirc_ws/src/build/explorer_map_utils/build/lib/explorer_map_utils
copying explorer_map_utils/watchtower.py -> /home/muhayy/mbzirc_ws/src/build/explorer_map_utils/build/lib/explorer_map_utils
running install
running install_lib
creating /home/muhayy/mbzirc_ws/src/install/lib/python3.8/site-packages/explorer_map_utils
copying /home/muhayy/mbzirc_ws/src/build/explorer_map_utils/build/lib/explorer_map_utils/__init__.py -> /home/muhayy/mbzirc_ws/src/install/lib/python3.8/site-packages/explorer_map_utils
copying /home/muhayy/mbzirc_ws/src/build/explorer_map_utils/build/lib/explorer_map_utils/watchtower.py -> /home/muhayy/mbzirc_ws/src/install/lib/python3.8/site-packages/explorer_map_utils
byte-compiling /home/muhayy/mbzirc_ws/src/install/lib/python3.8/site-packages/explorer_map_utils/__init__.py to __init__.cpython-38.pyc
byte-compiling /home/muhayy/mbzirc_ws/src/install/lib/python3.8/site-packages/explorer_map_utils/watchtower.py to watchtower.cpython-38.pyc
running install_data
copying resource/explorer_map_utils -> /home/muhayy/mbzirc_ws/src/install/share/ament_index/resource_index/packages
copying package.xml -> /home/muhayy/mbzirc_ws/src/install/share/explorer_map_utils
running install_egg_info
Copying ../../build/explorer_map_utils/explorer_map_utils.egg-info to /home/muhayy/mbzirc_ws/src/install/lib/python3.8/site-packages/explorer_map_utils-0.0.0-py3.8.egg-info
running install_scripts
Installing watchtower script to /home/muhayy/mbzirc_ws/src/install/lib/explorer_map_utils
writing list of installed files to '/home/muhayy/mbzirc_ws/src/build/explorer_map_utils/install.log'
