[2.914s] Invoking command in '/home/muhayy/mbzirc_ws/src/ros2_explorer/explorer_map_utils': PYTHONPATH=/home/muhayy/mbzirc_ws/src/install/lib/python3.8/site-packages:${PYTHONPATH} /usr/bin/python3 setup.py egg_info --egg-base ../../build/explorer_map_utils build --build-base /home/muhayy/mbzirc_ws/src/build/explorer_map_utils/build install --prefix /home/muhayy/mbzirc_ws/src/install --record /home/muhayy/mbzirc_ws/src/build/explorer_map_utils/install.log --single-version-externally-managed
[3.625s] running egg_info
[3.627s] creating ../../build/explorer_map_utils/explorer_map_utils.egg-info
[3.628s] writing ../../build/explorer_map_utils/explorer_map_utils.egg-info/PKG-INFO
[3.628s] writing dependency_links to ../../build/explorer_map_utils/explorer_map_utils.egg-info/dependency_links.txt
[3.629s] writing entry points to ../../build/explorer_map_utils/explorer_map_utils.egg-info/entry_points.txt
[3.629s] writing requirements to ../../build/explorer_map_utils/explorer_map_utils.egg-info/requires.txt
[3.629s] writing top-level names to ../../build/explorer_map_utils/explorer_map_utils.egg-info/top_level.txt
[3.635s] writing manifest file '../../build/explorer_map_utils/explorer_map_utils.egg-info/SOURCES.txt'
[3.753s] reading manifest file '../../build/explorer_map_utils/explorer_map_utils.egg-info/SOURCES.txt'
[3.754s] writing manifest file '../../build/explorer_map_utils/explorer_map_utils.egg-info/SOURCES.txt'
[3.755s] running build
[3.755s] running build_py
[3.755s] creating /home/muhayy/mbzirc_ws/src/build/explorer_map_utils/build
[3.756s] creating /home/muhayy/mbzirc_ws/src/build/explorer_map_utils/build/lib
[3.756s] creating /home/muhayy/mbzirc_ws/src/build/explorer_map_utils/build/lib/explorer_map_utils
[3.756s] copying explorer_map_utils/__init__.py -> /home/muhayy/mbzirc_ws/src/build/explorer_map_utils/build/lib/explorer_map_utils
[3.757s] copying explorer_map_utils/watchtower.py -> /home/muhayy/mbzirc_ws/src/build/explorer_map_utils/build/lib/explorer_map_utils
[3.757s] running install
[3.759s] running install_lib
[3.760s] creating /home/muhayy/mbzirc_ws/src/install/lib/python3.8/site-packages/explorer_map_utils
[3.760s] copying /home/muhayy/mbzirc_ws/src/build/explorer_map_utils/build/lib/explorer_map_utils/__init__.py -> /home/muhayy/mbzirc_ws/src/install/lib/python3.8/site-packages/explorer_map_utils
[3.761s] copying /home/muhayy/mbzirc_ws/src/build/explorer_map_utils/build/lib/explorer_map_utils/watchtower.py -> /home/muhayy/mbzirc_ws/src/install/lib/python3.8/site-packages/explorer_map_utils
[3.762s] byte-compiling /home/muhayy/mbzirc_ws/src/install/lib/python3.8/site-packages/explorer_map_utils/__init__.py to __init__.cpython-38.pyc
[3.764s] byte-compiling /home/muhayy/mbzirc_ws/src/install/lib/python3.8/site-packages/explorer_map_utils/watchtower.py to watchtower.cpython-38.pyc
[3.765s] running install_data
[3.766s] copying resource/explorer_map_utils -> /home/muhayy/mbzirc_ws/src/install/share/ament_index/resource_index/packages
[3.766s] copying package.xml -> /home/muhayy/mbzirc_ws/src/install/share/explorer_map_utils
[3.767s] running install_egg_info
[3.804s] Copying ../../build/explorer_map_utils/explorer_map_utils.egg-info to /home/muhayy/mbzirc_ws/src/install/lib/python3.8/site-packages/explorer_map_utils-0.0.0-py3.8.egg-info
[3.812s] running install_scripts
[3.854s] Installing watchtower script to /home/muhayy/mbzirc_ws/src/install/lib/explorer_map_utils
[3.863s] writing list of installed files to '/home/muhayy/mbzirc_ws/src/build/explorer_map_utils/install.log'
[4.343s] Invoked command in '/home/muhayy/mbzirc_ws/src/ros2_explorer/explorer_map_utils' returned '0': PYTHONPATH=/home/muhayy/mbzirc_ws/src/install/lib/python3.8/site-packages:${PYTHONPATH} /usr/bin/python3 setup.py egg_info --egg-base ../../build/explorer_map_utils build --build-base /home/muhayy/mbzirc_ws/src/build/explorer_map_utils/build install --prefix /home/muhayy/mbzirc_ws/src/install --record /home/muhayy/mbzirc_ws/src/build/explorer_map_utils/install.log --single-version-externally-managed
