[0.069s] Invoking command in '/home/muhayy/mbzirc_ws/src/build/two_wheeled_robot': CMAKE_PREFIX_PATH=${CMAKE_PREFIX_PATH}:/opt/ros/galactic /usr/bin/cmake /home/muhayy/mbzirc_ws/src/two_wheeled_robot -DCMAKE_INSTALL_PREFIX=/home/muhayy/mbzirc_ws/src/install
[11.726s] -- The C compiler identification is GNU 9.4.0
[11.727s] -- The CXX compiler identification is GNU 9.4.0
[11.727s] -- Check for working C compiler: /usr/bin/cc
[11.727s] -- Check for working C compiler: /usr/bin/cc -- works
[11.727s] -- Detecting C compiler ABI info
[11.727s] -- Detecting C compiler ABI info - done
[11.727s] -- Detecting C compile features
[11.727s] -- Detecting C compile features - done
[11.727s] -- Check for working CXX compiler: /usr/bin/c++
[11.728s] -- Check for working CXX compiler: /usr/bin/c++ -- works
[11.728s] -- Detecting CXX compiler ABI info
[11.728s] -- Detecting CXX compiler ABI info - done
[11.728s] -- Detecting CXX compile features
[11.728s] -- Detecting CXX compile features - done
[11.728s] -- Found ament_cmake: 1.1.5 (/opt/ros/galactic/share/ament_cmake/cmake)
[11.728s] -- Found PythonInterp: /usr/bin/python3 (found suitable version "3.8.10", minimum required is "3") 
[11.728s] -- Using PYTHON_EXECUTABLE: /usr/bin/python3
[11.729s] -- Found ament_lint_auto: 0.10.7 (/opt/ros/galactic/share/ament_lint_auto/cmake)
[11.729s] -- Added test 'copyright' to check source files copyright and LICENSE
[11.729s] -- Added test 'flake8' to check Python code syntax and style conventions
[11.729s] -- Added test 'lint_cmake' to check CMake code style
[11.729s] -- Added test 'pep257' to check Python code against some of the style conventions in PEP 257
[11.729s] -- Added test 'xmllint' to check XML markup files
[11.729s] -- Configuring done
[11.729s] -- Generating done
[11.730s] -- Build files have been written to: /home/muhayy/mbzirc_ws/src/build/two_wheeled_robot
[11.844s] Invoked command in '/home/muhayy/mbzirc_ws/src/build/two_wheeled_robot' returned '0': CMAKE_PREFIX_PATH=${CMAKE_PREFIX_PATH}:/opt/ros/galactic /usr/bin/cmake /home/muhayy/mbzirc_ws/src/two_wheeled_robot -DCMAKE_INSTALL_PREFIX=/home/muhayy/mbzirc_ws/src/install
[11.845s] Invoking command in '/home/muhayy/mbzirc_ws/src/build/two_wheeled_robot': CMAKE_PREFIX_PATH=${CMAKE_PREFIX_PATH}:/opt/ros/galactic /usr/bin/cmake --build /home/muhayy/mbzirc_ws/src/build/two_wheeled_robot -- -j12 -l12
[21.891s] Invoked command in '/home/muhayy/mbzirc_ws/src/build/two_wheeled_robot' returned '0': CMAKE_PREFIX_PATH=${CMAKE_PREFIX_PATH}:/opt/ros/galactic /usr/bin/cmake --build /home/muhayy/mbzirc_ws/src/build/two_wheeled_robot -- -j12 -l12
[22.115s] Invoking command in '/home/muhayy/mbzirc_ws/src/build/two_wheeled_robot': CMAKE_PREFIX_PATH=${CMAKE_PREFIX_PATH}:/opt/ros/galactic /usr/bin/cmake --install /home/muhayy/mbzirc_ws/src/build/two_wheeled_robot
[23.250s] -- Install configuration: ""
[23.250s] -- Installing: /home/muhayy/mbzirc_ws/src/install/share/two_wheeled_robot/config
[23.250s] -- Installing: /home/muhayy/mbzirc_ws/src/install/share/two_wheeled_robot/launch
[23.250s] -- Installing: /home/muhayy/mbzirc_ws/src/install/share/two_wheeled_robot/launch/two_wheeled_robot.launch.py
[23.250s] -- Installing: /home/muhayy/mbzirc_ws/src/install/share/two_wheeled_robot/maps
[23.250s] -- Installing: /home/muhayy/mbzirc_ws/src/install/share/two_wheeled_robot/meshes
[23.250s] -- Installing: /home/muhayy/mbzirc_ws/src/install/share/two_wheeled_robot/meshes/engine.dae
[23.250s] -- Installing: /home/muhayy/mbzirc_ws/src/install/share/two_wheeled_robot/meshes/robot_base.stl
[23.251s] -- Installing: /home/muhayy/mbzirc_ws/src/install/share/two_wheeled_robot/meshes/motor.dae
[23.251s] -- Installing: /home/muhayy/mbzirc_ws/src/install/share/two_wheeled_robot/meshes/WamV.png
[23.251s] -- Installing: /home/muhayy/mbzirc_ws/src/install/share/two_wheeled_robot/meshes/USV.dae
[23.251s] -- Installing: /home/muhayy/mbzirc_ws/src/install/share/two_wheeled_robot/meshes/WAM-V-Base.dae
[23.251s] -- Installing: /home/muhayy/mbzirc_ws/src/install/share/two_wheeled_robot/meshes/propeller.dae
[23.251s] -- Installing: /home/muhayy/mbzirc_ws/src/install/share/two_wheeled_robot/models
[23.251s] -- Installing: /home/muhayy/mbzirc_ws/src/install/share/two_wheeled_robot/params
[23.251s] -- Installing: /home/muhayy/mbzirc_ws/src/install/share/two_wheeled_robot/rviz
[23.252s] -- Installing: /home/muhayy/mbzirc_ws/src/install/share/two_wheeled_robot/rviz/rviz_basic_settings.rviz
[23.252s] -- Installing: /home/muhayy/mbzirc_ws/src/install/share/two_wheeled_robot/rviz/rviz_usv_settings.rviz
[23.252s] -- Installing: /home/muhayy/mbzirc_ws/src/install/share/two_wheeled_robot/src
[23.252s] -- Installing: /home/muhayy/mbzirc_ws/src/install/share/two_wheeled_robot/urdf
[23.252s] -- Installing: /home/muhayy/mbzirc_ws/src/install/share/two_wheeled_robot/urdf/two_wheeled_robot.urdf
[23.252s] -- Installing: /home/muhayy/mbzirc_ws/src/install/share/two_wheeled_robot/urdf/model.sdf
[23.252s] -- Installing: /home/muhayy/mbzirc_ws/src/install/share/two_wheeled_robot/urdf/model.urdf
[23.252s] -- Installing: /home/muhayy/mbzirc_ws/src/install/share/two_wheeled_robot/worlds
[23.252s] -- Installing: /home/muhayy/mbzirc_ws/src/install/share/ament_index/resource_index/package_run_dependencies/two_wheeled_robot
[23.253s] -- Installing: /home/muhayy/mbzirc_ws/src/install/share/ament_index/resource_index/parent_prefix_path/two_wheeled_robot
[23.253s] -- Installing: /home/muhayy/mbzirc_ws/src/install/share/two_wheeled_robot/environment/ament_prefix_path.sh
[23.253s] -- Installing: /home/muhayy/mbzirc_ws/src/install/share/two_wheeled_robot/environment/ament_prefix_path.dsv
[23.253s] -- Installing: /home/muhayy/mbzirc_ws/src/install/share/two_wheeled_robot/environment/path.sh
[23.253s] -- Installing: /home/muhayy/mbzirc_ws/src/install/share/two_wheeled_robot/environment/path.dsv
[23.253s] -- Installing: /home/muhayy/mbzirc_ws/src/install/share/two_wheeled_robot/local_setup.bash
[23.253s] -- Installing: /home/muhayy/mbzirc_ws/src/install/share/two_wheeled_robot/local_setup.sh
[23.253s] -- Installing: /home/muhayy/mbzirc_ws/src/install/share/two_wheeled_robot/local_setup.zsh
[23.253s] -- Installing: /home/muhayy/mbzirc_ws/src/install/share/two_wheeled_robot/local_setup.dsv
[23.254s] -- Installing: /home/muhayy/mbzirc_ws/src/install/share/two_wheeled_robot/package.dsv
[23.254s] -- Installing: /home/muhayy/mbzirc_ws/src/install/share/ament_index/resource_index/packages/two_wheeled_robot
[23.254s] -- Installing: /home/muhayy/mbzirc_ws/src/install/share/two_wheeled_robot/cmake/two_wheeled_robotConfig.cmake
[23.254s] -- Installing: /home/muhayy/mbzirc_ws/src/install/share/two_wheeled_robot/cmake/two_wheeled_robotConfig-version.cmake
[23.254s] -- Installing: /home/muhayy/mbzirc_ws/src/install/share/two_wheeled_robot/package.xml
[23.271s] Invoked command in '/home/muhayy/mbzirc_ws/src/build/two_wheeled_robot' returned '0': CMAKE_PREFIX_PATH=${CMAKE_PREFIX_PATH}:/opt/ros/galactic /usr/bin/cmake --install /home/muhayy/mbzirc_ws/src/build/two_wheeled_robot
