running egg_info
creating ../../build/explorer_bringup/explorer_bringup.egg-info
writing ../../build/explorer_bringup/explorer_bringup.egg-info/PKG-INFO
writing dependency_links to ../../build/explorer_bringup/explorer_bringup.egg-info/dependency_links.txt
writing entry points to ../../build/explorer_bringup/explorer_bringup.egg-info/entry_points.txt
writing requirements to ../../build/explorer_bringup/explorer_bringup.egg-info/requires.txt
writing top-level names to ../../build/explorer_bringup/explorer_bringup.egg-info/top_level.txt
writing manifest file '../../build/explorer_bringup/explorer_bringup.egg-info/SOURCES.txt'
reading manifest file '../../build/explorer_bringup/explorer_bringup.egg-info/SOURCES.txt'
writing manifest file '../../build/explorer_bringup/explorer_bringup.egg-info/SOURCES.txt'
running build
running build_py
creating /home/muhayy/mbzirc_ws/src/build/explorer_bringup/build
creating /home/muhayy/mbzirc_ws/src/build/explorer_bringup/build/lib
creating /home/muhayy/mbzirc_ws/src/build/explorer_bringup/build/lib/explorer_bringup
copying explorer_bringup/__init__.py -> /home/muhayy/mbzirc_ws/src/build/explorer_bringup/build/lib/explorer_bringup
copying explorer_bringup/manager.py -> /home/muhayy/mbzirc_ws/src/build/explorer_bringup/build/lib/explorer_bringup
running install
running install_lib
creating /home/muhayy/mbzirc_ws/src/install/lib/python3.8/site-packages/explorer_bringup
copying /home/muhayy/mbzirc_ws/src/build/explorer_bringup/build/lib/explorer_bringup/__init__.py -> /home/muhayy/mbzirc_ws/src/install/lib/python3.8/site-packages/explorer_bringup
copying /home/muhayy/mbzirc_ws/src/build/explorer_bringup/build/lib/explorer_bringup/manager.py -> /home/muhayy/mbzirc_ws/src/install/lib/python3.8/site-packages/explorer_bringup
byte-compiling /home/muhayy/mbzirc_ws/src/install/lib/python3.8/site-packages/explorer_bringup/__init__.py to __init__.cpython-38.pyc
byte-compiling /home/muhayy/mbzirc_ws/src/install/lib/python3.8/site-packages/explorer_bringup/manager.py to manager.cpython-38.pyc
running install_data
copying resource/explorer_bringup -> /home/muhayy/mbzirc_ws/src/install/share/ament_index/resource_index/packages
copying package.xml -> /home/muhayy/mbzirc_ws/src/install/share/explorer_bringup
copying launch/map11.launch.py -> /home/muhayy/mbzirc_ws/src/install/share/explorer_bringup
copying launch/map1.launch.py -> /home/muhayy/mbzirc_ws/src/install/share/explorer_bringup
copying launch/map6.launch.py -> /home/muhayy/mbzirc_ws/src/install/share/explorer_bringup
copying launch/map8.launch.py -> /home/muhayy/mbzirc_ws/src/install/share/explorer_bringup
copying launch/map5.launch.py -> /home/muhayy/mbzirc_ws/src/install/share/explorer_bringup
copying launch/map3.launch.py -> /home/muhayy/mbzirc_ws/src/install/share/explorer_bringup
copying launch/map9.launch.py -> /home/muhayy/mbzirc_ws/src/install/share/explorer_bringup
copying launch/map2.launch.py -> /home/muhayy/mbzirc_ws/src/install/share/explorer_bringup
copying launch/map4.launch.py -> /home/muhayy/mbzirc_ws/src/install/share/explorer_bringup
copying launch/map10.launch.py -> /home/muhayy/mbzirc_ws/src/install/share/explorer_bringup
copying launch/map7.launch.py -> /home/muhayy/mbzirc_ws/src/install/share/explorer_bringup
running install_egg_info
Copying ../../build/explorer_bringup/explorer_bringup.egg-info to /home/muhayy/mbzirc_ws/src/install/lib/python3.8/site-packages/explorer_bringup-0.0.0-py3.8.egg-info
running install_scripts
Installing manager script to /home/muhayy/mbzirc_ws/src/install/lib/explorer_bringup
writing list of installed files to '/home/muhayy/mbzirc_ws/src/build/explorer_bringup/install.log'
