[1.602s] Invoking command in '/home/muhayy/mbzirc_ws/src/ros2_explorer/explorer_bringup': PYTHONPATH=/home/muhayy/mbzirc_ws/src/install/lib/python3.8/site-packages:${PYTHONPATH} /usr/bin/python3 setup.py egg_info --egg-base ../../build/explorer_bringup build --build-base /home/muhayy/mbzirc_ws/src/build/explorer_bringup/build install --prefix /home/muhayy/mbzirc_ws/src/install --record /home/muhayy/mbzirc_ws/src/build/explorer_bringup/install.log --single-version-externally-managed
[2.669s] running egg_info
[2.669s] creating ../../build/explorer_bringup/explorer_bringup.egg-info
[2.669s] writing ../../build/explorer_bringup/explorer_bringup.egg-info/PKG-INFO
[2.669s] writing dependency_links to ../../build/explorer_bringup/explorer_bringup.egg-info/dependency_links.txt
[2.669s] writing entry points to ../../build/explorer_bringup/explorer_bringup.egg-info/entry_points.txt
[2.669s] writing requirements to ../../build/explorer_bringup/explorer_bringup.egg-info/requires.txt
[2.669s] writing top-level names to ../../build/explorer_bringup/explorer_bringup.egg-info/top_level.txt
[2.669s] writing manifest file '../../build/explorer_bringup/explorer_bringup.egg-info/SOURCES.txt'
[2.669s] reading manifest file '../../build/explorer_bringup/explorer_bringup.egg-info/SOURCES.txt'
[2.670s] writing manifest file '../../build/explorer_bringup/explorer_bringup.egg-info/SOURCES.txt'
[2.670s] running build
[2.670s] running build_py
[2.670s] creating /home/muhayy/mbzirc_ws/src/build/explorer_bringup/build
[2.670s] creating /home/muhayy/mbzirc_ws/src/build/explorer_bringup/build/lib
[2.670s] creating /home/muhayy/mbzirc_ws/src/build/explorer_bringup/build/lib/explorer_bringup
[2.670s] copying explorer_bringup/__init__.py -> /home/muhayy/mbzirc_ws/src/build/explorer_bringup/build/lib/explorer_bringup
[2.670s] copying explorer_bringup/manager.py -> /home/muhayy/mbzirc_ws/src/build/explorer_bringup/build/lib/explorer_bringup
[2.670s] running install
[2.671s] running install_lib
[2.671s] creating /home/muhayy/mbzirc_ws/src/install/lib/python3.8/site-packages/explorer_bringup
[2.671s] copying /home/muhayy/mbzirc_ws/src/build/explorer_bringup/build/lib/explorer_bringup/__init__.py -> /home/muhayy/mbzirc_ws/src/install/lib/python3.8/site-packages/explorer_bringup
[2.671s] copying /home/muhayy/mbzirc_ws/src/build/explorer_bringup/build/lib/explorer_bringup/manager.py -> /home/muhayy/mbzirc_ws/src/install/lib/python3.8/site-packages/explorer_bringup
[2.671s] byte-compiling /home/muhayy/mbzirc_ws/src/install/lib/python3.8/site-packages/explorer_bringup/__init__.py to __init__.cpython-38.pyc
[2.671s] byte-compiling /home/muhayy/mbzirc_ws/src/install/lib/python3.8/site-packages/explorer_bringup/manager.py to manager.cpython-38.pyc
[2.672s] running install_data
[2.703s] copying resource/explorer_bringup -> /home/muhayy/mbzirc_ws/src/install/share/ament_index/resource_index/packages
[2.703s] copying package.xml -> /home/muhayy/mbzirc_ws/src/install/share/explorer_bringup
[2.703s] copying launch/map11.launch.py -> /home/muhayy/mbzirc_ws/src/install/share/explorer_bringup
[2.703s] copying launch/map1.launch.py -> /home/muhayy/mbzirc_ws/src/install/share/explorer_bringup
[2.704s] copying launch/map6.launch.py -> /home/muhayy/mbzirc_ws/src/install/share/explorer_bringup
[2.704s] copying launch/map8.launch.py -> /home/muhayy/mbzirc_ws/src/install/share/explorer_bringup
[2.704s] copying launch/map5.launch.py -> /home/muhayy/mbzirc_ws/src/install/share/explorer_bringup
[2.704s] copying launch/map3.launch.py -> /home/muhayy/mbzirc_ws/src/install/share/explorer_bringup
[2.704s] copying launch/map9.launch.py -> /home/muhayy/mbzirc_ws/src/install/share/explorer_bringup
[2.704s] copying launch/map2.launch.py -> /home/muhayy/mbzirc_ws/src/install/share/explorer_bringup
[2.704s] copying launch/map4.launch.py -> /home/muhayy/mbzirc_ws/src/install/share/explorer_bringup
[2.704s] copying launch/map10.launch.py -> /home/muhayy/mbzirc_ws/src/install/share/explorer_bringup
[2.705s] copying launch/map7.launch.py -> /home/muhayy/mbzirc_ws/src/install/share/explorer_bringup
[2.705s] running install_egg_info
[2.705s] Copying ../../build/explorer_bringup/explorer_bringup.egg-info to /home/muhayy/mbzirc_ws/src/install/lib/python3.8/site-packages/explorer_bringup-0.0.0-py3.8.egg-info
[2.705s] running install_scripts
[2.741s] Installing manager script to /home/muhayy/mbzirc_ws/src/install/lib/explorer_bringup
[2.741s] writing list of installed files to '/home/muhayy/mbzirc_ws/src/build/explorer_bringup/install.log'
[2.838s] Invoked command in '/home/muhayy/mbzirc_ws/src/ros2_explorer/explorer_bringup' returned '0': PYTHONPATH=/home/muhayy/mbzirc_ws/src/install/lib/python3.8/site-packages:${PYTHONPATH} /usr/bin/python3 setup.py egg_info --egg-base ../../build/explorer_bringup build --build-base /home/muhayy/mbzirc_ws/src/build/explorer_bringup/build install --prefix /home/muhayy/mbzirc_ws/src/install --record /home/muhayy/mbzirc_ws/src/build/explorer_bringup/install.log --single-version-externally-managed
