[  2%] Built target explorer_interfaces__cpp
[ 12%] Built target explorer_interfaces__rosidl_generator_c
[ 23%] Built target explorer_interfaces__rosidl_typesupport_introspection_cpp
[ 33%] Built target explorer_interfaces__rosidl_typesupport_c
[ 43%] Built target explorer_interfaces__rosidl_typesupport_cpp
[ 53%] Built target explorer_interfaces__rosidl_typesupport_fastrtps_cpp
[ 64%] Built target explorer_interfaces__rosidl_typesupport_introspection_c
[ 74%] Built target explorer_interfaces__rosidl_typesupport_fastrtps_c
[ 74%] Built target explorer_interfaces
[ 76%] Built target explorer_interfaces__py
[ 84%] Built target explorer_interfaces__python
[ 89%] Built target explorer_interfaces__rosidl_typesupport_introspection_c__pyext
[ 94%] Built target explorer_interfaces__rosidl_typesupport_fastrtps_c__pyext
[100%] Built target explorer_interfaces__rosidl_typesupport_c__pyext
-- Install configuration: ""
-- Up-to-date: /home/muhayy/mbzirc_ws/src/install/share/ament_index/resource_index/rosidl_interfaces/explorer_interfaces
-- Up-to-date: /home/muhayy/mbzirc_ws/src/install/include/explorer_interfaces
-- Up-to-date: /home/muhayy/mbzirc_ws/src/install/include/explorer_interfaces/action
-- Up-to-date: /home/muhayy/mbzirc_ws/src/install/include/explorer_interfaces/action/wander.h
-- Up-to-date: /home/muhayy/mbzirc_ws/src/install/include/explorer_interfaces/action/detail
-- Up-to-date: /home/muhayy/mbzirc_ws/src/install/include/explorer_interfaces/action/detail/wander__struct.h
-- Up-to-date: /home/muhayy/mbzirc_ws/src/install/include/explorer_interfaces/action/detail/discover__functions.h
-- Up-to-date: /home/muhayy/mbzirc_ws/src/install/include/explorer_interfaces/action/detail/wander__type_support.h
-- Up-to-date: /home/muhayy/mbzirc_ws/src/install/include/explorer_interfaces/action/detail/wander__functions.c
-- Up-to-date: /home/muhayy/mbzirc_ws/src/install/include/explorer_interfaces/action/detail/discover__type_support.h
-- Up-to-date: /home/muhayy/mbzirc_ws/src/install/include/explorer_interfaces/action/detail/discover__functions.c
-- Up-to-date: /home/muhayy/mbzirc_ws/src/install/include/explorer_interfaces/action/detail/discover__struct.h
-- Up-to-date: /home/muhayy/mbzirc_ws/src/install/include/explorer_interfaces/action/detail/wander__functions.h
-- Up-to-date: /home/muhayy/mbzirc_ws/src/install/include/explorer_interfaces/action/discover.h
-- Up-to-date: /home/muhayy/mbzirc_ws/src/install/include/explorer_interfaces/msg
-- Up-to-date: /home/muhayy/mbzirc_ws/src/install/include/explorer_interfaces/msg/rosidl_generator_c__visibility_control.h
-- Up-to-date: /home/muhayy/mbzirc_ws/src/install/share/explorer_interfaces/environment/library_path.sh
-- Up-to-date: /home/muhayy/mbzirc_ws/src/install/share/explorer_interfaces/environment/library_path.dsv
-- Up-to-date: /home/muhayy/mbzirc_ws/src/install/lib/libexplorer_interfaces__rosidl_generator_c.so
-- Up-to-date: /home/muhayy/mbzirc_ws/src/install/include/explorer_interfaces
-- Up-to-date: /home/muhayy/mbzirc_ws/src/install/include/explorer_interfaces/action
-- Up-to-date: /home/muhayy/mbzirc_ws/src/install/include/explorer_interfaces/action/detail
-- Up-to-date: /home/muhayy/mbzirc_ws/src/install/include/explorer_interfaces/action/detail/discover__rosidl_typesupport_fastrtps_c.h
-- Up-to-date: /home/muhayy/mbzirc_ws/src/install/include/explorer_interfaces/action/detail/wander__rosidl_typesupport_fastrtps_c.h
-- Up-to-date: /home/muhayy/mbzirc_ws/src/install/include/explorer_interfaces/msg
-- Up-to-date: /home/muhayy/mbzirc_ws/src/install/include/explorer_interfaces/msg/rosidl_typesupport_fastrtps_c__visibility_control.h
-- Up-to-date: /home/muhayy/mbzirc_ws/src/install/lib/libexplorer_interfaces__rosidl_typesupport_fastrtps_c.so
-- Up-to-date: /home/muhayy/mbzirc_ws/src/install/include/explorer_interfaces
-- Up-to-date: /home/muhayy/mbzirc_ws/src/install/include/explorer_interfaces/action
-- Up-to-date: /home/muhayy/mbzirc_ws/src/install/include/explorer_interfaces/action/detail
-- Up-to-date: /home/muhayy/mbzirc_ws/src/install/include/explorer_interfaces/action/detail/discover__rosidl_typesupport_fastrtps_cpp.hpp
-- Up-to-date: /home/muhayy/mbzirc_ws/src/install/include/explorer_interfaces/action/detail/wander__rosidl_typesupport_fastrtps_cpp.hpp
-- Up-to-date: /home/muhayy/mbzirc_ws/src/install/include/explorer_interfaces/action/detail/dds_fastrtps
-- Up-to-date: /home/muhayy/mbzirc_ws/src/install/include/explorer_interfaces/msg
-- Up-to-date: /home/muhayy/mbzirc_ws/src/install/include/explorer_interfaces/msg/rosidl_typesupport_fastrtps_cpp__visibility_control.h
-- Up-to-date: /home/muhayy/mbzirc_ws/src/install/lib/libexplorer_interfaces__rosidl_typesupport_fastrtps_cpp.so
-- Up-to-date: /home/muhayy/mbzirc_ws/src/install/include/explorer_interfaces
-- Up-to-date: /home/muhayy/mbzirc_ws/src/install/include/explorer_interfaces/action
-- Up-to-date: /home/muhayy/mbzirc_ws/src/install/include/explorer_interfaces/action/detail
-- Up-to-date: /home/muhayy/mbzirc_ws/src/install/include/explorer_interfaces/action/detail/wander__rosidl_typesupport_introspection_c.h
-- Up-to-date: /home/muhayy/mbzirc_ws/src/install/include/explorer_interfaces/action/detail/discover__rosidl_typesupport_introspection_c.h
-- Up-to-date: /home/muhayy/mbzirc_ws/src/install/include/explorer_interfaces/action/detail/wander__type_support.c
-- Up-to-date: /home/muhayy/mbzirc_ws/src/install/include/explorer_interfaces/action/detail/discover__type_support.c
-- Up-to-date: /home/muhayy/mbzirc_ws/src/install/include/explorer_interfaces/msg
-- Up-to-date: /home/muhayy/mbzirc_ws/src/install/include/explorer_interfaces/msg/rosidl_typesupport_introspection_c__visibility_control.h
-- Up-to-date: /home/muhayy/mbzirc_ws/src/install/lib/libexplorer_interfaces__rosidl_typesupport_introspection_c.so
-- Up-to-date: /home/muhayy/mbzirc_ws/src/install/lib/libexplorer_interfaces__rosidl_typesupport_c.so
-- Up-to-date: /home/muhayy/mbzirc_ws/src/install/include/explorer_interfaces
-- Up-to-date: /home/muhayy/mbzirc_ws/src/install/include/explorer_interfaces/action
-- Up-to-date: /home/muhayy/mbzirc_ws/src/install/include/explorer_interfaces/action/detail
-- Up-to-date: /home/muhayy/mbzirc_ws/src/install/include/explorer_interfaces/action/detail/wander__builder.hpp
-- Up-to-date: /home/muhayy/mbzirc_ws/src/install/include/explorer_interfaces/action/detail/discover__traits.hpp
-- Up-to-date: /home/muhayy/mbzirc_ws/src/install/include/explorer_interfaces/action/detail/discover__builder.hpp
-- Up-to-date: /home/muhayy/mbzirc_ws/src/install/include/explorer_interfaces/action/detail/wander__traits.hpp
-- Up-to-date: /home/muhayy/mbzirc_ws/src/install/include/explorer_interfaces/action/detail/discover__struct.hpp
-- Up-to-date: /home/muhayy/mbzirc_ws/src/install/include/explorer_interfaces/action/detail/wander__struct.hpp
-- Up-to-date: /home/muhayy/mbzirc_ws/src/install/include/explorer_interfaces/action/wander.hpp
-- Up-to-date: /home/muhayy/mbzirc_ws/src/install/include/explorer_interfaces/action/discover.hpp
-- Up-to-date: /home/muhayy/mbzirc_ws/src/install/include/explorer_interfaces
-- Up-to-date: /home/muhayy/mbzirc_ws/src/install/include/explorer_interfaces/action
-- Up-to-date: /home/muhayy/mbzirc_ws/src/install/include/explorer_interfaces/action/detail
-- Up-to-date: /home/muhayy/mbzirc_ws/src/install/include/explorer_interfaces/action/detail/wander__type_support.cpp
-- Up-to-date: /home/muhayy/mbzirc_ws/src/install/include/explorer_interfaces/action/detail/discover__type_support.cpp
-- Up-to-date: /home/muhayy/mbzirc_ws/src/install/include/explorer_interfaces/action/detail/wander__rosidl_typesupport_introspection_cpp.hpp
-- Up-to-date: /home/muhayy/mbzirc_ws/src/install/include/explorer_interfaces/action/detail/discover__rosidl_typesupport_introspection_cpp.hpp
-- Up-to-date: /home/muhayy/mbzirc_ws/src/install/lib/libexplorer_interfaces__rosidl_typesupport_introspection_cpp.so
-- Up-to-date: /home/muhayy/mbzirc_ws/src/install/lib/libexplorer_interfaces__rosidl_typesupport_cpp.so
-- Up-to-date: /home/muhayy/mbzirc_ws/src/install/share/explorer_interfaces/environment/pythonpath.sh
-- Up-to-date: /home/muhayy/mbzirc_ws/src/install/share/explorer_interfaces/environment/pythonpath.dsv
-- Up-to-date: /home/muhayy/mbzirc_ws/src/install/lib/python3.8/site-packages/explorer_interfaces/__init__.py
-- Up-to-date: /home/muhayy/mbzirc_ws/src/install/lib/python3.8/site-packages/explorer_interfaces/action
-- Up-to-date: /home/muhayy/mbzirc_ws/src/install/lib/python3.8/site-packages/explorer_interfaces/action/__init__.py
-- Up-to-date: /home/muhayy/mbzirc_ws/src/install/lib/python3.8/site-packages/explorer_interfaces/action/_wander.py
-- Up-to-date: /home/muhayy/mbzirc_ws/src/install/lib/python3.8/site-packages/explorer_interfaces/action/_wander_s.c
-- Up-to-date: /home/muhayy/mbzirc_ws/src/install/lib/python3.8/site-packages/explorer_interfaces/action/_discover_s.c
-- Up-to-date: /home/muhayy/mbzirc_ws/src/install/lib/python3.8/site-packages/explorer_interfaces/action/_discover.py
-- Up-to-date: /home/muhayy/mbzirc_ws/src/install/lib/python3.8/site-packages/explorer_interfaces/explorer_interfaces_s__rosidl_typesupport_fastrtps_c.cpython-38-x86_64-linux-gnu.so
-- Up-to-date: /home/muhayy/mbzirc_ws/src/install/lib/python3.8/site-packages/explorer_interfaces/explorer_interfaces_s__rosidl_typesupport_introspection_c.cpython-38-x86_64-linux-gnu.so
-- Up-to-date: /home/muhayy/mbzirc_ws/src/install/lib/python3.8/site-packages/explorer_interfaces/explorer_interfaces_s__rosidl_typesupport_c.cpython-38-x86_64-linux-gnu.so
-- Up-to-date: /home/muhayy/mbzirc_ws/src/install/lib/libexplorer_interfaces__python.so
-- Up-to-date: /home/muhayy/mbzirc_ws/src/install/share/explorer_interfaces/action/Wander.idl
-- Up-to-date: /home/muhayy/mbzirc_ws/src/install/share/explorer_interfaces/action/Discover.idl
-- Up-to-date: /home/muhayy/mbzirc_ws/src/install/share/explorer_interfaces/action/Wander.action
-- Up-to-date: /home/muhayy/mbzirc_ws/src/install/share/explorer_interfaces/action/Discover.action
-- Up-to-date: /home/muhayy/mbzirc_ws/src/install/share/ament_index/resource_index/package_run_dependencies/explorer_interfaces
-- Up-to-date: /home/muhayy/mbzirc_ws/src/install/share/ament_index/resource_index/parent_prefix_path/explorer_interfaces
-- Up-to-date: /home/muhayy/mbzirc_ws/src/install/share/explorer_interfaces/environment/ament_prefix_path.sh
-- Up-to-date: /home/muhayy/mbzirc_ws/src/install/share/explorer_interfaces/environment/ament_prefix_path.dsv
-- Up-to-date: /home/muhayy/mbzirc_ws/src/install/share/explorer_interfaces/environment/path.sh
-- Up-to-date: /home/muhayy/mbzirc_ws/src/install/share/explorer_interfaces/environment/path.dsv
-- Up-to-date: /home/muhayy/mbzirc_ws/src/install/share/explorer_interfaces/local_setup.bash
-- Up-to-date: /home/muhayy/mbzirc_ws/src/install/share/explorer_interfaces/local_setup.sh
-- Up-to-date: /home/muhayy/mbzirc_ws/src/install/share/explorer_interfaces/local_setup.zsh
-- Up-to-date: /home/muhayy/mbzirc_ws/src/install/share/explorer_interfaces/local_setup.dsv
-- Installing: /home/muhayy/mbzirc_ws/src/install/share/explorer_interfaces/package.dsv
-- Up-to-date: /home/muhayy/mbzirc_ws/src/install/share/ament_index/resource_index/packages/explorer_interfaces
-- Up-to-date: /home/muhayy/mbzirc_ws/src/install/share/explorer_interfaces/cmake/explorer_interfaces__rosidl_generator_cExport.cmake
-- Up-to-date: /home/muhayy/mbzirc_ws/src/install/share/explorer_interfaces/cmake/explorer_interfaces__rosidl_generator_cExport-noconfig.cmake
-- Up-to-date: /home/muhayy/mbzirc_ws/src/install/share/explorer_interfaces/cmake/explorer_interfaces__rosidl_typesupport_introspection_cExport.cmake
-- Up-to-date: /home/muhayy/mbzirc_ws/src/install/share/explorer_interfaces/cmake/explorer_interfaces__rosidl_typesupport_introspection_cExport-noconfig.cmake
-- Up-to-date: /home/muhayy/mbzirc_ws/src/install/share/explorer_interfaces/cmake/explorer_interfaces__rosidl_typesupport_cExport.cmake
-- Up-to-date: /home/muhayy/mbzirc_ws/src/install/share/explorer_interfaces/cmake/explorer_interfaces__rosidl_typesupport_cExport-noconfig.cmake
-- Up-to-date: /home/muhayy/mbzirc_ws/src/install/share/explorer_interfaces/cmake/explorer_interfaces__rosidl_generator_cppExport.cmake
-- Up-to-date: /home/muhayy/mbzirc_ws/src/install/share/explorer_interfaces/cmake/explorer_interfaces__rosidl_typesupport_introspection_cppExport.cmake
-- Up-to-date: /home/muhayy/mbzirc_ws/src/install/share/explorer_interfaces/cmake/explorer_interfaces__rosidl_typesupport_introspection_cppExport-noconfig.cmake
-- Up-to-date: /home/muhayy/mbzirc_ws/src/install/share/explorer_interfaces/cmake/explorer_interfaces__rosidl_typesupport_cppExport.cmake
-- Up-to-date: /home/muhayy/mbzirc_ws/src/install/share/explorer_interfaces/cmake/explorer_interfaces__rosidl_typesupport_cppExport-noconfig.cmake
-- Up-to-date: /home/muhayy/mbzirc_ws/src/install/share/explorer_interfaces/cmake/rosidl_cmake-extras.cmake
-- Up-to-date: /home/muhayy/mbzirc_ws/src/install/share/explorer_interfaces/cmake/ament_cmake_export_dependencies-extras.cmake
-- Up-to-date: /home/muhayy/mbzirc_ws/src/install/share/explorer_interfaces/cmake/ament_cmake_export_libraries-extras.cmake
-- Up-to-date: /home/muhayy/mbzirc_ws/src/install/share/explorer_interfaces/cmake/ament_cmake_export_targets-extras.cmake
-- Up-to-date: /home/muhayy/mbzirc_ws/src/install/share/explorer_interfaces/cmake/ament_cmake_export_include_directories-extras.cmake
-- Up-to-date: /home/muhayy/mbzirc_ws/src/install/share/explorer_interfaces/cmake/rosidl_cmake_export_typesupport_libraries-extras.cmake
-- Up-to-date: /home/muhayy/mbzirc_ws/src/install/share/explorer_interfaces/cmake/rosidl_cmake_export_typesupport_targets-extras.cmake
-- Up-to-date: /home/muhayy/mbzirc_ws/src/install/share/explorer_interfaces/cmake/explorer_interfacesConfig.cmake
-- Up-to-date: /home/muhayy/mbzirc_ws/src/install/share/explorer_interfaces/cmake/explorer_interfacesConfig-version.cmake
-- Up-to-date: /home/muhayy/mbzirc_ws/src/install/share/explorer_interfaces/package.xml
