[0.586s] Invoking command in '/home/muhayy/mbzirc_ws/src/build/explorer_interfaces': CMAKE_PREFIX_PATH=${CMAKE_PREFIX_PATH}:/opt/ros/galactic /usr/bin/cmake --build /home/muhayy/mbzirc_ws/src/build/explorer_interfaces -- -j12 -l12
[0.646s] [  2%] Built target explorer_interfaces__cpp
[0.647s] [ 12%] Built target explorer_interfaces__rosidl_generator_c
[0.677s] [ 23%] Built target explorer_interfaces__rosidl_typesupport_introspection_cpp
[0.684s] [ 33%] Built target explorer_interfaces__rosidl_typesupport_c
[0.688s] [ 43%] Built target explorer_interfaces__rosidl_typesupport_cpp
[0.701s] [ 53%] Built target explorer_interfaces__rosidl_typesupport_fastrtps_cpp
[0.709s] [ 64%] Built target explorer_interfaces__rosidl_typesupport_introspection_c
[0.740s] [ 74%] Built target explorer_interfaces__rosidl_typesupport_fastrtps_c
[0.773s] [ 74%] Built target explorer_interfaces
[0.806s] [ 76%] Built target explorer_interfaces__py
[0.838s] [ 84%] Built target explorer_interfaces__python
[0.906s] [ 89%] Built target explorer_interfaces__rosidl_typesupport_introspection_c__pyext
[0.908s] [ 94%] Built target explorer_interfaces__rosidl_typesupport_fastrtps_c__pyext
[0.920s] [100%] Built target explorer_interfaces__rosidl_typesupport_c__pyext
[1.036s] Invoked command in '/home/muhayy/mbzirc_ws/src/build/explorer_interfaces' returned '0': CMAKE_PREFIX_PATH=${CMAKE_PREFIX_PATH}:/opt/ros/galactic /usr/bin/cmake --build /home/muhayy/mbzirc_ws/src/build/explorer_interfaces -- -j12 -l12
[1.819s] Invoking command in '/home/muhayy/mbzirc_ws/src/build/explorer_interfaces': CMAKE_PREFIX_PATH=${CMAKE_PREFIX_PATH}:/opt/ros/galactic /usr/bin/cmake --install /home/muhayy/mbzirc_ws/src/build/explorer_interfaces
[2.067s] -- Install configuration: ""
[2.068s] -- Up-to-date: /home/muhayy/mbzirc_ws/src/install/share/ament_index/resource_index/rosidl_interfaces/explorer_interfaces
[2.068s] -- Up-to-date: /home/muhayy/mbzirc_ws/src/install/include/explorer_interfaces
[2.070s] -- Up-to-date: /home/muhayy/mbzirc_ws/src/install/include/explorer_interfaces/action
[2.071s] -- Up-to-date: /home/muhayy/mbzirc_ws/src/install/include/explorer_interfaces/action/wander.h
[2.071s] -- Up-to-date: /home/muhayy/mbzirc_ws/src/install/include/explorer_interfaces/action/detail
[2.073s] -- Up-to-date: /home/muhayy/mbzirc_ws/src/install/include/explorer_interfaces/action/detail/wander__struct.h
[2.073s] -- Up-to-date: /home/muhayy/mbzirc_ws/src/install/include/explorer_interfaces/action/detail/discover__functions.h
[2.074s] -- Up-to-date: /home/muhayy/mbzirc_ws/src/install/include/explorer_interfaces/action/detail/wander__type_support.h
[2.074s] -- Up-to-date: /home/muhayy/mbzirc_ws/src/install/include/explorer_interfaces/action/detail/wander__functions.c
[2.074s] -- Up-to-date: /home/muhayy/mbzirc_ws/src/install/include/explorer_interfaces/action/detail/discover__type_support.h
[2.075s] -- Up-to-date: /home/muhayy/mbzirc_ws/src/install/include/explorer_interfaces/action/detail/discover__functions.c
[2.075s] -- Up-to-date: /home/muhayy/mbzirc_ws/src/install/include/explorer_interfaces/action/detail/discover__struct.h
[2.075s] -- Up-to-date: /home/muhayy/mbzirc_ws/src/install/include/explorer_interfaces/action/detail/wander__functions.h
[2.077s] -- Up-to-date: /home/muhayy/mbzirc_ws/src/install/include/explorer_interfaces/action/discover.h
[2.078s] -- Up-to-date: /home/muhayy/mbzirc_ws/src/install/include/explorer_interfaces/msg
[2.078s] -- Up-to-date: /home/muhayy/mbzirc_ws/src/install/include/explorer_interfaces/msg/rosidl_generator_c__visibility_control.h
[2.078s] -- Up-to-date: /home/muhayy/mbzirc_ws/src/install/share/explorer_interfaces/environment/library_path.sh
[2.078s] -- Up-to-date: /home/muhayy/mbzirc_ws/src/install/share/explorer_interfaces/environment/library_path.dsv
[2.078s] -- Up-to-date: /home/muhayy/mbzirc_ws/src/install/lib/libexplorer_interfaces__rosidl_generator_c.so
[2.078s] -- Up-to-date: /home/muhayy/mbzirc_ws/src/install/include/explorer_interfaces
[2.079s] -- Up-to-date: /home/muhayy/mbzirc_ws/src/install/include/explorer_interfaces/action
[2.079s] -- Up-to-date: /home/muhayy/mbzirc_ws/src/install/include/explorer_interfaces/action/detail
[2.080s] -- Up-to-date: /home/muhayy/mbzirc_ws/src/install/include/explorer_interfaces/action/detail/discover__rosidl_typesupport_fastrtps_c.h
[2.080s] -- Up-to-date: /home/muhayy/mbzirc_ws/src/install/include/explorer_interfaces/action/detail/wander__rosidl_typesupport_fastrtps_c.h
[2.081s] -- Up-to-date: /home/muhayy/mbzirc_ws/src/install/include/explorer_interfaces/msg
[2.081s] -- Up-to-date: /home/muhayy/mbzirc_ws/src/install/include/explorer_interfaces/msg/rosidl_typesupport_fastrtps_c__visibility_control.h
[2.081s] -- Up-to-date: /home/muhayy/mbzirc_ws/src/install/lib/libexplorer_interfaces__rosidl_typesupport_fastrtps_c.so
[2.081s] -- Up-to-date: /home/muhayy/mbzirc_ws/src/install/include/explorer_interfaces
[2.082s] -- Up-to-date: /home/muhayy/mbzirc_ws/src/install/include/explorer_interfaces/action
[2.082s] -- Up-to-date: /home/muhayy/mbzirc_ws/src/install/include/explorer_interfaces/action/detail
[2.085s] -- Up-to-date: /home/muhayy/mbzirc_ws/src/install/include/explorer_interfaces/action/detail/discover__rosidl_typesupport_fastrtps_cpp.hpp
[2.085s] -- Up-to-date: /home/muhayy/mbzirc_ws/src/install/include/explorer_interfaces/action/detail/wander__rosidl_typesupport_fastrtps_cpp.hpp
[2.085s] -- Up-to-date: /home/muhayy/mbzirc_ws/src/install/include/explorer_interfaces/action/detail/dds_fastrtps
[2.085s] -- Up-to-date: /home/muhayy/mbzirc_ws/src/install/include/explorer_interfaces/msg
[2.085s] -- Up-to-date: /home/muhayy/mbzirc_ws/src/install/include/explorer_interfaces/msg/rosidl_typesupport_fastrtps_cpp__visibility_control.h
[2.086s] -- Up-to-date: /home/muhayy/mbzirc_ws/src/install/lib/libexplorer_interfaces__rosidl_typesupport_fastrtps_cpp.so
[2.087s] -- Up-to-date: /home/muhayy/mbzirc_ws/src/install/include/explorer_interfaces
[2.087s] -- Up-to-date: /home/muhayy/mbzirc_ws/src/install/include/explorer_interfaces/action
[2.087s] -- Up-to-date: /home/muhayy/mbzirc_ws/src/install/include/explorer_interfaces/action/detail
[2.087s] -- Up-to-date: /home/muhayy/mbzirc_ws/src/install/include/explorer_interfaces/action/detail/wander__rosidl_typesupport_introspection_c.h
[2.088s] -- Up-to-date: /home/muhayy/mbzirc_ws/src/install/include/explorer_interfaces/action/detail/discover__rosidl_typesupport_introspection_c.h
[2.088s] -- Up-to-date: /home/muhayy/mbzirc_ws/src/install/include/explorer_interfaces/action/detail/wander__type_support.c
[2.088s] -- Up-to-date: /home/muhayy/mbzirc_ws/src/install/include/explorer_interfaces/action/detail/discover__type_support.c
[2.091s] -- Up-to-date: /home/muhayy/mbzirc_ws/src/install/include/explorer_interfaces/msg
[2.091s] -- Up-to-date: /home/muhayy/mbzirc_ws/src/install/include/explorer_interfaces/msg/rosidl_typesupport_introspection_c__visibility_control.h
[2.091s] -- Up-to-date: /home/muhayy/mbzirc_ws/src/install/lib/libexplorer_interfaces__rosidl_typesupport_introspection_c.so
[2.091s] -- Up-to-date: /home/muhayy/mbzirc_ws/src/install/lib/libexplorer_interfaces__rosidl_typesupport_c.so
[2.091s] -- Up-to-date: /home/muhayy/mbzirc_ws/src/install/include/explorer_interfaces
[2.091s] -- Up-to-date: /home/muhayy/mbzirc_ws/src/install/include/explorer_interfaces/action
[2.091s] -- Up-to-date: /home/muhayy/mbzirc_ws/src/install/include/explorer_interfaces/action/detail
[2.092s] -- Up-to-date: /home/muhayy/mbzirc_ws/src/install/include/explorer_interfaces/action/detail/wander__builder.hpp
[2.095s] -- Up-to-date: /home/muhayy/mbzirc_ws/src/install/include/explorer_interfaces/action/detail/discover__traits.hpp
[2.095s] -- Up-to-date: /home/muhayy/mbzirc_ws/src/install/include/explorer_interfaces/action/detail/discover__builder.hpp
[2.095s] -- Up-to-date: /home/muhayy/mbzirc_ws/src/install/include/explorer_interfaces/action/detail/wander__traits.hpp
[2.095s] -- Up-to-date: /home/muhayy/mbzirc_ws/src/install/include/explorer_interfaces/action/detail/discover__struct.hpp
[2.095s] -- Up-to-date: /home/muhayy/mbzirc_ws/src/install/include/explorer_interfaces/action/detail/wander__struct.hpp
[2.096s] -- Up-to-date: /home/muhayy/mbzirc_ws/src/install/include/explorer_interfaces/action/wander.hpp
[2.096s] -- Up-to-date: /home/muhayy/mbzirc_ws/src/install/include/explorer_interfaces/action/discover.hpp
[2.096s] -- Up-to-date: /home/muhayy/mbzirc_ws/src/install/include/explorer_interfaces
[2.096s] -- Up-to-date: /home/muhayy/mbzirc_ws/src/install/include/explorer_interfaces/action
[2.096s] -- Up-to-date: /home/muhayy/mbzirc_ws/src/install/include/explorer_interfaces/action/detail
[2.096s] -- Up-to-date: /home/muhayy/mbzirc_ws/src/install/include/explorer_interfaces/action/detail/wander__type_support.cpp
[2.096s] -- Up-to-date: /home/muhayy/mbzirc_ws/src/install/include/explorer_interfaces/action/detail/discover__type_support.cpp
[2.096s] -- Up-to-date: /home/muhayy/mbzirc_ws/src/install/include/explorer_interfaces/action/detail/wander__rosidl_typesupport_introspection_cpp.hpp
[2.097s] -- Up-to-date: /home/muhayy/mbzirc_ws/src/install/include/explorer_interfaces/action/detail/discover__rosidl_typesupport_introspection_cpp.hpp
[2.097s] -- Up-to-date: /home/muhayy/mbzirc_ws/src/install/lib/libexplorer_interfaces__rosidl_typesupport_introspection_cpp.so
[2.097s] -- Up-to-date: /home/muhayy/mbzirc_ws/src/install/lib/libexplorer_interfaces__rosidl_typesupport_cpp.so
[2.097s] -- Up-to-date: /home/muhayy/mbzirc_ws/src/install/share/explorer_interfaces/environment/pythonpath.sh
[2.097s] -- Up-to-date: /home/muhayy/mbzirc_ws/src/install/share/explorer_interfaces/environment/pythonpath.dsv
[2.097s] -- Up-to-date: /home/muhayy/mbzirc_ws/src/install/lib/python3.8/site-packages/explorer_interfaces/__init__.py
[2.097s] -- Up-to-date: /home/muhayy/mbzirc_ws/src/install/lib/python3.8/site-packages/explorer_interfaces/action
[2.097s] -- Up-to-date: /home/muhayy/mbzirc_ws/src/install/lib/python3.8/site-packages/explorer_interfaces/action/__init__.py
[2.097s] -- Up-to-date: /home/muhayy/mbzirc_ws/src/install/lib/python3.8/site-packages/explorer_interfaces/action/_wander.py
[2.098s] -- Up-to-date: /home/muhayy/mbzirc_ws/src/install/lib/python3.8/site-packages/explorer_interfaces/action/_wander_s.c
[2.098s] -- Up-to-date: /home/muhayy/mbzirc_ws/src/install/lib/python3.8/site-packages/explorer_interfaces/action/_discover_s.c
[2.098s] -- Up-to-date: /home/muhayy/mbzirc_ws/src/install/lib/python3.8/site-packages/explorer_interfaces/action/_discover.py
[2.098s] -- Up-to-date: /home/muhayy/mbzirc_ws/src/install/lib/python3.8/site-packages/explorer_interfaces/explorer_interfaces_s__rosidl_typesupport_fastrtps_c.cpython-38-x86_64-linux-gnu.so
[2.098s] -- Up-to-date: /home/muhayy/mbzirc_ws/src/install/lib/python3.8/site-packages/explorer_interfaces/explorer_interfaces_s__rosidl_typesupport_introspection_c.cpython-38-x86_64-linux-gnu.so
[2.098s] -- Up-to-date: /home/muhayy/mbzirc_ws/src/install/lib/python3.8/site-packages/explorer_interfaces/explorer_interfaces_s__rosidl_typesupport_c.cpython-38-x86_64-linux-gnu.so
[2.099s] -- Up-to-date: /home/muhayy/mbzirc_ws/src/install/lib/libexplorer_interfaces__python.so
[2.099s] -- Up-to-date: /home/muhayy/mbzirc_ws/src/install/share/explorer_interfaces/action/Wander.idl
[2.099s] -- Up-to-date: /home/muhayy/mbzirc_ws/src/install/share/explorer_interfaces/action/Discover.idl
[2.099s] -- Up-to-date: /home/muhayy/mbzirc_ws/src/install/share/explorer_interfaces/action/Wander.action
[2.100s] -- Up-to-date: /home/muhayy/mbzirc_ws/src/install/share/explorer_interfaces/action/Discover.action
[2.100s] -- Up-to-date: /home/muhayy/mbzirc_ws/src/install/share/ament_index/resource_index/package_run_dependencies/explorer_interfaces
[2.100s] -- Up-to-date: /home/muhayy/mbzirc_ws/src/install/share/ament_index/resource_index/parent_prefix_path/explorer_interfaces
[2.100s] -- Up-to-date: /home/muhayy/mbzirc_ws/src/install/share/explorer_interfaces/environment/ament_prefix_path.sh
[2.100s] -- Up-to-date: /home/muhayy/mbzirc_ws/src/install/share/explorer_interfaces/environment/ament_prefix_path.dsv
[2.100s] -- Up-to-date: /home/muhayy/mbzirc_ws/src/install/share/explorer_interfaces/environment/path.sh
[2.100s] -- Up-to-date: /home/muhayy/mbzirc_ws/src/install/share/explorer_interfaces/environment/path.dsv
[2.101s] -- Up-to-date: /home/muhayy/mbzirc_ws/src/install/share/explorer_interfaces/local_setup.bash
[2.101s] -- Up-to-date: /home/muhayy/mbzirc_ws/src/install/share/explorer_interfaces/local_setup.sh
[2.101s] -- Up-to-date: /home/muhayy/mbzirc_ws/src/install/share/explorer_interfaces/local_setup.zsh
[2.101s] -- Up-to-date: /home/muhayy/mbzirc_ws/src/install/share/explorer_interfaces/local_setup.dsv
[2.101s] -- Installing: /home/muhayy/mbzirc_ws/src/install/share/explorer_interfaces/package.dsv
[2.101s] -- Up-to-date: /home/muhayy/mbzirc_ws/src/install/share/ament_index/resource_index/packages/explorer_interfaces
[2.101s] -- Up-to-date: /home/muhayy/mbzirc_ws/src/install/share/explorer_interfaces/cmake/explorer_interfaces__rosidl_generator_cExport.cmake
[2.101s] -- Up-to-date: /home/muhayy/mbzirc_ws/src/install/share/explorer_interfaces/cmake/explorer_interfaces__rosidl_generator_cExport-noconfig.cmake
[2.102s] -- Up-to-date: /home/muhayy/mbzirc_ws/src/install/share/explorer_interfaces/cmake/explorer_interfaces__rosidl_typesupport_introspection_cExport.cmake
[2.102s] -- Up-to-date: /home/muhayy/mbzirc_ws/src/install/share/explorer_interfaces/cmake/explorer_interfaces__rosidl_typesupport_introspection_cExport-noconfig.cmake
[2.102s] -- Up-to-date: /home/muhayy/mbzirc_ws/src/install/share/explorer_interfaces/cmake/explorer_interfaces__rosidl_typesupport_cExport.cmake
[2.102s] -- Up-to-date: /home/muhayy/mbzirc_ws/src/install/share/explorer_interfaces/cmake/explorer_interfaces__rosidl_typesupport_cExport-noconfig.cmake
[2.102s] -- Up-to-date: /home/muhayy/mbzirc_ws/src/install/share/explorer_interfaces/cmake/explorer_interfaces__rosidl_generator_cppExport.cmake
[2.102s] -- Up-to-date: /home/muhayy/mbzirc_ws/src/install/share/explorer_interfaces/cmake/explorer_interfaces__rosidl_typesupport_introspection_cppExport.cmake
[2.102s] -- Up-to-date: /home/muhayy/mbzirc_ws/src/install/share/explorer_interfaces/cmake/explorer_interfaces__rosidl_typesupport_introspection_cppExport-noconfig.cmake
[2.102s] -- Up-to-date: /home/muhayy/mbzirc_ws/src/install/share/explorer_interfaces/cmake/explorer_interfaces__rosidl_typesupport_cppExport.cmake
[2.103s] -- Up-to-date: /home/muhayy/mbzirc_ws/src/install/share/explorer_interfaces/cmake/explorer_interfaces__rosidl_typesupport_cppExport-noconfig.cmake
[2.103s] -- Up-to-date: /home/muhayy/mbzirc_ws/src/install/share/explorer_interfaces/cmake/rosidl_cmake-extras.cmake
[2.103s] -- Up-to-date: /home/muhayy/mbzirc_ws/src/install/share/explorer_interfaces/cmake/ament_cmake_export_dependencies-extras.cmake
[2.103s] -- Up-to-date: /home/muhayy/mbzirc_ws/src/install/share/explorer_interfaces/cmake/ament_cmake_export_libraries-extras.cmake
[2.103s] -- Up-to-date: /home/muhayy/mbzirc_ws/src/install/share/explorer_interfaces/cmake/ament_cmake_export_targets-extras.cmake
[2.104s] -- Up-to-date: /home/muhayy/mbzirc_ws/src/install/share/explorer_interfaces/cmake/ament_cmake_export_include_directories-extras.cmake
[2.105s] -- Up-to-date: /home/muhayy/mbzirc_ws/src/install/share/explorer_interfaces/cmake/rosidl_cmake_export_typesupport_libraries-extras.cmake
[2.105s] -- Up-to-date: /home/muhayy/mbzirc_ws/src/install/share/explorer_interfaces/cmake/rosidl_cmake_export_typesupport_targets-extras.cmake
[2.106s] -- Up-to-date: /home/muhayy/mbzirc_ws/src/install/share/explorer_interfaces/cmake/explorer_interfacesConfig.cmake
[2.106s] -- Up-to-date: /home/muhayy/mbzirc_ws/src/install/share/explorer_interfaces/cmake/explorer_interfacesConfig-version.cmake
[2.106s] -- Up-to-date: /home/muhayy/mbzirc_ws/src/install/share/explorer_interfaces/package.xml
[2.125s] Invoked command in '/home/muhayy/mbzirc_ws/src/build/explorer_interfaces' returned '0': CMAKE_PREFIX_PATH=${CMAKE_PREFIX_PATH}:/opt/ros/galactic /usr/bin/cmake --install /home/muhayy/mbzirc_ws/src/build/explorer_interfaces
