[0.151s] Invoking command in '/home/muhayy/mbzirc_ws/src/build/turtlebot3_simulations': AMENT_PREFIX_PATH=/home/muhayy/mbzirc_ws/src/install:${AMENT_PREFIX_PATH} CMAKE_PREFIX_PATH=/home/muhayy/mbzirc_ws/src/install:/home/muhayy/mbzirc_ws/install:/opt/ros/galactic LD_LIBRARY_PATH=/home/muhayy/mbzirc_ws/src/install/lib:${LD_LIBRARY_PATH} PATH=/home/muhayy/mbzirc_ws/src/install/bin:${PATH} PYTHONPATH=/home/muhayy/mbzirc_ws/src/install/lib/python3.8/site-packages:${PYTHONPATH} /usr/bin/cmake --build /home/muhayy/mbzirc_ws/src/build/turtlebot3_simulations -- -j12 -l12
[0.452s] Invoked command in '/home/muhayy/mbzirc_ws/src/build/turtlebot3_simulations' returned '0': AMENT_PREFIX_PATH=/home/muhayy/mbzirc_ws/src/install:${AMENT_PREFIX_PATH} CMAKE_PREFIX_PATH=/home/muhayy/mbzirc_ws/src/install:/home/muhayy/mbzirc_ws/install:/opt/ros/galactic LD_LIBRARY_PATH=/home/muhayy/mbzirc_ws/src/install/lib:${LD_LIBRARY_PATH} PATH=/home/muhayy/mbzirc_ws/src/install/bin:${PATH} PYTHONPATH=/home/muhayy/mbzirc_ws/src/install/lib/python3.8/site-packages:${PYTHONPATH} /usr/bin/cmake --build /home/muhayy/mbzirc_ws/src/build/turtlebot3_simulations -- -j12 -l12
[0.532s] Invoking command in '/home/muhayy/mbzirc_ws/src/build/turtlebot3_simulations': AMENT_PREFIX_PATH=/home/muhayy/mbzirc_ws/src/install:${AMENT_PREFIX_PATH} CMAKE_PREFIX_PATH=/home/muhayy/mbzirc_ws/src/install:/home/muhayy/mbzirc_ws/install:/opt/ros/galactic LD_LIBRARY_PATH=/home/muhayy/mbzirc_ws/src/install/lib:${LD_LIBRARY_PATH} PATH=/home/muhayy/mbzirc_ws/src/install/bin:${PATH} PYTHONPATH=/home/muhayy/mbzirc_ws/src/install/lib/python3.8/site-packages:${PYTHONPATH} /usr/bin/cmake --install /home/muhayy/mbzirc_ws/src/build/turtlebot3_simulations
[0.547s] -- Install configuration: ""
[0.547s] -- Up-to-date: /home/muhayy/mbzirc_ws/src/install/share/ament_index/resource_index/package_run_dependencies/turtlebot3_simulations
[0.547s] -- Up-to-date: /home/muhayy/mbzirc_ws/src/install/share/ament_index/resource_index/parent_prefix_path/turtlebot3_simulations
[0.547s] -- Up-to-date: /home/muhayy/mbzirc_ws/src/install/share/turtlebot3_simulations/environment/ament_prefix_path.sh
[0.548s] -- Up-to-date: /home/muhayy/mbzirc_ws/src/install/share/turtlebot3_simulations/environment/ament_prefix_path.dsv
[0.548s] -- Up-to-date: /home/muhayy/mbzirc_ws/src/install/share/turtlebot3_simulations/environment/path.sh
[0.548s] -- Up-to-date: /home/muhayy/mbzirc_ws/src/install/share/turtlebot3_simulations/environment/path.dsv
[0.548s] -- Up-to-date: /home/muhayy/mbzirc_ws/src/install/share/turtlebot3_simulations/local_setup.bash
[0.548s] -- Up-to-date: /home/muhayy/mbzirc_ws/src/install/share/turtlebot3_simulations/local_setup.sh
[0.548s] -- Up-to-date: /home/muhayy/mbzirc_ws/src/install/share/turtlebot3_simulations/local_setup.zsh
[0.548s] -- Up-to-date: /home/muhayy/mbzirc_ws/src/install/share/turtlebot3_simulations/local_setup.dsv
[0.548s] -- Up-to-date: /home/muhayy/mbzirc_ws/src/install/share/turtlebot3_simulations/package.dsv
[0.548s] -- Up-to-date: /home/muhayy/mbzirc_ws/src/install/share/ament_index/resource_index/packages/turtlebot3_simulations
[0.548s] -- Up-to-date: /home/muhayy/mbzirc_ws/src/install/share/turtlebot3_simulations/cmake/turtlebot3_simulationsConfig.cmake
[0.548s] -- Up-to-date: /home/muhayy/mbzirc_ws/src/install/share/turtlebot3_simulations/cmake/turtlebot3_simulationsConfig-version.cmake
[0.548s] -- Up-to-date: /home/muhayy/mbzirc_ws/src/install/share/turtlebot3_simulations/package.xml
[0.572s] Invoked command in '/home/muhayy/mbzirc_ws/src/build/turtlebot3_simulations' returned '0': AMENT_PREFIX_PATH=/home/muhayy/mbzirc_ws/src/install:${AMENT_PREFIX_PATH} CMAKE_PREFIX_PATH=/home/muhayy/mbzirc_ws/src/install:/home/muhayy/mbzirc_ws/install:/opt/ros/galactic LD_LIBRARY_PATH=/home/muhayy/mbzirc_ws/src/install/lib:${LD_LIBRARY_PATH} PATH=/home/muhayy/mbzirc_ws/src/install/bin:${PATH} PYTHONPATH=/home/muhayy/mbzirc_ws/src/install/lib/python3.8/site-packages:${PYTHONPATH} /usr/bin/cmake --install /home/muhayy/mbzirc_ws/src/build/turtlebot3_simulations
