running egg_info
creating ../build/navigation/navigation.egg-info
writing ../build/navigation/navigation.egg-info/PKG-INFO
writing dependency_links to ../build/navigation/navigation.egg-info/dependency_links.txt
writing entry points to ../build/navigation/navigation.egg-info/entry_points.txt
writing requirements to ../build/navigation/navigation.egg-info/requires.txt
writing top-level names to ../build/navigation/navigation.egg-info/top_level.txt
writing manifest file '../build/navigation/navigation.egg-info/SOURCES.txt'
reading manifest file '../build/navigation/navigation.egg-info/SOURCES.txt'
writing manifest file '../build/navigation/navigation.egg-info/SOURCES.txt'
running build
running build_py
creating /home/muhayy/mbzirc_ws/src/build/navigation/build
creating /home/muhayy/mbzirc_ws/src/build/navigation/build/lib
creating /home/muhayy/mbzirc_ws/src/build/navigation/build/lib/navigation
copying navigation/__init__.py -> /home/muhayy/mbzirc_ws/src/build/navigation/build/lib/navigation
copying navigation/subscriber_member_function.py -> /home/muhayy/mbzirc_ws/src/build/navigation/build/lib/navigation
copying navigation/navigator.py -> /home/muhayy/mbzirc_ws/src/build/navigation/build/lib/navigation
running install
running install_lib
creating /home/muhayy/mbzirc_ws/src/install/lib/python3.8/site-packages/navigation
copying /home/muhayy/mbzirc_ws/src/build/navigation/build/lib/navigation/__init__.py -> /home/muhayy/mbzirc_ws/src/install/lib/python3.8/site-packages/navigation
copying /home/muhayy/mbzirc_ws/src/build/navigation/build/lib/navigation/subscriber_member_function.py -> /home/muhayy/mbzirc_ws/src/install/lib/python3.8/site-packages/navigation
copying /home/muhayy/mbzirc_ws/src/build/navigation/build/lib/navigation/navigator.py -> /home/muhayy/mbzirc_ws/src/install/lib/python3.8/site-packages/navigation
byte-compiling /home/muhayy/mbzirc_ws/src/install/lib/python3.8/site-packages/navigation/__init__.py to __init__.cpython-38.pyc
byte-compiling /home/muhayy/mbzirc_ws/src/install/lib/python3.8/site-packages/navigation/subscriber_member_function.py to subscriber_member_function.cpython-38.pyc
byte-compiling /home/muhayy/mbzirc_ws/src/install/lib/python3.8/site-packages/navigation/navigator.py to navigator.cpython-38.pyc
running install_data
copying resource/navigation -> /home/muhayy/mbzirc_ws/src/install/share/ament_index/resource_index/packages
copying package.xml -> /home/muhayy/mbzirc_ws/src/install/share/navigation
running install_egg_info
Copying ../build/navigation/navigation.egg-info to /home/muhayy/mbzirc_ws/src/install/lib/python3.8/site-packages/navigation-0.0.0-py3.8.egg-info
running install_scripts
Installing listener script to /home/muhayy/mbzirc_ws/src/install/lib/navigation
Installing navigate script to /home/muhayy/mbzirc_ws/src/install/lib/navigation
writing list of installed files to '/home/muhayy/mbzirc_ws/src/build/navigation/install.log'
