[4.612s] Invoking command in '/home/muhayy/mbzirc_ws/src/navigation': PYTHONPATH=/home/muhayy/mbzirc_ws/src/install/lib/python3.8/site-packages:${PYTHONPATH} /usr/bin/python3 setup.py egg_info --egg-base ../build/navigation build --build-base /home/muhayy/mbzirc_ws/src/build/navigation/build install --prefix /home/muhayy/mbzirc_ws/src/install --record /home/muhayy/mbzirc_ws/src/build/navigation/install.log --single-version-externally-managed
[15.379s] running egg_info
[15.379s] creating ../build/navigation/navigation.egg-info
[15.379s] writing ../build/navigation/navigation.egg-info/PKG-INFO
[15.379s] writing dependency_links to ../build/navigation/navigation.egg-info/dependency_links.txt
[15.380s] writing entry points to ../build/navigation/navigation.egg-info/entry_points.txt
[15.380s] writing requirements to ../build/navigation/navigation.egg-info/requires.txt
[15.380s] writing top-level names to ../build/navigation/navigation.egg-info/top_level.txt
[15.380s] writing manifest file '../build/navigation/navigation.egg-info/SOURCES.txt'
[15.380s] reading manifest file '../build/navigation/navigation.egg-info/SOURCES.txt'
[15.380s] writing manifest file '../build/navigation/navigation.egg-info/SOURCES.txt'
[15.387s] running build
[15.387s] running build_py
[15.387s] creating /home/muhayy/mbzirc_ws/src/build/navigation/build
[15.387s] creating /home/muhayy/mbzirc_ws/src/build/navigation/build/lib
[15.388s] creating /home/muhayy/mbzirc_ws/src/build/navigation/build/lib/navigation
[15.388s] copying navigation/__init__.py -> /home/muhayy/mbzirc_ws/src/build/navigation/build/lib/navigation
[15.389s] copying navigation/subscriber_member_function.py -> /home/muhayy/mbzirc_ws/src/build/navigation/build/lib/navigation
[15.389s] copying navigation/navigator.py -> /home/muhayy/mbzirc_ws/src/build/navigation/build/lib/navigation
[15.389s] running install
[15.389s] running install_lib
[15.389s] creating /home/muhayy/mbzirc_ws/src/install/lib/python3.8/site-packages/navigation
[15.389s] copying /home/muhayy/mbzirc_ws/src/build/navigation/build/lib/navigation/__init__.py -> /home/muhayy/mbzirc_ws/src/install/lib/python3.8/site-packages/navigation
[15.389s] copying /home/muhayy/mbzirc_ws/src/build/navigation/build/lib/navigation/subscriber_member_function.py -> /home/muhayy/mbzirc_ws/src/install/lib/python3.8/site-packages/navigation
[15.389s] copying /home/muhayy/mbzirc_ws/src/build/navigation/build/lib/navigation/navigator.py -> /home/muhayy/mbzirc_ws/src/install/lib/python3.8/site-packages/navigation
[15.390s] byte-compiling /home/muhayy/mbzirc_ws/src/install/lib/python3.8/site-packages/navigation/__init__.py to __init__.cpython-38.pyc
[15.390s] byte-compiling /home/muhayy/mbzirc_ws/src/install/lib/python3.8/site-packages/navigation/subscriber_member_function.py to subscriber_member_function.cpython-38.pyc
[15.390s] byte-compiling /home/muhayy/mbzirc_ws/src/install/lib/python3.8/site-packages/navigation/navigator.py to navigator.cpython-38.pyc
[15.390s] running install_data
[15.390s] copying resource/navigation -> /home/muhayy/mbzirc_ws/src/install/share/ament_index/resource_index/packages
[15.390s] copying package.xml -> /home/muhayy/mbzirc_ws/src/install/share/navigation
[15.390s] running install_egg_info
[15.390s] Copying ../build/navigation/navigation.egg-info to /home/muhayy/mbzirc_ws/src/install/lib/python3.8/site-packages/navigation-0.0.0-py3.8.egg-info
[15.391s] running install_scripts
[15.391s] Installing listener script to /home/muhayy/mbzirc_ws/src/install/lib/navigation
[15.391s] Installing navigate script to /home/muhayy/mbzirc_ws/src/install/lib/navigation
[15.391s] writing list of installed files to '/home/muhayy/mbzirc_ws/src/build/navigation/install.log'
[15.418s] Invoked command in '/home/muhayy/mbzirc_ws/src/navigation' returned '0': PYTHONPATH=/home/muhayy/mbzirc_ws/src/install/lib/python3.8/site-packages:${PYTHONPATH} /usr/bin/python3 setup.py egg_info --egg-base ../build/navigation build --build-base /home/muhayy/mbzirc_ws/src/build/navigation/build install --prefix /home/muhayy/mbzirc_ws/src/install --record /home/muhayy/mbzirc_ws/src/build/navigation/install.log --single-version-externally-managed
