[0.098s] Invoking command in '/home/muhayy/mbzirc_ws/src/build/turtlebot3_node': CMAKE_PREFIX_PATH=${CMAKE_PREFIX_PATH}:/opt/ros/galactic /usr/bin/cmake /home/muhayy/mbzirc_ws/src/turtlebot3/turtlebot3_node -DCMAKE_INSTALL_PREFIX=/home/muhayy/mbzirc_ws/src/install
[1.351s] -- The C compiler identification is GNU 9.4.0
[1.351s] -- The CXX compiler identification is GNU 9.4.0
[1.351s] -- Check for working C compiler: /usr/bin/cc
[1.352s] -- Check for working C compiler: /usr/bin/cc -- works
[1.352s] -- Detecting C compiler ABI info
[1.352s] -- Detecting C compiler ABI info - done
[1.352s] -- Detecting C compile features
[1.352s] -- Detecting C compile features - done
[1.352s] -- Check for working CXX compiler: /usr/bin/c++
[1.352s] -- Check for working CXX compiler: /usr/bin/c++ -- works
[1.352s] -- Detecting CXX compiler ABI info
[1.352s] -- Detecting CXX compiler ABI info - done
[1.352s] -- Detecting CXX compile features
[1.352s] -- Detecting CXX compile features - done
[1.353s] -- Found ament_cmake: 1.1.5 (/opt/ros/galactic/share/ament_cmake/cmake)
[1.353s] -- Found PythonInterp: /usr/bin/python3 (found suitable version "3.8.10", minimum required is "3") 
[1.354s] -- Using PYTHON_EXECUTABLE: /usr/bin/python3
[1.354s] -- Found dynamixel_sdk: 3.7.40 (/opt/ros/galactic/share/dynamixel_sdk/cmake)
[1.354s] -- Found geometry_msgs: 2.2.4 (/opt/ros/galactic/share/geometry_msgs/cmake)
[1.354s] -- Using all available rosidl_typesupport_c: rosidl_typesupport_fastrtps_c;rosidl_typesupport_introspection_c
[1.354s] -- Found rosidl_adapter: 2.2.2 (/opt/ros/galactic/share/rosidl_adapter/cmake)
[1.354s] -- Found OpenSSL: /usr/lib/x86_64-linux-gnu/libcrypto.so (found version "1.1.1f")  
[1.354s] -- Found FastRTPS: /opt/ros/galactic/include  
[1.374s] -- Using all available rosidl_typesupport_cpp: rosidl_typesupport_fastrtps_cpp;rosidl_typesupport_introspection_cpp
[1.648s] -- Found message_filters: 3.2.6 (/opt/ros/galactic/share/message_filters/cmake)
[1.740s] -- Found rmw_implementation_cmake: 3.3.1 (/opt/ros/galactic/share/rmw_implementation_cmake/cmake)
[1.745s] -- Found rmw_cyclonedds_cpp: 0.22.5 (/opt/ros/galactic/share/rmw_cyclonedds_cpp/cmake)
[1.773s] -- Using RMW implementation 'rmw_cyclonedds_cpp' as default
[1.775s] -- Looking for pthread.h
[1.911s] -- Looking for pthread.h - found
[1.918s] -- Performing Test CMAKE_HAVE_LIBC_PTHREAD
[2.037s] -- Performing Test CMAKE_HAVE_LIBC_PTHREAD - Failed
[2.038s] -- Looking for pthread_create in pthreads
[2.150s] -- Looking for pthread_create in pthreads - not found
[2.150s] -- Looking for pthread_create in pthread
[2.263s] -- Looking for pthread_create in pthread - found
[2.264s] -- Found Threads: TRUE  
[2.489s] -- Found nav_msgs: 2.2.4 (/opt/ros/galactic/share/nav_msgs/cmake)
[2.607s] -- Found sensor_msgs: 2.2.4 (/opt/ros/galactic/share/sensor_msgs/cmake)
[2.725s] -- Found std_srvs: 2.2.4 (/opt/ros/galactic/share/std_srvs/cmake)
[2.746s] -- Found tf2: 0.17.3 (/opt/ros/galactic/share/tf2/cmake)
[2.764s] -- Found tf2_ros: 0.17.3 (/opt/ros/galactic/share/tf2_ros/cmake)
[3.260s] -- Found turtlebot3_msgs: 2.2.2 (/opt/ros/galactic/share/turtlebot3_msgs/cmake)
[3.482s] -- Configuring done
[3.521s] -- Generating done
[3.525s] -- Build files have been written to: /home/muhayy/mbzirc_ws/src/build/turtlebot3_node
[3.548s] Invoked command in '/home/muhayy/mbzirc_ws/src/build/turtlebot3_node' returned '0': CMAKE_PREFIX_PATH=${CMAKE_PREFIX_PATH}:/opt/ros/galactic /usr/bin/cmake /home/muhayy/mbzirc_ws/src/turtlebot3/turtlebot3_node -DCMAKE_INSTALL_PREFIX=/home/muhayy/mbzirc_ws/src/install
[3.549s] Invoking command in '/home/muhayy/mbzirc_ws/src/build/turtlebot3_node': CMAKE_PREFIX_PATH=${CMAKE_PREFIX_PATH}:/opt/ros/galactic /usr/bin/cmake --build /home/muhayy/mbzirc_ws/src/build/turtlebot3_node -- -j12 -l12
[3.961s] [35m[1mScanning dependencies of target turtlebot3_node_lib[0m
[3.961s] [  7%] [32mBuilding CXX object CMakeFiles/turtlebot3_node_lib.dir/src/devices/motor_power.cpp.o[0m
[3.961s] [ 14%] [32mBuilding CXX object CMakeFiles/turtlebot3_node_lib.dir/src/devices/sound.cpp.o[0m
[3.961s] [ 21%] [32mBuilding CXX object CMakeFiles/turtlebot3_node_lib.dir/src/devices/reset.cpp.o[0m
[3.981s] [ 28%] [32mBuilding CXX object CMakeFiles/turtlebot3_node_lib.dir/src/diff_drive_controller.cpp.o[0m
[3.988s] [ 35%] [32mBuilding CXX object CMakeFiles/turtlebot3_node_lib.dir/src/dynamixel_sdk_wrapper.cpp.o[0m
[4.009s] [ 42%] [32mBuilding CXX object CMakeFiles/turtlebot3_node_lib.dir/src/turtlebot3.cpp.o[0m
[4.017s] [ 50%] [32mBuilding CXX object CMakeFiles/turtlebot3_node_lib.dir/src/odometry.cpp.o[0m
[4.049s] [ 57%] [32mBuilding CXX object CMakeFiles/turtlebot3_node_lib.dir/src/sensors/battery_state.cpp.o[0m
[4.117s] [ 64%] [32mBuilding CXX object CMakeFiles/turtlebot3_node_lib.dir/src/sensors/imu.cpp.o[0m
[4.135s] [ 71%] [32mBuilding CXX object CMakeFiles/turtlebot3_node_lib.dir/src/sensors/joint_state.cpp.o[0m
[4.154s] [ 78%] [32mBuilding CXX object CMakeFiles/turtlebot3_node_lib.dir/src/sensors/sensor_state.cpp.o[0m
[42.762s] [ 85%] [32m[1mLinking CXX static library libturtlebot3_node_lib.a[0m
[43.232s] [ 85%] Built target turtlebot3_node_lib
[43.245s] [35m[1mScanning dependencies of target turtlebot3_ros[0m
[43.308s] [ 92%] [32mBuilding CXX object CMakeFiles/turtlebot3_ros.dir/src/node_main.cpp.o[0m
[46.964s] [100%] [32m[1mLinking CXX executable turtlebot3_ros[0m
[48.881s] [100%] Built target turtlebot3_ros
[48.897s] Invoked command in '/home/muhayy/mbzirc_ws/src/build/turtlebot3_node' returned '0': CMAKE_PREFIX_PATH=${CMAKE_PREFIX_PATH}:/opt/ros/galactic /usr/bin/cmake --build /home/muhayy/mbzirc_ws/src/build/turtlebot3_node -- -j12 -l12
[48.949s] Invoking command in '/home/muhayy/mbzirc_ws/src/build/turtlebot3_node': CMAKE_PREFIX_PATH=${CMAKE_PREFIX_PATH}:/opt/ros/galactic /usr/bin/cmake --install /home/muhayy/mbzirc_ws/src/build/turtlebot3_node
[48.961s] -- Install configuration: ""
[48.961s] -- Installing: /home/muhayy/mbzirc_ws/src/install/share/turtlebot3_node/param
[48.961s] -- Installing: /home/muhayy/mbzirc_ws/src/install/share/turtlebot3_node/param/waffle_pi.yaml
[48.964s] -- Installing: /home/muhayy/mbzirc_ws/src/install/share/turtlebot3_node/param/burger.yaml
[48.964s] -- Installing: /home/muhayy/mbzirc_ws/src/install/share/turtlebot3_node/param/waffle.yaml
[48.965s] -- Installing: /home/muhayy/mbzirc_ws/src/install/lib/turtlebot3_node/turtlebot3_ros
[48.977s] -- Set runtime path of "/home/muhayy/mbzirc_ws/src/install/lib/turtlebot3_node/turtlebot3_ros" to ""
[48.977s] -- Installing: /home/muhayy/mbzirc_ws/src/install/share/ament_index/resource_index/package_run_dependencies/turtlebot3_node
[48.977s] -- Installing: /home/muhayy/mbzirc_ws/src/install/share/ament_index/resource_index/parent_prefix_path/turtlebot3_node
[48.977s] -- Installing: /home/muhayy/mbzirc_ws/src/install/share/turtlebot3_node/environment/ament_prefix_path.sh
[48.977s] -- Installing: /home/muhayy/mbzirc_ws/src/install/share/turtlebot3_node/environment/ament_prefix_path.dsv
[48.977s] -- Installing: /home/muhayy/mbzirc_ws/src/install/share/turtlebot3_node/environment/path.sh
[48.977s] -- Installing: /home/muhayy/mbzirc_ws/src/install/share/turtlebot3_node/environment/path.dsv
[48.977s] -- Installing: /home/muhayy/mbzirc_ws/src/install/share/turtlebot3_node/local_setup.bash
[48.978s] -- Installing: /home/muhayy/mbzirc_ws/src/install/share/turtlebot3_node/local_setup.sh
[48.978s] -- Installing: /home/muhayy/mbzirc_ws/src/install/share/turtlebot3_node/local_setup.zsh
[48.978s] -- Installing: /home/muhayy/mbzirc_ws/src/install/share/turtlebot3_node/local_setup.dsv
[48.978s] -- Installing: /home/muhayy/mbzirc_ws/src/install/share/turtlebot3_node/package.dsv
[48.978s] -- Installing: /home/muhayy/mbzirc_ws/src/install/share/ament_index/resource_index/packages/turtlebot3_node
[48.979s] -- Installing: /home/muhayy/mbzirc_ws/src/install/share/turtlebot3_node/cmake/ament_cmake_export_include_directories-extras.cmake
[48.979s] -- Installing: /home/muhayy/mbzirc_ws/src/install/share/turtlebot3_node/cmake/turtlebot3_nodeConfig.cmake
[48.979s] -- Installing: /home/muhayy/mbzirc_ws/src/install/share/turtlebot3_node/cmake/turtlebot3_nodeConfig-version.cmake
[48.979s] -- Installing: /home/muhayy/mbzirc_ws/src/install/share/turtlebot3_node/package.xml
[48.984s] Invoked command in '/home/muhayy/mbzirc_ws/src/build/turtlebot3_node' returned '0': CMAKE_PREFIX_PATH=${CMAKE_PREFIX_PATH}:/opt/ros/galactic /usr/bin/cmake --install /home/muhayy/mbzirc_ws/src/build/turtlebot3_node
