[100%] Built target cartographer_setup
-- Install configuration: ""
-- Up-to-date: /home/muhayy/mbzirc_ws/src/install/lib/cartographer_setup/cartographer_setup
-- Up-to-date: /home/muhayy/mbzirc_ws/src/install/share/cartographer_setup/config
-- Up-to-date: /home/muhayy/mbzirc_ws/src/install/share/cartographer_setup/config/cartographer_usv_2d.lua
-- Up-to-date: /home/muhayy/mbzirc_ws/src/install/share/cartographer_setup/launch
-- Up-to-date: /home/muhayy/mbzirc_ws/src/install/share/cartographer_setup/launch/cartographer_usv.launch.py
-- Up-to-date: /home/muhayy/mbzirc_ws/src/install/share/cartographer_setup/launch/cartographer_occupancy_grid.launch.py
-- Up-to-date: /home/muhayy/mbzirc_ws/src/install/share/cartographer_setup/rviz
-- Up-to-date: /home/muhayy/mbzirc_ws/src/install/share/ament_index/resource_index/package_run_dependencies/cartographer_setup
-- Up-to-date: /home/muhayy/mbzirc_ws/src/install/share/ament_index/resource_index/parent_prefix_path/cartographer_setup
-- Up-to-date: /home/muhayy/mbzirc_ws/src/install/share/cartographer_setup/environment/ament_prefix_path.sh
-- Up-to-date: /home/muhayy/mbzirc_ws/src/install/share/cartographer_setup/environment/ament_prefix_path.dsv
-- Up-to-date: /home/muhayy/mbzirc_ws/src/install/share/cartographer_setup/environment/path.sh
-- Up-to-date: /home/muhayy/mbzirc_ws/src/install/share/cartographer_setup/environment/path.dsv
-- Up-to-date: /home/muhayy/mbzirc_ws/src/install/share/cartographer_setup/local_setup.bash
-- Up-to-date: /home/muhayy/mbzirc_ws/src/install/share/cartographer_setup/local_setup.sh
-- Up-to-date: /home/muhayy/mbzirc_ws/src/install/share/cartographer_setup/local_setup.zsh
-- Up-to-date: /home/muhayy/mbzirc_ws/src/install/share/cartographer_setup/local_setup.dsv
-- Installing: /home/muhayy/mbzirc_ws/src/install/share/cartographer_setup/package.dsv
-- Up-to-date: /home/muhayy/mbzirc_ws/src/install/share/ament_index/resource_index/packages/cartographer_setup
-- Up-to-date: /home/muhayy/mbzirc_ws/src/install/share/cartographer_setup/cmake/cartographer_setupConfig.cmake
-- Up-to-date: /home/muhayy/mbzirc_ws/src/install/share/cartographer_setup/cmake/cartographer_setupConfig-version.cmake
-- Up-to-date: /home/muhayy/mbzirc_ws/src/install/share/cartographer_setup/package.xml
