[0.322s] Invoking command in '/home/muhayy/mbzirc_ws/src/build/cartographer_setup': CMAKE_PREFIX_PATH=${CMAKE_PREFIX_PATH}:/opt/ros/galactic /usr/bin/cmake --build /home/muhayy/mbzirc_ws/src/build/cartographer_setup -- -j12 -l12
[0.825s] [100%] Built target cartographer_setup
[0.849s] Invoked command in '/home/muhayy/mbzirc_ws/src/build/cartographer_setup' returned '0': CMAKE_PREFIX_PATH=${CMAKE_PREFIX_PATH}:/opt/ros/galactic /usr/bin/cmake --build /home/muhayy/mbzirc_ws/src/build/cartographer_setup -- -j12 -l12
[0.940s] Invoking command in '/home/muhayy/mbzirc_ws/src/build/cartographer_setup': CMAKE_PREFIX_PATH=${CMAKE_PREFIX_PATH}:/opt/ros/galactic /usr/bin/cmake --install /home/muhayy/mbzirc_ws/src/build/cartographer_setup
[0.952s] -- Install configuration: ""
[0.952s] -- Up-to-date: /home/muhayy/mbzirc_ws/src/install/lib/cartographer_setup/cartographer_setup
[0.952s] -- Up-to-date: /home/muhayy/mbzirc_ws/src/install/share/cartographer_setup/config
[0.953s] -- Up-to-date: /home/muhayy/mbzirc_ws/src/install/share/cartographer_setup/config/cartographer_usv_2d.lua
[0.953s] -- Up-to-date: /home/muhayy/mbzirc_ws/src/install/share/cartographer_setup/launch
[0.953s] -- Up-to-date: /home/muhayy/mbzirc_ws/src/install/share/cartographer_setup/launch/cartographer_usv.launch.py
[0.953s] -- Up-to-date: /home/muhayy/mbzirc_ws/src/install/share/cartographer_setup/launch/cartographer_occupancy_grid.launch.py
[0.953s] -- Up-to-date: /home/muhayy/mbzirc_ws/src/install/share/cartographer_setup/rviz
[0.953s] -- Up-to-date: /home/muhayy/mbzirc_ws/src/install/share/ament_index/resource_index/package_run_dependencies/cartographer_setup
[0.953s] -- Up-to-date: /home/muhayy/mbzirc_ws/src/install/share/ament_index/resource_index/parent_prefix_path/cartographer_setup
[0.954s] -- Up-to-date: /home/muhayy/mbzirc_ws/src/install/share/cartographer_setup/environment/ament_prefix_path.sh
[0.954s] -- Up-to-date: /home/muhayy/mbzirc_ws/src/install/share/cartographer_setup/environment/ament_prefix_path.dsv
[0.954s] -- Up-to-date: /home/muhayy/mbzirc_ws/src/install/share/cartographer_setup/environment/path.sh
[0.954s] -- Up-to-date: /home/muhayy/mbzirc_ws/src/install/share/cartographer_setup/environment/path.dsv
[0.954s] -- Up-to-date: /home/muhayy/mbzirc_ws/src/install/share/cartographer_setup/local_setup.bash
[0.954s] -- Up-to-date: /home/muhayy/mbzirc_ws/src/install/share/cartographer_setup/local_setup.sh
[0.954s] -- Up-to-date: /home/muhayy/mbzirc_ws/src/install/share/cartographer_setup/local_setup.zsh
[0.955s] -- Up-to-date: /home/muhayy/mbzirc_ws/src/install/share/cartographer_setup/local_setup.dsv
[0.955s] -- Installing: /home/muhayy/mbzirc_ws/src/install/share/cartographer_setup/package.dsv
[0.955s] -- Up-to-date: /home/muhayy/mbzirc_ws/src/install/share/ament_index/resource_index/packages/cartographer_setup
[0.955s] -- Up-to-date: /home/muhayy/mbzirc_ws/src/install/share/cartographer_setup/cmake/cartographer_setupConfig.cmake
[0.955s] -- Up-to-date: /home/muhayy/mbzirc_ws/src/install/share/cartographer_setup/cmake/cartographer_setupConfig-version.cmake
[0.955s] -- Up-to-date: /home/muhayy/mbzirc_ws/src/install/share/cartographer_setup/package.xml
[0.969s] Invoked command in '/home/muhayy/mbzirc_ws/src/build/cartographer_setup' returned '0': CMAKE_PREFIX_PATH=${CMAKE_PREFIX_PATH}:/opt/ros/galactic /usr/bin/cmake --install /home/muhayy/mbzirc_ws/src/build/cartographer_setup
