[0.518s] Invoking command in '/home/muhayy/mbzirc_ws/src/build/turtlebot3_navigation2': CMAKE_PREFIX_PATH=${CMAKE_PREFIX_PATH}:/opt/ros/galactic /usr/bin/cmake --build /home/muhayy/mbzirc_ws/src/build/turtlebot3_navigation2 -- -j12 -l12
[0.793s] Invoked command in '/home/muhayy/mbzirc_ws/src/build/turtlebot3_navigation2' returned '0': CMAKE_PREFIX_PATH=${CMAKE_PREFIX_PATH}:/opt/ros/galactic /usr/bin/cmake --build /home/muhayy/mbzirc_ws/src/build/turtlebot3_navigation2 -- -j12 -l12
[0.862s] Invoking command in '/home/muhayy/mbzirc_ws/src/build/turtlebot3_navigation2': CMAKE_PREFIX_PATH=${CMAKE_PREFIX_PATH}:/opt/ros/galactic /usr/bin/cmake --install /home/muhayy/mbzirc_ws/src/build/turtlebot3_navigation2
[0.908s] -- Install configuration: ""
[0.909s] -- Up-to-date: /home/muhayy/mbzirc_ws/src/install/share/turtlebot3_navigation2/launch
[0.909s] -- Up-to-date: /home/muhayy/mbzirc_ws/src/install/share/turtlebot3_navigation2/launch/navigation2.launch.py
[0.909s] -- Up-to-date: /home/muhayy/mbzirc_ws/src/install/share/turtlebot3_navigation2/map
[0.910s] -- Up-to-date: /home/muhayy/mbzirc_ws/src/install/share/turtlebot3_navigation2/map/map.yaml
[0.910s] -- Up-to-date: /home/muhayy/mbzirc_ws/src/install/share/turtlebot3_navigation2/map/map.pgm
[0.911s] -- Up-to-date: /home/muhayy/mbzirc_ws/src/install/share/turtlebot3_navigation2/param
[0.911s] -- Up-to-date: /home/muhayy/mbzirc_ws/src/install/share/turtlebot3_navigation2/param/waffle_pi.yaml
[0.911s] -- Up-to-date: /home/muhayy/mbzirc_ws/src/install/share/turtlebot3_navigation2/param/burger.yaml
[0.912s] -- Up-to-date: /home/muhayy/mbzirc_ws/src/install/share/turtlebot3_navigation2/param/waffle.yaml
[0.912s] -- Up-to-date: /home/muhayy/mbzirc_ws/src/install/share/turtlebot3_navigation2/rviz
[0.913s] -- Up-to-date: /home/muhayy/mbzirc_ws/src/install/share/turtlebot3_navigation2/rviz/tb3_navigation2.rviz
[0.913s] -- Up-to-date: /home/muhayy/mbzirc_ws/src/install/share/ament_index/resource_index/package_run_dependencies/turtlebot3_navigation2
[0.913s] -- Up-to-date: /home/muhayy/mbzirc_ws/src/install/share/ament_index/resource_index/parent_prefix_path/turtlebot3_navigation2
[0.913s] -- Up-to-date: /home/muhayy/mbzirc_ws/src/install/share/turtlebot3_navigation2/environment/ament_prefix_path.sh
[0.914s] -- Up-to-date: /home/muhayy/mbzirc_ws/src/install/share/turtlebot3_navigation2/environment/ament_prefix_path.dsv
[0.916s] -- Up-to-date: /home/muhayy/mbzirc_ws/src/install/share/turtlebot3_navigation2/environment/path.sh
[0.916s] -- Up-to-date: /home/muhayy/mbzirc_ws/src/install/share/turtlebot3_navigation2/environment/path.dsv
[0.916s] -- Up-to-date: /home/muhayy/mbzirc_ws/src/install/share/turtlebot3_navigation2/local_setup.bash
[0.916s] -- Up-to-date: /home/muhayy/mbzirc_ws/src/install/share/turtlebot3_navigation2/local_setup.sh
[0.917s] -- Up-to-date: /home/muhayy/mbzirc_ws/src/install/share/turtlebot3_navigation2/local_setup.zsh
[0.917s] -- Up-to-date: /home/muhayy/mbzirc_ws/src/install/share/turtlebot3_navigation2/local_setup.dsv
[0.917s] -- Installing: /home/muhayy/mbzirc_ws/src/install/share/turtlebot3_navigation2/package.dsv
[0.917s] -- Up-to-date: /home/muhayy/mbzirc_ws/src/install/share/ament_index/resource_index/packages/turtlebot3_navigation2
[0.917s] -- Up-to-date: /home/muhayy/mbzirc_ws/src/install/share/turtlebot3_navigation2/cmake/turtlebot3_navigation2Config.cmake
[0.917s] -- Up-to-date: /home/muhayy/mbzirc_ws/src/install/share/turtlebot3_navigation2/cmake/turtlebot3_navigation2Config-version.cmake
[0.918s] -- Up-to-date: /home/muhayy/mbzirc_ws/src/install/share/turtlebot3_navigation2/package.xml
[1.042s] Invoked command in '/home/muhayy/mbzirc_ws/src/build/turtlebot3_navigation2' returned '0': CMAKE_PREFIX_PATH=${CMAKE_PREFIX_PATH}:/opt/ros/galactic /usr/bin/cmake --install /home/muhayy/mbzirc_ws/src/build/turtlebot3_navigation2
