-- The C compiler identification is GNU 9.4.0
-- The CXX compiler identification is GNU 9.4.0
-- Check for working C compiler: /usr/bin/cc
-- Check for working C compiler: /usr/bin/cc -- works
-- Detecting C compiler ABI info
-- Detecting C compiler ABI info - done
-- Detecting C compile features
-- Detecting C compile features - done
-- Check for working CXX compiler: /usr/bin/c++
-- Check for working CXX compiler: /usr/bin/c++ -- works
-- Detecting CXX compiler ABI info
-- Detecting CXX compiler ABI info - done
-- Detecting CXX compile features
-- Detecting CXX compile features - done
-- Found ament_cmake: 1.1.5 (/opt/ros/galactic/share/ament_cmake/cmake)
-- Found PythonInterp: /usr/bin/python3 (found suitable version "3.8.10", minimum required is "3") 
-- Using PYTHON_EXECUTABLE: /usr/bin/python3
-- Found ament_lint_auto: 0.10.7 (/opt/ros/galactic/share/ament_lint_auto/cmake)
-- Added test 'copyright' to check source files copyright and LICENSE
-- Added test 'cppcheck' to perform static code analysis on C / C++ code
-- Configured cppcheck include dirs: $<BUILD_INTERFACE:/home/muhayy/mbzirc_ws/src/cartographer_setup/include>
-- Configured cppcheck exclude dirs and/or files: 
-- Added test 'cpplint' to check C / C++ code against the Google style
-- Configured cpplint exclude dirs and/or files: 
-- Added test 'flake8' to check Python code syntax and style conventions
-- Added test 'lint_cmake' to check CMake code style
-- Added test 'pep257' to check Python code against some of the style conventions in PEP 257
-- Added test 'uncrustify' to check C / C++ code style
-- Configured uncrustify additional arguments: 
-- Added test 'xmllint' to check XML markup files
-- Configuring done
-- Generating done
-- Build files have been written to: /home/muhayy/mbzirc_ws/src/build/cartographer_setup
[35m[1mScanning dependencies of target cartographer_setup[0m
[ 50%] [32mBuilding CXX object CMakeFiles/cartographer_setup.dir/src/cartographer_setup.cpp.o[0m
[100%] [32m[1mLinking CXX executable cartographer_setup[0m
[100%] Built target cartographer_setup
-- Install configuration: ""
-- Installing: /home/muhayy/mbzirc_ws/src/install/lib/cartographer_setup/cartographer_setup
-- Installing: /home/muhayy/mbzirc_ws/src/install/share/cartographer_setup/config
-- Installing: /home/muhayy/mbzirc_ws/src/install/share/cartographer_setup/config/cartographer_usv_2d.lua
-- Installing: /home/muhayy/mbzirc_ws/src/install/share/cartographer_setup/launch
-- Installing: /home/muhayy/mbzirc_ws/src/install/share/cartographer_setup/launch/cartographer_usv.launch.py
-- Installing: /home/muhayy/mbzirc_ws/src/install/share/cartographer_setup/launch/cartographer_occupancy_grid.launch.py
-- Installing: /home/muhayy/mbzirc_ws/src/install/share/cartographer_setup/rviz
-- Installing: /home/muhayy/mbzirc_ws/src/install/share/ament_index/resource_index/package_run_dependencies/cartographer_setup
-- Installing: /home/muhayy/mbzirc_ws/src/install/share/ament_index/resource_index/parent_prefix_path/cartographer_setup
-- Installing: /home/muhayy/mbzirc_ws/src/install/share/cartographer_setup/environment/ament_prefix_path.sh
-- Installing: /home/muhayy/mbzirc_ws/src/install/share/cartographer_setup/environment/ament_prefix_path.dsv
-- Installing: /home/muhayy/mbzirc_ws/src/install/share/cartographer_setup/environment/path.sh
-- Installing: /home/muhayy/mbzirc_ws/src/install/share/cartographer_setup/environment/path.dsv
-- Installing: /home/muhayy/mbzirc_ws/src/install/share/cartographer_setup/local_setup.bash
-- Installing: /home/muhayy/mbzirc_ws/src/install/share/cartographer_setup/local_setup.sh
-- Installing: /home/muhayy/mbzirc_ws/src/install/share/cartographer_setup/local_setup.zsh
-- Installing: /home/muhayy/mbzirc_ws/src/install/share/cartographer_setup/local_setup.dsv
-- Installing: /home/muhayy/mbzirc_ws/src/install/share/cartographer_setup/package.dsv
-- Installing: /home/muhayy/mbzirc_ws/src/install/share/ament_index/resource_index/packages/cartographer_setup
-- Installing: /home/muhayy/mbzirc_ws/src/install/share/cartographer_setup/cmake/cartographer_setupConfig.cmake
-- Installing: /home/muhayy/mbzirc_ws/src/install/share/cartographer_setup/cmake/cartographer_setupConfig-version.cmake
-- Installing: /home/muhayy/mbzirc_ws/src/install/share/cartographer_setup/package.xml
