[0.084s] Invoking command in '/home/muhayy/mbzirc_ws/src/build/cartographer_setup': CMAKE_PREFIX_PATH=${CMAKE_PREFIX_PATH}:/opt/ros/galactic /usr/bin/cmake /home/muhayy/mbzirc_ws/src/cartographer_setup -DCMAKE_INSTALL_PREFIX=/home/muhayy/mbzirc_ws/src/install
[0.177s] -- The C compiler identification is GNU 9.4.0
[0.256s] -- The CXX compiler identification is GNU 9.4.0
[0.262s] -- Check for working C compiler: /usr/bin/cc
[0.355s] -- Check for working C compiler: /usr/bin/cc -- works
[0.362s] -- Detecting C compiler ABI info
[0.445s] -- Detecting C compiler ABI info - done
[0.462s] -- Detecting C compile features
[0.462s] -- Detecting C compile features - done
[0.466s] -- Check for working CXX compiler: /usr/bin/c++
[0.600s] -- Check for working CXX compiler: /usr/bin/c++ -- works
[0.602s] -- Detecting CXX compiler ABI info
[0.755s] -- Detecting CXX compiler ABI info - done
[0.771s] -- Detecting CXX compile features
[0.771s] -- Detecting CXX compile features - done
[0.775s] -- Found ament_cmake: 1.1.5 (/opt/ros/galactic/share/ament_cmake/cmake)
[0.826s] -- Found PythonInterp: /usr/bin/python3 (found suitable version "3.8.10", minimum required is "3") 
[0.826s] -- Using PYTHON_EXECUTABLE: /usr/bin/python3
[0.952s] -- Found ament_lint_auto: 0.10.7 (/opt/ros/galactic/share/ament_lint_auto/cmake)
[1.071s] -- Added test 'copyright' to check source files copyright and LICENSE
[1.073s] -- Added test 'cppcheck' to perform static code analysis on C / C++ code
[1.073s] -- Configured cppcheck include dirs: $<BUILD_INTERFACE:/home/muhayy/mbzirc_ws/src/cartographer_setup/include>
[1.073s] -- Configured cppcheck exclude dirs and/or files: 
[1.076s] -- Added test 'cpplint' to check C / C++ code against the Google style
[1.076s] -- Configured cpplint exclude dirs and/or files: 
[1.077s] -- Added test 'flake8' to check Python code syntax and style conventions
[1.077s] -- Added test 'lint_cmake' to check CMake code style
[1.078s] -- Added test 'pep257' to check Python code against some of the style conventions in PEP 257
[1.079s] -- Added test 'uncrustify' to check C / C++ code style
[1.079s] -- Configured uncrustify additional arguments: 
[1.081s] -- Added test 'xmllint' to check XML markup files
[1.083s] -- Configuring done
[1.089s] -- Generating done
[1.092s] -- Build files have been written to: /home/muhayy/mbzirc_ws/src/build/cartographer_setup
[1.455s] Invoked command in '/home/muhayy/mbzirc_ws/src/build/cartographer_setup' returned '0': CMAKE_PREFIX_PATH=${CMAKE_PREFIX_PATH}:/opt/ros/galactic /usr/bin/cmake /home/muhayy/mbzirc_ws/src/cartographer_setup -DCMAKE_INSTALL_PREFIX=/home/muhayy/mbzirc_ws/src/install
[1.458s] Invoking command in '/home/muhayy/mbzirc_ws/src/build/cartographer_setup': CMAKE_PREFIX_PATH=${CMAKE_PREFIX_PATH}:/opt/ros/galactic /usr/bin/cmake --build /home/muhayy/mbzirc_ws/src/build/cartographer_setup -- -j12 -l12
[1.534s] [35m[1mScanning dependencies of target cartographer_setup[0m
[1.552s] [ 50%] [32mBuilding CXX object CMakeFiles/cartographer_setup.dir/src/cartographer_setup.cpp.o[0m
[1.605s] [100%] [32m[1mLinking CXX executable cartographer_setup[0m
[1.753s] [100%] Built target cartographer_setup
[1.774s] Invoked command in '/home/muhayy/mbzirc_ws/src/build/cartographer_setup' returned '0': CMAKE_PREFIX_PATH=${CMAKE_PREFIX_PATH}:/opt/ros/galactic /usr/bin/cmake --build /home/muhayy/mbzirc_ws/src/build/cartographer_setup -- -j12 -l12
[1.889s] Invoking command in '/home/muhayy/mbzirc_ws/src/build/cartographer_setup': CMAKE_PREFIX_PATH=${CMAKE_PREFIX_PATH}:/opt/ros/galactic /usr/bin/cmake --install /home/muhayy/mbzirc_ws/src/build/cartographer_setup
[3.663s] -- Install configuration: ""
[3.663s] -- Installing: /home/muhayy/mbzirc_ws/src/install/lib/cartographer_setup/cartographer_setup
[3.663s] -- Installing: /home/muhayy/mbzirc_ws/src/install/share/cartographer_setup/config
[3.663s] -- Installing: /home/muhayy/mbzirc_ws/src/install/share/cartographer_setup/config/cartographer_usv_2d.lua
[3.663s] -- Installing: /home/muhayy/mbzirc_ws/src/install/share/cartographer_setup/launch
[3.663s] -- Installing: /home/muhayy/mbzirc_ws/src/install/share/cartographer_setup/launch/cartographer_usv.launch.py
[3.663s] -- Installing: /home/muhayy/mbzirc_ws/src/install/share/cartographer_setup/launch/cartographer_occupancy_grid.launch.py
[3.664s] -- Installing: /home/muhayy/mbzirc_ws/src/install/share/cartographer_setup/rviz
[3.664s] -- Installing: /home/muhayy/mbzirc_ws/src/install/share/ament_index/resource_index/package_run_dependencies/cartographer_setup
[3.664s] -- Installing: /home/muhayy/mbzirc_ws/src/install/share/ament_index/resource_index/parent_prefix_path/cartographer_setup
[3.664s] -- Installing: /home/muhayy/mbzirc_ws/src/install/share/cartographer_setup/environment/ament_prefix_path.sh
[3.664s] -- Installing: /home/muhayy/mbzirc_ws/src/install/share/cartographer_setup/environment/ament_prefix_path.dsv
[3.664s] -- Installing: /home/muhayy/mbzirc_ws/src/install/share/cartographer_setup/environment/path.sh
[3.664s] -- Installing: /home/muhayy/mbzirc_ws/src/install/share/cartographer_setup/environment/path.dsv
[3.664s] -- Installing: /home/muhayy/mbzirc_ws/src/install/share/cartographer_setup/local_setup.bash
[3.664s] -- Installing: /home/muhayy/mbzirc_ws/src/install/share/cartographer_setup/local_setup.sh
[3.664s] -- Installing: /home/muhayy/mbzirc_ws/src/install/share/cartographer_setup/local_setup.zsh
[3.665s] -- Installing: /home/muhayy/mbzirc_ws/src/install/share/cartographer_setup/local_setup.dsv
[3.665s] -- Installing: /home/muhayy/mbzirc_ws/src/install/share/cartographer_setup/package.dsv
[3.665s] -- Installing: /home/muhayy/mbzirc_ws/src/install/share/ament_index/resource_index/packages/cartographer_setup
[3.665s] -- Installing: /home/muhayy/mbzirc_ws/src/install/share/cartographer_setup/cmake/cartographer_setupConfig.cmake
[3.665s] -- Installing: /home/muhayy/mbzirc_ws/src/install/share/cartographer_setup/cmake/cartographer_setupConfig-version.cmake
[3.665s] -- Installing: /home/muhayy/mbzirc_ws/src/install/share/cartographer_setup/package.xml
[3.668s] Invoked command in '/home/muhayy/mbzirc_ws/src/build/cartographer_setup' returned '0': CMAKE_PREFIX_PATH=${CMAKE_PREFIX_PATH}:/opt/ros/galactic /usr/bin/cmake --install /home/muhayy/mbzirc_ws/src/build/cartographer_setup
