[1.663s] Invoking command in '/home/muhayy/mbzirc_ws/src/navigation': PYTHONPATH=/home/muhayy/mbzirc_ws/src/install/lib/python3.8/site-packages:${PYTHONPATH} /usr/bin/python3 setup.py egg_info --egg-base ../build/navigation build --build-base /home/muhayy/mbzirc_ws/src/build/navigation/build install --prefix /home/muhayy/mbzirc_ws/src/install --record /home/muhayy/mbzirc_ws/src/build/navigation/install.log --single-version-externally-managed
[1.954s] running egg_info
[1.955s] writing ../build/navigation/navigation.egg-info/PKG-INFO
[1.955s] writing dependency_links to ../build/navigation/navigation.egg-info/dependency_links.txt
[1.955s] writing entry points to ../build/navigation/navigation.egg-info/entry_points.txt
[1.955s] writing requirements to ../build/navigation/navigation.egg-info/requires.txt
[1.955s] writing top-level names to ../build/navigation/navigation.egg-info/top_level.txt
[1.989s] reading manifest file '../build/navigation/navigation.egg-info/SOURCES.txt'
[1.989s] writing manifest file '../build/navigation/navigation.egg-info/SOURCES.txt'
[1.990s] running build
[1.990s] running build_py
[1.990s] running install
[1.990s] running install_lib
[1.992s] running install_data
[1.992s] running install_egg_info
[1.994s] removing '/home/muhayy/mbzirc_ws/src/install/lib/python3.8/site-packages/navigation-0.0.0-py3.8.egg-info' (and everything under it)
[1.994s] Copying ../build/navigation/navigation.egg-info to /home/muhayy/mbzirc_ws/src/install/lib/python3.8/site-packages/navigation-0.0.0-py3.8.egg-info
[1.995s] running install_scripts
[2.010s] Installing listener script to /home/muhayy/mbzirc_ws/src/install/lib/navigation
[2.010s] Installing navigate script to /home/muhayy/mbzirc_ws/src/install/lib/navigation
[2.010s] writing list of installed files to '/home/muhayy/mbzirc_ws/src/build/navigation/install.log'
[2.196s] Invoked command in '/home/muhayy/mbzirc_ws/src/navigation' returned '0': PYTHONPATH=/home/muhayy/mbzirc_ws/src/install/lib/python3.8/site-packages:${PYTHONPATH} /usr/bin/python3 setup.py egg_info --egg-base ../build/navigation build --build-base /home/muhayy/mbzirc_ws/src/build/navigation/build install --prefix /home/muhayy/mbzirc_ws/src/install --record /home/muhayy/mbzirc_ws/src/build/navigation/install.log --single-version-externally-managed
