[2.380s] Invoking command in '/home/muhayy/mbzirc_ws/src/turtlebot3/turtlebot3_teleop': PYTHONPATH=/home/muhayy/mbzirc_ws/src/install/lib/python3.8/site-packages:${PYTHONPATH} /usr/bin/python3 setup.py egg_info --egg-base ../../build/turtlebot3_teleop build --build-base /home/muhayy/mbzirc_ws/src/build/turtlebot3_teleop/build install --prefix /home/muhayy/mbzirc_ws/src/install --record /home/muhayy/mbzirc_ws/src/build/turtlebot3_teleop/install.log --single-version-externally-managed
[2.874s] running egg_info
[2.874s] creating ../../build/turtlebot3_teleop/turtlebot3_teleop.egg-info
[2.874s] writing ../../build/turtlebot3_teleop/turtlebot3_teleop.egg-info/PKG-INFO
[2.874s] writing dependency_links to ../../build/turtlebot3_teleop/turtlebot3_teleop.egg-info/dependency_links.txt
[2.874s] writing entry points to ../../build/turtlebot3_teleop/turtlebot3_teleop.egg-info/entry_points.txt
[2.874s] writing requirements to ../../build/turtlebot3_teleop/turtlebot3_teleop.egg-info/requires.txt
[2.874s] writing top-level names to ../../build/turtlebot3_teleop/turtlebot3_teleop.egg-info/top_level.txt
[2.875s] writing manifest file '../../build/turtlebot3_teleop/turtlebot3_teleop.egg-info/SOURCES.txt'
[2.875s] reading manifest file '../../build/turtlebot3_teleop/turtlebot3_teleop.egg-info/SOURCES.txt'
[2.875s] writing manifest file '../../build/turtlebot3_teleop/turtlebot3_teleop.egg-info/SOURCES.txt'
[2.875s] running build
[2.875s] running build_py
[2.875s] creating /home/muhayy/mbzirc_ws/src/build/turtlebot3_teleop/build
[2.875s] creating /home/muhayy/mbzirc_ws/src/build/turtlebot3_teleop/build/lib
[2.875s] creating /home/muhayy/mbzirc_ws/src/build/turtlebot3_teleop/build/lib/turtlebot3_teleop
[2.875s] copying turtlebot3_teleop/__init__.py -> /home/muhayy/mbzirc_ws/src/build/turtlebot3_teleop/build/lib/turtlebot3_teleop
[2.876s] creating /home/muhayy/mbzirc_ws/src/build/turtlebot3_teleop/build/lib/turtlebot3_teleop/script
[2.876s] copying turtlebot3_teleop/script/__init__.py -> /home/muhayy/mbzirc_ws/src/build/turtlebot3_teleop/build/lib/turtlebot3_teleop/script
[2.876s] copying turtlebot3_teleop/script/teleop_keyboard.py -> /home/muhayy/mbzirc_ws/src/build/turtlebot3_teleop/build/lib/turtlebot3_teleop/script
[2.876s] running install
[2.876s] running install_lib
[2.876s] creating /home/muhayy/mbzirc_ws/src/install/lib/python3.8/site-packages/turtlebot3_teleop
[2.876s] copying /home/muhayy/mbzirc_ws/src/build/turtlebot3_teleop/build/lib/turtlebot3_teleop/__init__.py -> /home/muhayy/mbzirc_ws/src/install/lib/python3.8/site-packages/turtlebot3_teleop
[2.876s] creating /home/muhayy/mbzirc_ws/src/install/lib/python3.8/site-packages/turtlebot3_teleop/script
[2.876s] copying /home/muhayy/mbzirc_ws/src/build/turtlebot3_teleop/build/lib/turtlebot3_teleop/script/__init__.py -> /home/muhayy/mbzirc_ws/src/install/lib/python3.8/site-packages/turtlebot3_teleop/script
[2.877s] copying /home/muhayy/mbzirc_ws/src/build/turtlebot3_teleop/build/lib/turtlebot3_teleop/script/teleop_keyboard.py -> /home/muhayy/mbzirc_ws/src/install/lib/python3.8/site-packages/turtlebot3_teleop/script
[2.877s] byte-compiling /home/muhayy/mbzirc_ws/src/install/lib/python3.8/site-packages/turtlebot3_teleop/__init__.py to __init__.cpython-38.pyc
[2.877s] byte-compiling /home/muhayy/mbzirc_ws/src/install/lib/python3.8/site-packages/turtlebot3_teleop/script/__init__.py to __init__.cpython-38.pyc
[2.877s] byte-compiling /home/muhayy/mbzirc_ws/src/install/lib/python3.8/site-packages/turtlebot3_teleop/script/teleop_keyboard.py to teleop_keyboard.cpython-38.pyc
[2.877s] running install_data
[2.877s] copying resource/turtlebot3_teleop -> /home/muhayy/mbzirc_ws/src/install/share/ament_index/resource_index/packages
[2.877s] copying package.xml -> /home/muhayy/mbzirc_ws/src/install/share/turtlebot3_teleop
[2.877s] running install_egg_info
[2.877s] Copying ../../build/turtlebot3_teleop/turtlebot3_teleop.egg-info to /home/muhayy/mbzirc_ws/src/install/lib/python3.8/site-packages/turtlebot3_teleop-2.1.4-py3.8.egg-info
[2.877s] running install_scripts
[2.878s] Installing teleop_keyboard script to /home/muhayy/mbzirc_ws/src/install/lib/turtlebot3_teleop
[2.878s] writing list of installed files to '/home/muhayy/mbzirc_ws/src/build/turtlebot3_teleop/install.log'
[2.927s] Invoked command in '/home/muhayy/mbzirc_ws/src/turtlebot3/turtlebot3_teleop' returned '0': PYTHONPATH=/home/muhayy/mbzirc_ws/src/install/lib/python3.8/site-packages:${PYTHONPATH} /usr/bin/python3 setup.py egg_info --egg-base ../../build/turtlebot3_teleop build --build-base /home/muhayy/mbzirc_ws/src/build/turtlebot3_teleop/build install --prefix /home/muhayy/mbzirc_ws/src/install --record /home/muhayy/mbzirc_ws/src/build/turtlebot3_teleop/install.log --single-version-externally-managed
