[1.377s] Invoking command in '/home/muhayy/mbzirc_ws/src/ros2_explorer/explorer_map_utils': PYTHONPATH=/home/muhayy/mbzirc_ws/src/install/lib/python3.8/site-packages:${PYTHONPATH} /usr/bin/python3 setup.py egg_info --egg-base ../../build/explorer_map_utils build --build-base /home/muhayy/mbzirc_ws/src/build/explorer_map_utils/build install --prefix /home/muhayy/mbzirc_ws/src/install --record /home/muhayy/mbzirc_ws/src/build/explorer_map_utils/install.log --single-version-externally-managed
[1.651s] running egg_info
[1.651s] writing ../../build/explorer_map_utils/explorer_map_utils.egg-info/PKG-INFO
[1.652s] writing dependency_links to ../../build/explorer_map_utils/explorer_map_utils.egg-info/dependency_links.txt
[1.652s] writing entry points to ../../build/explorer_map_utils/explorer_map_utils.egg-info/entry_points.txt
[1.652s] writing requirements to ../../build/explorer_map_utils/explorer_map_utils.egg-info/requires.txt
[1.652s] writing top-level names to ../../build/explorer_map_utils/explorer_map_utils.egg-info/top_level.txt
[1.686s] reading manifest file '../../build/explorer_map_utils/explorer_map_utils.egg-info/SOURCES.txt'
[1.687s] writing manifest file '../../build/explorer_map_utils/explorer_map_utils.egg-info/SOURCES.txt'
[1.687s] running build
[1.688s] running build_py
[1.688s] running install
[1.688s] running install_lib
[1.690s] running install_data
[1.691s] running install_egg_info
[1.692s] removing '/home/muhayy/mbzirc_ws/src/install/lib/python3.8/site-packages/explorer_map_utils-0.0.0-py3.8.egg-info' (and everything under it)
[1.693s] Copying ../../build/explorer_map_utils/explorer_map_utils.egg-info to /home/muhayy/mbzirc_ws/src/install/lib/python3.8/site-packages/explorer_map_utils-0.0.0-py3.8.egg-info
[1.694s] running install_scripts
[1.714s] Installing watchtower script to /home/muhayy/mbzirc_ws/src/install/lib/explorer_map_utils
[1.715s] writing list of installed files to '/home/muhayy/mbzirc_ws/src/build/explorer_map_utils/install.log'
[2.033s] Invoked command in '/home/muhayy/mbzirc_ws/src/ros2_explorer/explorer_map_utils' returned '0': PYTHONPATH=/home/muhayy/mbzirc_ws/src/install/lib/python3.8/site-packages:${PYTHONPATH} /usr/bin/python3 setup.py egg_info --egg-base ../../build/explorer_map_utils build --build-base /home/muhayy/mbzirc_ws/src/build/explorer_map_utils/build install --prefix /home/muhayy/mbzirc_ws/src/install --record /home/muhayy/mbzirc_ws/src/build/explorer_map_utils/install.log --single-version-externally-managed
