[0.104s] Invoking command in '/home/muhayy/mbzirc_ws/src/build/ros_ign_interfaces': CMAKE_PREFIX_PATH=${CMAKE_PREFIX_PATH}:/opt/ros/galactic /usr/bin/cmake /home/muhayy/mbzirc_ws/src/ros_ign/ros_ign_interfaces -DCMAKE_INSTALL_PREFIX=/home/muhayy/mbzirc_ws/src/install
[1.337s] -- The C compiler identification is GNU 9.4.0
[1.338s] -- The CXX compiler identification is GNU 9.4.0
[1.338s] -- Check for working C compiler: /usr/bin/cc
[1.338s] -- Check for working C compiler: /usr/bin/cc -- works
[1.338s] -- Detecting C compiler ABI info
[1.338s] -- Detecting C compiler ABI info - done
[1.338s] -- Detecting C compile features
[1.338s] -- Detecting C compile features - done
[1.339s] -- Check for working CXX compiler: /usr/bin/c++
[1.339s] -- Check for working CXX compiler: /usr/bin/c++ -- works
[1.339s] -- Detecting CXX compiler ABI info
[1.339s] -- Detecting CXX compiler ABI info - done
[1.339s] -- Detecting CXX compile features
[1.339s] -- Detecting CXX compile features - done
[1.339s] -- Found ament_cmake: 1.1.5 (/opt/ros/galactic/share/ament_cmake/cmake)
[1.339s] -- Found PythonInterp: /usr/bin/python3 (found suitable version "3.8.10", minimum required is "3") 
[1.339s] -- Using PYTHON_EXECUTABLE: /usr/bin/python3
[1.339s] -- Found builtin_interfaces: 1.0.3 (/opt/ros/galactic/share/builtin_interfaces/cmake)
[1.339s] -- Using all available rosidl_typesupport_c: rosidl_typesupport_fastrtps_c;rosidl_typesupport_introspection_c
[1.340s] -- Found rosidl_adapter: 2.2.2 (/opt/ros/galactic/share/rosidl_adapter/cmake)
[1.340s] -- Found OpenSSL: /usr/lib/x86_64-linux-gnu/libcrypto.so (found version "1.1.1f")  
[1.340s] -- Found FastRTPS: /opt/ros/galactic/include  
[1.340s] -- Using all available rosidl_typesupport_cpp: rosidl_typesupport_fastrtps_cpp;rosidl_typesupport_introspection_cpp
[1.370s] -- Found std_msgs: 2.2.4 (/opt/ros/galactic/share/std_msgs/cmake)
[1.383s] -- Found geometry_msgs: 2.2.4 (/opt/ros/galactic/share/geometry_msgs/cmake)
[1.454s] -- Found rosidl_default_generators: 1.1.1 (/opt/ros/galactic/share/rosidl_default_generators/cmake)
[1.543s] -- Found PythonInterp: /usr/bin/python3 (found version "3.8.10") 
[2.088s] -- Found ament_cmake_cppcheck: 0.10.7 (/opt/ros/galactic/share/ament_cmake_cppcheck/cmake)
[2.096s] -- Found ament_cmake_cpplint: 0.10.7 (/opt/ros/galactic/share/ament_cmake_cpplint/cmake)
[2.099s] -- Found ament_cmake_uncrustify: 0.10.7 (/opt/ros/galactic/share/ament_cmake_uncrustify/cmake)
[2.105s] -- Found ament_cmake_ros: 0.9.2 (/opt/ros/galactic/share/ament_cmake_ros/cmake)
[2.532s] -- Using all available rosidl_typesupport_c: rosidl_typesupport_fastrtps_c;rosidl_typesupport_introspection_c
[2.725s] -- Using all available rosidl_typesupport_cpp: rosidl_typesupport_fastrtps_cpp;rosidl_typesupport_introspection_cpp
[2.768s] -- Found PythonInterp: /usr/bin/python3 (found suitable version "3.8.10", minimum required is "3.5") 
[2.771s] -- Found python_cmake_module: 0.8.1 (/opt/ros/galactic/share/python_cmake_module/cmake)
[2.818s] -- Found PythonLibs: /usr/lib/x86_64-linux-gnu/libpython3.8.so (found suitable version "3.8.10", minimum required is "3.5") 
[2.818s] -- Using PYTHON_EXECUTABLE: /usr/bin/python3
[2.818s] -- Using PYTHON_INCLUDE_DIRS: /usr/include/python3.8
[2.819s] -- Using PYTHON_LIBRARIES: /usr/lib/x86_64-linux-gnu/libpython3.8.so
[2.846s] -- Found PythonExtra: .so  
[3.007s] -- Found ament_cmake_flake8: 0.10.7 (/opt/ros/galactic/share/ament_cmake_flake8/cmake)
[3.007s] -- Found ament_cmake_pep257: 0.10.7 (/opt/ros/galactic/share/ament_cmake_pep257/cmake)
[3.022s] -- Configuring done
[3.158s] -- Generating done
[3.163s] -- Build files have been written to: /home/muhayy/mbzirc_ws/src/build/ros_ign_interfaces
[3.440s] Invoked command in '/home/muhayy/mbzirc_ws/src/build/ros_ign_interfaces' returned '0': CMAKE_PREFIX_PATH=${CMAKE_PREFIX_PATH}:/opt/ros/galactic /usr/bin/cmake /home/muhayy/mbzirc_ws/src/ros_ign/ros_ign_interfaces -DCMAKE_INSTALL_PREFIX=/home/muhayy/mbzirc_ws/src/install
[3.441s] Invoking command in '/home/muhayy/mbzirc_ws/src/build/ros_ign_interfaces': CMAKE_PREFIX_PATH=${CMAKE_PREFIX_PATH}:/opt/ros/galactic /usr/bin/cmake --build /home/muhayy/mbzirc_ws/src/build/ros_ign_interfaces -- -j12 -l12
[3.514s] [  1%] [34m[1mGenerating C code for ROS interfaces[0m
[3.530s] [35m[1mScanning dependencies of target ros_ign_interfaces__cpp[0m
[3.559s] [  1%] [34m[1mGenerating C++ code for ROS interfaces[0m
[12.318s] [  1%] Built target ros_ign_interfaces__cpp
[12.418s] [  2%] [34m[1mGenerating C++ type support dispatch for ROS interfaces[0m
[12.436s] [  3%] [34m[1mGenerating C++ type support for eProsima Fast-RTPS[0m
[12.478s] [  3%] [34m[1mGenerating C++ introspection for ROS interfaces[0m
[13.450s] [35m[1mScanning dependencies of target ros_ign_interfaces__rosidl_generator_c[0m
[13.570s] [  4%] [32mBuilding C object CMakeFiles/ros_ign_interfaces__rosidl_generator_c.dir/rosidl_generator_c/ros_ign_interfaces/msg/detail/contact__functions.c.o[0m
[13.579s] [  4%] [32mBuilding C object CMakeFiles/ros_ign_interfaces__rosidl_generator_c.dir/rosidl_generator_c/ros_ign_interfaces/msg/detail/contacts__functions.c.o[0m
[13.602s] [  5%] [32mBuilding C object CMakeFiles/ros_ign_interfaces__rosidl_generator_c.dir/rosidl_generator_c/ros_ign_interfaces/msg/detail/dataframe__functions.c.o[0m
[13.625s] [  6%] [32mBuilding C object CMakeFiles/ros_ign_interfaces__rosidl_generator_c.dir/rosidl_generator_c/ros_ign_interfaces/msg/detail/entity_factory__functions.c.o[0m
[13.655s] [  6%] [32mBuilding C object CMakeFiles/ros_ign_interfaces__rosidl_generator_c.dir/rosidl_generator_c/ros_ign_interfaces/msg/detail/entity__functions.c.o[0m
[13.737s] [  7%] [32mBuilding C object CMakeFiles/ros_ign_interfaces__rosidl_generator_c.dir/rosidl_generator_c/ros_ign_interfaces/msg/detail/joint_wrench__functions.c.o[0m
[13.766s] [  7%] [32mBuilding C object CMakeFiles/ros_ign_interfaces__rosidl_generator_c.dir/rosidl_generator_c/ros_ign_interfaces/msg/detail/gui_camera__functions.c.o[0m
[13.905s] [  8%] [32mBuilding C object CMakeFiles/ros_ign_interfaces__rosidl_generator_c.dir/rosidl_generator_c/ros_ign_interfaces/msg/detail/string_vec__functions.c.o[0m
[13.950s] [  9%] [32mBuilding C object CMakeFiles/ros_ign_interfaces__rosidl_generator_c.dir/rosidl_generator_c/ros_ign_interfaces/msg/detail/video_record__functions.c.o[0m
[13.959s] [ 10%] [32mBuilding C object CMakeFiles/ros_ign_interfaces__rosidl_generator_c.dir/rosidl_generator_c/ros_ign_interfaces/msg/detail/world_control__functions.c.o[0m
[13.966s] [ 10%] [32mBuilding C object CMakeFiles/ros_ign_interfaces__rosidl_generator_c.dir/rosidl_generator_c/ros_ign_interfaces/msg/detail/track_visual__functions.c.o[0m
[13.966s] [ 10%] [32mBuilding C object CMakeFiles/ros_ign_interfaces__rosidl_generator_c.dir/rosidl_generator_c/ros_ign_interfaces/msg/detail/light__functions.c.o[0m
[13.975s] [ 11%] [32mBuilding C object CMakeFiles/ros_ign_interfaces__rosidl_generator_c.dir/rosidl_generator_c/ros_ign_interfaces/srv/detail/control_world__functions.c.o[0m
[13.995s] [ 12%] [32mBuilding C object CMakeFiles/ros_ign_interfaces__rosidl_generator_c.dir/rosidl_generator_c/ros_ign_interfaces/msg/detail/world_reset__functions.c.o[0m
[14.132s] [ 13%] [32mBuilding C object CMakeFiles/ros_ign_interfaces__rosidl_generator_c.dir/rosidl_generator_c/ros_ign_interfaces/srv/detail/set_entity_pose__functions.c.o[0m
[14.158s] [ 13%] [32mBuilding C object CMakeFiles/ros_ign_interfaces__rosidl_generator_c.dir/rosidl_generator_c/ros_ign_interfaces/srv/detail/delete_entity__functions.c.o[0m
[14.214s] [ 13%] [32mBuilding C object CMakeFiles/ros_ign_interfaces__rosidl_generator_c.dir/rosidl_generator_c/ros_ign_interfaces/srv/detail/spawn_entity__functions.c.o[0m
[14.602s] [ 14%] [32m[1mLinking C shared library libros_ign_interfaces__rosidl_generator_c.so[0m
[14.904s] [ 14%] Built target ros_ign_interfaces__rosidl_generator_c
[14.958s] [ 15%] [34m[1mGenerating C introspection for ROS interfaces[0m
[14.977s] [ 16%] [34m[1mGenerating C type support dispatch for ROS interfaces[0m
[21.561s] [35m[1mScanning dependencies of target ros_ign_interfaces__rosidl_typesupport_cpp[0m
[21.685s] [ 16%] [32mBuilding CXX object CMakeFiles/ros_ign_interfaces__rosidl_typesupport_cpp.dir/rosidl_typesupport_cpp/ros_ign_interfaces/msg/contact__type_support.cpp.o[0m
[22.523s] [ 17%] [32mBuilding CXX object CMakeFiles/ros_ign_interfaces__rosidl_typesupport_cpp.dir/rosidl_typesupport_cpp/ros_ign_interfaces/msg/light__type_support.cpp.o[0m
[23.674s] [ 18%] [32mBuilding CXX object CMakeFiles/ros_ign_interfaces__rosidl_typesupport_cpp.dir/rosidl_typesupport_cpp/ros_ign_interfaces/msg/string_vec__type_support.cpp.o[0m
[23.952s] [35m[1mScanning dependencies of target ros_ign_interfaces__rosidl_typesupport_c[0m
[24.094s] [ 18%] [32mBuilding CXX object CMakeFiles/ros_ign_interfaces__rosidl_typesupport_c.dir/rosidl_typesupport_c/ros_ign_interfaces/msg/contact__type_support.cpp.o[0m
[24.258s] [ 19%] [32mBuilding CXX object CMakeFiles/ros_ign_interfaces__rosidl_typesupport_c.dir/rosidl_typesupport_c/ros_ign_interfaces/msg/contacts__type_support.cpp.o[0m
[24.462s] [ 20%] [32mBuilding CXX object CMakeFiles/ros_ign_interfaces__rosidl_typesupport_c.dir/rosidl_typesupport_c/ros_ign_interfaces/msg/dataframe__type_support.cpp.o[0m
[24.465s] [35m[1mScanning dependencies of target ros_ign_interfaces__rosidl_typesupport_introspection_cpp[0m
[24.618s] [ 20%] [32mBuilding CXX object CMakeFiles/ros_ign_interfaces__rosidl_typesupport_c.dir/rosidl_typesupport_c/ros_ign_interfaces/msg/entity__type_support.cpp.o[0m
[24.647s] [ 21%] [32mBuilding CXX object CMakeFiles/ros_ign_interfaces__rosidl_typesupport_introspection_cpp.dir/rosidl_typesupport_introspection_cpp/ros_ign_interfaces/msg/detail/contact__type_support.cpp.o[0m
[24.724s] [35m[1mScanning dependencies of target ros_ign_interfaces__rosidl_typesupport_fastrtps_cpp[0m
[24.728s] [ 22%] [32mBuilding CXX object CMakeFiles/ros_ign_interfaces__rosidl_typesupport_c.dir/rosidl_typesupport_c/ros_ign_interfaces/msg/entity_factory__type_support.cpp.o[0m
[24.785s] [ 22%] [32mBuilding CXX object CMakeFiles/ros_ign_interfaces__rosidl_typesupport_c.dir/rosidl_typesupport_c/ros_ign_interfaces/msg/gui_camera__type_support.cpp.o[0m
[24.815s] [ 22%] [32mBuilding CXX object CMakeFiles/ros_ign_interfaces__rosidl_typesupport_cpp.dir/rosidl_typesupport_cpp/ros_ign_interfaces/msg/track_visual__type_support.cpp.o[0m
[24.880s] [ 23%] [32mBuilding CXX object CMakeFiles/ros_ign_interfaces__rosidl_typesupport_fastrtps_cpp.dir/rosidl_typesupport_fastrtps_cpp/ros_ign_interfaces/msg/detail/dds_fastrtps/contact__type_support.cpp.o[0m
[24.890s] [ 24%] [32mBuilding CXX object CMakeFiles/ros_ign_interfaces__rosidl_typesupport_c.dir/rosidl_typesupport_c/ros_ign_interfaces/msg/joint_wrench__type_support.cpp.o[0m
[25.066s] [ 25%] [32mBuilding CXX object CMakeFiles/ros_ign_interfaces__rosidl_typesupport_c.dir/rosidl_typesupport_c/ros_ign_interfaces/msg/light__type_support.cpp.o[0m
[25.259s] [ 25%] [32mBuilding CXX object CMakeFiles/ros_ign_interfaces__rosidl_typesupport_c.dir/rosidl_typesupport_c/ros_ign_interfaces/msg/string_vec__type_support.cpp.o[0m
[25.440s] [ 26%] [32mBuilding CXX object CMakeFiles/ros_ign_interfaces__rosidl_typesupport_c.dir/rosidl_typesupport_c/ros_ign_interfaces/msg/track_visual__type_support.cpp.o[0m
[25.594s] [ 27%] [32mBuilding CXX object CMakeFiles/ros_ign_interfaces__rosidl_typesupport_c.dir/rosidl_typesupport_c/ros_ign_interfaces/msg/video_record__type_support.cpp.o[0m
[25.738s] [ 27%] [32mBuilding CXX object CMakeFiles/ros_ign_interfaces__rosidl_typesupport_c.dir/rosidl_typesupport_c/ros_ign_interfaces/msg/world_control__type_support.cpp.o[0m
[25.885s] [ 28%] [32mBuilding CXX object CMakeFiles/ros_ign_interfaces__rosidl_typesupport_c.dir/rosidl_typesupport_c/ros_ign_interfaces/msg/world_reset__type_support.cpp.o[0m
[25.967s] [35m[1mScanning dependencies of target ros_ign_interfaces__rosidl_typesupport_introspection_c[0m
[26.058s] [ 28%] [32mBuilding CXX object CMakeFiles/ros_ign_interfaces__rosidl_typesupport_cpp.dir/rosidl_typesupport_cpp/ros_ign_interfaces/msg/joint_wrench__type_support.cpp.o[0m
[26.084s] [ 28%] [32mBuilding CXX object CMakeFiles/ros_ign_interfaces__rosidl_typesupport_c.dir/rosidl_typesupport_c/ros_ign_interfaces/srv/control_world__type_support.cpp.o[0m
[26.109s] [ 29%] [32mBuilding C object CMakeFiles/ros_ign_interfaces__rosidl_typesupport_introspection_c.dir/rosidl_typesupport_introspection_c/ros_ign_interfaces/msg/detail/contact__type_support.c.o[0m
[26.214s] [ 30%] [32mBuilding CXX object CMakeFiles/ros_ign_interfaces__rosidl_typesupport_c.dir/rosidl_typesupport_c/ros_ign_interfaces/srv/delete_entity__type_support.cpp.o[0m
[26.351s] [ 30%] [32mBuilding C object CMakeFiles/ros_ign_interfaces__rosidl_typesupport_introspection_c.dir/rosidl_typesupport_introspection_c/ros_ign_interfaces/msg/detail/contacts__type_support.c.o[0m
[26.371s] [ 31%] [32mBuilding CXX object CMakeFiles/ros_ign_interfaces__rosidl_typesupport_c.dir/rosidl_typesupport_c/ros_ign_interfaces/srv/set_entity_pose__type_support.cpp.o[0m
[26.397s] [ 31%] [32mBuilding CXX object CMakeFiles/ros_ign_interfaces__rosidl_typesupport_introspection_cpp.dir/rosidl_typesupport_introspection_cpp/ros_ign_interfaces/msg/detail/contacts__type_support.cpp.o[0m
[26.547s] [ 32%] [32mBuilding C object CMakeFiles/ros_ign_interfaces__rosidl_typesupport_introspection_c.dir/rosidl_typesupport_introspection_c/ros_ign_interfaces/msg/detail/dataframe__type_support.c.o[0m
[26.564s] [ 32%] [32mBuilding CXX object CMakeFiles/ros_ign_interfaces__rosidl_typesupport_c.dir/rosidl_typesupport_c/ros_ign_interfaces/srv/spawn_entity__type_support.cpp.o[0m
[26.610s] [ 32%] [32mBuilding CXX object CMakeFiles/ros_ign_interfaces__rosidl_typesupport_fastrtps_cpp.dir/rosidl_typesupport_fastrtps_cpp/ros_ign_interfaces/msg/detail/dds_fastrtps/contacts__type_support.cpp.o[0m
[26.678s] [ 32%] [32mBuilding C object CMakeFiles/ros_ign_interfaces__rosidl_typesupport_introspection_c.dir/rosidl_typesupport_introspection_c/ros_ign_interfaces/msg/detail/entity__type_support.c.o[0m
[26.698s] [ 33%] [32m[1mLinking CXX shared library libros_ign_interfaces__rosidl_typesupport_c.so[0m
[26.861s] [ 34%] [32mBuilding C object CMakeFiles/ros_ign_interfaces__rosidl_typesupport_introspection_c.dir/rosidl_typesupport_introspection_c/ros_ign_interfaces/msg/detail/entity_factory__type_support.c.o[0m
[26.923s] [ 34%] Built target ros_ign_interfaces__rosidl_typesupport_c
[27.032s] [ 35%] [32mBuilding C object CMakeFiles/ros_ign_interfaces__rosidl_typesupport_introspection_c.dir/rosidl_typesupport_introspection_c/ros_ign_interfaces/msg/detail/gui_camera__type_support.c.o[0m
[27.106s] [ 35%] [32mBuilding CXX object CMakeFiles/ros_ign_interfaces__rosidl_typesupport_cpp.dir/rosidl_typesupport_cpp/ros_ign_interfaces/msg/world_control__type_support.cpp.o[0m
[27.171s] [ 35%] [32mBuilding C object CMakeFiles/ros_ign_interfaces__rosidl_typesupport_introspection_c.dir/rosidl_typesupport_introspection_c/ros_ign_interfaces/msg/detail/joint_wrench__type_support.c.o[0m
[27.358s] [ 36%] [32mBuilding C object CMakeFiles/ros_ign_interfaces__rosidl_typesupport_introspection_c.dir/rosidl_typesupport_introspection_c/ros_ign_interfaces/msg/detail/light__type_support.c.o[0m
[27.555s] [ 37%] [32mBuilding C object CMakeFiles/ros_ign_interfaces__rosidl_typesupport_introspection_c.dir/rosidl_typesupport_introspection_c/ros_ign_interfaces/msg/detail/string_vec__type_support.c.o[0m
[27.555s] [ 38%] [32mBuilding CXX object CMakeFiles/ros_ign_interfaces__rosidl_typesupport_introspection_cpp.dir/rosidl_typesupport_introspection_cpp/ros_ign_interfaces/msg/detail/dataframe__type_support.cpp.o[0m
[27.752s] [ 38%] [32mBuilding C object CMakeFiles/ros_ign_interfaces__rosidl_typesupport_introspection_c.dir/rosidl_typesupport_introspection_c/ros_ign_interfaces/msg/detail/track_visual__type_support.c.o[0m
[27.880s] [ 39%] [32mBuilding CXX object CMakeFiles/ros_ign_interfaces__rosidl_typesupport_cpp.dir/rosidl_typesupport_cpp/ros_ign_interfaces/msg/video_record__type_support.cpp.o[0m
[27.969s] [ 40%] [32mBuilding C object CMakeFiles/ros_ign_interfaces__rosidl_typesupport_introspection_c.dir/rosidl_typesupport_introspection_c/ros_ign_interfaces/msg/detail/video_record__type_support.c.o[0m
[28.115s] [ 41%] [32mBuilding CXX object CMakeFiles/ros_ign_interfaces__rosidl_typesupport_fastrtps_cpp.dir/rosidl_typesupport_fastrtps_cpp/ros_ign_interfaces/msg/detail/dds_fastrtps/entity__type_support.cpp.o[0m
[28.163s] [ 42%] [32mBuilding C object CMakeFiles/ros_ign_interfaces__rosidl_typesupport_introspection_c.dir/rosidl_typesupport_introspection_c/ros_ign_interfaces/msg/detail/world_control__type_support.c.o[0m
[28.400s] [ 42%] [32mBuilding C object CMakeFiles/ros_ign_interfaces__rosidl_typesupport_introspection_c.dir/rosidl_typesupport_introspection_c/ros_ign_interfaces/msg/detail/world_reset__type_support.c.o[0m
[28.500s] [ 43%] [32mBuilding CXX object CMakeFiles/ros_ign_interfaces__rosidl_typesupport_cpp.dir/rosidl_typesupport_cpp/ros_ign_interfaces/msg/world_reset__type_support.cpp.o[0m
[28.509s] [ 44%] [32mBuilding C object CMakeFiles/ros_ign_interfaces__rosidl_typesupport_introspection_c.dir/rosidl_typesupport_introspection_c/ros_ign_interfaces/srv/detail/control_world__type_support.c.o[0m
[28.616s] [ 45%] [32mBuilding CXX object CMakeFiles/ros_ign_interfaces__rosidl_typesupport_introspection_cpp.dir/rosidl_typesupport_introspection_cpp/ros_ign_interfaces/msg/detail/entity__type_support.cpp.o[0m
[28.681s] [ 45%] [32mBuilding C object CMakeFiles/ros_ign_interfaces__rosidl_typesupport_introspection_c.dir/rosidl_typesupport_introspection_c/ros_ign_interfaces/srv/detail/delete_entity__type_support.c.o[0m
[28.852s] [ 46%] [32mBuilding C object CMakeFiles/ros_ign_interfaces__rosidl_typesupport_introspection_c.dir/rosidl_typesupport_introspection_c/ros_ign_interfaces/srv/detail/set_entity_pose__type_support.c.o[0m
[29.000s] [ 47%] [32mBuilding CXX object CMakeFiles/ros_ign_interfaces__rosidl_typesupport_cpp.dir/rosidl_typesupport_cpp/ros_ign_interfaces/srv/control_world__type_support.cpp.o[0m
[29.016s] [ 48%] [32mBuilding C object CMakeFiles/ros_ign_interfaces__rosidl_typesupport_introspection_c.dir/rosidl_typesupport_introspection_c/ros_ign_interfaces/srv/detail/spawn_entity__type_support.c.o[0m
[29.150s] [ 48%] [32m[1mLinking C shared library libros_ign_interfaces__rosidl_typesupport_introspection_c.so[0m
[29.383s] [ 48%] Built target ros_ign_interfaces__rosidl_typesupport_introspection_c
[29.458s] [ 48%] [32mBuilding CXX object CMakeFiles/ros_ign_interfaces__rosidl_typesupport_fastrtps_cpp.dir/rosidl_typesupport_fastrtps_cpp/ros_ign_interfaces/msg/detail/dds_fastrtps/entity_factory__type_support.cpp.o[0m
[29.618s] [ 48%] [32mBuilding CXX object CMakeFiles/ros_ign_interfaces__rosidl_typesupport_introspection_cpp.dir/rosidl_typesupport_introspection_cpp/ros_ign_interfaces/msg/detail/entity_factory__type_support.cpp.o[0m
[29.622s] [ 49%] [32mBuilding CXX object CMakeFiles/ros_ign_interfaces__rosidl_typesupport_cpp.dir/rosidl_typesupport_cpp/ros_ign_interfaces/srv/set_entity_pose__type_support.cpp.o[0m
[30.238s] [ 50%] [32mBuilding CXX object CMakeFiles/ros_ign_interfaces__rosidl_typesupport_introspection_cpp.dir/rosidl_typesupport_introspection_cpp/ros_ign_interfaces/msg/detail/gui_camera__type_support.cpp.o[0m
[30.385s] [ 51%] [32mBuilding CXX object CMakeFiles/ros_ign_interfaces__rosidl_typesupport_fastrtps_cpp.dir/rosidl_typesupport_fastrtps_cpp/ros_ign_interfaces/msg/detail/dds_fastrtps/gui_camera__type_support.cpp.o[0m
[30.401s] [ 52%] [32mBuilding CXX object CMakeFiles/ros_ign_interfaces__rosidl_typesupport_cpp.dir/rosidl_typesupport_cpp/ros_ign_interfaces/srv/spawn_entity__type_support.cpp.o[0m
[30.842s] [ 53%] [32mBuilding CXX object CMakeFiles/ros_ign_interfaces__rosidl_typesupport_introspection_cpp.dir/rosidl_typesupport_introspection_cpp/ros_ign_interfaces/msg/detail/joint_wrench__type_support.cpp.o[0m
[31.253s] [ 53%] [32mBuilding CXX object CMakeFiles/ros_ign_interfaces__rosidl_typesupport_cpp.dir/rosidl_typesupport_cpp/ros_ign_interfaces/srv/delete_entity__type_support.cpp.o[0m
[31.527s] [ 54%] [32mBuilding CXX object CMakeFiles/ros_ign_interfaces__rosidl_typesupport_fastrtps_cpp.dir/rosidl_typesupport_fastrtps_cpp/ros_ign_interfaces/msg/detail/dds_fastrtps/light__type_support.cpp.o[0m
[31.559s] [ 55%] [32mBuilding CXX object CMakeFiles/ros_ign_interfaces__rosidl_typesupport_introspection_cpp.dir/rosidl_typesupport_introspection_cpp/ros_ign_interfaces/msg/detail/string_vec__type_support.cpp.o[0m
[32.063s] [ 56%] [32mBuilding CXX object CMakeFiles/ros_ign_interfaces__rosidl_typesupport_cpp.dir/rosidl_typesupport_cpp/ros_ign_interfaces/msg/gui_camera__type_support.cpp.o[0m
[32.429s] [ 56%] [32mBuilding CXX object CMakeFiles/ros_ign_interfaces__rosidl_typesupport_introspection_cpp.dir/rosidl_typesupport_introspection_cpp/ros_ign_interfaces/msg/detail/track_visual__type_support.cpp.o[0m
[32.530s] [ 56%] [32mBuilding CXX object CMakeFiles/ros_ign_interfaces__rosidl_typesupport_fastrtps_cpp.dir/rosidl_typesupport_fastrtps_cpp/ros_ign_interfaces/msg/detail/dds_fastrtps/track_visual__type_support.cpp.o[0m
[32.801s] [ 57%] [32mBuilding CXX object CMakeFiles/ros_ign_interfaces__rosidl_typesupport_cpp.dir/rosidl_typesupport_cpp/ros_ign_interfaces/msg/entity_factory__type_support.cpp.o[0m
[32.938s] [ 58%] [32mBuilding CXX object CMakeFiles/ros_ign_interfaces__rosidl_typesupport_introspection_cpp.dir/rosidl_typesupport_introspection_cpp/ros_ign_interfaces/msg/detail/video_record__type_support.cpp.o[0m
[33.409s] [ 58%] [32mBuilding CXX object CMakeFiles/ros_ign_interfaces__rosidl_typesupport_cpp.dir/rosidl_typesupport_cpp/ros_ign_interfaces/msg/entity__type_support.cpp.o[0m
[33.535s] [ 59%] [32mBuilding CXX object CMakeFiles/ros_ign_interfaces__rosidl_typesupport_fastrtps_cpp.dir/rosidl_typesupport_fastrtps_cpp/ros_ign_interfaces/msg/detail/dds_fastrtps/world_control__type_support.cpp.o[0m
[33.886s] [ 59%] [32mBuilding CXX object CMakeFiles/ros_ign_interfaces__rosidl_typesupport_introspection_cpp.dir/rosidl_typesupport_introspection_cpp/ros_ign_interfaces/msg/detail/world_reset__type_support.cpp.o[0m
[33.911s] [ 60%] [32mBuilding CXX object CMakeFiles/ros_ign_interfaces__rosidl_typesupport_cpp.dir/rosidl_typesupport_cpp/ros_ign_interfaces/msg/dataframe__type_support.cpp.o[0m
[34.569s] [ 61%] [32mBuilding CXX object CMakeFiles/ros_ign_interfaces__rosidl_typesupport_fastrtps_cpp.dir/rosidl_typesupport_fastrtps_cpp/ros_ign_interfaces/srv/detail/dds_fastrtps/control_world__type_support.cpp.o[0m
[34.570s] [ 62%] [32mBuilding CXX object CMakeFiles/ros_ign_interfaces__rosidl_typesupport_introspection_cpp.dir/rosidl_typesupport_introspection_cpp/ros_ign_interfaces/srv/detail/control_world__type_support.cpp.o[0m
[34.710s] [ 63%] [32mBuilding CXX object CMakeFiles/ros_ign_interfaces__rosidl_typesupport_cpp.dir/rosidl_typesupport_cpp/ros_ign_interfaces/msg/contacts__type_support.cpp.o[0m
[35.268s] [ 63%] [32mBuilding CXX object CMakeFiles/ros_ign_interfaces__rosidl_typesupport_introspection_cpp.dir/rosidl_typesupport_introspection_cpp/ros_ign_interfaces/srv/detail/set_entity_pose__type_support.cpp.o[0m
[35.441s] [ 63%] [32mBuilding CXX object CMakeFiles/ros_ign_interfaces__rosidl_typesupport_fastrtps_cpp.dir/rosidl_typesupport_fastrtps_cpp/ros_ign_interfaces/srv/detail/dds_fastrtps/delete_entity__type_support.cpp.o[0m
[35.486s] [ 63%] [32m[1mLinking CXX shared library libros_ign_interfaces__rosidl_typesupport_cpp.so[0m
[35.732s] [ 63%] Built target ros_ign_interfaces__rosidl_typesupport_cpp
[35.967s] [ 64%] [32mBuilding CXX object CMakeFiles/ros_ign_interfaces__rosidl_typesupport_introspection_cpp.dir/rosidl_typesupport_introspection_cpp/ros_ign_interfaces/srv/detail/spawn_entity__type_support.cpp.o[0m
[36.403s] [ 65%] [32mBuilding CXX object CMakeFiles/ros_ign_interfaces__rosidl_typesupport_fastrtps_cpp.dir/rosidl_typesupport_fastrtps_cpp/ros_ign_interfaces/srv/detail/dds_fastrtps/spawn_entity__type_support.cpp.o[0m
[36.515s] [ 66%] [32mBuilding CXX object CMakeFiles/ros_ign_interfaces__rosidl_typesupport_introspection_cpp.dir/rosidl_typesupport_introspection_cpp/ros_ign_interfaces/srv/detail/delete_entity__type_support.cpp.o[0m
[37.065s] [ 67%] [32mBuilding CXX object CMakeFiles/ros_ign_interfaces__rosidl_typesupport_introspection_cpp.dir/rosidl_typesupport_introspection_cpp/ros_ign_interfaces/msg/detail/world_control__type_support.cpp.o[0m
[37.324s] [ 68%] [32mBuilding CXX object CMakeFiles/ros_ign_interfaces__rosidl_typesupport_fastrtps_cpp.dir/rosidl_typesupport_fastrtps_cpp/ros_ign_interfaces/srv/detail/dds_fastrtps/set_entity_pose__type_support.cpp.o[0m
[37.516s] [ 68%] [32mBuilding CXX object CMakeFiles/ros_ign_interfaces__rosidl_typesupport_introspection_cpp.dir/rosidl_typesupport_introspection_cpp/ros_ign_interfaces/msg/detail/light__type_support.cpp.o[0m
[37.958s] [ 69%] [32m[1mLinking CXX shared library libros_ign_interfaces__rosidl_typesupport_introspection_cpp.so[0m
[38.015s] [ 69%] [32mBuilding CXX object CMakeFiles/ros_ign_interfaces__rosidl_typesupport_fastrtps_cpp.dir/rosidl_typesupport_fastrtps_cpp/ros_ign_interfaces/msg/detail/dds_fastrtps/world_reset__type_support.cpp.o[0m
[38.115s] [ 69%] Built target ros_ign_interfaces__rosidl_typesupport_introspection_cpp
[38.705s] [ 70%] [32mBuilding CXX object CMakeFiles/ros_ign_interfaces__rosidl_typesupport_fastrtps_cpp.dir/rosidl_typesupport_fastrtps_cpp/ros_ign_interfaces/msg/detail/dds_fastrtps/video_record__type_support.cpp.o[0m
[39.395s] [ 71%] [32mBuilding CXX object CMakeFiles/ros_ign_interfaces__rosidl_typesupport_fastrtps_cpp.dir/rosidl_typesupport_fastrtps_cpp/ros_ign_interfaces/msg/detail/dds_fastrtps/string_vec__type_support.cpp.o[0m
[40.324s] [ 71%] [32mBuilding CXX object CMakeFiles/ros_ign_interfaces__rosidl_typesupport_fastrtps_cpp.dir/rosidl_typesupport_fastrtps_cpp/ros_ign_interfaces/msg/detail/dds_fastrtps/joint_wrench__type_support.cpp.o[0m
[41.098s] [ 72%] [32mBuilding CXX object CMakeFiles/ros_ign_interfaces__rosidl_typesupport_fastrtps_cpp.dir/rosidl_typesupport_fastrtps_cpp/ros_ign_interfaces/msg/detail/dds_fastrtps/dataframe__type_support.cpp.o[0m
[41.913s] [ 72%] [32m[1mLinking CXX shared library libros_ign_interfaces__rosidl_typesupport_fastrtps_cpp.so[0m
[42.134s] [ 72%] Built target ros_ign_interfaces__rosidl_typesupport_fastrtps_cpp
[42.156s] [ 73%] [34m[1mGenerating C type support for eProsima Fast-RTPS[0m
[45.205s] [35m[1mScanning dependencies of target ros_ign_interfaces__rosidl_typesupport_fastrtps_c[0m
[45.256s] [ 73%] [32mBuilding CXX object CMakeFiles/ros_ign_interfaces__rosidl_typesupport_fastrtps_c.dir/rosidl_typesupport_fastrtps_c/ros_ign_interfaces/msg/detail/contact__type_support_c.cpp.o[0m
[45.762s] [ 73%] [32mBuilding CXX object CMakeFiles/ros_ign_interfaces__rosidl_typesupport_fastrtps_c.dir/rosidl_typesupport_fastrtps_c/ros_ign_interfaces/msg/detail/world_control__type_support_c.cpp.o[0m
[46.247s] [ 74%] [32mBuilding CXX object CMakeFiles/ros_ign_interfaces__rosidl_typesupport_fastrtps_c.dir/rosidl_typesupport_fastrtps_c/ros_ign_interfaces/msg/detail/world_reset__type_support_c.cpp.o[0m
[46.683s] [ 75%] [32mBuilding CXX object CMakeFiles/ros_ign_interfaces__rosidl_typesupport_fastrtps_c.dir/rosidl_typesupport_fastrtps_c/ros_ign_interfaces/srv/detail/control_world__type_support_c.cpp.o[0m
[47.265s] [ 75%] [32mBuilding CXX object CMakeFiles/ros_ign_interfaces__rosidl_typesupport_fastrtps_c.dir/rosidl_typesupport_fastrtps_c/ros_ign_interfaces/srv/detail/delete_entity__type_support_c.cpp.o[0m
[47.782s] [ 76%] [32mBuilding CXX object CMakeFiles/ros_ign_interfaces__rosidl_typesupport_fastrtps_c.dir/rosidl_typesupport_fastrtps_c/ros_ign_interfaces/srv/detail/set_entity_pose__type_support_c.cpp.o[0m
[48.230s] [ 77%] [32mBuilding CXX object CMakeFiles/ros_ign_interfaces__rosidl_typesupport_fastrtps_c.dir/rosidl_typesupport_fastrtps_c/ros_ign_interfaces/srv/detail/spawn_entity__type_support_c.cpp.o[0m
[48.664s] [ 78%] [32mBuilding CXX object CMakeFiles/ros_ign_interfaces__rosidl_typesupport_fastrtps_c.dir/rosidl_typesupport_fastrtps_c/ros_ign_interfaces/msg/detail/video_record__type_support_c.cpp.o[0m
[49.124s] [ 79%] [32mBuilding CXX object CMakeFiles/ros_ign_interfaces__rosidl_typesupport_fastrtps_c.dir/rosidl_typesupport_fastrtps_c/ros_ign_interfaces/msg/detail/track_visual__type_support_c.cpp.o[0m
[49.594s] [ 79%] [32mBuilding CXX object CMakeFiles/ros_ign_interfaces__rosidl_typesupport_fastrtps_c.dir/rosidl_typesupport_fastrtps_c/ros_ign_interfaces/msg/detail/string_vec__type_support_c.cpp.o[0m
[50.038s] [ 80%] [32mBuilding CXX object CMakeFiles/ros_ign_interfaces__rosidl_typesupport_fastrtps_c.dir/rosidl_typesupport_fastrtps_c/ros_ign_interfaces/msg/detail/light__type_support_c.cpp.o[0m
[50.484s] [ 80%] [32mBuilding CXX object CMakeFiles/ros_ign_interfaces__rosidl_typesupport_fastrtps_c.dir/rosidl_typesupport_fastrtps_c/ros_ign_interfaces/msg/detail/joint_wrench__type_support_c.cpp.o[0m
[50.918s] [ 81%] [32mBuilding CXX object CMakeFiles/ros_ign_interfaces__rosidl_typesupport_fastrtps_c.dir/rosidl_typesupport_fastrtps_c/ros_ign_interfaces/msg/detail/gui_camera__type_support_c.cpp.o[0m
[51.330s] [ 82%] [32mBuilding CXX object CMakeFiles/ros_ign_interfaces__rosidl_typesupport_fastrtps_c.dir/rosidl_typesupport_fastrtps_c/ros_ign_interfaces/msg/detail/entity_factory__type_support_c.cpp.o[0m
[51.763s] [ 82%] [32mBuilding CXX object CMakeFiles/ros_ign_interfaces__rosidl_typesupport_fastrtps_c.dir/rosidl_typesupport_fastrtps_c/ros_ign_interfaces/msg/detail/entity__type_support_c.cpp.o[0m
[52.176s] [ 83%] [32mBuilding CXX object CMakeFiles/ros_ign_interfaces__rosidl_typesupport_fastrtps_c.dir/rosidl_typesupport_fastrtps_c/ros_ign_interfaces/msg/detail/dataframe__type_support_c.cpp.o[0m
[52.549s] [ 84%] [32mBuilding CXX object CMakeFiles/ros_ign_interfaces__rosidl_typesupport_fastrtps_c.dir/rosidl_typesupport_fastrtps_c/ros_ign_interfaces/msg/detail/contacts__type_support_c.cpp.o[0m
[52.930s] [ 84%] [32m[1mLinking CXX shared library libros_ign_interfaces__rosidl_typesupport_fastrtps_c.so[0m
[53.045s] [ 84%] Built target ros_ign_interfaces__rosidl_typesupport_fastrtps_c
[53.057s] [35m[1mScanning dependencies of target ros_ign_interfaces[0m
[53.069s] [ 84%] Built target ros_ign_interfaces
[53.083s] [35m[1mScanning dependencies of target ros_ign_interfaces__py[0m
[53.095s] [ 85%] [34m[1mGenerating Python code for ROS interfaces[0m
[57.477s] [ 85%] Built target ros_ign_interfaces__py
[57.489s] [35m[1mScanning dependencies of target ros_ign_interfaces__python[0m
[57.545s] [ 85%] [32mBuilding C object CMakeFiles/ros_ign_interfaces__python.dir/rosidl_generator_py/ros_ign_interfaces/msg/_contact_s.c.o[0m
[57.676s] [ 85%] [32mBuilding C object CMakeFiles/ros_ign_interfaces__python.dir/rosidl_generator_py/ros_ign_interfaces/msg/_world_control_s.c.o[0m
[57.774s] [ 86%] [32mBuilding C object CMakeFiles/ros_ign_interfaces__python.dir/rosidl_generator_py/ros_ign_interfaces/msg/_world_reset_s.c.o[0m
[57.864s] [ 87%] [32mBuilding C object CMakeFiles/ros_ign_interfaces__python.dir/rosidl_generator_py/ros_ign_interfaces/srv/_control_world_s.c.o[0m
[57.959s] [ 87%] [32mBuilding C object CMakeFiles/ros_ign_interfaces__python.dir/rosidl_generator_py/ros_ign_interfaces/srv/_delete_entity_s.c.o[0m
[58.053s] [ 88%] [32mBuilding C object CMakeFiles/ros_ign_interfaces__python.dir/rosidl_generator_py/ros_ign_interfaces/srv/_set_entity_pose_s.c.o[0m
[58.148s] [ 88%] [32mBuilding C object CMakeFiles/ros_ign_interfaces__python.dir/rosidl_generator_py/ros_ign_interfaces/srv/_spawn_entity_s.c.o[0m
[58.244s] [ 89%] [32mBuilding C object CMakeFiles/ros_ign_interfaces__python.dir/rosidl_generator_py/ros_ign_interfaces/msg/_video_record_s.c.o[0m
[58.344s] [ 90%] [32mBuilding C object CMakeFiles/ros_ign_interfaces__python.dir/rosidl_generator_py/ros_ign_interfaces/msg/_track_visual_s.c.o[0m
[58.452s] [ 90%] [32mBuilding C object CMakeFiles/ros_ign_interfaces__python.dir/rosidl_generator_py/ros_ign_interfaces/msg/_string_vec_s.c.o[0m
[58.563s] [ 91%] [32mBuilding C object CMakeFiles/ros_ign_interfaces__python.dir/rosidl_generator_py/ros_ign_interfaces/msg/_light_s.c.o[0m
[58.686s] [ 91%] [32mBuilding C object CMakeFiles/ros_ign_interfaces__python.dir/rosidl_generator_py/ros_ign_interfaces/msg/_joint_wrench_s.c.o[0m
[58.789s] [ 92%] [32mBuilding C object CMakeFiles/ros_ign_interfaces__python.dir/rosidl_generator_py/ros_ign_interfaces/msg/_gui_camera_s.c.o[0m
[58.888s] [ 93%] [32mBuilding C object CMakeFiles/ros_ign_interfaces__python.dir/rosidl_generator_py/ros_ign_interfaces/msg/_entity_factory_s.c.o[0m
[58.991s] [ 93%] [32mBuilding C object CMakeFiles/ros_ign_interfaces__python.dir/rosidl_generator_py/ros_ign_interfaces/msg/_entity_s.c.o[0m
[59.099s] [ 94%] [32mBuilding C object CMakeFiles/ros_ign_interfaces__python.dir/rosidl_generator_py/ros_ign_interfaces/msg/_dataframe_s.c.o[0m
[59.209s] [ 95%] [32mBuilding C object CMakeFiles/ros_ign_interfaces__python.dir/rosidl_generator_py/ros_ign_interfaces/msg/_contacts_s.c.o[0m
[59.313s] [ 96%] [32m[1mLinking C shared library rosidl_generator_py/ros_ign_interfaces/libros_ign_interfaces__python.so[0m
[59.370s] [ 96%] Built target ros_ign_interfaces__python
[59.381s] [35m[1mScanning dependencies of target ros_ign_interfaces__rosidl_typesupport_c__pyext[0m
[59.406s] [ 97%] [32mBuilding C object CMakeFiles/ros_ign_interfaces__rosidl_typesupport_c__pyext.dir/rosidl_generator_py/ros_ign_interfaces/_ros_ign_interfaces_s.ep.rosidl_typesupport_c.c.o[0m
[59.580s] [ 97%] [32m[1mLinking C shared library rosidl_generator_py/ros_ign_interfaces/ros_ign_interfaces_s__rosidl_typesupport_c.cpython-38-x86_64-linux-gnu.so[0m
[59.626s] [ 97%] Built target ros_ign_interfaces__rosidl_typesupport_c__pyext
[59.637s] [35m[1mScanning dependencies of target ros_ign_interfaces__rosidl_typesupport_introspection_c__pyext[0m
[59.663s] [ 98%] [32mBuilding C object CMakeFiles/ros_ign_interfaces__rosidl_typesupport_introspection_c__pyext.dir/rosidl_generator_py/ros_ign_interfaces/_ros_ign_interfaces_s.ep.rosidl_typesupport_introspection_c.c.o[0m
[59.809s] [ 99%] [32m[1mLinking C shared library rosidl_generator_py/ros_ign_interfaces/ros_ign_interfaces_s__rosidl_typesupport_introspection_c.cpython-38-x86_64-linux-gnu.so[0m
[59.854s] [ 99%] Built target ros_ign_interfaces__rosidl_typesupport_introspection_c__pyext
[59.865s] [35m[1mScanning dependencies of target ros_ign_interfaces__rosidl_typesupport_fastrtps_c__pyext[0m
[59.889s] [100%] [32mBuilding C object CMakeFiles/ros_ign_interfaces__rosidl_typesupport_fastrtps_c__pyext.dir/rosidl_generator_py/ros_ign_interfaces/_ros_ign_interfaces_s.ep.rosidl_typesupport_fastrtps_c.c.o[0m
[60.055s] [100%] [32m[1mLinking CXX shared library rosidl_generator_py/ros_ign_interfaces/ros_ign_interfaces_s__rosidl_typesupport_fastrtps_c.cpython-38-x86_64-linux-gnu.so[0m
[60.151s] [100%] Built target ros_ign_interfaces__rosidl_typesupport_fastrtps_c__pyext
[60.174s] Invoked command in '/home/muhayy/mbzirc_ws/src/build/ros_ign_interfaces' returned '0': CMAKE_PREFIX_PATH=${CMAKE_PREFIX_PATH}:/opt/ros/galactic /usr/bin/cmake --build /home/muhayy/mbzirc_ws/src/build/ros_ign_interfaces -- -j12 -l12
[60.437s] Invoking command in '/home/muhayy/mbzirc_ws/src/build/ros_ign_interfaces': CMAKE_PREFIX_PATH=${CMAKE_PREFIX_PATH}:/opt/ros/galactic /usr/bin/cmake --install /home/muhayy/mbzirc_ws/src/build/ros_ign_interfaces
[60.448s] -- Install configuration: ""
[60.448s] -- Installing: /home/muhayy/mbzirc_ws/src/install/share/ament_index/resource_index/rosidl_interfaces/ros_ign_interfaces
[60.448s] -- Installing: /home/muhayy/mbzirc_ws/src/install/include/ros_ign_interfaces
[60.449s] -- Installing: /home/muhayy/mbzirc_ws/src/install/include/ros_ign_interfaces/srv
[60.449s] -- Installing: /home/muhayy/mbzirc_ws/src/install/include/ros_ign_interfaces/srv/control_world.h
[60.449s] -- Installing: /home/muhayy/mbzirc_ws/src/install/include/ros_ign_interfaces/srv/detail
[60.449s] -- Installing: /home/muhayy/mbzirc_ws/src/install/include/ros_ign_interfaces/srv/detail/control_world__functions.c
[60.449s] -- Installing: /home/muhayy/mbzirc_ws/src/install/include/ros_ign_interfaces/srv/detail/set_entity_pose__struct.h
[60.449s] -- Installing: /home/muhayy/mbzirc_ws/src/install/include/ros_ign_interfaces/srv/detail/set_entity_pose__functions.h
[60.449s] -- Installing: /home/muhayy/mbzirc_ws/src/install/include/ros_ign_interfaces/srv/detail/delete_entity__functions.c
[60.450s] -- Installing: /home/muhayy/mbzirc_ws/src/install/include/ros_ign_interfaces/srv/detail/control_world__type_support.h
[60.450s] -- Installing: /home/muhayy/mbzirc_ws/src/install/include/ros_ign_interfaces/srv/detail/spawn_entity__type_support.h
[60.450s] -- Installing: /home/muhayy/mbzirc_ws/src/install/include/ros_ign_interfaces/srv/detail/spawn_entity__functions.c
[60.450s] -- Installing: /home/muhayy/mbzirc_ws/src/install/include/ros_ign_interfaces/srv/detail/delete_entity__functions.h
[60.450s] -- Installing: /home/muhayy/mbzirc_ws/src/install/include/ros_ign_interfaces/srv/detail/spawn_entity__functions.h
[60.450s] -- Installing: /home/muhayy/mbzirc_ws/src/install/include/ros_ign_interfaces/srv/detail/delete_entity__struct.h
[60.450s] -- Installing: /home/muhayy/mbzirc_ws/src/install/include/ros_ign_interfaces/srv/detail/control_world__struct.h
[60.450s] -- Installing: /home/muhayy/mbzirc_ws/src/install/include/ros_ign_interfaces/srv/detail/control_world__functions.h
[60.450s] -- Installing: /home/muhayy/mbzirc_ws/src/install/include/ros_ign_interfaces/srv/detail/set_entity_pose__functions.c
[60.450s] -- Installing: /home/muhayy/mbzirc_ws/src/install/include/ros_ign_interfaces/srv/detail/delete_entity__type_support.h
[60.451s] -- Installing: /home/muhayy/mbzirc_ws/src/install/include/ros_ign_interfaces/srv/detail/set_entity_pose__type_support.h
[60.451s] -- Installing: /home/muhayy/mbzirc_ws/src/install/include/ros_ign_interfaces/srv/detail/spawn_entity__struct.h
[60.451s] -- Installing: /home/muhayy/mbzirc_ws/src/install/include/ros_ign_interfaces/srv/spawn_entity.h
[60.451s] -- Installing: /home/muhayy/mbzirc_ws/src/install/include/ros_ign_interfaces/srv/delete_entity.h
[60.451s] -- Installing: /home/muhayy/mbzirc_ws/src/install/include/ros_ign_interfaces/srv/set_entity_pose.h
[60.451s] -- Installing: /home/muhayy/mbzirc_ws/src/install/include/ros_ign_interfaces/msg
[60.451s] -- Installing: /home/muhayy/mbzirc_ws/src/install/include/ros_ign_interfaces/msg/joint_wrench.h
[60.451s] -- Installing: /home/muhayy/mbzirc_ws/src/install/include/ros_ign_interfaces/msg/world_reset.h
[60.451s] -- Installing: /home/muhayy/mbzirc_ws/src/install/include/ros_ign_interfaces/msg/dataframe.h
[60.451s] -- Installing: /home/muhayy/mbzirc_ws/src/install/include/ros_ign_interfaces/msg/contact.h
[60.452s] -- Installing: /home/muhayy/mbzirc_ws/src/install/include/ros_ign_interfaces/msg/detail
[60.452s] -- Installing: /home/muhayy/mbzirc_ws/src/install/include/ros_ign_interfaces/msg/detail/entity__functions.h
[60.452s] -- Installing: /home/muhayy/mbzirc_ws/src/install/include/ros_ign_interfaces/msg/detail/joint_wrench__functions.c
[60.452s] -- Installing: /home/muhayy/mbzirc_ws/src/install/include/ros_ign_interfaces/msg/detail/video_record__type_support.h
[60.452s] -- Installing: /home/muhayy/mbzirc_ws/src/install/include/ros_ign_interfaces/msg/detail/entity_factory__functions.c
[60.452s] -- Installing: /home/muhayy/mbzirc_ws/src/install/include/ros_ign_interfaces/msg/detail/gui_camera__struct.h
[60.452s] -- Installing: /home/muhayy/mbzirc_ws/src/install/include/ros_ign_interfaces/msg/detail/light__type_support.h
[60.452s] -- Installing: /home/muhayy/mbzirc_ws/src/install/include/ros_ign_interfaces/msg/detail/contact__functions.h
[60.452s] -- Installing: /home/muhayy/mbzirc_ws/src/install/include/ros_ign_interfaces/msg/detail/string_vec__struct.h
[60.452s] -- Installing: /home/muhayy/mbzirc_ws/src/install/include/ros_ign_interfaces/msg/detail/entity__type_support.h
[60.453s] -- Installing: /home/muhayy/mbzirc_ws/src/install/include/ros_ign_interfaces/msg/detail/entity_factory__struct.h
[60.453s] -- Installing: /home/muhayy/mbzirc_ws/src/install/include/ros_ign_interfaces/msg/detail/world_control__functions.h
[60.453s] -- Installing: /home/muhayy/mbzirc_ws/src/install/include/ros_ign_interfaces/msg/detail/contacts__type_support.h
[60.453s] -- Installing: /home/muhayy/mbzirc_ws/src/install/include/ros_ign_interfaces/msg/detail/world_reset__functions.c
[60.453s] -- Installing: /home/muhayy/mbzirc_ws/src/install/include/ros_ign_interfaces/msg/detail/entity__struct.h
[60.453s] -- Installing: /home/muhayy/mbzirc_ws/src/install/include/ros_ign_interfaces/msg/detail/gui_camera__functions.h
[60.453s] -- Installing: /home/muhayy/mbzirc_ws/src/install/include/ros_ign_interfaces/msg/detail/light__functions.h
[60.454s] -- Installing: /home/muhayy/mbzirc_ws/src/install/include/ros_ign_interfaces/msg/detail/contact__struct.h
[60.454s] -- Installing: /home/muhayy/mbzirc_ws/src/install/include/ros_ign_interfaces/msg/detail/joint_wrench__functions.h
[60.454s] -- Installing: /home/muhayy/mbzirc_ws/src/install/include/ros_ign_interfaces/msg/detail/contacts__struct.h
[60.454s] -- Installing: /home/muhayy/mbzirc_ws/src/install/include/ros_ign_interfaces/msg/detail/string_vec__type_support.h
[60.454s] -- Installing: /home/muhayy/mbzirc_ws/src/install/include/ros_ign_interfaces/msg/detail/world_reset__functions.h
[60.454s] -- Installing: /home/muhayy/mbzirc_ws/src/install/include/ros_ign_interfaces/msg/detail/dataframe__struct.h
[60.454s] -- Installing: /home/muhayy/mbzirc_ws/src/install/include/ros_ign_interfaces/msg/detail/dataframe__functions.c
[60.454s] -- Installing: /home/muhayy/mbzirc_ws/src/install/include/ros_ign_interfaces/msg/detail/entity_factory__type_support.h
[60.454s] -- Installing: /home/muhayy/mbzirc_ws/src/install/include/ros_ign_interfaces/msg/detail/video_record__struct.h
[60.454s] -- Installing: /home/muhayy/mbzirc_ws/src/install/include/ros_ign_interfaces/msg/detail/joint_wrench__type_support.h
[60.454s] -- Installing: /home/muhayy/mbzirc_ws/src/install/include/ros_ign_interfaces/msg/detail/gui_camera__functions.c
[60.455s] -- Installing: /home/muhayy/mbzirc_ws/src/install/include/ros_ign_interfaces/msg/detail/track_visual__struct.h
[60.455s] -- Installing: /home/muhayy/mbzirc_ws/src/install/include/ros_ign_interfaces/msg/detail/world_control__type_support.h
[60.455s] -- Installing: /home/muhayy/mbzirc_ws/src/install/include/ros_ign_interfaces/msg/detail/world_reset__type_support.h
[60.455s] -- Installing: /home/muhayy/mbzirc_ws/src/install/include/ros_ign_interfaces/msg/detail/gui_camera__type_support.h
[60.455s] -- Installing: /home/muhayy/mbzirc_ws/src/install/include/ros_ign_interfaces/msg/detail/world_reset__struct.h
[60.455s] -- Installing: /home/muhayy/mbzirc_ws/src/install/include/ros_ign_interfaces/msg/detail/string_vec__functions.h
[60.455s] -- Installing: /home/muhayy/mbzirc_ws/src/install/include/ros_ign_interfaces/msg/detail/world_control__functions.c
[60.456s] -- Installing: /home/muhayy/mbzirc_ws/src/install/include/ros_ign_interfaces/msg/detail/track_visual__type_support.h
[60.456s] -- Installing: /home/muhayy/mbzirc_ws/src/install/include/ros_ign_interfaces/msg/detail/dataframe__type_support.h
[60.456s] -- Installing: /home/muhayy/mbzirc_ws/src/install/include/ros_ign_interfaces/msg/detail/light__struct.h
[60.456s] -- Installing: /home/muhayy/mbzirc_ws/src/install/include/ros_ign_interfaces/msg/detail/joint_wrench__struct.h
[60.456s] -- Installing: /home/muhayy/mbzirc_ws/src/install/include/ros_ign_interfaces/msg/detail/entity_factory__functions.h
[60.456s] -- Installing: /home/muhayy/mbzirc_ws/src/install/include/ros_ign_interfaces/msg/detail/world_control__struct.h
[60.456s] -- Installing: /home/muhayy/mbzirc_ws/src/install/include/ros_ign_interfaces/msg/detail/contact__type_support.h
[60.456s] -- Installing: /home/muhayy/mbzirc_ws/src/install/include/ros_ign_interfaces/msg/detail/track_visual__functions.c
[60.456s] -- Installing: /home/muhayy/mbzirc_ws/src/install/include/ros_ign_interfaces/msg/detail/contacts__functions.h
[60.457s] -- Installing: /home/muhayy/mbzirc_ws/src/install/include/ros_ign_interfaces/msg/detail/string_vec__functions.c
[60.457s] -- Installing: /home/muhayy/mbzirc_ws/src/install/include/ros_ign_interfaces/msg/detail/contact__functions.c
[60.457s] -- Installing: /home/muhayy/mbzirc_ws/src/install/include/ros_ign_interfaces/msg/detail/light__functions.c
[60.457s] -- Installing: /home/muhayy/mbzirc_ws/src/install/include/ros_ign_interfaces/msg/detail/track_visual__functions.h
[60.457s] -- Installing: /home/muhayy/mbzirc_ws/src/install/include/ros_ign_interfaces/msg/detail/entity__functions.c
[60.457s] -- Installing: /home/muhayy/mbzirc_ws/src/install/include/ros_ign_interfaces/msg/detail/video_record__functions.c
[60.457s] -- Installing: /home/muhayy/mbzirc_ws/src/install/include/ros_ign_interfaces/msg/detail/contacts__functions.c
[60.457s] -- Installing: /home/muhayy/mbzirc_ws/src/install/include/ros_ign_interfaces/msg/detail/video_record__functions.h
[60.457s] -- Installing: /home/muhayy/mbzirc_ws/src/install/include/ros_ign_interfaces/msg/detail/dataframe__functions.h
[60.457s] -- Installing: /home/muhayy/mbzirc_ws/src/install/include/ros_ign_interfaces/msg/string_vec.h
[60.458s] -- Installing: /home/muhayy/mbzirc_ws/src/install/include/ros_ign_interfaces/msg/light.h
[60.458s] -- Installing: /home/muhayy/mbzirc_ws/src/install/include/ros_ign_interfaces/msg/track_visual.h
[60.458s] -- Installing: /home/muhayy/mbzirc_ws/src/install/include/ros_ign_interfaces/msg/world_control.h
[60.458s] -- Installing: /home/muhayy/mbzirc_ws/src/install/include/ros_ign_interfaces/msg/contacts.h
[60.458s] -- Installing: /home/muhayy/mbzirc_ws/src/install/include/ros_ign_interfaces/msg/entity_factory.h
[60.458s] -- Installing: /home/muhayy/mbzirc_ws/src/install/include/ros_ign_interfaces/msg/gui_camera.h
[60.458s] -- Installing: /home/muhayy/mbzirc_ws/src/install/include/ros_ign_interfaces/msg/video_record.h
[60.458s] -- Installing: /home/muhayy/mbzirc_ws/src/install/include/ros_ign_interfaces/msg/entity.h
[60.458s] -- Installing: /home/muhayy/mbzirc_ws/src/install/include/ros_ign_interfaces/msg/rosidl_generator_c__visibility_control.h
[60.458s] -- Installing: /home/muhayy/mbzirc_ws/src/install/share/ros_ign_interfaces/environment/library_path.sh
[60.458s] -- Installing: /home/muhayy/mbzirc_ws/src/install/share/ros_ign_interfaces/environment/library_path.dsv
[60.458s] -- Installing: /home/muhayy/mbzirc_ws/src/install/lib/libros_ign_interfaces__rosidl_generator_c.so
[60.458s] -- Set runtime path of "/home/muhayy/mbzirc_ws/src/install/lib/libros_ign_interfaces__rosidl_generator_c.so" to ""
[60.459s] -- Up-to-date: /home/muhayy/mbzirc_ws/src/install/include/ros_ign_interfaces
[60.459s] -- Up-to-date: /home/muhayy/mbzirc_ws/src/install/include/ros_ign_interfaces/srv
[60.459s] -- Up-to-date: /home/muhayy/mbzirc_ws/src/install/include/ros_ign_interfaces/srv/detail
[60.459s] -- Installing: /home/muhayy/mbzirc_ws/src/install/include/ros_ign_interfaces/srv/detail/delete_entity__rosidl_typesupport_fastrtps_c.h
[60.459s] -- Installing: /home/muhayy/mbzirc_ws/src/install/include/ros_ign_interfaces/srv/detail/set_entity_pose__rosidl_typesupport_fastrtps_c.h
[60.459s] -- Installing: /home/muhayy/mbzirc_ws/src/install/include/ros_ign_interfaces/srv/detail/control_world__rosidl_typesupport_fastrtps_c.h
[60.459s] -- Installing: /home/muhayy/mbzirc_ws/src/install/include/ros_ign_interfaces/srv/detail/spawn_entity__rosidl_typesupport_fastrtps_c.h
[60.459s] -- Up-to-date: /home/muhayy/mbzirc_ws/src/install/include/ros_ign_interfaces/msg
[60.459s] -- Up-to-date: /home/muhayy/mbzirc_ws/src/install/include/ros_ign_interfaces/msg/detail
[60.459s] -- Installing: /home/muhayy/mbzirc_ws/src/install/include/ros_ign_interfaces/msg/detail/light__rosidl_typesupport_fastrtps_c.h
[60.459s] -- Installing: /home/muhayy/mbzirc_ws/src/install/include/ros_ign_interfaces/msg/detail/world_control__rosidl_typesupport_fastrtps_c.h
[60.460s] -- Installing: /home/muhayy/mbzirc_ws/src/install/include/ros_ign_interfaces/msg/detail/string_vec__rosidl_typesupport_fastrtps_c.h
[60.460s] -- Installing: /home/muhayy/mbzirc_ws/src/install/include/ros_ign_interfaces/msg/detail/world_reset__rosidl_typesupport_fastrtps_c.h
[60.460s] -- Installing: /home/muhayy/mbzirc_ws/src/install/include/ros_ign_interfaces/msg/detail/contact__rosidl_typesupport_fastrtps_c.h
[60.460s] -- Installing: /home/muhayy/mbzirc_ws/src/install/include/ros_ign_interfaces/msg/detail/entity_factory__rosidl_typesupport_fastrtps_c.h
[60.460s] -- Installing: /home/muhayy/mbzirc_ws/src/install/include/ros_ign_interfaces/msg/detail/gui_camera__rosidl_typesupport_fastrtps_c.h
[60.460s] -- Installing: /home/muhayy/mbzirc_ws/src/install/include/ros_ign_interfaces/msg/detail/entity__rosidl_typesupport_fastrtps_c.h
[60.460s] -- Installing: /home/muhayy/mbzirc_ws/src/install/include/ros_ign_interfaces/msg/detail/contacts__rosidl_typesupport_fastrtps_c.h
[60.460s] -- Installing: /home/muhayy/mbzirc_ws/src/install/include/ros_ign_interfaces/msg/detail/dataframe__rosidl_typesupport_fastrtps_c.h
[60.460s] -- Installing: /home/muhayy/mbzirc_ws/src/install/include/ros_ign_interfaces/msg/detail/track_visual__rosidl_typesupport_fastrtps_c.h
[60.460s] -- Installing: /home/muhayy/mbzirc_ws/src/install/include/ros_ign_interfaces/msg/detail/joint_wrench__rosidl_typesupport_fastrtps_c.h
[60.461s] -- Installing: /home/muhayy/mbzirc_ws/src/install/include/ros_ign_interfaces/msg/detail/video_record__rosidl_typesupport_fastrtps_c.h
[60.461s] -- Installing: /home/muhayy/mbzirc_ws/src/install/include/ros_ign_interfaces/msg/rosidl_typesupport_fastrtps_c__visibility_control.h
[60.461s] -- Installing: /home/muhayy/mbzirc_ws/src/install/lib/libros_ign_interfaces__rosidl_typesupport_fastrtps_c.so
[60.461s] -- Set runtime path of "/home/muhayy/mbzirc_ws/src/install/lib/libros_ign_interfaces__rosidl_typesupport_fastrtps_c.so" to ""
[60.461s] -- Up-to-date: /home/muhayy/mbzirc_ws/src/install/include/ros_ign_interfaces
[60.461s] -- Up-to-date: /home/muhayy/mbzirc_ws/src/install/include/ros_ign_interfaces/srv
[60.461s] -- Up-to-date: /home/muhayy/mbzirc_ws/src/install/include/ros_ign_interfaces/srv/detail
[60.461s] -- Installing: /home/muhayy/mbzirc_ws/src/install/include/ros_ign_interfaces/srv/detail/control_world__rosidl_typesupport_fastrtps_cpp.hpp
[60.462s] -- Installing: /home/muhayy/mbzirc_ws/src/install/include/ros_ign_interfaces/srv/detail/spawn_entity__rosidl_typesupport_fastrtps_cpp.hpp
[60.462s] -- Installing: /home/muhayy/mbzirc_ws/src/install/include/ros_ign_interfaces/srv/detail/set_entity_pose__rosidl_typesupport_fastrtps_cpp.hpp
[60.462s] -- Installing: /home/muhayy/mbzirc_ws/src/install/include/ros_ign_interfaces/srv/detail/delete_entity__rosidl_typesupport_fastrtps_cpp.hpp
[60.462s] -- Installing: /home/muhayy/mbzirc_ws/src/install/include/ros_ign_interfaces/srv/detail/dds_fastrtps
[60.462s] -- Up-to-date: /home/muhayy/mbzirc_ws/src/install/include/ros_ign_interfaces/msg
[60.462s] -- Up-to-date: /home/muhayy/mbzirc_ws/src/install/include/ros_ign_interfaces/msg/detail
[60.462s] -- Installing: /home/muhayy/mbzirc_ws/src/install/include/ros_ign_interfaces/msg/detail/world_reset__rosidl_typesupport_fastrtps_cpp.hpp
[60.462s] -- Installing: /home/muhayy/mbzirc_ws/src/install/include/ros_ign_interfaces/msg/detail/string_vec__rosidl_typesupport_fastrtps_cpp.hpp
[60.462s] -- Installing: /home/muhayy/mbzirc_ws/src/install/include/ros_ign_interfaces/msg/detail/dataframe__rosidl_typesupport_fastrtps_cpp.hpp
[60.463s] -- Installing: /home/muhayy/mbzirc_ws/src/install/include/ros_ign_interfaces/msg/detail/contact__rosidl_typesupport_fastrtps_cpp.hpp
[60.463s] -- Installing: /home/muhayy/mbzirc_ws/src/install/include/ros_ign_interfaces/msg/detail/light__rosidl_typesupport_fastrtps_cpp.hpp
[60.463s] -- Installing: /home/muhayy/mbzirc_ws/src/install/include/ros_ign_interfaces/msg/detail/track_visual__rosidl_typesupport_fastrtps_cpp.hpp
[60.463s] -- Installing: /home/muhayy/mbzirc_ws/src/install/include/ros_ign_interfaces/msg/detail/video_record__rosidl_typesupport_fastrtps_cpp.hpp
[60.463s] -- Installing: /home/muhayy/mbzirc_ws/src/install/include/ros_ign_interfaces/msg/detail/world_control__rosidl_typesupport_fastrtps_cpp.hpp
[60.463s] -- Installing: /home/muhayy/mbzirc_ws/src/install/include/ros_ign_interfaces/msg/detail/entity_factory__rosidl_typesupport_fastrtps_cpp.hpp
[60.463s] -- Installing: /home/muhayy/mbzirc_ws/src/install/include/ros_ign_interfaces/msg/detail/dds_fastrtps
[60.463s] -- Installing: /home/muhayy/mbzirc_ws/src/install/include/ros_ign_interfaces/msg/detail/entity__rosidl_typesupport_fastrtps_cpp.hpp
[60.463s] -- Installing: /home/muhayy/mbzirc_ws/src/install/include/ros_ign_interfaces/msg/detail/gui_camera__rosidl_typesupport_fastrtps_cpp.hpp
[60.463s] -- Installing: /home/muhayy/mbzirc_ws/src/install/include/ros_ign_interfaces/msg/detail/contacts__rosidl_typesupport_fastrtps_cpp.hpp
[60.463s] -- Installing: /home/muhayy/mbzirc_ws/src/install/include/ros_ign_interfaces/msg/detail/joint_wrench__rosidl_typesupport_fastrtps_cpp.hpp
[60.463s] -- Installing: /home/muhayy/mbzirc_ws/src/install/include/ros_ign_interfaces/msg/rosidl_typesupport_fastrtps_cpp__visibility_control.h
[60.463s] -- Installing: /home/muhayy/mbzirc_ws/src/install/lib/libros_ign_interfaces__rosidl_typesupport_fastrtps_cpp.so
[60.464s] -- Set runtime path of "/home/muhayy/mbzirc_ws/src/install/lib/libros_ign_interfaces__rosidl_typesupport_fastrtps_cpp.so" to ""
[60.464s] -- Up-to-date: /home/muhayy/mbzirc_ws/src/install/include/ros_ign_interfaces
[60.464s] -- Up-to-date: /home/muhayy/mbzirc_ws/src/install/include/ros_ign_interfaces/srv
[60.464s] -- Up-to-date: /home/muhayy/mbzirc_ws/src/install/include/ros_ign_interfaces/srv/detail
[60.465s] -- Installing: /home/muhayy/mbzirc_ws/src/install/include/ros_ign_interfaces/srv/detail/control_world__type_support.c
[60.465s] -- Installing: /home/muhayy/mbzirc_ws/src/install/include/ros_ign_interfaces/srv/detail/control_world__rosidl_typesupport_introspection_c.h
[60.465s] -- Installing: /home/muhayy/mbzirc_ws/src/install/include/ros_ign_interfaces/srv/detail/set_entity_pose__rosidl_typesupport_introspection_c.h
[60.465s] -- Installing: /home/muhayy/mbzirc_ws/src/install/include/ros_ign_interfaces/srv/detail/delete_entity__type_support.c
[60.465s] -- Installing: /home/muhayy/mbzirc_ws/src/install/include/ros_ign_interfaces/srv/detail/delete_entity__rosidl_typesupport_introspection_c.h
[60.465s] -- Installing: /home/muhayy/mbzirc_ws/src/install/include/ros_ign_interfaces/srv/detail/spawn_entity__rosidl_typesupport_introspection_c.h
[60.465s] -- Installing: /home/muhayy/mbzirc_ws/src/install/include/ros_ign_interfaces/srv/detail/set_entity_pose__type_support.c
[60.466s] -- Installing: /home/muhayy/mbzirc_ws/src/install/include/ros_ign_interfaces/srv/detail/spawn_entity__type_support.c
[60.466s] -- Up-to-date: /home/muhayy/mbzirc_ws/src/install/include/ros_ign_interfaces/msg
[60.466s] -- Up-to-date: /home/muhayy/mbzirc_ws/src/install/include/ros_ign_interfaces/msg/detail
[60.466s] -- Installing: /home/muhayy/mbzirc_ws/src/install/include/ros_ign_interfaces/msg/detail/dataframe__rosidl_typesupport_introspection_c.h
[60.472s] -- Installing: /home/muhayy/mbzirc_ws/src/install/include/ros_ign_interfaces/msg/detail/track_visual__rosidl_typesupport_introspection_c.h
[60.472s] -- Installing: /home/muhayy/mbzirc_ws/src/install/include/ros_ign_interfaces/msg/detail/track_visual__type_support.c
[60.473s] -- Installing: /home/muhayy/mbzirc_ws/src/install/include/ros_ign_interfaces/msg/detail/entity_factory__rosidl_typesupport_introspection_c.h
[60.473s] -- Installing: /home/muhayy/mbzirc_ws/src/install/include/ros_ign_interfaces/msg/detail/gui_camera__rosidl_typesupport_introspection_c.h
[60.473s] -- Installing: /home/muhayy/mbzirc_ws/src/install/include/ros_ign_interfaces/msg/detail/contact__type_support.c
[60.473s] -- Installing: /home/muhayy/mbzirc_ws/src/install/include/ros_ign_interfaces/msg/detail/world_reset__rosidl_typesupport_introspection_c.h
[60.473s] -- Installing: /home/muhayy/mbzirc_ws/src/install/include/ros_ign_interfaces/msg/detail/dataframe__type_support.c
[60.473s] -- Installing: /home/muhayy/mbzirc_ws/src/install/include/ros_ign_interfaces/msg/detail/light__type_support.c
[60.473s] -- Installing: /home/muhayy/mbzirc_ws/src/install/include/ros_ign_interfaces/msg/detail/string_vec__rosidl_typesupport_introspection_c.h
[60.474s] -- Installing: /home/muhayy/mbzirc_ws/src/install/include/ros_ign_interfaces/msg/detail/string_vec__type_support.c
[60.474s] -- Installing: /home/muhayy/mbzirc_ws/src/install/include/ros_ign_interfaces/msg/detail/video_record__rosidl_typesupport_introspection_c.h
[60.474s] -- Installing: /home/muhayy/mbzirc_ws/src/install/include/ros_ign_interfaces/msg/detail/video_record__type_support.c
[60.474s] -- Installing: /home/muhayy/mbzirc_ws/src/install/include/ros_ign_interfaces/msg/detail/gui_camera__type_support.c
[60.474s] -- Installing: /home/muhayy/mbzirc_ws/src/install/include/ros_ign_interfaces/msg/detail/world_control__type_support.c
[60.474s] -- Installing: /home/muhayy/mbzirc_ws/src/install/include/ros_ign_interfaces/msg/detail/joint_wrench__type_support.c
[60.474s] -- Installing: /home/muhayy/mbzirc_ws/src/install/include/ros_ign_interfaces/msg/detail/world_control__rosidl_typesupport_introspection_c.h
[60.474s] -- Installing: /home/muhayy/mbzirc_ws/src/install/include/ros_ign_interfaces/msg/detail/joint_wrench__rosidl_typesupport_introspection_c.h
[60.474s] -- Installing: /home/muhayy/mbzirc_ws/src/install/include/ros_ign_interfaces/msg/detail/contacts__rosidl_typesupport_introspection_c.h
[60.475s] -- Installing: /home/muhayy/mbzirc_ws/src/install/include/ros_ign_interfaces/msg/detail/world_reset__type_support.c
[60.475s] -- Installing: /home/muhayy/mbzirc_ws/src/install/include/ros_ign_interfaces/msg/detail/entity__type_support.c
[60.475s] -- Installing: /home/muhayy/mbzirc_ws/src/install/include/ros_ign_interfaces/msg/detail/contacts__type_support.c
[60.475s] -- Installing: /home/muhayy/mbzirc_ws/src/install/include/ros_ign_interfaces/msg/detail/entity__rosidl_typesupport_introspection_c.h
[60.475s] -- Installing: /home/muhayy/mbzirc_ws/src/install/include/ros_ign_interfaces/msg/detail/entity_factory__type_support.c
[60.475s] -- Installing: /home/muhayy/mbzirc_ws/src/install/include/ros_ign_interfaces/msg/detail/light__rosidl_typesupport_introspection_c.h
[60.475s] -- Installing: /home/muhayy/mbzirc_ws/src/install/include/ros_ign_interfaces/msg/detail/contact__rosidl_typesupport_introspection_c.h
[60.475s] -- Installing: /home/muhayy/mbzirc_ws/src/install/include/ros_ign_interfaces/msg/rosidl_typesupport_introspection_c__visibility_control.h
[60.475s] -- Installing: /home/muhayy/mbzirc_ws/src/install/lib/libros_ign_interfaces__rosidl_typesupport_introspection_c.so
[60.476s] -- Set runtime path of "/home/muhayy/mbzirc_ws/src/install/lib/libros_ign_interfaces__rosidl_typesupport_introspection_c.so" to ""
[60.476s] -- Installing: /home/muhayy/mbzirc_ws/src/install/lib/libros_ign_interfaces__rosidl_typesupport_c.so
[60.476s] -- Set runtime path of "/home/muhayy/mbzirc_ws/src/install/lib/libros_ign_interfaces__rosidl_typesupport_c.so" to ""
[60.476s] -- Up-to-date: /home/muhayy/mbzirc_ws/src/install/include/ros_ign_interfaces
[60.476s] -- Up-to-date: /home/muhayy/mbzirc_ws/src/install/include/ros_ign_interfaces/srv
[60.476s] -- Up-to-date: /home/muhayy/mbzirc_ws/src/install/include/ros_ign_interfaces/srv/detail
[60.476s] -- Installing: /home/muhayy/mbzirc_ws/src/install/include/ros_ign_interfaces/srv/detail/delete_entity__builder.hpp
[60.476s] -- Installing: /home/muhayy/mbzirc_ws/src/install/include/ros_ign_interfaces/srv/detail/delete_entity__struct.hpp
[60.477s] -- Installing: /home/muhayy/mbzirc_ws/src/install/include/ros_ign_interfaces/srv/detail/spawn_entity__struct.hpp
[60.477s] -- Installing: /home/muhayy/mbzirc_ws/src/install/include/ros_ign_interfaces/srv/detail/spawn_entity__traits.hpp
[60.477s] -- Installing: /home/muhayy/mbzirc_ws/src/install/include/ros_ign_interfaces/srv/detail/delete_entity__traits.hpp
[60.477s] -- Installing: /home/muhayy/mbzirc_ws/src/install/include/ros_ign_interfaces/srv/detail/control_world__struct.hpp
[60.477s] -- Installing: /home/muhayy/mbzirc_ws/src/install/include/ros_ign_interfaces/srv/detail/set_entity_pose__traits.hpp
[60.477s] -- Installing: /home/muhayy/mbzirc_ws/src/install/include/ros_ign_interfaces/srv/detail/set_entity_pose__builder.hpp
[60.477s] -- Installing: /home/muhayy/mbzirc_ws/src/install/include/ros_ign_interfaces/srv/detail/control_world__traits.hpp
[60.477s] -- Installing: /home/muhayy/mbzirc_ws/src/install/include/ros_ign_interfaces/srv/detail/set_entity_pose__struct.hpp
[60.477s] -- Installing: /home/muhayy/mbzirc_ws/src/install/include/ros_ign_interfaces/srv/detail/control_world__builder.hpp
[60.478s] -- Installing: /home/muhayy/mbzirc_ws/src/install/include/ros_ign_interfaces/srv/detail/spawn_entity__builder.hpp
[60.478s] -- Installing: /home/muhayy/mbzirc_ws/src/install/include/ros_ign_interfaces/srv/control_world.hpp
[60.478s] -- Installing: /home/muhayy/mbzirc_ws/src/install/include/ros_ign_interfaces/srv/spawn_entity.hpp
[60.478s] -- Installing: /home/muhayy/mbzirc_ws/src/install/include/ros_ign_interfaces/srv/delete_entity.hpp
[60.478s] -- Installing: /home/muhayy/mbzirc_ws/src/install/include/ros_ign_interfaces/srv/set_entity_pose.hpp
[60.478s] -- Up-to-date: /home/muhayy/mbzirc_ws/src/install/include/ros_ign_interfaces/msg
[60.478s] -- Installing: /home/muhayy/mbzirc_ws/src/install/include/ros_ign_interfaces/msg/video_record.hpp
[60.479s] -- Installing: /home/muhayy/mbzirc_ws/src/install/include/ros_ign_interfaces/msg/track_visual.hpp
[60.479s] -- Up-to-date: /home/muhayy/mbzirc_ws/src/install/include/ros_ign_interfaces/msg/detail
[60.479s] -- Installing: /home/muhayy/mbzirc_ws/src/install/include/ros_ign_interfaces/msg/detail/video_record__traits.hpp
[60.479s] -- Installing: /home/muhayy/mbzirc_ws/src/install/include/ros_ign_interfaces/msg/detail/world_reset__builder.hpp
[60.479s] -- Installing: /home/muhayy/mbzirc_ws/src/install/include/ros_ign_interfaces/msg/detail/contacts__struct.hpp
[60.479s] -- Installing: /home/muhayy/mbzirc_ws/src/install/include/ros_ign_interfaces/msg/detail/track_visual__struct.hpp
[60.479s] -- Installing: /home/muhayy/mbzirc_ws/src/install/include/ros_ign_interfaces/msg/detail/video_record__struct.hpp
[60.480s] -- Installing: /home/muhayy/mbzirc_ws/src/install/include/ros_ign_interfaces/msg/detail/entity__builder.hpp
[60.480s] -- Installing: /home/muhayy/mbzirc_ws/src/install/include/ros_ign_interfaces/msg/detail/gui_camera__builder.hpp
[60.480s] -- Installing: /home/muhayy/mbzirc_ws/src/install/include/ros_ign_interfaces/msg/detail/contact__struct.hpp
[60.480s] -- Installing: /home/muhayy/mbzirc_ws/src/install/include/ros_ign_interfaces/msg/detail/contacts__traits.hpp
[60.480s] -- Installing: /home/muhayy/mbzirc_ws/src/install/include/ros_ign_interfaces/msg/detail/string_vec__struct.hpp
[60.480s] -- Installing: /home/muhayy/mbzirc_ws/src/install/include/ros_ign_interfaces/msg/detail/entity_factory__traits.hpp
[60.481s] -- Installing: /home/muhayy/mbzirc_ws/src/install/include/ros_ign_interfaces/msg/detail/dataframe__struct.hpp
[60.481s] -- Installing: /home/muhayy/mbzirc_ws/src/install/include/ros_ign_interfaces/msg/detail/light__struct.hpp
[60.481s] -- Installing: /home/muhayy/mbzirc_ws/src/install/include/ros_ign_interfaces/msg/detail/entity__struct.hpp
[60.481s] -- Installing: /home/muhayy/mbzirc_ws/src/install/include/ros_ign_interfaces/msg/detail/world_control__struct.hpp
[60.481s] -- Installing: /home/muhayy/mbzirc_ws/src/install/include/ros_ign_interfaces/msg/detail/contact__traits.hpp
[60.481s] -- Installing: /home/muhayy/mbzirc_ws/src/install/include/ros_ign_interfaces/msg/detail/light__traits.hpp
[60.481s] -- Installing: /home/muhayy/mbzirc_ws/src/install/include/ros_ign_interfaces/msg/detail/gui_camera__struct.hpp
[60.481s] -- Installing: /home/muhayy/mbzirc_ws/src/install/include/ros_ign_interfaces/msg/detail/dataframe__builder.hpp
[60.481s] -- Installing: /home/muhayy/mbzirc_ws/src/install/include/ros_ign_interfaces/msg/detail/gui_camera__traits.hpp
[60.482s] -- Installing: /home/muhayy/mbzirc_ws/src/install/include/ros_ign_interfaces/msg/detail/entity_factory__struct.hpp
[60.482s] -- Installing: /home/muhayy/mbzirc_ws/src/install/include/ros_ign_interfaces/msg/detail/track_visual__traits.hpp
[60.482s] -- Installing: /home/muhayy/mbzirc_ws/src/install/include/ros_ign_interfaces/msg/detail/world_control__builder.hpp
[60.482s] -- Installing: /home/muhayy/mbzirc_ws/src/install/include/ros_ign_interfaces/msg/detail/contact__builder.hpp
[60.482s] -- Installing: /home/muhayy/mbzirc_ws/src/install/include/ros_ign_interfaces/msg/detail/joint_wrench__builder.hpp
[60.482s] -- Installing: /home/muhayy/mbzirc_ws/src/install/include/ros_ign_interfaces/msg/detail/track_visual__builder.hpp
[60.482s] -- Installing: /home/muhayy/mbzirc_ws/src/install/include/ros_ign_interfaces/msg/detail/dataframe__traits.hpp
[60.482s] -- Installing: /home/muhayy/mbzirc_ws/src/install/include/ros_ign_interfaces/msg/detail/contacts__builder.hpp
[60.483s] -- Installing: /home/muhayy/mbzirc_ws/src/install/include/ros_ign_interfaces/msg/detail/world_reset__struct.hpp
[60.483s] -- Installing: /home/muhayy/mbzirc_ws/src/install/include/ros_ign_interfaces/msg/detail/entity__traits.hpp
[60.483s] -- Installing: /home/muhayy/mbzirc_ws/src/install/include/ros_ign_interfaces/msg/detail/string_vec__traits.hpp
[60.483s] -- Installing: /home/muhayy/mbzirc_ws/src/install/include/ros_ign_interfaces/msg/detail/world_reset__traits.hpp
[60.483s] -- Installing: /home/muhayy/mbzirc_ws/src/install/include/ros_ign_interfaces/msg/detail/light__builder.hpp
[60.483s] -- Installing: /home/muhayy/mbzirc_ws/src/install/include/ros_ign_interfaces/msg/detail/joint_wrench__struct.hpp
[60.483s] -- Installing: /home/muhayy/mbzirc_ws/src/install/include/ros_ign_interfaces/msg/detail/video_record__builder.hpp
[60.483s] -- Installing: /home/muhayy/mbzirc_ws/src/install/include/ros_ign_interfaces/msg/detail/joint_wrench__traits.hpp
[60.483s] -- Installing: /home/muhayy/mbzirc_ws/src/install/include/ros_ign_interfaces/msg/detail/entity_factory__builder.hpp
[60.484s] -- Installing: /home/muhayy/mbzirc_ws/src/install/include/ros_ign_interfaces/msg/detail/string_vec__builder.hpp
[60.484s] -- Installing: /home/muhayy/mbzirc_ws/src/install/include/ros_ign_interfaces/msg/detail/world_control__traits.hpp
[60.484s] -- Installing: /home/muhayy/mbzirc_ws/src/install/include/ros_ign_interfaces/msg/world_reset.hpp
[60.484s] -- Installing: /home/muhayy/mbzirc_ws/src/install/include/ros_ign_interfaces/msg/contact.hpp
[60.484s] -- Installing: /home/muhayy/mbzirc_ws/src/install/include/ros_ign_interfaces/msg/world_control.hpp
[60.484s] -- Installing: /home/muhayy/mbzirc_ws/src/install/include/ros_ign_interfaces/msg/string_vec.hpp
[60.484s] -- Installing: /home/muhayy/mbzirc_ws/src/install/include/ros_ign_interfaces/msg/light.hpp
[60.484s] -- Installing: /home/muhayy/mbzirc_ws/src/install/include/ros_ign_interfaces/msg/dataframe.hpp
[60.484s] -- Installing: /home/muhayy/mbzirc_ws/src/install/include/ros_ign_interfaces/msg/contacts.hpp
[60.485s] -- Installing: /home/muhayy/mbzirc_ws/src/install/include/ros_ign_interfaces/msg/joint_wrench.hpp
[60.485s] -- Installing: /home/muhayy/mbzirc_ws/src/install/include/ros_ign_interfaces/msg/entity_factory.hpp
[60.485s] -- Installing: /home/muhayy/mbzirc_ws/src/install/include/ros_ign_interfaces/msg/gui_camera.hpp
[60.485s] -- Installing: /home/muhayy/mbzirc_ws/src/install/include/ros_ign_interfaces/msg/entity.hpp
[60.485s] -- Up-to-date: /home/muhayy/mbzirc_ws/src/install/include/ros_ign_interfaces
[60.485s] -- Up-to-date: /home/muhayy/mbzirc_ws/src/install/include/ros_ign_interfaces/srv
[60.485s] -- Up-to-date: /home/muhayy/mbzirc_ws/src/install/include/ros_ign_interfaces/srv/detail
[60.485s] -- Installing: /home/muhayy/mbzirc_ws/src/install/include/ros_ign_interfaces/srv/detail/delete_entity__type_support.cpp
[60.485s] -- Installing: /home/muhayy/mbzirc_ws/src/install/include/ros_ign_interfaces/srv/detail/spawn_entity__rosidl_typesupport_introspection_cpp.hpp
[60.486s] -- Installing: /home/muhayy/mbzirc_ws/src/install/include/ros_ign_interfaces/srv/detail/control_world__rosidl_typesupport_introspection_cpp.hpp
[60.486s] -- Installing: /home/muhayy/mbzirc_ws/src/install/include/ros_ign_interfaces/srv/detail/delete_entity__rosidl_typesupport_introspection_cpp.hpp
[60.486s] -- Installing: /home/muhayy/mbzirc_ws/src/install/include/ros_ign_interfaces/srv/detail/set_entity_pose__type_support.cpp
[60.486s] -- Installing: /home/muhayy/mbzirc_ws/src/install/include/ros_ign_interfaces/srv/detail/set_entity_pose__rosidl_typesupport_introspection_cpp.hpp
[60.486s] -- Installing: /home/muhayy/mbzirc_ws/src/install/include/ros_ign_interfaces/srv/detail/control_world__type_support.cpp
[60.486s] -- Installing: /home/muhayy/mbzirc_ws/src/install/include/ros_ign_interfaces/srv/detail/spawn_entity__type_support.cpp
[60.486s] -- Up-to-date: /home/muhayy/mbzirc_ws/src/install/include/ros_ign_interfaces/msg
[60.486s] -- Up-to-date: /home/muhayy/mbzirc_ws/src/install/include/ros_ign_interfaces/msg/detail
[60.487s] -- Installing: /home/muhayy/mbzirc_ws/src/install/include/ros_ign_interfaces/msg/detail/video_record__rosidl_typesupport_introspection_cpp.hpp
[60.487s] -- Installing: /home/muhayy/mbzirc_ws/src/install/include/ros_ign_interfaces/msg/detail/light__rosidl_typesupport_introspection_cpp.hpp
[60.487s] -- Installing: /home/muhayy/mbzirc_ws/src/install/include/ros_ign_interfaces/msg/detail/world_control__rosidl_typesupport_introspection_cpp.hpp
[60.487s] -- Installing: /home/muhayy/mbzirc_ws/src/install/include/ros_ign_interfaces/msg/detail/entity__rosidl_typesupport_introspection_cpp.hpp
[60.487s] -- Installing: /home/muhayy/mbzirc_ws/src/install/include/ros_ign_interfaces/msg/detail/world_control__type_support.cpp
[60.487s] -- Installing: /home/muhayy/mbzirc_ws/src/install/include/ros_ign_interfaces/msg/detail/world_reset__type_support.cpp
[60.487s] -- Installing: /home/muhayy/mbzirc_ws/src/install/include/ros_ign_interfaces/msg/detail/entity__type_support.cpp
[60.487s] -- Installing: /home/muhayy/mbzirc_ws/src/install/include/ros_ign_interfaces/msg/detail/entity_factory__rosidl_typesupport_introspection_cpp.hpp
[60.488s] -- Installing: /home/muhayy/mbzirc_ws/src/install/include/ros_ign_interfaces/msg/detail/string_vec__type_support.cpp
[60.488s] -- Installing: /home/muhayy/mbzirc_ws/src/install/include/ros_ign_interfaces/msg/detail/light__type_support.cpp
[60.488s] -- Installing: /home/muhayy/mbzirc_ws/src/install/include/ros_ign_interfaces/msg/detail/entity_factory__type_support.cpp
[60.488s] -- Installing: /home/muhayy/mbzirc_ws/src/install/include/ros_ign_interfaces/msg/detail/dataframe__type_support.cpp
[60.488s] -- Installing: /home/muhayy/mbzirc_ws/src/install/include/ros_ign_interfaces/msg/detail/contact__type_support.cpp
[60.488s] -- Installing: /home/muhayy/mbzirc_ws/src/install/include/ros_ign_interfaces/msg/detail/track_visual__rosidl_typesupport_introspection_cpp.hpp
[60.488s] -- Installing: /home/muhayy/mbzirc_ws/src/install/include/ros_ign_interfaces/msg/detail/contact__rosidl_typesupport_introspection_cpp.hpp
[60.488s] -- Installing: /home/muhayy/mbzirc_ws/src/install/include/ros_ign_interfaces/msg/detail/gui_camera__rosidl_typesupport_introspection_cpp.hpp
[60.488s] -- Installing: /home/muhayy/mbzirc_ws/src/install/include/ros_ign_interfaces/msg/detail/gui_camera__type_support.cpp
[60.489s] -- Installing: /home/muhayy/mbzirc_ws/src/install/include/ros_ign_interfaces/msg/detail/track_visual__type_support.cpp
[60.489s] -- Installing: /home/muhayy/mbzirc_ws/src/install/include/ros_ign_interfaces/msg/detail/video_record__type_support.cpp
[60.489s] -- Installing: /home/muhayy/mbzirc_ws/src/install/include/ros_ign_interfaces/msg/detail/contacts__rosidl_typesupport_introspection_cpp.hpp
[60.489s] -- Installing: /home/muhayy/mbzirc_ws/src/install/include/ros_ign_interfaces/msg/detail/joint_wrench__type_support.cpp
[60.489s] -- Installing: /home/muhayy/mbzirc_ws/src/install/include/ros_ign_interfaces/msg/detail/dataframe__rosidl_typesupport_introspection_cpp.hpp
[60.489s] -- Installing: /home/muhayy/mbzirc_ws/src/install/include/ros_ign_interfaces/msg/detail/joint_wrench__rosidl_typesupport_introspection_cpp.hpp
[60.489s] -- Installing: /home/muhayy/mbzirc_ws/src/install/include/ros_ign_interfaces/msg/detail/string_vec__rosidl_typesupport_introspection_cpp.hpp
[60.489s] -- Installing: /home/muhayy/mbzirc_ws/src/install/include/ros_ign_interfaces/msg/detail/contacts__type_support.cpp
[60.490s] -- Installing: /home/muhayy/mbzirc_ws/src/install/include/ros_ign_interfaces/msg/detail/world_reset__rosidl_typesupport_introspection_cpp.hpp
[60.490s] -- Installing: /home/muhayy/mbzirc_ws/src/install/lib/libros_ign_interfaces__rosidl_typesupport_introspection_cpp.so
[60.490s] -- Set runtime path of "/home/muhayy/mbzirc_ws/src/install/lib/libros_ign_interfaces__rosidl_typesupport_introspection_cpp.so" to ""
[60.490s] -- Installing: /home/muhayy/mbzirc_ws/src/install/lib/libros_ign_interfaces__rosidl_typesupport_cpp.so
[60.490s] -- Set runtime path of "/home/muhayy/mbzirc_ws/src/install/lib/libros_ign_interfaces__rosidl_typesupport_cpp.so" to ""
[60.490s] -- Installing: /home/muhayy/mbzirc_ws/src/install/share/ros_ign_interfaces/environment/pythonpath.sh
[60.490s] -- Installing: /home/muhayy/mbzirc_ws/src/install/share/ros_ign_interfaces/environment/pythonpath.dsv
[60.490s] -- Installing: /home/muhayy/mbzirc_ws/src/install/lib/python3.8/site-packages/ros_ign_interfaces/__init__.py
[60.513s] Compiling '/home/muhayy/mbzirc_ws/src/install/lib/python3.8/site-packages/ros_ign_interfaces/__init__.py'...
[60.520s] -- Installing: /home/muhayy/mbzirc_ws/src/install/lib/python3.8/site-packages/ros_ign_interfaces/msg
[60.520s] -- Installing: /home/muhayy/mbzirc_ws/src/install/lib/python3.8/site-packages/ros_ign_interfaces/msg/_entity.py
[60.520s] -- Installing: /home/muhayy/mbzirc_ws/src/install/lib/python3.8/site-packages/ros_ign_interfaces/msg/__init__.py
[60.520s] -- Installing: /home/muhayy/mbzirc_ws/src/install/lib/python3.8/site-packages/ros_ign_interfaces/msg/_entity_s.c
[60.521s] -- Installing: /home/muhayy/mbzirc_ws/src/install/lib/python3.8/site-packages/ros_ign_interfaces/msg/_world_control.py
[60.521s] -- Installing: /home/muhayy/mbzirc_ws/src/install/lib/python3.8/site-packages/ros_ign_interfaces/msg/_string_vec.py
[60.521s] -- Installing: /home/muhayy/mbzirc_ws/src/install/lib/python3.8/site-packages/ros_ign_interfaces/msg/_contacts.py
[60.521s] -- Installing: /home/muhayy/mbzirc_ws/src/install/lib/python3.8/site-packages/ros_ign_interfaces/msg/_contact.py
[60.521s] -- Installing: /home/muhayy/mbzirc_ws/src/install/lib/python3.8/site-packages/ros_ign_interfaces/msg/_contact_s.c
[60.521s] -- Installing: /home/muhayy/mbzirc_ws/src/install/lib/python3.8/site-packages/ros_ign_interfaces/msg/_gui_camera.py
[60.521s] -- Installing: /home/muhayy/mbzirc_ws/src/install/lib/python3.8/site-packages/ros_ign_interfaces/msg/_string_vec_s.c
[60.522s] -- Installing: /home/muhayy/mbzirc_ws/src/install/lib/python3.8/site-packages/ros_ign_interfaces/msg/_light_s.c
[60.522s] -- Installing: /home/muhayy/mbzirc_ws/src/install/lib/python3.8/site-packages/ros_ign_interfaces/msg/_contacts_s.c
[60.522s] -- Installing: /home/muhayy/mbzirc_ws/src/install/lib/python3.8/site-packages/ros_ign_interfaces/msg/_entity_factory.py
[60.522s] -- Installing: /home/muhayy/mbzirc_ws/src/install/lib/python3.8/site-packages/ros_ign_interfaces/msg/_joint_wrench_s.c
[60.522s] -- Installing: /home/muhayy/mbzirc_ws/src/install/lib/python3.8/site-packages/ros_ign_interfaces/msg/_dataframe.py
[60.522s] -- Installing: /home/muhayy/mbzirc_ws/src/install/lib/python3.8/site-packages/ros_ign_interfaces/msg/_world_reset_s.c
[60.522s] -- Installing: /home/muhayy/mbzirc_ws/src/install/lib/python3.8/site-packages/ros_ign_interfaces/msg/_track_visual.py
[60.523s] -- Installing: /home/muhayy/mbzirc_ws/src/install/lib/python3.8/site-packages/ros_ign_interfaces/msg/_video_record_s.c
[60.523s] -- Installing: /home/muhayy/mbzirc_ws/src/install/lib/python3.8/site-packages/ros_ign_interfaces/msg/_gui_camera_s.c
[60.523s] -- Installing: /home/muhayy/mbzirc_ws/src/install/lib/python3.8/site-packages/ros_ign_interfaces/msg/_video_record.py
[60.523s] -- Installing: /home/muhayy/mbzirc_ws/src/install/lib/python3.8/site-packages/ros_ign_interfaces/msg/_entity_factory_s.c
[60.523s] -- Installing: /home/muhayy/mbzirc_ws/src/install/lib/python3.8/site-packages/ros_ign_interfaces/msg/_world_control_s.c
[60.523s] -- Installing: /home/muhayy/mbzirc_ws/src/install/lib/python3.8/site-packages/ros_ign_interfaces/msg/_track_visual_s.c
[60.523s] -- Installing: /home/muhayy/mbzirc_ws/src/install/lib/python3.8/site-packages/ros_ign_interfaces/msg/_light.py
[60.524s] -- Installing: /home/muhayy/mbzirc_ws/src/install/lib/python3.8/site-packages/ros_ign_interfaces/msg/_dataframe_s.c
[60.524s] -- Installing: /home/muhayy/mbzirc_ws/src/install/lib/python3.8/site-packages/ros_ign_interfaces/msg/_joint_wrench.py
[60.524s] -- Installing: /home/muhayy/mbzirc_ws/src/install/lib/python3.8/site-packages/ros_ign_interfaces/msg/_world_reset.py
[60.524s] -- Installing: /home/muhayy/mbzirc_ws/src/install/lib/python3.8/site-packages/ros_ign_interfaces/srv
[60.524s] -- Installing: /home/muhayy/mbzirc_ws/src/install/lib/python3.8/site-packages/ros_ign_interfaces/srv/__init__.py
[60.524s] -- Installing: /home/muhayy/mbzirc_ws/src/install/lib/python3.8/site-packages/ros_ign_interfaces/srv/_set_entity_pose_s.c
[60.524s] -- Installing: /home/muhayy/mbzirc_ws/src/install/lib/python3.8/site-packages/ros_ign_interfaces/srv/_control_world.py
[60.525s] -- Installing: /home/muhayy/mbzirc_ws/src/install/lib/python3.8/site-packages/ros_ign_interfaces/srv/_set_entity_pose.py
[60.525s] -- Installing: /home/muhayy/mbzirc_ws/src/install/lib/python3.8/site-packages/ros_ign_interfaces/srv/_control_world_s.c
[60.525s] -- Installing: /home/muhayy/mbzirc_ws/src/install/lib/python3.8/site-packages/ros_ign_interfaces/srv/_delete_entity_s.c
[60.525s] -- Installing: /home/muhayy/mbzirc_ws/src/install/lib/python3.8/site-packages/ros_ign_interfaces/srv/_delete_entity.py
[60.525s] -- Installing: /home/muhayy/mbzirc_ws/src/install/lib/python3.8/site-packages/ros_ign_interfaces/srv/_spawn_entity.py
[60.525s] -- Installing: /home/muhayy/mbzirc_ws/src/install/lib/python3.8/site-packages/ros_ign_interfaces/srv/_spawn_entity_s.c
[60.525s] -- Installing: /home/muhayy/mbzirc_ws/src/install/lib/python3.8/site-packages/ros_ign_interfaces/ros_ign_interfaces_s__rosidl_typesupport_fastrtps_c.cpython-38-x86_64-linux-gnu.so
[60.526s] -- Set runtime path of "/home/muhayy/mbzirc_ws/src/install/lib/python3.8/site-packages/ros_ign_interfaces/ros_ign_interfaces_s__rosidl_typesupport_fastrtps_c.cpython-38-x86_64-linux-gnu.so" to ""
[60.526s] -- Installing: /home/muhayy/mbzirc_ws/src/install/lib/python3.8/site-packages/ros_ign_interfaces/ros_ign_interfaces_s__rosidl_typesupport_introspection_c.cpython-38-x86_64-linux-gnu.so
[60.527s] -- Set runtime path of "/home/muhayy/mbzirc_ws/src/install/lib/python3.8/site-packages/ros_ign_interfaces/ros_ign_interfaces_s__rosidl_typesupport_introspection_c.cpython-38-x86_64-linux-gnu.so" to ""
[60.527s] -- Installing: /home/muhayy/mbzirc_ws/src/install/lib/python3.8/site-packages/ros_ign_interfaces/ros_ign_interfaces_s__rosidl_typesupport_c.cpython-38-x86_64-linux-gnu.so
[60.528s] -- Set runtime path of "/home/muhayy/mbzirc_ws/src/install/lib/python3.8/site-packages/ros_ign_interfaces/ros_ign_interfaces_s__rosidl_typesupport_c.cpython-38-x86_64-linux-gnu.so" to ""
[60.528s] -- Installing: /home/muhayy/mbzirc_ws/src/install/lib/libros_ign_interfaces__python.so
[60.528s] -- Set runtime path of "/home/muhayy/mbzirc_ws/src/install/lib/libros_ign_interfaces__python.so" to ""
[60.529s] -- Installing: /home/muhayy/mbzirc_ws/src/install/share/ros_ign_interfaces/msg/Contact.idl
[60.529s] -- Installing: /home/muhayy/mbzirc_ws/src/install/share/ros_ign_interfaces/msg/Contacts.idl
[60.529s] -- Installing: /home/muhayy/mbzirc_ws/src/install/share/ros_ign_interfaces/msg/Dataframe.idl
[60.529s] -- Installing: /home/muhayy/mbzirc_ws/src/install/share/ros_ign_interfaces/msg/Entity.idl
[60.529s] -- Installing: /home/muhayy/mbzirc_ws/src/install/share/ros_ign_interfaces/msg/EntityFactory.idl
[60.530s] -- Installing: /home/muhayy/mbzirc_ws/src/install/share/ros_ign_interfaces/msg/GuiCamera.idl
[60.530s] -- Installing: /home/muhayy/mbzirc_ws/src/install/share/ros_ign_interfaces/msg/JointWrench.idl
[60.530s] -- Installing: /home/muhayy/mbzirc_ws/src/install/share/ros_ign_interfaces/msg/Light.idl
[60.530s] -- Installing: /home/muhayy/mbzirc_ws/src/install/share/ros_ign_interfaces/msg/StringVec.idl
[60.530s] -- Installing: /home/muhayy/mbzirc_ws/src/install/share/ros_ign_interfaces/msg/TrackVisual.idl
[60.530s] -- Installing: /home/muhayy/mbzirc_ws/src/install/share/ros_ign_interfaces/msg/VideoRecord.idl
[60.531s] -- Installing: /home/muhayy/mbzirc_ws/src/install/share/ros_ign_interfaces/msg/WorldControl.idl
[60.531s] -- Installing: /home/muhayy/mbzirc_ws/src/install/share/ros_ign_interfaces/msg/WorldReset.idl
[60.531s] -- Installing: /home/muhayy/mbzirc_ws/src/install/share/ros_ign_interfaces/srv/ControlWorld.idl
[60.531s] -- Installing: /home/muhayy/mbzirc_ws/src/install/share/ros_ign_interfaces/srv/DeleteEntity.idl
[60.531s] -- Installing: /home/muhayy/mbzirc_ws/src/install/share/ros_ign_interfaces/srv/SetEntityPose.idl
[60.532s] -- Installing: /home/muhayy/mbzirc_ws/src/install/share/ros_ign_interfaces/srv/SpawnEntity.idl
[60.532s] -- Installing: /home/muhayy/mbzirc_ws/src/install/share/ros_ign_interfaces/msg/Contact.msg
[60.532s] -- Installing: /home/muhayy/mbzirc_ws/src/install/share/ros_ign_interfaces/msg/Contacts.msg
[60.532s] -- Installing: /home/muhayy/mbzirc_ws/src/install/share/ros_ign_interfaces/msg/Dataframe.msg
[60.532s] -- Installing: /home/muhayy/mbzirc_ws/src/install/share/ros_ign_interfaces/msg/Entity.msg
[60.532s] -- Installing: /home/muhayy/mbzirc_ws/src/install/share/ros_ign_interfaces/msg/EntityFactory.msg
[60.533s] -- Installing: /home/muhayy/mbzirc_ws/src/install/share/ros_ign_interfaces/msg/GuiCamera.msg
[60.533s] -- Installing: /home/muhayy/mbzirc_ws/src/install/share/ros_ign_interfaces/msg/JointWrench.msg
[60.533s] -- Installing: /home/muhayy/mbzirc_ws/src/install/share/ros_ign_interfaces/msg/Light.msg
[60.533s] -- Installing: /home/muhayy/mbzirc_ws/src/install/share/ros_ign_interfaces/msg/StringVec.msg
[60.533s] -- Installing: /home/muhayy/mbzirc_ws/src/install/share/ros_ign_interfaces/msg/TrackVisual.msg
[60.534s] -- Installing: /home/muhayy/mbzirc_ws/src/install/share/ros_ign_interfaces/msg/VideoRecord.msg
[60.534s] -- Installing: /home/muhayy/mbzirc_ws/src/install/share/ros_ign_interfaces/msg/WorldControl.msg
[60.534s] -- Installing: /home/muhayy/mbzirc_ws/src/install/share/ros_ign_interfaces/msg/WorldReset.msg
[60.534s] -- Installing: /home/muhayy/mbzirc_ws/src/install/share/ros_ign_interfaces/srv/ControlWorld.srv
[60.534s] -- Installing: /home/muhayy/mbzirc_ws/src/install/share/ros_ign_interfaces/srv/ControlWorld_Request.msg
[60.535s] -- Installing: /home/muhayy/mbzirc_ws/src/install/share/ros_ign_interfaces/srv/ControlWorld_Response.msg
[60.535s] -- Installing: /home/muhayy/mbzirc_ws/src/install/share/ros_ign_interfaces/srv/DeleteEntity.srv
[60.535s] -- Installing: /home/muhayy/mbzirc_ws/src/install/share/ros_ign_interfaces/srv/DeleteEntity_Request.msg
[60.535s] -- Installing: /home/muhayy/mbzirc_ws/src/install/share/ros_ign_interfaces/srv/DeleteEntity_Response.msg
[60.535s] -- Installing: /home/muhayy/mbzirc_ws/src/install/share/ros_ign_interfaces/srv/SetEntityPose.srv
[60.535s] -- Installing: /home/muhayy/mbzirc_ws/src/install/share/ros_ign_interfaces/srv/SetEntityPose_Request.msg
[60.536s] -- Installing: /home/muhayy/mbzirc_ws/src/install/share/ros_ign_interfaces/srv/SetEntityPose_Response.msg
[60.536s] -- Installing: /home/muhayy/mbzirc_ws/src/install/share/ros_ign_interfaces/srv/SpawnEntity.srv
[60.536s] -- Installing: /home/muhayy/mbzirc_ws/src/install/share/ros_ign_interfaces/srv/SpawnEntity_Request.msg
[60.536s] -- Installing: /home/muhayy/mbzirc_ws/src/install/share/ros_ign_interfaces/srv/SpawnEntity_Response.msg
[60.536s] -- Installing: /home/muhayy/mbzirc_ws/src/install/share/ament_index/resource_index/package_run_dependencies/ros_ign_interfaces
[60.536s] -- Installing: /home/muhayy/mbzirc_ws/src/install/share/ament_index/resource_index/parent_prefix_path/ros_ign_interfaces
[60.537s] -- Installing: /home/muhayy/mbzirc_ws/src/install/share/ros_ign_interfaces/environment/ament_prefix_path.sh
[60.537s] -- Installing: /home/muhayy/mbzirc_ws/src/install/share/ros_ign_interfaces/environment/ament_prefix_path.dsv
[60.537s] -- Installing: /home/muhayy/mbzirc_ws/src/install/share/ros_ign_interfaces/environment/path.sh
[60.539s] -- Installing: /home/muhayy/mbzirc_ws/src/install/share/ros_ign_interfaces/environment/path.dsv
[60.539s] -- Installing: /home/muhayy/mbzirc_ws/src/install/share/ros_ign_interfaces/local_setup.bash
[60.539s] -- Installing: /home/muhayy/mbzirc_ws/src/install/share/ros_ign_interfaces/local_setup.sh
[60.539s] -- Installing: /home/muhayy/mbzirc_ws/src/install/share/ros_ign_interfaces/local_setup.zsh
[60.539s] -- Installing: /home/muhayy/mbzirc_ws/src/install/share/ros_ign_interfaces/local_setup.dsv
[60.539s] -- Installing: /home/muhayy/mbzirc_ws/src/install/share/ros_ign_interfaces/package.dsv
[60.540s] -- Installing: /home/muhayy/mbzirc_ws/src/install/share/ament_index/resource_index/packages/ros_ign_interfaces
[60.540s] -- Installing: /home/muhayy/mbzirc_ws/src/install/share/ros_ign_interfaces/cmake/ros_ign_interfaces__rosidl_generator_cExport.cmake
[60.540s] -- Installing: /home/muhayy/mbzirc_ws/src/install/share/ros_ign_interfaces/cmake/ros_ign_interfaces__rosidl_generator_cExport-noconfig.cmake
[60.540s] -- Installing: /home/muhayy/mbzirc_ws/src/install/share/ros_ign_interfaces/cmake/ros_ign_interfaces__rosidl_typesupport_introspection_cExport.cmake
[60.540s] -- Installing: /home/muhayy/mbzirc_ws/src/install/share/ros_ign_interfaces/cmake/ros_ign_interfaces__rosidl_typesupport_introspection_cExport-noconfig.cmake
[60.540s] -- Installing: /home/muhayy/mbzirc_ws/src/install/share/ros_ign_interfaces/cmake/ros_ign_interfaces__rosidl_typesupport_cExport.cmake
[60.540s] -- Installing: /home/muhayy/mbzirc_ws/src/install/share/ros_ign_interfaces/cmake/ros_ign_interfaces__rosidl_typesupport_cExport-noconfig.cmake
[60.541s] -- Installing: /home/muhayy/mbzirc_ws/src/install/share/ros_ign_interfaces/cmake/ros_ign_interfaces__rosidl_generator_cppExport.cmake
[60.541s] -- Installing: /home/muhayy/mbzirc_ws/src/install/share/ros_ign_interfaces/cmake/ros_ign_interfaces__rosidl_typesupport_introspection_cppExport.cmake
[60.541s] -- Installing: /home/muhayy/mbzirc_ws/src/install/share/ros_ign_interfaces/cmake/ros_ign_interfaces__rosidl_typesupport_introspection_cppExport-noconfig.cmake
[60.541s] -- Installing: /home/muhayy/mbzirc_ws/src/install/share/ros_ign_interfaces/cmake/ros_ign_interfaces__rosidl_typesupport_cppExport.cmake
[60.541s] -- Installing: /home/muhayy/mbzirc_ws/src/install/share/ros_ign_interfaces/cmake/ros_ign_interfaces__rosidl_typesupport_cppExport-noconfig.cmake
[60.541s] -- Installing: /home/muhayy/mbzirc_ws/src/install/share/ros_ign_interfaces/cmake/rosidl_cmake-extras.cmake
[60.541s] -- Installing: /home/muhayy/mbzirc_ws/src/install/share/ros_ign_interfaces/cmake/ament_cmake_export_dependencies-extras.cmake
[60.541s] -- Installing: /home/muhayy/mbzirc_ws/src/install/share/ros_ign_interfaces/cmake/ament_cmake_export_libraries-extras.cmake
[60.542s] -- Installing: /home/muhayy/mbzirc_ws/src/install/share/ros_ign_interfaces/cmake/ament_cmake_export_targets-extras.cmake
[60.542s] -- Installing: /home/muhayy/mbzirc_ws/src/install/share/ros_ign_interfaces/cmake/ament_cmake_export_include_directories-extras.cmake
[60.542s] -- Installing: /home/muhayy/mbzirc_ws/src/install/share/ros_ign_interfaces/cmake/rosidl_cmake_export_typesupport_libraries-extras.cmake
[60.542s] -- Installing: /home/muhayy/mbzirc_ws/src/install/share/ros_ign_interfaces/cmake/rosidl_cmake_export_typesupport_targets-extras.cmake
[60.542s] -- Installing: /home/muhayy/mbzirc_ws/src/install/share/ros_ign_interfaces/cmake/ros_ign_interfacesConfig.cmake
[60.542s] -- Installing: /home/muhayy/mbzirc_ws/src/install/share/ros_ign_interfaces/cmake/ros_ign_interfacesConfig-version.cmake
[60.542s] -- Installing: /home/muhayy/mbzirc_ws/src/install/share/ros_ign_interfaces/package.xml
[60.547s] Invoked command in '/home/muhayy/mbzirc_ws/src/build/ros_ign_interfaces' returned '0': CMAKE_PREFIX_PATH=${CMAKE_PREFIX_PATH}:/opt/ros/galactic /usr/bin/cmake --install /home/muhayy/mbzirc_ws/src/build/ros_ign_interfaces
