-- The C compiler identification is GNU 9.4.0
-- The CXX compiler identification is GNU 9.4.0
-- Check for working C compiler: /usr/bin/cc
-- Check for working C compiler: /usr/bin/cc -- works
-- Detecting C compiler ABI info
-- Detecting C compiler ABI info - done
-- Detecting C compile features
-- Detecting C compile features - done
-- Check for working CXX compiler: /usr/bin/c++
-- Check for working CXX compiler: /usr/bin/c++ -- works
-- Detecting CXX compiler ABI info
-- Detecting CXX compiler ABI info - done
-- Detecting CXX compile features
-- Detecting CXX compile features - done
-- Found ament_cmake: 1.1.5 (/opt/ros/galactic/share/ament_cmake/cmake)
-- Found PythonInterp: /usr/bin/python3 (found suitable version "3.8.10", minimum required is "3") 
-- Using PYTHON_EXECUTABLE: /usr/bin/python3
-- Found rclcpp: 9.2.1 (/opt/ros/galactic/share/rclcpp/cmake)
-- Using all available rosidl_typesupport_c: rosidl_typesupport_fastrtps_c;rosidl_typesupport_introspection_c
-- Found rosidl_adapter: 2.2.2 (/opt/ros/galactic/share/rosidl_adapter/cmake)
-- Found OpenSSL: /usr/lib/x86_64-linux-gnu/libcrypto.so (found version "1.1.1f")  
-- Found FastRTPS: /opt/ros/galactic/include  
-- Using all available rosidl_typesupport_cpp: rosidl_typesupport_fastrtps_cpp;rosidl_typesupport_introspection_cpp
-- Found rmw_implementation_cmake: 3.3.1 (/opt/ros/galactic/share/rmw_implementation_cmake/cmake)
-- Found rmw_cyclonedds_cpp: 0.22.5 (/opt/ros/galactic/share/rmw_cyclonedds_cpp/cmake)
-- Using RMW implementation 'rmw_cyclonedds_cpp' as default
-- Looking for pthread.h
-- Looking for pthread.h - found
-- Performing Test CMAKE_HAVE_LIBC_PTHREAD
-- Performing Test CMAKE_HAVE_LIBC_PTHREAD - Failed
-- Looking for pthread_create in pthreads
-- Looking for pthread_create in pthreads - not found
-- Looking for pthread_create in pthread
-- Looking for pthread_create in pthread - found
-- Found Threads: TRUE  
-- Looking for ignition-transport11 -- found version 11.0.0
-- Searching for dependencies of ignition-transport11
-- Found Protobuf: /usr/lib/x86_64-linux-gnu/libprotobuf.so;-lpthread (found suitable version "3.6.1", minimum required is "3") 
-- Config-file not installed for ZeroMQ -- checking for pkg-config
-- Checking for module 'libzmq >= 4'
--   Found libzmq , version 4.3.2
-- Found ZeroMQ: TRUE (Required is at least version "4") 
-- Checking for module 'uuid'
--   Found uuid, version 2.34.0
-- Found UUID: TRUE  
-- Looking for ignition-utils1 -- found version 1.4.0
-- Searching for dependencies of ignition-utils1
-- Searching for <ignition-utils1> component [cli]
-- Looking for ignition-utils1-cli -- found version 1.4.0
-- Searching for dependencies of ignition-utils1-cli
-- Looking for ignition-msgs8 -- found version 8.4.0
-- Searching for dependencies of ignition-msgs8
-- Looking for ignition-math6 -- found version 6.11.0
-- Searching for dependencies of ignition-math6
-- Checking for module 'tinyxml2'
--   Found tinyxml2, version 6.2.0
-- Looking for ignition-msgs8 -- found version 8.4.0
-- Compiling against Ignition Fortress
-- Found geometry_msgs: 2.2.4 (/opt/ros/galactic/share/geometry_msgs/cmake)
-- Found nav_msgs: 2.2.4 (/opt/ros/galactic/share/nav_msgs/cmake)
-- Found ros_ign_interfaces: 0.233.4 (/home/muhayy/mbzirc_ws/src/install/share/ros_ign_interfaces/cmake)
-- Found rosgraph_msgs: 1.0.3 (/opt/ros/galactic/share/rosgraph_msgs/cmake)
-- Found sensor_msgs: 2.2.4 (/opt/ros/galactic/share/sensor_msgs/cmake)
-- Found std_msgs: 2.2.4 (/opt/ros/galactic/share/std_msgs/cmake)
-- Found tf2_msgs: 0.17.3 (/opt/ros/galactic/share/tf2_msgs/cmake)
-- Found trajectory_msgs: 2.2.4 (/opt/ros/galactic/share/trajectory_msgs/cmake)
-- Found Python3: /usr/bin/python3.8 (found version "3.8.10") found components: Interpreter 
-- Found ament_lint_auto: 0.10.7 (/opt/ros/galactic/share/ament_lint_auto/cmake)
-- Found python_cmake_module: 0.8.1 (/opt/ros/galactic/share/python_cmake_module/cmake)
-- Found PythonInterp: /usr/bin/python3 (found suitable version "3.8.10", minimum required is "3.5") 
-- Found PythonLibs: /usr/lib/x86_64-linux-gnu/libpython3.8.so (found suitable version "3.8.10", minimum required is "3.5") 
-- Using PYTHON_EXECUTABLE: /usr/bin/python3
-- Using PYTHON_INCLUDE_DIRS: /usr/include/python3.8
-- Using PYTHON_LIBRARIES: /usr/lib/x86_64-linux-gnu/libpython3.8.so
-- Found PythonExtra: .so  
-- Found gtest sources under '/opt/ros/galactic/src/gtest_vendor': C++ tests using 'Google Test' will be built
-- Added test 'copyright' to check source files copyright and LICENSE
-- Added test 'cppcheck' to perform static code analysis on C / C++ code
-- Configured cppcheck include dirs: /home/muhayy/mbzirc_ws/src/ros_ign/ros_ign_bridge/include;/home/muhayy/mbzirc_ws/src/ros_ign/ros_ign_bridge/src;/home/muhayy/mbzirc_ws/src/ros_ign/ros_ign_bridge/test;/home/muhayy/mbzirc_ws/src/ros_ign/ros_ign_bridge/test/subscribers
-- Configured cppcheck exclude dirs and/or files: 
-- Added test 'cpplint' to check C / C++ code against the Google style
-- Configured cpplint exclude dirs and/or files: 
-- Added test 'flake8' to check Python code syntax and style conventions
-- Added test 'lint_cmake' to check CMake code style
-- Added test 'pep257' to check Python code against some of the style conventions in PEP 257
-- Added test 'uncrustify' to check C / C++ code style
-- Configured uncrustify additional arguments: 
-- Added test 'xmllint' to check XML markup files
-- Configuring done
-- Generating done
-- Build files have been written to: /home/muhayy/mbzirc_ws/src/build/ros_ign_bridge
[  1%] [34m[1mGenerating factories for interface types[0m
[35m[1mScanning dependencies of target ros_ign_bridge_lib[0m
[  3%] [32mBuilding CXX object CMakeFiles/ros_ign_bridge_lib.dir/src/bridge.cpp.o[0m
[  5%] [32mBuilding CXX object CMakeFiles/ros_ign_bridge_lib.dir/src/convert/std_msgs.cpp.o[0m
[  7%] [32mBuilding CXX object CMakeFiles/ros_ign_bridge_lib.dir/src/convert/tf2_msgs.cpp.o[0m
[  8%] [32mBuilding CXX object CMakeFiles/ros_ign_bridge_lib.dir/src/convert/trajectory_msgs.cpp.o[0m
[ 10%] [32mBuilding CXX object CMakeFiles/ros_ign_bridge_lib.dir/generated/get_factory.cpp.o[0m
[ 12%] [32mBuilding CXX object CMakeFiles/ros_ign_bridge_lib.dir/generated/get_mappings.cpp.o[0m
[ 14%] [32mBuilding CXX object CMakeFiles/ros_ign_bridge_lib.dir/generated/factories/geometry_msgs.cpp.o[0m
[ 16%] [32mBuilding CXX object CMakeFiles/ros_ign_bridge_lib.dir/generated/factories/nav_msgs.cpp.o[0m
[ 17%] [32mBuilding CXX object CMakeFiles/ros_ign_bridge_lib.dir/src/convert/sensor_msgs.cpp.o[0m
[ 19%] [32mBuilding CXX object CMakeFiles/ros_ign_bridge_lib.dir/src/convert/rosgraph_msgs.cpp.o[0m
[ 21%] [32mBuilding CXX object CMakeFiles/ros_ign_bridge_lib.dir/src/convert/ros_ign_interfaces.cpp.o[0m
[ 23%] [32mBuilding CXX object CMakeFiles/ros_ign_bridge_lib.dir/generated/factories/ros_ign_interfaces.cpp.o[0m
[ 26%] [32mBuilding CXX object CMakeFiles/ros_ign_bridge_lib.dir/generated/factories/sensor_msgs.cpp.o[0m
[ 26%] [32mBuilding CXX object CMakeFiles/ros_ign_bridge_lib.dir/generated/factories/std_msgs.cpp.o[0m
[ 28%] [32mBuilding CXX object CMakeFiles/ros_ign_bridge_lib.dir/generated/factories/rosgraph_msgs.cpp.o[0m
[ 30%] [32mBuilding CXX object CMakeFiles/ros_ign_bridge_lib.dir/src/convert/nav_msgs.cpp.o[0m
[ 33%] [32mBuilding CXX object CMakeFiles/ros_ign_bridge_lib.dir/src/convert/geometry_msgs.cpp.o[0m
[ 33%] [32mBuilding CXX object CMakeFiles/ros_ign_bridge_lib.dir/src/convert/utils.cpp.o[0m
[ 35%] [32mBuilding CXX object CMakeFiles/ros_ign_bridge_lib.dir/src/factory_interface.cpp.o[0m
[ 37%] [32mBuilding CXX object CMakeFiles/ros_ign_bridge_lib.dir/generated/factories/tf2_msgs.cpp.o[0m
[ 39%] [32mBuilding CXX object CMakeFiles/ros_ign_bridge_lib.dir/generated/factories/trajectory_msgs.cpp.o[0m
[ 41%] [32mBuilding CXX object CMakeFiles/ros_ign_bridge_lib.dir/src/bridge_ign_to_ros.cpp.o[0m
[ 42%] [32mBuilding CXX object CMakeFiles/ros_ign_bridge_lib.dir/src/bridge_ros_to_ign.cpp.o[0m
[ 44%] [32m[1mLinking CXX shared library libros_ign_bridge_lib.so[0m
[ 44%] Built target ros_ign_bridge_lib
[35m[1mScanning dependencies of target gtest[0m
[ 46%] [32mBuilding CXX object gtest/CMakeFiles/gtest.dir/src/gtest-all.cc.o[0m
[ 48%] [32m[1mLinking CXX static library libgtest.a[0m
[ 48%] Built target gtest
[35m[1mScanning dependencies of target bridge_types[0m
[35m[1mScanning dependencies of target static_bridge[0m
[ 50%] [32mBuilding CXX object CMakeFiles/bridge_types.dir/src/bridge_types.cpp.o[0m
[ 51%] [32mBuilding CXX object CMakeFiles/static_bridge.dir/src/static_bridge.cpp.o[0m
[ 53%] [32m[1mLinking CXX executable bridge_types[0m
[ 53%] Built target bridge_types
[35m[1mScanning dependencies of target test_utils[0m
[ 55%] [32mBuilding CXX object CMakeFiles/test_utils.dir/test/utils/ign_test_msg.cpp.o[0m
[ 57%] [32mBuilding CXX object CMakeFiles/test_utils.dir/test/utils/ros_test_msg.cpp.o[0m
[ 58%] [32m[1mLinking CXX executable static_bridge[0m
[ 60%] [32m[1mLinking CXX static library libtest_utils.a[0m
[ 60%] Built target test_utils
[ 60%] Built target static_bridge
[ 62%] [34m[1mGenerating test helpers[0m
[35m[1mScanning dependencies of target test_ros_subscriber[0m
[ 64%] [32mBuilding CXX object CMakeFiles/test_ros_subscriber.dir/test/subscribers/ros_subscriber.cpp.o[0m
[ 66%] [32mBuilding CXX object CMakeFiles/test_ros_subscriber.dir/generated/test/tf2_msgs_subscriber.cpp.o[0m
[ 67%] [32mBuilding CXX object CMakeFiles/test_ros_subscriber.dir/generated/test/trajectory_msgs_subscriber.cpp.o[0m
[ 71%] [32mBuilding CXX object CMakeFiles/test_ros_subscriber.dir/generated/test/std_msgs_subscriber.cpp.o[0m
[ 71%] [32mBuilding CXX object CMakeFiles/test_ros_subscriber.dir/generated/test/sensor_msgs_subscriber.cpp.o[0m
[ 73%] [32mBuilding CXX object CMakeFiles/test_ros_subscriber.dir/generated/test/rosgraph_msgs_subscriber.cpp.o[0m
[ 75%] [32mBuilding CXX object CMakeFiles/test_ros_subscriber.dir/generated/test/ros_ign_interfaces_subscriber.cpp.o[0m
[ 78%] [32mBuilding CXX object CMakeFiles/test_ros_subscriber.dir/generated/test/geometry_msgs_subscriber.cpp.o[0m
[ 78%] [32mBuilding CXX object CMakeFiles/test_ros_subscriber.dir/generated/test/nav_msgs_subscriber.cpp.o[0m
[ 80%] [32m[1mLinking CXX executable test_ros_subscriber[0m
[ 80%] Built target test_ros_subscriber
[35m[1mScanning dependencies of target test_ign_subscriber[0m
[ 82%] [32mBuilding CXX object CMakeFiles/test_ign_subscriber.dir/generated/test/ign_subscriber.cpp.o[0m
[ 83%] [32m[1mLinking CXX executable test_ign_subscriber[0m
[ 85%] Built target test_ign_subscriber
[35m[1mScanning dependencies of target test_ign_publisher[0m
[35m[1mScanning dependencies of target test_ros_publisher[0m
[ 87%] [32mBuilding CXX object CMakeFiles/test_ros_publisher.dir/generated/test/ros_publisher.cpp.o[0m
[ 89%] [32mBuilding CXX object CMakeFiles/test_ign_publisher.dir/generated/test/ign_publisher.cpp.o[0m
[ 91%] [32m[1mLinking CXX executable test_ign_publisher[0m
[ 92%] Built target test_ign_publisher
[ 94%] [32m[1mLinking CXX executable test_ros_publisher[0m
[ 96%] Built target test_ros_publisher
[35m[1mScanning dependencies of target parameter_bridge[0m
[ 98%] [32mBuilding CXX object CMakeFiles/parameter_bridge.dir/src/parameter_bridge.cpp.o[0m
[100%] [32m[1mLinking CXX executable parameter_bridge[0m
[100%] Built target parameter_bridge
-- Install configuration: ""
-- Installing: /home/muhayy/mbzirc_ws/src/install/lib/libros_ign_bridge_lib.so
-- Set runtime path of "/home/muhayy/mbzirc_ws/src/install/lib/libros_ign_bridge_lib.so" to ""
-- Up-to-date: /home/muhayy/mbzirc_ws/src/install/include
-- Installing: /home/muhayy/mbzirc_ws/src/install/include/ros_ign_bridge
-- Installing: /home/muhayy/mbzirc_ws/src/install/include/ros_ign_bridge/ros_ign_bridge.hpp
-- Installing: /home/muhayy/mbzirc_ws/src/install/include/ros_ign_bridge/convert
-- Installing: /home/muhayy/mbzirc_ws/src/install/include/ros_ign_bridge/convert/nav_msgs.hpp
-- Installing: /home/muhayy/mbzirc_ws/src/install/include/ros_ign_bridge/convert/ros_ign_interfaces.hpp
-- Installing: /home/muhayy/mbzirc_ws/src/install/include/ros_ign_bridge/convert/tf2_msgs.hpp
-- Installing: /home/muhayy/mbzirc_ws/src/install/include/ros_ign_bridge/convert/rosgraph_msgs.hpp
-- Installing: /home/muhayy/mbzirc_ws/src/install/include/ros_ign_bridge/convert/sensor_msgs.hpp
-- Installing: /home/muhayy/mbzirc_ws/src/install/include/ros_ign_bridge/convert/geometry_msgs.hpp
-- Installing: /home/muhayy/mbzirc_ws/src/install/include/ros_ign_bridge/convert/std_msgs.hpp
-- Installing: /home/muhayy/mbzirc_ws/src/install/include/ros_ign_bridge/convert/trajectory_msgs.hpp
-- Installing: /home/muhayy/mbzirc_ws/src/install/include/ros_ign_bridge/convert_decl.hpp
-- Installing: /home/muhayy/mbzirc_ws/src/install/include/ros_ign_bridge/convert.hpp
-- Installing: /home/muhayy/mbzirc_ws/src/install/share/ros_ign_bridge/environment/library_path.sh
-- Installing: /home/muhayy/mbzirc_ws/src/install/share/ros_ign_bridge/environment/library_path.dsv
-- Installing: /home/muhayy/mbzirc_ws/src/install/lib/ros_ign_bridge/parameter_bridge
-- Set runtime path of "/home/muhayy/mbzirc_ws/src/install/lib/ros_ign_bridge/parameter_bridge" to ""
-- Installing: /home/muhayy/mbzirc_ws/src/install/lib/ros_ign_bridge/static_bridge
-- Set runtime path of "/home/muhayy/mbzirc_ws/src/install/lib/ros_ign_bridge/static_bridge" to ""
-- Installing: /home/muhayy/mbzirc_ws/src/install/lib/ros_ign_bridge/bridge_types
-- Set runtime path of "/home/muhayy/mbzirc_ws/src/install/lib/ros_ign_bridge/bridge_types" to ""
-- Installing: /home/muhayy/mbzirc_ws/src/install/lib/ros_ign_bridge/test_ros_publisher
-- Set runtime path of "/home/muhayy/mbzirc_ws/src/install/lib/ros_ign_bridge/test_ros_publisher" to ""
-- Installing: /home/muhayy/mbzirc_ws/src/install/lib/ros_ign_bridge/test_ros_subscriber
-- Set runtime path of "/home/muhayy/mbzirc_ws/src/install/lib/ros_ign_bridge/test_ros_subscriber" to ""
-- Installing: /home/muhayy/mbzirc_ws/src/install/lib/ros_ign_bridge/test_ign_publisher
-- Set runtime path of "/home/muhayy/mbzirc_ws/src/install/lib/ros_ign_bridge/test_ign_publisher" to ""
-- Installing: /home/muhayy/mbzirc_ws/src/install/lib/ros_ign_bridge/test_ign_subscriber
-- Set runtime path of "/home/muhayy/mbzirc_ws/src/install/lib/ros_ign_bridge/test_ign_subscriber" to ""
-- Installing: /home/muhayy/mbzirc_ws/src/install/share/ament_index/resource_index/package_run_dependencies/ros_ign_bridge
-- Installing: /home/muhayy/mbzirc_ws/src/install/share/ament_index/resource_index/parent_prefix_path/ros_ign_bridge
-- Installing: /home/muhayy/mbzirc_ws/src/install/share/ros_ign_bridge/environment/ament_prefix_path.sh
-- Installing: /home/muhayy/mbzirc_ws/src/install/share/ros_ign_bridge/environment/ament_prefix_path.dsv
-- Installing: /home/muhayy/mbzirc_ws/src/install/share/ros_ign_bridge/environment/path.sh
-- Installing: /home/muhayy/mbzirc_ws/src/install/share/ros_ign_bridge/environment/path.dsv
-- Installing: /home/muhayy/mbzirc_ws/src/install/share/ros_ign_bridge/local_setup.bash
-- Installing: /home/muhayy/mbzirc_ws/src/install/share/ros_ign_bridge/local_setup.sh
-- Installing: /home/muhayy/mbzirc_ws/src/install/share/ros_ign_bridge/local_setup.zsh
-- Installing: /home/muhayy/mbzirc_ws/src/install/share/ros_ign_bridge/local_setup.dsv
-- Installing: /home/muhayy/mbzirc_ws/src/install/share/ros_ign_bridge/package.dsv
-- Installing: /home/muhayy/mbzirc_ws/src/install/share/ament_index/resource_index/packages/ros_ign_bridge
-- Installing: /home/muhayy/mbzirc_ws/src/install/share/ros_ign_bridge/cmake/ament_cmake_export_include_directories-extras.cmake
-- Installing: /home/muhayy/mbzirc_ws/src/install/share/ros_ign_bridge/cmake/ament_cmake_export_libraries-extras.cmake
-- Installing: /home/muhayy/mbzirc_ws/src/install/share/ros_ign_bridge/cmake/ament_cmake_export_dependencies-extras.cmake
-- Installing: /home/muhayy/mbzirc_ws/src/install/share/ros_ign_bridge/cmake/ros_ign_bridgeConfig.cmake
-- Installing: /home/muhayy/mbzirc_ws/src/install/share/ros_ign_bridge/cmake/ros_ign_bridgeConfig-version.cmake
-- Installing: /home/muhayy/mbzirc_ws/src/install/share/ros_ign_bridge/package.xml
