[0.018s] Invoking command in '/home/muhayy/mbzirc_ws/src/build/ros_ign_bridge': AMENT_PREFIX_PATH=/home/muhayy/mbzirc_ws/src/install:${AMENT_PREFIX_PATH} CMAKE_PREFIX_PATH=/home/muhayy/mbzirc_ws/src/install:/home/muhayy/mbzirc_ws/install:/opt/ros/galactic LD_LIBRARY_PATH=/home/muhayy/mbzirc_ws/src/install/lib:${LD_LIBRARY_PATH} PYTHONPATH=/home/muhayy/mbzirc_ws/src/install/lib/python3.8/site-packages:${PYTHONPATH} /usr/bin/cmake /home/muhayy/mbzirc_ws/src/ros_ign/ros_ign_bridge -DCMAKE_INSTALL_PREFIX=/home/muhayy/mbzirc_ws/src/install
[0.081s] -- The C compiler identification is GNU 9.4.0
[0.140s] -- The CXX compiler identification is GNU 9.4.0
[0.146s] -- Check for working C compiler: /usr/bin/cc
[0.216s] -- Check for working C compiler: /usr/bin/cc -- works
[0.217s] -- Detecting C compiler ABI info
[0.288s] -- Detecting C compiler ABI info - done
[0.301s] -- Detecting C compile features
[0.301s] -- Detecting C compile features - done
[0.304s] -- Check for working CXX compiler: /usr/bin/c++
[0.392s] -- Check for working CXX compiler: /usr/bin/c++ -- works
[0.393s] -- Detecting CXX compiler ABI info
[0.476s] -- Detecting CXX compiler ABI info - done
[0.489s] -- Detecting CXX compile features
[0.489s] -- Detecting CXX compile features - done
[0.491s] -- Found ament_cmake: 1.1.5 (/opt/ros/galactic/share/ament_cmake/cmake)
[0.520s] -- Found PythonInterp: /usr/bin/python3 (found suitable version "3.8.10", minimum required is "3") 
[0.520s] -- Using PYTHON_EXECUTABLE: /usr/bin/python3
[0.629s] -- Found rclcpp: 9.2.1 (/opt/ros/galactic/share/rclcpp/cmake)
[0.719s] -- Using all available rosidl_typesupport_c: rosidl_typesupport_fastrtps_c;rosidl_typesupport_introspection_c
[0.731s] -- Found rosidl_adapter: 2.2.2 (/opt/ros/galactic/share/rosidl_adapter/cmake)
[0.862s] -- Found OpenSSL: /usr/lib/x86_64-linux-gnu/libcrypto.so (found version "1.1.1f")  
[0.916s] -- Found FastRTPS: /opt/ros/galactic/include  
[1.044s] -- Using all available rosidl_typesupport_cpp: rosidl_typesupport_fastrtps_cpp;rosidl_typesupport_introspection_cpp
[1.123s] -- Found rmw_implementation_cmake: 3.3.1 (/opt/ros/galactic/share/rmw_implementation_cmake/cmake)
[1.127s] -- Found rmw_cyclonedds_cpp: 0.22.5 (/opt/ros/galactic/share/rmw_cyclonedds_cpp/cmake)
[1.152s] -- Using RMW implementation 'rmw_cyclonedds_cpp' as default
[1.153s] -- Looking for pthread.h
[1.235s] -- Looking for pthread.h - found
[1.235s] -- Performing Test CMAKE_HAVE_LIBC_PTHREAD
[1.322s] -- Performing Test CMAKE_HAVE_LIBC_PTHREAD - Failed
[1.322s] -- Looking for pthread_create in pthreads
[1.391s] -- Looking for pthread_create in pthreads - not found
[1.392s] -- Looking for pthread_create in pthread
[1.480s] -- Looking for pthread_create in pthread - found
[1.481s] -- Found Threads: TRUE  
[1.683s] -- Looking for ignition-transport11 -- found version 11.0.0
[1.692s] -- Searching for dependencies of ignition-transport11
[1.743s] -- Found Protobuf: /usr/lib/x86_64-linux-gnu/libprotobuf.so;-lpthread (found suitable version "3.6.1", minimum required is "3") 
[1.758s] -- Config-file not installed for ZeroMQ -- checking for pkg-config
[1.764s] -- Checking for module 'libzmq >= 4'
[1.788s] --   Found libzmq , version 4.3.2
[1.850s] -- Found ZeroMQ: TRUE (Required is at least version "4") 
[1.857s] -- Checking for module 'uuid'
[1.878s] --   Found uuid, version 2.34.0
[1.941s] -- Found UUID: TRUE  
[1.944s] -- Looking for ignition-utils1 -- found version 1.4.0
[1.944s] -- Searching for dependencies of ignition-utils1
[1.945s] -- Searching for <ignition-utils1> component [cli]
[1.948s] -- Looking for ignition-utils1-cli -- found version 1.4.0
[1.948s] -- Searching for dependencies of ignition-utils1-cli
[1.951s] -- Looking for ignition-msgs8 -- found version 8.4.0
[1.952s] -- Searching for dependencies of ignition-msgs8
[1.980s] -- Looking for ignition-math6 -- found version 6.11.0
[1.981s] -- Searching for dependencies of ignition-math6
[1.989s] -- Checking for module 'tinyxml2'
[2.011s] --   Found tinyxml2, version 6.2.0
[2.078s] -- Looking for ignition-msgs8 -- found version 8.4.0
[2.078s] -- Compiling against Ignition Fortress
[2.121s] -- Found geometry_msgs: 2.2.4 (/opt/ros/galactic/share/geometry_msgs/cmake)
[2.210s] -- Found nav_msgs: 2.2.4 (/opt/ros/galactic/share/nav_msgs/cmake)
[2.289s] -- Found ros_ign_interfaces: 0.233.4 (/home/muhayy/mbzirc_ws/src/install/share/ros_ign_interfaces/cmake)
[2.289s] -- Found rosgraph_msgs: 1.0.3 (/opt/ros/galactic/share/rosgraph_msgs/cmake)
[2.376s] -- Found sensor_msgs: 2.2.4 (/opt/ros/galactic/share/sensor_msgs/cmake)
[2.376s] -- Found std_msgs: 2.2.4 (/opt/ros/galactic/share/std_msgs/cmake)
[2.603s] -- Found tf2_msgs: 0.17.3 (/opt/ros/galactic/share/tf2_msgs/cmake)
[2.698s] -- Found trajectory_msgs: 2.2.4 (/opt/ros/galactic/share/trajectory_msgs/cmake)
[2.860s] -- Found Python3: /usr/bin/python3.8 (found version "3.8.10") found components: Interpreter 
[2.880s] -- Found ament_lint_auto: 0.10.7 (/opt/ros/galactic/share/ament_lint_auto/cmake)
[2.982s] -- Found python_cmake_module: 0.8.1 (/opt/ros/galactic/share/python_cmake_module/cmake)
[3.006s] -- Found PythonInterp: /usr/bin/python3 (found suitable version "3.8.10", minimum required is "3.5") 
[3.012s] -- Found PythonLibs: /usr/lib/x86_64-linux-gnu/libpython3.8.so (found suitable version "3.8.10", minimum required is "3.5") 
[3.013s] -- Using PYTHON_EXECUTABLE: /usr/bin/python3
[3.013s] -- Using PYTHON_INCLUDE_DIRS: /usr/include/python3.8
[3.013s] -- Using PYTHON_LIBRARIES: /usr/lib/x86_64-linux-gnu/libpython3.8.so
[3.037s] -- Found PythonExtra: .so  
[3.066s] -- Found gtest sources under '/opt/ros/galactic/src/gtest_vendor': C++ tests using 'Google Test' will be built
[3.078s] -- Added test 'copyright' to check source files copyright and LICENSE
[3.081s] -- Added test 'cppcheck' to perform static code analysis on C / C++ code
[3.082s] -- Configured cppcheck include dirs: /home/muhayy/mbzirc_ws/src/ros_ign/ros_ign_bridge/include;/home/muhayy/mbzirc_ws/src/ros_ign/ros_ign_bridge/src;/home/muhayy/mbzirc_ws/src/ros_ign/ros_ign_bridge/test;/home/muhayy/mbzirc_ws/src/ros_ign/ros_ign_bridge/test/subscribers
[3.082s] -- Configured cppcheck exclude dirs and/or files: 
[3.085s] -- Added test 'cpplint' to check C / C++ code against the Google style
[3.085s] -- Configured cpplint exclude dirs and/or files: 
[3.086s] -- Added test 'flake8' to check Python code syntax and style conventions
[3.087s] -- Added test 'lint_cmake' to check CMake code style
[3.088s] -- Added test 'pep257' to check Python code against some of the style conventions in PEP 257
[3.091s] -- Added test 'uncrustify' to check C / C++ code style
[3.091s] -- Configured uncrustify additional arguments: 
[3.092s] -- Added test 'xmllint' to check XML markup files
[3.097s] -- Configuring done
[3.192s] -- Generating done
[3.195s] -- Build files have been written to: /home/muhayy/mbzirc_ws/src/build/ros_ign_bridge
[3.209s] Invoked command in '/home/muhayy/mbzirc_ws/src/build/ros_ign_bridge' returned '0': AMENT_PREFIX_PATH=/home/muhayy/mbzirc_ws/src/install:${AMENT_PREFIX_PATH} CMAKE_PREFIX_PATH=/home/muhayy/mbzirc_ws/src/install:/home/muhayy/mbzirc_ws/install:/opt/ros/galactic LD_LIBRARY_PATH=/home/muhayy/mbzirc_ws/src/install/lib:${LD_LIBRARY_PATH} PYTHONPATH=/home/muhayy/mbzirc_ws/src/install/lib/python3.8/site-packages:${PYTHONPATH} /usr/bin/cmake /home/muhayy/mbzirc_ws/src/ros_ign/ros_ign_bridge -DCMAKE_INSTALL_PREFIX=/home/muhayy/mbzirc_ws/src/install
[3.212s] Invoking command in '/home/muhayy/mbzirc_ws/src/build/ros_ign_bridge': AMENT_PREFIX_PATH=/home/muhayy/mbzirc_ws/src/install:${AMENT_PREFIX_PATH} CMAKE_PREFIX_PATH=/home/muhayy/mbzirc_ws/src/install:/home/muhayy/mbzirc_ws/install:/opt/ros/galactic LD_LIBRARY_PATH=/home/muhayy/mbzirc_ws/src/install/lib:${LD_LIBRARY_PATH} PYTHONPATH=/home/muhayy/mbzirc_ws/src/install/lib/python3.8/site-packages:${PYTHONPATH} /usr/bin/cmake --build /home/muhayy/mbzirc_ws/src/build/ros_ign_bridge -- -j12 -l12
[3.262s] [  1%] [34m[1mGenerating factories for interface types[0m
[3.565s] [35m[1mScanning dependencies of target ros_ign_bridge_lib[0m
[3.794s] [  3%] [32mBuilding CXX object CMakeFiles/ros_ign_bridge_lib.dir/src/bridge.cpp.o[0m
[10.878s] [  5%] [32mBuilding CXX object CMakeFiles/ros_ign_bridge_lib.dir/src/convert/std_msgs.cpp.o[0m
[12.097s] [  7%] [32mBuilding CXX object CMakeFiles/ros_ign_bridge_lib.dir/src/convert/tf2_msgs.cpp.o[0m
[13.311s] [  8%] [32mBuilding CXX object CMakeFiles/ros_ign_bridge_lib.dir/src/convert/trajectory_msgs.cpp.o[0m
[14.654s] [ 10%] [32mBuilding CXX object CMakeFiles/ros_ign_bridge_lib.dir/generated/get_factory.cpp.o[0m
[21.780s] [ 12%] [32mBuilding CXX object CMakeFiles/ros_ign_bridge_lib.dir/generated/get_mappings.cpp.o[0m
[22.352s] [ 14%] [32mBuilding CXX object CMakeFiles/ros_ign_bridge_lib.dir/generated/factories/geometry_msgs.cpp.o[0m
[55.392s] [ 16%] [32mBuilding CXX object CMakeFiles/ros_ign_bridge_lib.dir/generated/factories/nav_msgs.cpp.o[0m
[56.406s] [ 17%] [32mBuilding CXX object CMakeFiles/ros_ign_bridge_lib.dir/src/convert/sensor_msgs.cpp.o[0m
[57.419s] [ 19%] [32mBuilding CXX object CMakeFiles/ros_ign_bridge_lib.dir/src/convert/rosgraph_msgs.cpp.o[0m
[58.425s] [ 21%] [32mBuilding CXX object CMakeFiles/ros_ign_bridge_lib.dir/src/convert/ros_ign_interfaces.cpp.o[0m
[59.148s] [ 23%] [32mBuilding CXX object CMakeFiles/ros_ign_bridge_lib.dir/generated/factories/ros_ign_interfaces.cpp.o[0m
[65.054s] [ 26%] [32mBuilding CXX object CMakeFiles/ros_ign_bridge_lib.dir/generated/factories/sensor_msgs.cpp.o[0m
[65.054s] [ 26%] [32mBuilding CXX object CMakeFiles/ros_ign_bridge_lib.dir/generated/factories/std_msgs.cpp.o[0m
[66.071s] [ 28%] [32mBuilding CXX object CMakeFiles/ros_ign_bridge_lib.dir/generated/factories/rosgraph_msgs.cpp.o[0m
[66.071s] [ 30%] [32mBuilding CXX object CMakeFiles/ros_ign_bridge_lib.dir/src/convert/nav_msgs.cpp.o[0m
[67.137s] [ 33%] [32mBuilding CXX object CMakeFiles/ros_ign_bridge_lib.dir/src/convert/geometry_msgs.cpp.o[0m
[67.137s] [ 33%] [32mBuilding CXX object CMakeFiles/ros_ign_bridge_lib.dir/src/convert/utils.cpp.o[0m
[67.627s] [ 35%] [32mBuilding CXX object CMakeFiles/ros_ign_bridge_lib.dir/src/factory_interface.cpp.o[0m
[67.870s] [ 37%] [32mBuilding CXX object CMakeFiles/ros_ign_bridge_lib.dir/generated/factories/tf2_msgs.cpp.o[0m
[69.739s] [ 39%] [32mBuilding CXX object CMakeFiles/ros_ign_bridge_lib.dir/generated/factories/trajectory_msgs.cpp.o[0m
[69.766s] [ 41%] [32mBuilding CXX object CMakeFiles/ros_ign_bridge_lib.dir/src/bridge_ign_to_ros.cpp.o[0m
[113.531s] [ 42%] [32mBuilding CXX object CMakeFiles/ros_ign_bridge_lib.dir/src/bridge_ros_to_ign.cpp.o[0m
[119.977s] [ 44%] [32m[1mLinking CXX shared library libros_ign_bridge_lib.so[0m
[132.693s] [ 44%] Built target ros_ign_bridge_lib
[132.709s] [35m[1mScanning dependencies of target gtest[0m
[132.742s] [ 46%] [32mBuilding CXX object gtest/CMakeFiles/gtest.dir/src/gtest-all.cc.o[0m
[136.417s] [ 48%] [32m[1mLinking CXX static library libgtest.a[0m
[136.478s] [ 48%] Built target gtest
[136.488s] [35m[1mScanning dependencies of target bridge_types[0m
[136.489s] [35m[1mScanning dependencies of target static_bridge[0m
[136.500s] [ 50%] [32mBuilding CXX object CMakeFiles/bridge_types.dir/src/bridge_types.cpp.o[0m
[136.572s] [ 51%] [32mBuilding CXX object CMakeFiles/static_bridge.dir/src/static_bridge.cpp.o[0m
[137.187s] [ 53%] [32m[1mLinking CXX executable bridge_types[0m
[141.326s] [ 53%] Built target bridge_types
[141.345s] [35m[1mScanning dependencies of target test_utils[0m
[141.413s] [ 55%] [32mBuilding CXX object CMakeFiles/test_utils.dir/test/utils/ign_test_msg.cpp.o[0m
[141.428s] [ 57%] [32mBuilding CXX object CMakeFiles/test_utils.dir/test/utils/ros_test_msg.cpp.o[0m
[147.091s] [ 58%] [32m[1mLinking CXX executable static_bridge[0m
[148.236s] [ 60%] [32m[1mLinking CXX static library libtest_utils.a[0m
[148.324s] [ 60%] Built target test_utils
[151.856s] [ 60%] Built target static_bridge
[151.870s] [ 62%] [34m[1mGenerating test helpers[0m
[152.116s] [35m[1mScanning dependencies of target test_ros_subscriber[0m
[152.312s] [ 64%] [32mBuilding CXX object CMakeFiles/test_ros_subscriber.dir/test/subscribers/ros_subscriber.cpp.o[0m
[156.895s] [ 66%] [32mBuilding CXX object CMakeFiles/test_ros_subscriber.dir/generated/test/tf2_msgs_subscriber.cpp.o[0m
[166.058s] [ 67%] [32mBuilding CXX object CMakeFiles/test_ros_subscriber.dir/generated/test/trajectory_msgs_subscriber.cpp.o[0m
[175.165s] [ 71%] [32mBuilding CXX object CMakeFiles/test_ros_subscriber.dir/generated/test/std_msgs_subscriber.cpp.o[0m
[175.165s] [ 71%] [32mBuilding CXX object CMakeFiles/test_ros_subscriber.dir/generated/test/sensor_msgs_subscriber.cpp.o[0m
[208.218s] [ 73%] [32mBuilding CXX object CMakeFiles/test_ros_subscriber.dir/generated/test/rosgraph_msgs_subscriber.cpp.o[0m
[216.587s] [ 75%] [32mBuilding CXX object CMakeFiles/test_ros_subscriber.dir/generated/test/ros_ign_interfaces_subscriber.cpp.o[0m
[248.855s] [ 78%] [32mBuilding CXX object CMakeFiles/test_ros_subscriber.dir/generated/test/geometry_msgs_subscriber.cpp.o[0m
[248.855s] [ 78%] [32mBuilding CXX object CMakeFiles/test_ros_subscriber.dir/generated/test/nav_msgs_subscriber.cpp.o[0m
[282.635s] [ 80%] [32m[1mLinking CXX executable test_ros_subscriber[0m
[294.220s] [ 80%] Built target test_ros_subscriber
[294.234s] [35m[1mScanning dependencies of target test_ign_subscriber[0m
[294.349s] [ 82%] [32mBuilding CXX object CMakeFiles/test_ign_subscriber.dir/generated/test/ign_subscriber.cpp.o[0m
[308.183s] [ 83%] [32m[1mLinking CXX executable test_ign_subscriber[0m
[309.063s] [ 85%] Built target test_ign_subscriber
[309.077s] [35m[1mScanning dependencies of target test_ign_publisher[0m
[309.077s] [35m[1mScanning dependencies of target test_ros_publisher[0m
[309.169s] [ 87%] [32mBuilding CXX object CMakeFiles/test_ros_publisher.dir/generated/test/ros_publisher.cpp.o[0m
[309.187s] [ 89%] [32mBuilding CXX object CMakeFiles/test_ign_publisher.dir/generated/test/ign_publisher.cpp.o[0m
[319.598s] [ 91%] [32m[1mLinking CXX executable test_ign_publisher[0m
[320.941s] [ 92%] Built target test_ign_publisher
[339.101s] [ 94%] [32m[1mLinking CXX executable test_ros_publisher[0m
[340.102s] [ 96%] Built target test_ros_publisher
[340.112s] [35m[1mScanning dependencies of target parameter_bridge[0m
[340.181s] [ 98%] [32mBuilding CXX object CMakeFiles/parameter_bridge.dir/src/parameter_bridge.cpp.o[0m
[345.697s] [100%] [32m[1mLinking CXX executable parameter_bridge[0m
[348.459s] [100%] Built target parameter_bridge
[348.470s] Invoked command in '/home/muhayy/mbzirc_ws/src/build/ros_ign_bridge' returned '0': AMENT_PREFIX_PATH=/home/muhayy/mbzirc_ws/src/install:${AMENT_PREFIX_PATH} CMAKE_PREFIX_PATH=/home/muhayy/mbzirc_ws/src/install:/home/muhayy/mbzirc_ws/install:/opt/ros/galactic LD_LIBRARY_PATH=/home/muhayy/mbzirc_ws/src/install/lib:${LD_LIBRARY_PATH} PYTHONPATH=/home/muhayy/mbzirc_ws/src/install/lib/python3.8/site-packages:${PYTHONPATH} /usr/bin/cmake --build /home/muhayy/mbzirc_ws/src/build/ros_ign_bridge -- -j12 -l12
[348.548s] Invoking command in '/home/muhayy/mbzirc_ws/src/build/ros_ign_bridge': AMENT_PREFIX_PATH=/home/muhayy/mbzirc_ws/src/install:${AMENT_PREFIX_PATH} CMAKE_PREFIX_PATH=/home/muhayy/mbzirc_ws/src/install:/home/muhayy/mbzirc_ws/install:/opt/ros/galactic LD_LIBRARY_PATH=/home/muhayy/mbzirc_ws/src/install/lib:${LD_LIBRARY_PATH} PYTHONPATH=/home/muhayy/mbzirc_ws/src/install/lib/python3.8/site-packages:${PYTHONPATH} /usr/bin/cmake --install /home/muhayy/mbzirc_ws/src/build/ros_ign_bridge
[348.555s] -- Install configuration: ""
[348.555s] -- Installing: /home/muhayy/mbzirc_ws/src/install/lib/libros_ign_bridge_lib.so
[348.644s] -- Set runtime path of "/home/muhayy/mbzirc_ws/src/install/lib/libros_ign_bridge_lib.so" to ""
[348.644s] -- Up-to-date: /home/muhayy/mbzirc_ws/src/install/include
[348.644s] -- Installing: /home/muhayy/mbzirc_ws/src/install/include/ros_ign_bridge
[348.644s] -- Installing: /home/muhayy/mbzirc_ws/src/install/include/ros_ign_bridge/ros_ign_bridge.hpp
[348.644s] -- Installing: /home/muhayy/mbzirc_ws/src/install/include/ros_ign_bridge/convert
[348.644s] -- Installing: /home/muhayy/mbzirc_ws/src/install/include/ros_ign_bridge/convert/nav_msgs.hpp
[348.644s] -- Installing: /home/muhayy/mbzirc_ws/src/install/include/ros_ign_bridge/convert/ros_ign_interfaces.hpp
[348.644s] -- Installing: /home/muhayy/mbzirc_ws/src/install/include/ros_ign_bridge/convert/tf2_msgs.hpp
[348.645s] -- Installing: /home/muhayy/mbzirc_ws/src/install/include/ros_ign_bridge/convert/rosgraph_msgs.hpp
[348.645s] -- Installing: /home/muhayy/mbzirc_ws/src/install/include/ros_ign_bridge/convert/sensor_msgs.hpp
[348.645s] -- Installing: /home/muhayy/mbzirc_ws/src/install/include/ros_ign_bridge/convert/geometry_msgs.hpp
[348.645s] -- Installing: /home/muhayy/mbzirc_ws/src/install/include/ros_ign_bridge/convert/std_msgs.hpp
[348.645s] -- Installing: /home/muhayy/mbzirc_ws/src/install/include/ros_ign_bridge/convert/trajectory_msgs.hpp
[348.645s] -- Installing: /home/muhayy/mbzirc_ws/src/install/include/ros_ign_bridge/convert_decl.hpp
[348.645s] -- Installing: /home/muhayy/mbzirc_ws/src/install/include/ros_ign_bridge/convert.hpp
[348.647s] -- Installing: /home/muhayy/mbzirc_ws/src/install/share/ros_ign_bridge/environment/library_path.sh
[348.647s] -- Installing: /home/muhayy/mbzirc_ws/src/install/share/ros_ign_bridge/environment/library_path.dsv
[348.647s] -- Installing: /home/muhayy/mbzirc_ws/src/install/lib/ros_ign_bridge/parameter_bridge
[348.648s] -- Set runtime path of "/home/muhayy/mbzirc_ws/src/install/lib/ros_ign_bridge/parameter_bridge" to ""
[348.648s] -- Installing: /home/muhayy/mbzirc_ws/src/install/lib/ros_ign_bridge/static_bridge
[348.649s] -- Set runtime path of "/home/muhayy/mbzirc_ws/src/install/lib/ros_ign_bridge/static_bridge" to ""
[348.649s] -- Installing: /home/muhayy/mbzirc_ws/src/install/lib/ros_ign_bridge/bridge_types
[348.650s] -- Set runtime path of "/home/muhayy/mbzirc_ws/src/install/lib/ros_ign_bridge/bridge_types" to ""
[348.650s] -- Installing: /home/muhayy/mbzirc_ws/src/install/lib/ros_ign_bridge/test_ros_publisher
[348.658s] -- Set runtime path of "/home/muhayy/mbzirc_ws/src/install/lib/ros_ign_bridge/test_ros_publisher" to ""
[348.658s] -- Installing: /home/muhayy/mbzirc_ws/src/install/lib/ros_ign_bridge/test_ros_subscriber
[348.700s] -- Set runtime path of "/home/muhayy/mbzirc_ws/src/install/lib/ros_ign_bridge/test_ros_subscriber" to ""
[348.700s] -- Installing: /home/muhayy/mbzirc_ws/src/install/lib/ros_ign_bridge/test_ign_publisher
[348.702s] -- Set runtime path of "/home/muhayy/mbzirc_ws/src/install/lib/ros_ign_bridge/test_ign_publisher" to ""
[348.702s] -- Installing: /home/muhayy/mbzirc_ws/src/install/lib/ros_ign_bridge/test_ign_subscriber
[348.705s] -- Set runtime path of "/home/muhayy/mbzirc_ws/src/install/lib/ros_ign_bridge/test_ign_subscriber" to ""
[348.705s] -- Installing: /home/muhayy/mbzirc_ws/src/install/share/ament_index/resource_index/package_run_dependencies/ros_ign_bridge
[348.705s] -- Installing: /home/muhayy/mbzirc_ws/src/install/share/ament_index/resource_index/parent_prefix_path/ros_ign_bridge
[348.705s] -- Installing: /home/muhayy/mbzirc_ws/src/install/share/ros_ign_bridge/environment/ament_prefix_path.sh
[348.706s] -- Installing: /home/muhayy/mbzirc_ws/src/install/share/ros_ign_bridge/environment/ament_prefix_path.dsv
[348.706s] -- Installing: /home/muhayy/mbzirc_ws/src/install/share/ros_ign_bridge/environment/path.sh
[348.706s] -- Installing: /home/muhayy/mbzirc_ws/src/install/share/ros_ign_bridge/environment/path.dsv
[348.706s] -- Installing: /home/muhayy/mbzirc_ws/src/install/share/ros_ign_bridge/local_setup.bash
[348.706s] -- Installing: /home/muhayy/mbzirc_ws/src/install/share/ros_ign_bridge/local_setup.sh
[348.706s] -- Installing: /home/muhayy/mbzirc_ws/src/install/share/ros_ign_bridge/local_setup.zsh
[348.706s] -- Installing: /home/muhayy/mbzirc_ws/src/install/share/ros_ign_bridge/local_setup.dsv
[348.706s] -- Installing: /home/muhayy/mbzirc_ws/src/install/share/ros_ign_bridge/package.dsv
[348.706s] -- Installing: /home/muhayy/mbzirc_ws/src/install/share/ament_index/resource_index/packages/ros_ign_bridge
[348.706s] -- Installing: /home/muhayy/mbzirc_ws/src/install/share/ros_ign_bridge/cmake/ament_cmake_export_include_directories-extras.cmake
[348.707s] -- Installing: /home/muhayy/mbzirc_ws/src/install/share/ros_ign_bridge/cmake/ament_cmake_export_libraries-extras.cmake
[348.707s] -- Installing: /home/muhayy/mbzirc_ws/src/install/share/ros_ign_bridge/cmake/ament_cmake_export_dependencies-extras.cmake
[348.707s] -- Installing: /home/muhayy/mbzirc_ws/src/install/share/ros_ign_bridge/cmake/ros_ign_bridgeConfig.cmake
[348.707s] -- Installing: /home/muhayy/mbzirc_ws/src/install/share/ros_ign_bridge/cmake/ros_ign_bridgeConfig-version.cmake
[348.707s] -- Installing: /home/muhayy/mbzirc_ws/src/install/share/ros_ign_bridge/package.xml
[348.710s] Invoked command in '/home/muhayy/mbzirc_ws/src/build/ros_ign_bridge' returned '0': AMENT_PREFIX_PATH=/home/muhayy/mbzirc_ws/src/install:${AMENT_PREFIX_PATH} CMAKE_PREFIX_PATH=/home/muhayy/mbzirc_ws/src/install:/home/muhayy/mbzirc_ws/install:/opt/ros/galactic LD_LIBRARY_PATH=/home/muhayy/mbzirc_ws/src/install/lib:${LD_LIBRARY_PATH} PYTHONPATH=/home/muhayy/mbzirc_ws/src/install/lib/python3.8/site-packages:${PYTHONPATH} /usr/bin/cmake --install /home/muhayy/mbzirc_ws/src/build/ros_ign_bridge
