[1.952s] Invoking command in '/home/muhayy/mbzirc_ws/src/ros2_explorer/explorer_wanderer': PYTHONPATH=/home/muhayy/mbzirc_ws/src/install/lib/python3.8/site-packages:${PYTHONPATH} /usr/bin/python3 setup.py egg_info --egg-base ../../build/explorer_wanderer build --build-base /home/muhayy/mbzirc_ws/src/build/explorer_wanderer/build install --prefix /home/muhayy/mbzirc_ws/src/install --record /home/muhayy/mbzirc_ws/src/build/explorer_wanderer/install.log --single-version-externally-managed
[2.248s] running egg_info
[2.248s] writing ../../build/explorer_wanderer/explorer_wanderer.egg-info/PKG-INFO
[2.249s] writing dependency_links to ../../build/explorer_wanderer/explorer_wanderer.egg-info/dependency_links.txt
[2.249s] writing entry points to ../../build/explorer_wanderer/explorer_wanderer.egg-info/entry_points.txt
[2.249s] writing requirements to ../../build/explorer_wanderer/explorer_wanderer.egg-info/requires.txt
[2.249s] writing top-level names to ../../build/explorer_wanderer/explorer_wanderer.egg-info/top_level.txt
[2.303s] reading manifest file '../../build/explorer_wanderer/explorer_wanderer.egg-info/SOURCES.txt'
[2.305s] writing manifest file '../../build/explorer_wanderer/explorer_wanderer.egg-info/SOURCES.txt'
[2.305s] running build
[2.305s] running build_py
[2.305s] running install
[2.306s] running install_lib
[2.308s] running install_data
[2.309s] running install_egg_info
[2.311s] removing '/home/muhayy/mbzirc_ws/src/install/lib/python3.8/site-packages/explorer_wanderer-0.0.0-py3.8.egg-info' (and everything under it)
[2.312s] Copying ../../build/explorer_wanderer/explorer_wanderer.egg-info to /home/muhayy/mbzirc_ws/src/install/lib/python3.8/site-packages/explorer_wanderer-0.0.0-py3.8.egg-info
[2.313s] running install_scripts
[2.328s] Installing discoverer_server script to /home/muhayy/mbzirc_ws/src/install/lib/explorer_wanderer
[2.329s] Installing wanderer script to /home/muhayy/mbzirc_ws/src/install/lib/explorer_wanderer
[2.329s] Installing wanderer_server script to /home/muhayy/mbzirc_ws/src/install/lib/explorer_wanderer
[2.329s] writing list of installed files to '/home/muhayy/mbzirc_ws/src/build/explorer_wanderer/install.log'
[2.497s] Invoked command in '/home/muhayy/mbzirc_ws/src/ros2_explorer/explorer_wanderer' returned '0': PYTHONPATH=/home/muhayy/mbzirc_ws/src/install/lib/python3.8/site-packages:${PYTHONPATH} /usr/bin/python3 setup.py egg_info --egg-base ../../build/explorer_wanderer build --build-base /home/muhayy/mbzirc_ws/src/build/explorer_wanderer/build install --prefix /home/muhayy/mbzirc_ws/src/install --record /home/muhayy/mbzirc_ws/src/build/explorer_wanderer/install.log --single-version-externally-managed
