[2.042s] Invoking command in '/home/muhayy/mbzirc_ws/src/teleop_twist_keyboard': PYTHONPATH=/home/muhayy/mbzirc_ws/src/install/lib/python3.8/site-packages:${PYTHONPATH} /usr/bin/python3 setup.py egg_info --egg-base ../build/teleop_twist_keyboard build --build-base /home/muhayy/mbzirc_ws/src/build/teleop_twist_keyboard/build install --prefix /home/muhayy/mbzirc_ws/src/install --record /home/muhayy/mbzirc_ws/src/build/teleop_twist_keyboard/install.log --single-version-externally-managed
[2.367s] running egg_info
[2.368s] writing ../build/teleop_twist_keyboard/teleop_twist_keyboard.egg-info/PKG-INFO
[2.368s] writing dependency_links to ../build/teleop_twist_keyboard/teleop_twist_keyboard.egg-info/dependency_links.txt
[2.368s] writing entry points to ../build/teleop_twist_keyboard/teleop_twist_keyboard.egg-info/entry_points.txt
[2.369s] writing requirements to ../build/teleop_twist_keyboard/teleop_twist_keyboard.egg-info/requires.txt
[2.369s] writing top-level names to ../build/teleop_twist_keyboard/teleop_twist_keyboard.egg-info/top_level.txt
[2.424s] reading manifest file '../build/teleop_twist_keyboard/teleop_twist_keyboard.egg-info/SOURCES.txt'
[2.425s] writing manifest file '../build/teleop_twist_keyboard/teleop_twist_keyboard.egg-info/SOURCES.txt'
[2.426s] running build
[2.426s] running build_py
[2.427s] running install
[2.427s] running install_lib
[2.428s] running install_data
[2.428s] running install_egg_info
[2.433s] removing '/home/muhayy/mbzirc_ws/src/install/lib/python3.8/site-packages/teleop_twist_keyboard-2.3.2-py3.8.egg-info' (and everything under it)
[2.433s] Copying ../build/teleop_twist_keyboard/teleop_twist_keyboard.egg-info to /home/muhayy/mbzirc_ws/src/install/lib/python3.8/site-packages/teleop_twist_keyboard-2.3.2-py3.8.egg-info
[2.433s] running install_scripts
[2.458s] Installing teleop_twist_keyboard script to /home/muhayy/mbzirc_ws/src/install/lib/teleop_twist_keyboard
[2.458s] writing list of installed files to '/home/muhayy/mbzirc_ws/src/build/teleop_twist_keyboard/install.log'
[2.781s] Invoked command in '/home/muhayy/mbzirc_ws/src/teleop_twist_keyboard' returned '0': PYTHONPATH=/home/muhayy/mbzirc_ws/src/install/lib/python3.8/site-packages:${PYTHONPATH} /usr/bin/python3 setup.py egg_info --egg-base ../build/teleop_twist_keyboard build --build-base /home/muhayy/mbzirc_ws/src/build/teleop_twist_keyboard/build install --prefix /home/muhayy/mbzirc_ws/src/install --record /home/muhayy/mbzirc_ws/src/build/teleop_twist_keyboard/install.log --single-version-externally-managed
