[0.031s] Invoking command in '/home/muhayy/mbzirc_ws/src/build/ros_ign_gazebo_demos': AMENT_PREFIX_PATH=/home/muhayy/mbzirc_ws/src/install:${AMENT_PREFIX_PATH} CMAKE_PREFIX_PATH=/home/muhayy/mbzirc_ws/src/install:/home/muhayy/mbzirc_ws/install:/opt/ros/galactic LD_LIBRARY_PATH=/home/muhayy/mbzirc_ws/src/install/lib:${LD_LIBRARY_PATH} PATH=/home/muhayy/mbzirc_ws/src/install/bin:${PATH} PYTHONPATH=/home/muhayy/mbzirc_ws/src/install/lib/python3.8/site-packages:${PYTHONPATH} /usr/bin/cmake --build /home/muhayy/mbzirc_ws/src/build/ros_ign_gazebo_demos -- -j12 -l12
[0.067s] Invoked command in '/home/muhayy/mbzirc_ws/src/build/ros_ign_gazebo_demos' returned '0': AMENT_PREFIX_PATH=/home/muhayy/mbzirc_ws/src/install:${AMENT_PREFIX_PATH} CMAKE_PREFIX_PATH=/home/muhayy/mbzirc_ws/src/install:/home/muhayy/mbzirc_ws/install:/opt/ros/galactic LD_LIBRARY_PATH=/home/muhayy/mbzirc_ws/src/install/lib:${LD_LIBRARY_PATH} PATH=/home/muhayy/mbzirc_ws/src/install/bin:${PATH} PYTHONPATH=/home/muhayy/mbzirc_ws/src/install/lib/python3.8/site-packages:${PYTHONPATH} /usr/bin/cmake --build /home/muhayy/mbzirc_ws/src/build/ros_ign_gazebo_demos -- -j12 -l12
[0.105s] Invoking command in '/home/muhayy/mbzirc_ws/src/build/ros_ign_gazebo_demos': AMENT_PREFIX_PATH=/home/muhayy/mbzirc_ws/src/install:${AMENT_PREFIX_PATH} CMAKE_PREFIX_PATH=/home/muhayy/mbzirc_ws/src/install:/home/muhayy/mbzirc_ws/install:/opt/ros/galactic LD_LIBRARY_PATH=/home/muhayy/mbzirc_ws/src/install/lib:${LD_LIBRARY_PATH} PATH=/home/muhayy/mbzirc_ws/src/install/bin:${PATH} PYTHONPATH=/home/muhayy/mbzirc_ws/src/install/lib/python3.8/site-packages:${PYTHONPATH} /usr/bin/cmake --install /home/muhayy/mbzirc_ws/src/build/ros_ign_gazebo_demos
[0.119s] -- Install configuration: ""
[0.119s] -- Up-to-date: /home/muhayy/mbzirc_ws/src/install/share/ros_ign_gazebo_demos/launch
[0.119s] -- Up-to-date: /home/muhayy/mbzirc_ws/src/install/share/ros_ign_gazebo_demos/launch/battery.launch.py
[0.119s] -- Up-to-date: /home/muhayy/mbzirc_ws/src/install/share/ros_ign_gazebo_demos/launch/diff_drive.launch.py
[0.120s] -- Up-to-date: /home/muhayy/mbzirc_ws/src/install/share/ros_ign_gazebo_demos/launch/joint_states.launch.py
[0.120s] -- Up-to-date: /home/muhayy/mbzirc_ws/src/install/share/ros_ign_gazebo_demos/launch/image_bridge.launch.py
[0.120s] -- Up-to-date: /home/muhayy/mbzirc_ws/src/install/share/ros_ign_gazebo_demos/launch/gpu_lidar_bridge.launch.py
[0.120s] -- Up-to-date: /home/muhayy/mbzirc_ws/src/install/share/ros_ign_gazebo_demos/launch/rgbd_camera.launch.py
[0.120s] -- Up-to-date: /home/muhayy/mbzirc_ws/src/install/share/ros_ign_gazebo_demos/launch/air_pressure.launch.py
[0.120s] -- Up-to-date: /home/muhayy/mbzirc_ws/src/install/share/ros_ign_gazebo_demos/launch/magnetometer.launch.py
[0.121s] -- Up-to-date: /home/muhayy/mbzirc_ws/src/install/share/ros_ign_gazebo_demos/launch/rgbd_camera_bridge.launch.py
[0.121s] -- Up-to-date: /home/muhayy/mbzirc_ws/src/install/share/ros_ign_gazebo_demos/launch/depth_camera.launch.py
[0.121s] -- Up-to-date: /home/muhayy/mbzirc_ws/src/install/share/ros_ign_gazebo_demos/launch/gpu_lidar.launch.py
[0.121s] -- Up-to-date: /home/muhayy/mbzirc_ws/src/install/share/ros_ign_gazebo_demos/launch/camera.launch.py
[0.121s] -- Up-to-date: /home/muhayy/mbzirc_ws/src/install/share/ros_ign_gazebo_demos/launch/robot_description_publisher.launch.py
[0.121s] -- Up-to-date: /home/muhayy/mbzirc_ws/src/install/share/ros_ign_gazebo_demos/launch/imu.launch.py
[0.121s] -- Up-to-date: /home/muhayy/mbzirc_ws/src/install/share/ros_ign_gazebo_demos/rviz
[0.122s] -- Up-to-date: /home/muhayy/mbzirc_ws/src/install/share/ros_ign_gazebo_demos/rviz/gpu_lidar.rviz
[0.122s] -- Up-to-date: /home/muhayy/mbzirc_ws/src/install/share/ros_ign_gazebo_demos/rviz/rgbd_camera_bridge.rviz
[0.122s] -- Up-to-date: /home/muhayy/mbzirc_ws/src/install/share/ros_ign_gazebo_demos/rviz/robot_description_publisher.rviz
[0.122s] -- Up-to-date: /home/muhayy/mbzirc_ws/src/install/share/ros_ign_gazebo_demos/rviz/diff_drive.rviz
[0.122s] -- Up-to-date: /home/muhayy/mbzirc_ws/src/install/share/ros_ign_gazebo_demos/rviz/imu.rviz
[0.123s] -- Up-to-date: /home/muhayy/mbzirc_ws/src/install/share/ros_ign_gazebo_demos/rviz/camera.rviz
[0.123s] -- Up-to-date: /home/muhayy/mbzirc_ws/src/install/share/ros_ign_gazebo_demos/rviz/joint_states.rviz
[0.123s] -- Up-to-date: /home/muhayy/mbzirc_ws/src/install/share/ros_ign_gazebo_demos/rviz/rgbd_camera.rviz
[0.123s] -- Up-to-date: /home/muhayy/mbzirc_ws/src/install/share/ros_ign_gazebo_demos/rviz/gpu_lidar_bridge.rviz
[0.123s] -- Up-to-date: /home/muhayy/mbzirc_ws/src/install/share/ros_ign_gazebo_demos/rviz/depth_camera.rviz
[0.123s] -- Up-to-date: /home/muhayy/mbzirc_ws/src/install/share/ros_ign_gazebo_demos/models
[0.123s] -- Up-to-date: /home/muhayy/mbzirc_ws/src/install/share/ros_ign_gazebo_demos/models/rrbot.xacro
[0.124s] -- Up-to-date: /home/muhayy/mbzirc_ws/src/install/share/ament_index/resource_index/package_run_dependencies/ros_ign_gazebo_demos
[0.124s] -- Up-to-date: /home/muhayy/mbzirc_ws/src/install/share/ament_index/resource_index/parent_prefix_path/ros_ign_gazebo_demos
[0.124s] -- Up-to-date: /home/muhayy/mbzirc_ws/src/install/share/ros_ign_gazebo_demos/environment/ament_prefix_path.sh
[0.124s] -- Up-to-date: /home/muhayy/mbzirc_ws/src/install/share/ros_ign_gazebo_demos/environment/ament_prefix_path.dsv
[0.124s] -- Up-to-date: /home/muhayy/mbzirc_ws/src/install/share/ros_ign_gazebo_demos/environment/path.sh
[0.129s] -- Up-to-date: /home/muhayy/mbzirc_ws/src/install/share/ros_ign_gazebo_demos/environment/path.dsv
[0.130s] -- Up-to-date: /home/muhayy/mbzirc_ws/src/install/share/ros_ign_gazebo_demos/local_setup.bash
[0.131s] -- Up-to-date: /home/muhayy/mbzirc_ws/src/install/share/ros_ign_gazebo_demos/local_setup.sh
[0.131s] -- Up-to-date: /home/muhayy/mbzirc_ws/src/install/share/ros_ign_gazebo_demos/local_setup.zsh
[0.131s] -- Up-to-date: /home/muhayy/mbzirc_ws/src/install/share/ros_ign_gazebo_demos/local_setup.dsv
[0.132s] -- Up-to-date: /home/muhayy/mbzirc_ws/src/install/share/ros_ign_gazebo_demos/package.dsv
[0.132s] -- Up-to-date: /home/muhayy/mbzirc_ws/src/install/share/ament_index/resource_index/packages/ros_ign_gazebo_demos
[0.132s] -- Up-to-date: /home/muhayy/mbzirc_ws/src/install/share/ros_ign_gazebo_demos/cmake/ros_ign_gazebo_demosConfig.cmake
[0.133s] -- Up-to-date: /home/muhayy/mbzirc_ws/src/install/share/ros_ign_gazebo_demos/cmake/ros_ign_gazebo_demosConfig-version.cmake
[0.134s] -- Up-to-date: /home/muhayy/mbzirc_ws/src/install/share/ros_ign_gazebo_demos/package.xml
[0.134s] Invoked command in '/home/muhayy/mbzirc_ws/src/build/ros_ign_gazebo_demos' returned '0': AMENT_PREFIX_PATH=/home/muhayy/mbzirc_ws/src/install:${AMENT_PREFIX_PATH} CMAKE_PREFIX_PATH=/home/muhayy/mbzirc_ws/src/install:/home/muhayy/mbzirc_ws/install:/opt/ros/galactic LD_LIBRARY_PATH=/home/muhayy/mbzirc_ws/src/install/lib:${LD_LIBRARY_PATH} PATH=/home/muhayy/mbzirc_ws/src/install/bin:${PATH} PYTHONPATH=/home/muhayy/mbzirc_ws/src/install/lib/python3.8/site-packages:${PYTHONPATH} /usr/bin/cmake --install /home/muhayy/mbzirc_ws/src/build/ros_ign_gazebo_demos
