[0.100s] Invoking command in '/home/muhayy/mbzirc_ws/src/build/turtlebot3_description': CMAKE_PREFIX_PATH=${CMAKE_PREFIX_PATH}:/opt/ros/galactic /usr/bin/cmake /home/muhayy/mbzirc_ws/src/turtlebot3/turtlebot3_description -DCMAKE_INSTALL_PREFIX=/home/muhayy/mbzirc_ws/src/install
[1.353s] -- The C compiler identification is GNU 9.4.0
[1.353s] -- The CXX compiler identification is GNU 9.4.0
[1.353s] -- Check for working C compiler: /usr/bin/cc
[1.353s] -- Check for working C compiler: /usr/bin/cc -- works
[1.353s] -- Detecting C compiler ABI info
[1.354s] -- Detecting C compiler ABI info - done
[1.354s] -- Detecting C compile features
[1.354s] -- Detecting C compile features - done
[1.354s] -- Check for working CXX compiler: /usr/bin/c++
[1.354s] -- Check for working CXX compiler: /usr/bin/c++ -- works
[1.354s] -- Detecting CXX compiler ABI info
[1.354s] -- Detecting CXX compiler ABI info - done
[1.354s] -- Detecting CXX compile features
[1.354s] -- Detecting CXX compile features - done
[1.355s] -- Found ament_cmake: 1.1.5 (/opt/ros/galactic/share/ament_cmake/cmake)
[1.355s] -- Found PythonInterp: /usr/bin/python3 (found suitable version "3.8.10", minimum required is "3") 
[1.355s] -- Using PYTHON_EXECUTABLE: /usr/bin/python3
[1.355s] -- Found urdf: 2.5.2 (/opt/ros/galactic/share/urdf/cmake)
[1.355s] -- Configuring done
[1.355s] -- Generating done
[1.355s] -- Build files have been written to: /home/muhayy/mbzirc_ws/src/build/turtlebot3_description
[1.426s] Invoked command in '/home/muhayy/mbzirc_ws/src/build/turtlebot3_description' returned '0': CMAKE_PREFIX_PATH=${CMAKE_PREFIX_PATH}:/opt/ros/galactic /usr/bin/cmake /home/muhayy/mbzirc_ws/src/turtlebot3/turtlebot3_description -DCMAKE_INSTALL_PREFIX=/home/muhayy/mbzirc_ws/src/install
[1.427s] Invoking command in '/home/muhayy/mbzirc_ws/src/build/turtlebot3_description': CMAKE_PREFIX_PATH=${CMAKE_PREFIX_PATH}:/opt/ros/galactic /usr/bin/cmake --build /home/muhayy/mbzirc_ws/src/build/turtlebot3_description -- -j12 -l12
[1.550s] Invoked command in '/home/muhayy/mbzirc_ws/src/build/turtlebot3_description' returned '0': CMAKE_PREFIX_PATH=${CMAKE_PREFIX_PATH}:/opt/ros/galactic /usr/bin/cmake --build /home/muhayy/mbzirc_ws/src/build/turtlebot3_description -- -j12 -l12
[1.655s] Invoking command in '/home/muhayy/mbzirc_ws/src/build/turtlebot3_description': CMAKE_PREFIX_PATH=${CMAKE_PREFIX_PATH}:/opt/ros/galactic /usr/bin/cmake --install /home/muhayy/mbzirc_ws/src/build/turtlebot3_description
[1.686s] -- Install configuration: ""
[1.687s] -- Installing: /home/muhayy/mbzirc_ws/src/install/share/turtlebot3_description/meshes
[1.687s] -- Installing: /home/muhayy/mbzirc_ws/src/install/share/turtlebot3_description/meshes/bases
[1.687s] -- Installing: /home/muhayy/mbzirc_ws/src/install/share/turtlebot3_description/meshes/bases/waffle_pi_base.stl
[1.707s] -- Installing: /home/muhayy/mbzirc_ws/src/install/share/turtlebot3_description/meshes/bases/waffle_base.stl
[1.761s] -- Installing: /home/muhayy/mbzirc_ws/src/install/share/turtlebot3_description/meshes/bases/burger_base.stl
[1.783s] -- Installing: /home/muhayy/mbzirc_ws/src/install/share/turtlebot3_description/meshes/sensors
[1.783s] -- Installing: /home/muhayy/mbzirc_ws/src/install/share/turtlebot3_description/meshes/sensors/r200.jpg
[1.787s] -- Installing: /home/muhayy/mbzirc_ws/src/install/share/turtlebot3_description/meshes/sensors/astra.jpg
[1.788s] -- Installing: /home/muhayy/mbzirc_ws/src/install/share/turtlebot3_description/meshes/sensors/lds.stl
[1.790s] -- Installing: /home/muhayy/mbzirc_ws/src/install/share/turtlebot3_description/meshes/sensors/astra.dae
[1.807s] -- Installing: /home/muhayy/mbzirc_ws/src/install/share/turtlebot3_description/meshes/sensors/r200.dae
[1.808s] -- Installing: /home/muhayy/mbzirc_ws/src/install/share/turtlebot3_description/meshes/wheels
[1.808s] -- Installing: /home/muhayy/mbzirc_ws/src/install/share/turtlebot3_description/meshes/wheels/right_tire.stl
[1.810s] -- Installing: /home/muhayy/mbzirc_ws/src/install/share/turtlebot3_description/meshes/wheels/left_tire.stl
[1.812s] -- Installing: /home/muhayy/mbzirc_ws/src/install/share/turtlebot3_description/rviz
[1.812s] -- Installing: /home/muhayy/mbzirc_ws/src/install/share/turtlebot3_description/rviz/model.rviz
[1.812s] -- Installing: /home/muhayy/mbzirc_ws/src/install/share/turtlebot3_description/urdf
[1.813s] -- Installing: /home/muhayy/mbzirc_ws/src/install/share/turtlebot3_description/urdf/turtlebot3_burger.urdf
[1.813s] -- Installing: /home/muhayy/mbzirc_ws/src/install/share/turtlebot3_description/urdf/turtlebot3_waffle_pi.urdf
[1.813s] -- Installing: /home/muhayy/mbzirc_ws/src/install/share/turtlebot3_description/urdf/turtlebot3_waffle.urdf
[1.814s] -- Installing: /home/muhayy/mbzirc_ws/src/install/share/turtlebot3_description/urdf/common_properties.urdf
[1.815s] -- Installing: /home/muhayy/mbzirc_ws/src/install/share/ament_index/resource_index/package_run_dependencies/turtlebot3_description
[1.815s] -- Installing: /home/muhayy/mbzirc_ws/src/install/share/ament_index/resource_index/parent_prefix_path/turtlebot3_description
[1.816s] -- Installing: /home/muhayy/mbzirc_ws/src/install/share/turtlebot3_description/environment/ament_prefix_path.sh
[1.817s] -- Installing: /home/muhayy/mbzirc_ws/src/install/share/turtlebot3_description/environment/ament_prefix_path.dsv
[1.817s] -- Installing: /home/muhayy/mbzirc_ws/src/install/share/turtlebot3_description/environment/path.sh
[1.817s] -- Installing: /home/muhayy/mbzirc_ws/src/install/share/turtlebot3_description/environment/path.dsv
[1.818s] -- Installing: /home/muhayy/mbzirc_ws/src/install/share/turtlebot3_description/local_setup.bash
[1.818s] -- Installing: /home/muhayy/mbzirc_ws/src/install/share/turtlebot3_description/local_setup.sh
[1.818s] -- Installing: /home/muhayy/mbzirc_ws/src/install/share/turtlebot3_description/local_setup.zsh
[1.818s] -- Installing: /home/muhayy/mbzirc_ws/src/install/share/turtlebot3_description/local_setup.dsv
[1.818s] -- Installing: /home/muhayy/mbzirc_ws/src/install/share/turtlebot3_description/package.dsv
[1.819s] -- Installing: /home/muhayy/mbzirc_ws/src/install/share/ament_index/resource_index/packages/turtlebot3_description
[1.819s] -- Installing: /home/muhayy/mbzirc_ws/src/install/share/turtlebot3_description/cmake/turtlebot3_descriptionConfig.cmake
[1.820s] -- Installing: /home/muhayy/mbzirc_ws/src/install/share/turtlebot3_description/cmake/turtlebot3_descriptionConfig-version.cmake
[1.820s] -- Installing: /home/muhayy/mbzirc_ws/src/install/share/turtlebot3_description/package.xml
[1.837s] Invoked command in '/home/muhayy/mbzirc_ws/src/build/turtlebot3_description' returned '0': CMAKE_PREFIX_PATH=${CMAKE_PREFIX_PATH}:/opt/ros/galactic /usr/bin/cmake --install /home/muhayy/mbzirc_ws/src/build/turtlebot3_description
