[0.702s] Invoking command in '/home/muhayy/mbzirc_ws/src/build/turtlebot3_bringup': AMENT_PREFIX_PATH=/home/muhayy/mbzirc_ws/src/install:${AMENT_PREFIX_PATH} CMAKE_PREFIX_PATH=/home/muhayy/mbzirc_ws/src/install:/home/muhayy/mbzirc_ws/install:/opt/ros/galactic LD_LIBRARY_PATH=/home/muhayy/mbzirc_ws/src/install/lib:${LD_LIBRARY_PATH} PATH=/home/muhayy/mbzirc_ws/src/install/bin:${PATH} PYTHONPATH=/home/muhayy/mbzirc_ws/src/install/lib/python3.8/site-packages:${PYTHONPATH} /usr/bin/cmake --build /home/muhayy/mbzirc_ws/src/build/turtlebot3_bringup -- -j12 -l12
[0.786s] Invoked command in '/home/muhayy/mbzirc_ws/src/build/turtlebot3_bringup' returned '0': AMENT_PREFIX_PATH=/home/muhayy/mbzirc_ws/src/install:${AMENT_PREFIX_PATH} CMAKE_PREFIX_PATH=/home/muhayy/mbzirc_ws/src/install:/home/muhayy/mbzirc_ws/install:/opt/ros/galactic LD_LIBRARY_PATH=/home/muhayy/mbzirc_ws/src/install/lib:${LD_LIBRARY_PATH} PATH=/home/muhayy/mbzirc_ws/src/install/bin:${PATH} PYTHONPATH=/home/muhayy/mbzirc_ws/src/install/lib/python3.8/site-packages:${PYTHONPATH} /usr/bin/cmake --build /home/muhayy/mbzirc_ws/src/build/turtlebot3_bringup -- -j12 -l12
[0.896s] Invoking command in '/home/muhayy/mbzirc_ws/src/build/turtlebot3_bringup': AMENT_PREFIX_PATH=/home/muhayy/mbzirc_ws/src/install:${AMENT_PREFIX_PATH} CMAKE_PREFIX_PATH=/home/muhayy/mbzirc_ws/src/install:/home/muhayy/mbzirc_ws/install:/opt/ros/galactic LD_LIBRARY_PATH=/home/muhayy/mbzirc_ws/src/install/lib:${LD_LIBRARY_PATH} PATH=/home/muhayy/mbzirc_ws/src/install/bin:${PATH} PYTHONPATH=/home/muhayy/mbzirc_ws/src/install/lib/python3.8/site-packages:${PYTHONPATH} /usr/bin/cmake --install /home/muhayy/mbzirc_ws/src/build/turtlebot3_bringup
[0.915s] -- Install configuration: ""
[0.915s] -- Up-to-date: /home/muhayy/mbzirc_ws/src/install/share/turtlebot3_bringup/launch
[0.915s] -- Up-to-date: /home/muhayy/mbzirc_ws/src/install/share/turtlebot3_bringup/launch/rviz2.launch.py
[0.915s] -- Up-to-date: /home/muhayy/mbzirc_ws/src/install/share/turtlebot3_bringup/launch/robot.launch.py
[0.915s] -- Up-to-date: /home/muhayy/mbzirc_ws/src/install/share/turtlebot3_bringup/launch/turtlebot3_state_publisher.launch.py
[0.915s] -- Up-to-date: /home/muhayy/mbzirc_ws/src/install/share/turtlebot3_bringup/param
[0.917s] -- Up-to-date: /home/muhayy/mbzirc_ws/src/install/share/turtlebot3_bringup/param/waffle_pi.yaml
[0.920s] -- Up-to-date: /home/muhayy/mbzirc_ws/src/install/share/turtlebot3_bringup/param/burger.yaml
[0.920s] -- Up-to-date: /home/muhayy/mbzirc_ws/src/install/share/turtlebot3_bringup/param/waffle.yaml
[0.920s] -- Up-to-date: /home/muhayy/mbzirc_ws/src/install/share/ament_index/resource_index/package_run_dependencies/turtlebot3_bringup
[0.921s] -- Up-to-date: /home/muhayy/mbzirc_ws/src/install/share/ament_index/resource_index/parent_prefix_path/turtlebot3_bringup
[0.921s] -- Up-to-date: /home/muhayy/mbzirc_ws/src/install/share/turtlebot3_bringup/environment/ament_prefix_path.sh
[0.921s] -- Up-to-date: /home/muhayy/mbzirc_ws/src/install/share/turtlebot3_bringup/environment/ament_prefix_path.dsv
[0.921s] -- Up-to-date: /home/muhayy/mbzirc_ws/src/install/share/turtlebot3_bringup/environment/path.sh
[0.921s] -- Up-to-date: /home/muhayy/mbzirc_ws/src/install/share/turtlebot3_bringup/environment/path.dsv
[0.921s] -- Up-to-date: /home/muhayy/mbzirc_ws/src/install/share/turtlebot3_bringup/local_setup.bash
[0.921s] -- Up-to-date: /home/muhayy/mbzirc_ws/src/install/share/turtlebot3_bringup/local_setup.sh
[0.921s] -- Up-to-date: /home/muhayy/mbzirc_ws/src/install/share/turtlebot3_bringup/local_setup.zsh
[0.922s] -- Up-to-date: /home/muhayy/mbzirc_ws/src/install/share/turtlebot3_bringup/local_setup.dsv
[0.922s] -- Up-to-date: /home/muhayy/mbzirc_ws/src/install/share/turtlebot3_bringup/package.dsv
[0.922s] -- Up-to-date: /home/muhayy/mbzirc_ws/src/install/share/ament_index/resource_index/packages/turtlebot3_bringup
[0.922s] -- Up-to-date: /home/muhayy/mbzirc_ws/src/install/share/turtlebot3_bringup/cmake/turtlebot3_bringupConfig.cmake
[0.922s] -- Up-to-date: /home/muhayy/mbzirc_ws/src/install/share/turtlebot3_bringup/cmake/turtlebot3_bringupConfig-version.cmake
[0.922s] -- Up-to-date: /home/muhayy/mbzirc_ws/src/install/share/turtlebot3_bringup/package.xml
[0.948s] Invoked command in '/home/muhayy/mbzirc_ws/src/build/turtlebot3_bringup' returned '0': AMENT_PREFIX_PATH=/home/muhayy/mbzirc_ws/src/install:${AMENT_PREFIX_PATH} CMAKE_PREFIX_PATH=/home/muhayy/mbzirc_ws/src/install:/home/muhayy/mbzirc_ws/install:/opt/ros/galactic LD_LIBRARY_PATH=/home/muhayy/mbzirc_ws/src/install/lib:${LD_LIBRARY_PATH} PATH=/home/muhayy/mbzirc_ws/src/install/bin:${PATH} PYTHONPATH=/home/muhayy/mbzirc_ws/src/install/lib/python3.8/site-packages:${PYTHONPATH} /usr/bin/cmake --install /home/muhayy/mbzirc_ws/src/build/turtlebot3_bringup
