/home/muhayy/mbzirc_ws/src/install/lib/python3.8/site-packages/explorer_bringup/__init__.py
/home/muhayy/mbzirc_ws/src/install/lib/python3.8/site-packages/explorer_bringup/manager.py
/home/muhayy/mbzirc_ws/src/install/lib/python3.8/site-packages/explorer_bringup/__pycache__/__init__.cpython-38.pyc
/home/muhayy/mbzirc_ws/src/install/lib/python3.8/site-packages/explorer_bringup/__pycache__/manager.cpython-38.pyc
/home/muhayy/mbzirc_ws/src/install/share/ament_index/resource_index/packages/explorer_bringup
/home/muhayy/mbzirc_ws/src/install/share/explorer_bringup/package.xml
/home/muhayy/mbzirc_ws/src/install/share/explorer_bringup/map11.launch.py
/home/muhayy/mbzirc_ws/src/install/share/explorer_bringup/map1.launch.py
/home/muhayy/mbzirc_ws/src/install/share/explorer_bringup/map6.launch.py
/home/muhayy/mbzirc_ws/src/install/share/explorer_bringup/map8.launch.py
/home/muhayy/mbzirc_ws/src/install/share/explorer_bringup/map5.launch.py
/home/muhayy/mbzirc_ws/src/install/share/explorer_bringup/map3.launch.py
/home/muhayy/mbzirc_ws/src/install/share/explorer_bringup/map9.launch.py
/home/muhayy/mbzirc_ws/src/install/share/explorer_bringup/map2.launch.py
/home/muhayy/mbzirc_ws/src/install/share/explorer_bringup/map4.launch.py
/home/muhayy/mbzirc_ws/src/install/share/explorer_bringup/map10.launch.py
/home/muhayy/mbzirc_ws/src/install/share/explorer_bringup/map7.launch.py
/home/muhayy/mbzirc_ws/src/install/share/explorer_bringup
/home/muhayy/mbzirc_ws/src/install/lib/python3.8/site-packages/explorer_bringup-0.0.0-py3.8.egg-info/entry_points.txt
/home/muhayy/mbzirc_ws/src/install/lib/python3.8/site-packages/explorer_bringup-0.0.0-py3.8.egg-info/SOURCES.txt
/home/muhayy/mbzirc_ws/src/install/lib/python3.8/site-packages/explorer_bringup-0.0.0-py3.8.egg-info/zip-safe
/home/muhayy/mbzirc_ws/src/install/lib/python3.8/site-packages/explorer_bringup-0.0.0-py3.8.egg-info/PKG-INFO
/home/muhayy/mbzirc_ws/src/install/lib/python3.8/site-packages/explorer_bringup-0.0.0-py3.8.egg-info/top_level.txt
/home/muhayy/mbzirc_ws/src/install/lib/python3.8/site-packages/explorer_bringup-0.0.0-py3.8.egg-info/requires.txt
/home/muhayy/mbzirc_ws/src/install/lib/python3.8/site-packages/explorer_bringup-0.0.0-py3.8.egg-info/dependency_links.txt
/home/muhayy/mbzirc_ws/src/install/lib/explorer_bringup/manager
