-- The C compiler identification is GNU 9.4.0
-- The CXX compiler identification is GNU 9.4.0
-- Check for working C compiler: /usr/bin/cc
-- Check for working C compiler: /usr/bin/cc -- works
-- Detecting C compiler ABI info
-- Detecting C compiler ABI info - done
-- Detecting C compile features
-- Detecting C compile features - done
-- Check for working CXX compiler: /usr/bin/c++
-- Check for working CXX compiler: /usr/bin/c++ -- works
-- Detecting CXX compiler ABI info
-- Detecting CXX compiler ABI info - done
-- Detecting CXX compile features
-- Detecting CXX compile features - done
-- Found ament_cmake: 1.1.5 (/opt/ros/galactic/share/ament_cmake/cmake)
-- Found PythonInterp: /usr/bin/python3 (found suitable version "3.8.10", minimum required is "3") 
-- Using PYTHON_EXECUTABLE: /usr/bin/python3
-- Looking for ignition-math6 -- found version 6.11.0
-- Searching for dependencies of ignition-math6
-- Looking for ignition-msgs8 -- found version 8.4.0
-- Searching for dependencies of ignition-msgs8
-- Found Protobuf: /usr/lib/x86_64-linux-gnu/libprotobuf.so;-lpthread (found suitable version "3.6.1", minimum required is "3") 
-- Looking for ignition-math6 -- found version 6.11.0
-- Checking for module 'tinyxml2'
--   Found tinyxml2, version 6.2.0
-- Looking for ignition-transport11 -- found version 11.0.0
-- Searching for dependencies of ignition-transport11
-- Config-file not installed for ZeroMQ -- checking for pkg-config
-- Checking for module 'libzmq >= 4'
--   Found libzmq , version 4.3.2
-- Found ZeroMQ: TRUE (Required is at least version "4") 
-- Checking for module 'uuid'
--   Found uuid, version 2.34.0
-- Found UUID: TRUE  
-- Looking for ignition-utils1 -- found version 1.4.0
-- Searching for dependencies of ignition-utils1
-- Searching for <ignition-utils1> component [cli]
-- Looking for ignition-utils1-cli -- found version 1.4.0
-- Searching for dependencies of ignition-utils1-cli
-- Looking for ignition-msgs8 -- found version 8.4.0
-- Looking for ignition-plugin1 -- found version 1.2.1
-- Searching for dependencies of ignition-plugin1
-- Searching for <ignition-plugin1> component [loader]
-- Looking for ignition-plugin1-loader -- found version 1.2.1
-- Searching for dependencies of ignition-plugin1-loader
-- Searching for <ignition-plugin1> component [register]
-- Looking for ignition-plugin1-register -- found version 1.2.1
-- Searching for dependencies of ignition-plugin1-register
-- Looking for ignition-sensors6 -- found version 6.5.0
-- Searching for dependencies of ignition-sensors6
-- Looking for ignition-math6 -- found version 6.11.0
-- Looking for ignition-common4 -- found version 4.5.0
-- Searching for dependencies of ignition-common4
-- Looking for dlfcn.h - found
-- Looking for libdl - found
-- Found DL: TRUE  
-- Searching for <ignition-common4> component [profiler]
-- Looking for ignition-common4-profiler -- found version 4.5.0
-- Searching for dependencies of ignition-common4-profiler
-- Looking for ignition-transport11 -- found version 11.0.0
-- Looking for ignition-rendering6 -- found version 6.4.0
-- Searching for dependencies of ignition-rendering6
-- Looking for ignition-math6 -- found version 6.11.0
-- Searching for dependencies of ignition-math6
-- Searching for <ignition-math6> component [eigen3]
-- Looking for ignition-math6-eigen3 -- found version 6.11.0
-- Searching for dependencies of ignition-math6-eigen3
-- Looking for ignition-common4 -- found version 4.5.0
-- Searching for dependencies of ignition-common4
-- Looking for dlfcn.h - found
-- Looking for libdl - found
-- Searching for <ignition-common4> component [graphics]
-- Looking for ignition-common4-graphics -- found version 4.5.0
-- Searching for dependencies of ignition-common4-graphics
-- Looking for ignition-math6 -- found version 6.11.0
-- Looking for ignition-utils1 -- found version 1.4.0
-- Searching for <ignition-common4> component [events]
-- Looking for ignition-common4-events -- found version 4.5.0
-- Searching for dependencies of ignition-common4-events
-- Looking for ignition-math6 -- found version 6.11.0
-- Looking for ignition-plugin1 -- found version 1.2.1
-- Searching for dependencies of ignition-plugin1
-- Searching for <ignition-plugin1> component [all]
-- Looking for all libraries of ignition-plugin1 -- found version 1.2.1
-- Looking for ignition-plugin1 -- found version 1.2.1
-- Looking for ignition-msgs8 -- found version 8.4.0
-- Looking for sdformat12 -- found version 12.5.0
-- Searching for dependencies of sdformat12
-- Looking for ignition-math6 -- found version 6.11.0
-- Looking for ignition-utils1 -- found version 1.4.0
-- Looking for ignition-gazebo6 -- found version 6.9.0
-- Searching for dependencies of ignition-gazebo6
-- Looking for sdformat12 -- found version 12.5.0
-- Looking for ignition-plugin1 -- found version 1.2.1
-- Looking for ignition-transport11 -- found version 11.0.0
-- Searching for dependencies of ignition-transport11
-- Config-file not installed for ZeroMQ -- checking for pkg-config
-- Checking for module 'libzmq >= 4'
--   Found libzmq , version 4.3.2
-- Looking for ignition-utils1 -- found version 1.4.0
-- Looking for ignition-msgs8 -- found version 8.4.0
-- Searching for <ignition-transport11> component [log]
-- Looking for ignition-transport11-log -- found version 11.0.0
-- Searching for dependencies of ignition-transport11-log
-- Looking for ignition-msgs8 -- found version 8.4.0
-- Looking for ignition-common4 -- found version 4.5.0
-- Searching for dependencies of ignition-common4
-- Looking for dlfcn.h - found
-- Looking for libdl - found
-- Searching for <ignition-common4> component [profiler]
-- Searching for <ignition-common4> component [events]
-- Searching for <ignition-common4> component [av]
-- Looking for ignition-common4-av -- found version 4.5.0
-- Searching for dependencies of ignition-common4-av
-- Checking for module 'libswscale'
--   Found libswscale, version 5.5.100
-- Found SWSCALE: TRUE  
-- Checking for module 'libavdevice >= 56.4.100'
--   Found libavdevice , version 58.8.100
-- Found AVDEVICE: TRUE (Required is at least version "56.4.100") 
-- Checking for module 'libavformat'
--   Found libavformat, version 58.29.100
-- Found AVFORMAT: TRUE  
-- Checking for module 'libavcodec'
--   Found libavcodec, version 58.54.100
-- Found AVCODEC: TRUE  
-- Checking for module 'libavutil'
--   Found libavutil, version 56.31.100
-- Found AVUTIL: TRUE  
-- Looking for ignition-fuel_tools7 -- found version 7.0.0
-- Searching for dependencies of ignition-fuel_tools7
-- Found CURL: /usr/lib/x86_64-linux-gnu/libcurl.so (found version "7.68.0")  
-- Checking for module 'jsoncpp'
--   Found jsoncpp, version 1.7.4
-- Found JSONCPP: TRUE  
-- Checking for module 'libzip'
--   Found libzip, version 1.5.1
-- Found ZIP: TRUE  
-- Looking for ignition-common4 -- found version 4.5.0
-- Looking for ignition-math6 -- found version 6.11.0
-- Looking for ignition-msgs8 -- found version 8.4.0
-- Looking for ignition-gui6 -- found version 6.4.0
-- Searching for dependencies of ignition-gui6
-- Looking for ignition-math6 -- found version 6.11.0
-- Looking for ignition-common4 -- found version 4.5.0
-- Looking for ignition-plugin1 -- found version 1.2.1
-- Looking for ignition-transport11 -- found version 11.0.0
-- Looking for ignition-rendering6 -- found version 6.4.0
-- Looking for ignition-msgs8 -- found version 8.4.0
-- Looking for ignition-physics5 -- found version 5.1.0
-- Searching for dependencies of ignition-physics5
-- Looking for ignition-math6 -- found version 6.11.0
-- Looking for ignition-plugin1 -- found version 1.2.1
-- Looking for ignition-utils1 -- found version 1.4.0
-- Searching for <ignition-physics5> component [heightmap]
-- Looking for ignition-physics5-heightmap -- found version 5.1.0
-- Searching for dependencies of ignition-physics5-heightmap
-- Looking for ignition-common4 -- found version 4.5.0
-- Searching for <ignition-physics5> component [mesh]
-- Looking for ignition-physics5-mesh -- found version 5.1.0
-- Searching for dependencies of ignition-physics5-mesh
-- Looking for ignition-common4 -- found version 4.5.0
-- Searching for <ignition-physics5> component [sdf]
-- Looking for ignition-physics5-sdf -- found version 5.1.0
-- Searching for dependencies of ignition-physics5-sdf
-- Looking for sdformat12 -- found version 12.5.0
-- Looking for ignition-sensors6 -- found version 6.5.0
-- Searching for dependencies of ignition-sensors6
-- Looking for ignition-math6 -- found version 6.11.0
-- Looking for ignition-common4 -- found version 4.5.0
-- Looking for ignition-transport11 -- found version 11.0.0
-- Looking for ignition-rendering6 -- found version 6.4.0
-- Looking for ignition-msgs8 -- found version 8.4.0
-- Looking for sdformat12 -- found version 12.5.0
-- Searching for <ignition-sensors6> component [air_pressure]
-- Looking for ignition-sensors6-air_pressure -- found version 6.5.0
-- Searching for dependencies of ignition-sensors6-air_pressure
-- Searching for <ignition-sensors6> component [altimeter]
-- Looking for ignition-sensors6-altimeter -- found version 6.5.0
-- Searching for dependencies of ignition-sensors6-altimeter
-- Searching for <ignition-sensors6> component [imu]
-- Looking for ignition-sensors6-imu -- found version 6.5.0
-- Searching for dependencies of ignition-sensors6-imu
-- Searching for <ignition-sensors6> component [force_torque]
-- Looking for ignition-sensors6-force_torque -- found version 6.5.0
-- Searching for dependencies of ignition-sensors6-force_torque
-- Searching for <ignition-sensors6> component [logical_camera]
-- Looking for ignition-sensors6-logical_camera -- found version 6.5.0
-- Searching for dependencies of ignition-sensors6-logical_camera
-- Searching for <ignition-sensors6> component [magnetometer]
-- Looking for ignition-sensors6-magnetometer -- found version 6.5.0
-- Searching for dependencies of ignition-sensors6-magnetometer
-- Searching for <ignition-sensors6> component [navsat]
-- Looking for ignition-sensors6-navsat -- found version 6.5.0
-- Searching for dependencies of ignition-sensors6-navsat
-- Searching for <ignition-sensors6> component [rendering]
-- Looking for ignition-sensors6-rendering -- found version 6.5.0
-- Searching for dependencies of ignition-sensors6-rendering
-- Searching for <ignition-sensors6> component [lidar]
-- Looking for ignition-sensors6-lidar -- found version 6.5.0
-- Searching for dependencies of ignition-sensors6-lidar
-- Searching for <ignition-sensors6> component [gpu_lidar]
-- Looking for ignition-sensors6-gpu_lidar -- found version 6.5.0
-- Searching for dependencies of ignition-sensors6-gpu_lidar
-- Searching for <ignition-sensors6> component [camera]
-- Looking for ignition-sensors6-camera -- found version 6.5.0
-- Searching for dependencies of ignition-sensors6-camera
-- Searching for <ignition-sensors6> component [segmentation_camera]
-- Looking for ignition-sensors6-segmentation_camera -- found version 6.5.0
-- Searching for dependencies of ignition-sensors6-segmentation_camera
-- Searching for <ignition-sensors6> component [depth_camera]
-- Looking for ignition-sensors6-depth_camera -- found version 6.5.0
-- Searching for dependencies of ignition-sensors6-depth_camera
-- Searching for <ignition-sensors6> component [rgbd_camera]
-- Looking for ignition-sensors6-rgbd_camera -- found version 6.5.0
-- Searching for dependencies of ignition-sensors6-rgbd_camera
-- Searching for <ignition-sensors6> component [thermal_camera]
-- Looking for ignition-sensors6-thermal_camera -- found version 6.5.0
-- Searching for dependencies of ignition-sensors6-thermal_camera
-- Looking for ignition-rendering6 -- found version 6.4.0
-- Looking for ignition-math6 -- found version 6.11.0
-- Looking for ignition-utils1 -- found version 1.4.0
-- Found radar_msgs: 0.2.1 (/opt/ros/galactic/share/radar_msgs/cmake)
-- Using all available rosidl_typesupport_c: rosidl_typesupport_fastrtps_c;rosidl_typesupport_introspection_c
-- Found rosidl_adapter: 2.2.2 (/opt/ros/galactic/share/rosidl_adapter/cmake)
-- Found OpenSSL: /usr/lib/x86_64-linux-gnu/libcrypto.so (found version "1.1.1f")  
-- Found FastRTPS: /opt/ros/galactic/include  
-- Using all available rosidl_typesupport_cpp: rosidl_typesupport_fastrtps_cpp;rosidl_typesupport_introspection_cpp
-- Found ros_ign_bridge: 0.233.4 (/home/muhayy/mbzirc_ws/src/install/share/ros_ign_bridge/cmake)
-- Found rmw_implementation_cmake: 3.3.1 (/opt/ros/galactic/share/rmw_implementation_cmake/cmake)
-- Found rmw_cyclonedds_cpp: 0.22.5 (/opt/ros/galactic/share/rmw_cyclonedds_cpp/cmake)
-- Using RMW implementation 'rmw_cyclonedds_cpp' as default
-- Found Threads: TRUE  
-- Configuring done
-- Generating done
-- Build files have been written to: /home/muhayy/mbzirc_ws/src/build/mbzirc_naive_radar
[35m[1mScanning dependencies of target naive_radar_bridge[0m
[35m[1mScanning dependencies of target NaiveRadar[0m
[ 25%] [32mBuilding CXX object CMakeFiles/NaiveRadar.dir/src/NaiveRadar.cc.o[0m
[ 50%] [32mBuilding CXX object CMakeFiles/naive_radar_bridge.dir/src/naive_radar_bridge.cc.o[0m
[ 75%] [32m[1mLinking CXX shared library libNaiveRadar.so[0m
[100%] [32m[1mLinking CXX executable naive_radar_bridge[0m
[100%] Built target NaiveRadar
[100%] Built target naive_radar_bridge
-- Install configuration: ""
-- Installing: /home/muhayy/mbzirc_ws/src/install/share/mbzirc_naive_radar/environment/resource_paths.dsv
-- Installing: /home/muhayy/mbzirc_ws/src/install/share/mbzirc_naive_radar/environment/resource_paths.sh
-- Installing: /home/muhayy/mbzirc_ws/src/install/share/ament_index/resource_index/package_run_dependencies/mbzirc_naive_radar
-- Installing: /home/muhayy/mbzirc_ws/src/install/share/ament_index/resource_index/parent_prefix_path/mbzirc_naive_radar
-- Installing: /home/muhayy/mbzirc_ws/src/install/share/mbzirc_naive_radar/environment/ament_prefix_path.sh
-- Installing: /home/muhayy/mbzirc_ws/src/install/share/mbzirc_naive_radar/environment/ament_prefix_path.dsv
-- Installing: /home/muhayy/mbzirc_ws/src/install/share/mbzirc_naive_radar/environment/path.sh
-- Installing: /home/muhayy/mbzirc_ws/src/install/share/mbzirc_naive_radar/environment/path.dsv
-- Installing: /home/muhayy/mbzirc_ws/src/install/share/mbzirc_naive_radar/local_setup.bash
-- Installing: /home/muhayy/mbzirc_ws/src/install/share/mbzirc_naive_radar/local_setup.sh
-- Installing: /home/muhayy/mbzirc_ws/src/install/share/mbzirc_naive_radar/local_setup.zsh
-- Installing: /home/muhayy/mbzirc_ws/src/install/share/mbzirc_naive_radar/local_setup.dsv
-- Installing: /home/muhayy/mbzirc_ws/src/install/share/mbzirc_naive_radar/package.dsv
-- Installing: /home/muhayy/mbzirc_ws/src/install/share/ament_index/resource_index/packages/mbzirc_naive_radar
-- Installing: /home/muhayy/mbzirc_ws/src/install/share/mbzirc_naive_radar/cmake/mbzirc_naive_radarConfig.cmake
-- Installing: /home/muhayy/mbzirc_ws/src/install/share/mbzirc_naive_radar/cmake/mbzirc_naive_radarConfig-version.cmake
-- Installing: /home/muhayy/mbzirc_ws/src/install/share/mbzirc_naive_radar/package.xml
