[0.030s] Invoking command in '/home/muhayy/mbzirc_ws/src/build/mbzirc_naive_radar': AMENT_PREFIX_PATH=/home/muhayy/mbzirc_ws/src/install:${AMENT_PREFIX_PATH} CMAKE_PREFIX_PATH=/home/muhayy/mbzirc_ws/src/install:/home/muhayy/mbzirc_ws/install:/opt/ros/galactic IGN_GAZEBO_RESOURCE_PATH=/home/muhayy/mbzirc_ws/src/install/share/mbzirc_ign/models:/home/muhayy/mbzirc_ws/src/install/share/mbzirc_ign/worlds:${IGN_GAZEBO_RESOURCE_PATH} IGN_GAZEBO_SYSTEM_PLUGIN_PATH=/home/muhayy/mbzirc_ws/src/install/lib:${IGN_GAZEBO_SYSTEM_PLUGIN_PATH} LD_LIBRARY_PATH=/home/muhayy/mbzirc_ws/src/install/lib:${LD_LIBRARY_PATH} PATH=/home/muhayy/mbzirc_ws/src/install/bin:${PATH} PYTHONPATH=/home/muhayy/mbzirc_ws/src/install/lib/python3.8/site-packages:${PYTHONPATH} /usr/bin/cmake /home/muhayy/mbzirc_ws/src/mbzirc/mbzirc_custom/mbzirc_naive_radar -DCMAKE_INSTALL_PREFIX=/home/muhayy/mbzirc_ws/src/install
[0.078s] -- The C compiler identification is GNU 9.4.0
[0.126s] -- The CXX compiler identification is GNU 9.4.0
[0.130s] -- Check for working C compiler: /usr/bin/cc
[0.189s] -- Check for working C compiler: /usr/bin/cc -- works
[0.190s] -- Detecting C compiler ABI info
[0.251s] -- Detecting C compiler ABI info - done
[0.261s] -- Detecting C compile features
[0.262s] -- Detecting C compile features - done
[0.264s] -- Check for working CXX compiler: /usr/bin/c++
[0.333s] -- Check for working CXX compiler: /usr/bin/c++ -- works
[0.334s] -- Detecting CXX compiler ABI info
[0.403s] -- Detecting CXX compiler ABI info - done
[0.414s] -- Detecting CXX compile features
[0.415s] -- Detecting CXX compile features - done
[0.417s] -- Found ament_cmake: 1.1.5 (/opt/ros/galactic/share/ament_cmake/cmake)
[0.439s] -- Found PythonInterp: /usr/bin/python3 (found suitable version "3.8.10", minimum required is "3") 
[0.440s] -- Using PYTHON_EXECUTABLE: /usr/bin/python3
[0.524s] -- Looking for ignition-math6 -- found version 6.11.0
[0.530s] -- Searching for dependencies of ignition-math6
[0.532s] -- Looking for ignition-msgs8 -- found version 8.4.0
[0.532s] -- Searching for dependencies of ignition-msgs8
[0.817s] -- Found Protobuf: /usr/lib/x86_64-linux-gnu/libprotobuf.so;-lpthread (found suitable version "3.6.1", minimum required is "3") 
[0.818s] -- Looking for ignition-math6 -- found version 6.11.0
[0.822s] -- Checking for module 'tinyxml2'
[0.836s] --   Found tinyxml2, version 6.2.0
[0.880s] -- Looking for ignition-transport11 -- found version 11.0.0
[0.881s] -- Searching for dependencies of ignition-transport11
[0.909s] -- Config-file not installed for ZeroMQ -- checking for pkg-config
[0.913s] -- Checking for module 'libzmq >= 4'
[0.930s] --   Found libzmq , version 4.3.2
[0.977s] -- Found ZeroMQ: TRUE (Required is at least version "4") 
[0.981s] -- Checking for module 'uuid'
[0.999s] --   Found uuid, version 2.34.0
[1.044s] -- Found UUID: TRUE  
[1.047s] -- Looking for ignition-utils1 -- found version 1.4.0
[1.047s] -- Searching for dependencies of ignition-utils1
[1.048s] -- Searching for <ignition-utils1> component [cli]
[1.051s] -- Looking for ignition-utils1-cli -- found version 1.4.0
[1.052s] -- Searching for dependencies of ignition-utils1-cli
[1.053s] -- Looking for ignition-msgs8 -- found version 8.4.0
[1.057s] -- Looking for ignition-plugin1 -- found version 1.2.1
[1.057s] -- Searching for dependencies of ignition-plugin1
[1.058s] -- Searching for <ignition-plugin1> component [loader]
[1.061s] -- Looking for ignition-plugin1-loader -- found version 1.2.1
[1.062s] -- Searching for dependencies of ignition-plugin1-loader
[1.063s] -- Searching for <ignition-plugin1> component [register]
[1.065s] -- Looking for ignition-plugin1-register -- found version 1.2.1
[1.066s] -- Searching for dependencies of ignition-plugin1-register
[1.069s] -- Looking for ignition-sensors6 -- found version 6.5.0
[1.070s] -- Searching for dependencies of ignition-sensors6
[1.092s] -- Looking for ignition-math6 -- found version 6.11.0
[1.094s] -- Looking for ignition-common4 -- found version 4.5.0
[1.095s] -- Searching for dependencies of ignition-common4
[1.095s] -- Looking for dlfcn.h - found
[1.096s] -- Looking for libdl - found
[1.097s] -- Found DL: TRUE  
[1.105s] -- Searching for <ignition-common4> component [profiler]
[1.107s] -- Looking for ignition-common4-profiler -- found version 4.5.0
[1.107s] -- Searching for dependencies of ignition-common4-profiler
[1.109s] -- Looking for ignition-transport11 -- found version 11.0.0
[1.110s] -- Looking for ignition-rendering6 -- found version 6.4.0
[1.111s] -- Searching for dependencies of ignition-rendering6
[1.111s] -- Looking for ignition-math6 -- found version 6.11.0
[1.112s] -- Searching for dependencies of ignition-math6
[1.112s] -- Searching for <ignition-math6> component [eigen3]
[1.114s] -- Looking for ignition-math6-eigen3 -- found version 6.11.0
[1.114s] -- Searching for dependencies of ignition-math6-eigen3
[1.117s] -- Looking for ignition-common4 -- found version 4.5.0
[1.118s] -- Searching for dependencies of ignition-common4
[1.118s] -- Looking for dlfcn.h - found
[1.118s] -- Looking for libdl - found
[1.126s] -- Searching for <ignition-common4> component [graphics]
[1.128s] -- Looking for ignition-common4-graphics -- found version 4.5.0
[1.128s] -- Searching for dependencies of ignition-common4-graphics
[1.128s] -- Looking for ignition-math6 -- found version 6.11.0
[1.129s] -- Looking for ignition-utils1 -- found version 1.4.0
[1.130s] -- Searching for <ignition-common4> component [events]
[1.131s] -- Looking for ignition-common4-events -- found version 4.5.0
[1.132s] -- Searching for dependencies of ignition-common4-events
[1.132s] -- Looking for ignition-math6 -- found version 6.11.0
[1.133s] -- Looking for ignition-plugin1 -- found version 1.2.1
[1.134s] -- Searching for dependencies of ignition-plugin1
[1.134s] -- Searching for <ignition-plugin1> component [all]
[1.136s] -- Looking for all libraries of ignition-plugin1 -- found version 1.2.1
[1.136s] -- Looking for ignition-plugin1 -- found version 1.2.1
[1.138s] -- Looking for ignition-msgs8 -- found version 8.4.0
[1.140s] -- Looking for sdformat12 -- found version 12.5.0
[1.141s] -- Searching for dependencies of sdformat12
[1.147s] -- Looking for ignition-math6 -- found version 6.11.0
[1.147s] -- Looking for ignition-utils1 -- found version 1.4.0
[1.151s] -- Looking for ignition-gazebo6 -- found version 6.9.0
[1.151s] -- Searching for dependencies of ignition-gazebo6
[1.151s] -- Looking for sdformat12 -- found version 12.5.0
[1.152s] -- Looking for ignition-plugin1 -- found version 1.2.1
[1.152s] -- Looking for ignition-transport11 -- found version 11.0.0
[1.153s] -- Searching for dependencies of ignition-transport11
[1.181s] -- Config-file not installed for ZeroMQ -- checking for pkg-config
[1.185s] -- Checking for module 'libzmq >= 4'
[1.199s] --   Found libzmq , version 4.3.2
[1.243s] -- Looking for ignition-utils1 -- found version 1.4.0
[1.243s] -- Looking for ignition-msgs8 -- found version 8.4.0
[1.243s] -- Searching for <ignition-transport11> component [log]
[1.245s] -- Looking for ignition-transport11-log -- found version 11.0.0
[1.246s] -- Searching for dependencies of ignition-transport11-log
[1.247s] -- Looking for ignition-msgs8 -- found version 8.4.0
[1.247s] -- Looking for ignition-common4 -- found version 4.5.0
[1.248s] -- Searching for dependencies of ignition-common4
[1.248s] -- Looking for dlfcn.h - found
[1.248s] -- Looking for libdl - found
[1.255s] -- Searching for <ignition-common4> component [profiler]
[1.255s] -- Searching for <ignition-common4> component [events]
[1.256s] -- Searching for <ignition-common4> component [av]
[1.258s] -- Looking for ignition-common4-av -- found version 4.5.0
[1.258s] -- Searching for dependencies of ignition-common4-av
[1.262s] -- Checking for module 'libswscale'
[1.276s] --   Found libswscale, version 5.5.100
[1.313s] -- Found SWSCALE: TRUE  
[1.317s] -- Checking for module 'libavdevice >= 56.4.100'
[1.332s] --   Found libavdevice , version 58.8.100
[1.374s] -- Found AVDEVICE: TRUE (Required is at least version "56.4.100") 
[1.378s] -- Checking for module 'libavformat'
[1.393s] --   Found libavformat, version 58.29.100
[1.433s] -- Found AVFORMAT: TRUE  
[1.437s] -- Checking for module 'libavcodec'
[1.451s] --   Found libavcodec, version 58.54.100
[1.489s] -- Found AVCODEC: TRUE  
[1.493s] -- Checking for module 'libavutil'
[1.507s] --   Found libavutil, version 56.31.100
[1.545s] -- Found AVUTIL: TRUE  
[1.548s] -- Looking for ignition-fuel_tools7 -- found version 7.0.0
[1.548s] -- Searching for dependencies of ignition-fuel_tools7
[1.621s] -- Found CURL: /usr/lib/x86_64-linux-gnu/libcurl.so (found version "7.68.0")  
[1.628s] -- Checking for module 'jsoncpp'
[1.643s] --   Found jsoncpp, version 1.7.4
[1.681s] -- Found JSONCPP: TRUE  
[1.686s] -- Checking for module 'libzip'
[1.701s] --   Found libzip, version 1.5.1
[1.743s] -- Found ZIP: TRUE  
[1.744s] -- Looking for ignition-common4 -- found version 4.5.0
[1.744s] -- Looking for ignition-math6 -- found version 6.11.0
[1.744s] -- Looking for ignition-msgs8 -- found version 8.4.0
[1.747s] -- Looking for ignition-gui6 -- found version 6.4.0
[1.748s] -- Searching for dependencies of ignition-gui6
[1.772s] -- Looking for ignition-math6 -- found version 6.11.0
[1.772s] -- Looking for ignition-common4 -- found version 4.5.0
[1.773s] -- Looking for ignition-plugin1 -- found version 1.2.1
[1.773s] -- Looking for ignition-transport11 -- found version 11.0.0
[1.773s] -- Looking for ignition-rendering6 -- found version 6.4.0
[1.774s] -- Looking for ignition-msgs8 -- found version 8.4.0
[1.793s] -- Looking for ignition-physics5 -- found version 5.1.0
[1.793s] -- Searching for dependencies of ignition-physics5
[1.793s] -- Looking for ignition-math6 -- found version 6.11.0
[1.794s] -- Looking for ignition-plugin1 -- found version 1.2.1
[1.794s] -- Looking for ignition-utils1 -- found version 1.4.0
[1.796s] -- Searching for <ignition-physics5> component [heightmap]
[1.798s] -- Looking for ignition-physics5-heightmap -- found version 5.1.0
[1.798s] -- Searching for dependencies of ignition-physics5-heightmap
[1.798s] -- Looking for ignition-common4 -- found version 4.5.0
[1.799s] -- Searching for <ignition-physics5> component [mesh]
[1.801s] -- Looking for ignition-physics5-mesh -- found version 5.1.0
[1.801s] -- Searching for dependencies of ignition-physics5-mesh
[1.801s] -- Looking for ignition-common4 -- found version 4.5.0
[1.802s] -- Searching for <ignition-physics5> component [sdf]
[1.804s] -- Looking for ignition-physics5-sdf -- found version 5.1.0
[1.804s] -- Searching for dependencies of ignition-physics5-sdf
[1.805s] -- Looking for sdformat12 -- found version 12.5.0
[1.806s] -- Looking for ignition-sensors6 -- found version 6.5.0
[1.806s] -- Searching for dependencies of ignition-sensors6
[1.825s] -- Looking for ignition-math6 -- found version 6.11.0
[1.825s] -- Looking for ignition-common4 -- found version 4.5.0
[1.825s] -- Looking for ignition-transport11 -- found version 11.0.0
[1.826s] -- Looking for ignition-rendering6 -- found version 6.4.0
[1.826s] -- Looking for ignition-msgs8 -- found version 8.4.0
[1.827s] -- Looking for sdformat12 -- found version 12.5.0
[1.827s] -- Searching for <ignition-sensors6> component [air_pressure]
[1.829s] -- Looking for ignition-sensors6-air_pressure -- found version 6.5.0
[1.829s] -- Searching for dependencies of ignition-sensors6-air_pressure
[1.830s] -- Searching for <ignition-sensors6> component [altimeter]
[1.832s] -- Looking for ignition-sensors6-altimeter -- found version 6.5.0
[1.832s] -- Searching for dependencies of ignition-sensors6-altimeter
[1.833s] -- Searching for <ignition-sensors6> component [imu]
[1.835s] -- Looking for ignition-sensors6-imu -- found version 6.5.0
[1.835s] -- Searching for dependencies of ignition-sensors6-imu
[1.836s] -- Searching for <ignition-sensors6> component [force_torque]
[1.838s] -- Looking for ignition-sensors6-force_torque -- found version 6.5.0
[1.838s] -- Searching for dependencies of ignition-sensors6-force_torque
[1.839s] -- Searching for <ignition-sensors6> component [logical_camera]
[1.840s] -- Looking for ignition-sensors6-logical_camera -- found version 6.5.0
[1.841s] -- Searching for dependencies of ignition-sensors6-logical_camera
[1.842s] -- Searching for <ignition-sensors6> component [magnetometer]
[1.843s] -- Looking for ignition-sensors6-magnetometer -- found version 6.5.0
[1.844s] -- Searching for dependencies of ignition-sensors6-magnetometer
[1.845s] -- Searching for <ignition-sensors6> component [navsat]
[1.846s] -- Looking for ignition-sensors6-navsat -- found version 6.5.0
[1.847s] -- Searching for dependencies of ignition-sensors6-navsat
[1.848s] -- Searching for <ignition-sensors6> component [rendering]
[1.849s] -- Looking for ignition-sensors6-rendering -- found version 6.5.0
[1.850s] -- Searching for dependencies of ignition-sensors6-rendering
[1.850s] -- Searching for <ignition-sensors6> component [lidar]
[1.852s] -- Looking for ignition-sensors6-lidar -- found version 6.5.0
[1.853s] -- Searching for dependencies of ignition-sensors6-lidar
[1.853s] -- Searching for <ignition-sensors6> component [gpu_lidar]
[1.855s] -- Looking for ignition-sensors6-gpu_lidar -- found version 6.5.0
[1.856s] -- Searching for dependencies of ignition-sensors6-gpu_lidar
[1.856s] -- Searching for <ignition-sensors6> component [camera]
[1.858s] -- Looking for ignition-sensors6-camera -- found version 6.5.0
[1.859s] -- Searching for dependencies of ignition-sensors6-camera
[1.859s] -- Searching for <ignition-sensors6> component [segmentation_camera]
[1.861s] -- Looking for ignition-sensors6-segmentation_camera -- found version 6.5.0
[1.862s] -- Searching for dependencies of ignition-sensors6-segmentation_camera
[1.862s] -- Searching for <ignition-sensors6> component [depth_camera]
[1.864s] -- Looking for ignition-sensors6-depth_camera -- found version 6.5.0
[1.865s] -- Searching for dependencies of ignition-sensors6-depth_camera
[1.865s] -- Searching for <ignition-sensors6> component [rgbd_camera]
[1.867s] -- Looking for ignition-sensors6-rgbd_camera -- found version 6.5.0
[1.868s] -- Searching for dependencies of ignition-sensors6-rgbd_camera
[1.869s] -- Searching for <ignition-sensors6> component [thermal_camera]
[1.870s] -- Looking for ignition-sensors6-thermal_camera -- found version 6.5.0
[1.871s] -- Searching for dependencies of ignition-sensors6-thermal_camera
[1.872s] -- Looking for ignition-rendering6 -- found version 6.4.0
[1.872s] -- Looking for ignition-math6 -- found version 6.11.0
[1.874s] -- Looking for ignition-utils1 -- found version 1.4.0
[1.902s] -- Found radar_msgs: 0.2.1 (/opt/ros/galactic/share/radar_msgs/cmake)
[1.924s] -- Using all available rosidl_typesupport_c: rosidl_typesupport_fastrtps_c;rosidl_typesupport_introspection_c
[1.931s] -- Found rosidl_adapter: 2.2.2 (/opt/ros/galactic/share/rosidl_adapter/cmake)
[2.019s] -- Found OpenSSL: /usr/lib/x86_64-linux-gnu/libcrypto.so (found version "1.1.1f")  
[2.046s] -- Found FastRTPS: /opt/ros/galactic/include  
[2.122s] -- Using all available rosidl_typesupport_cpp: rosidl_typesupport_fastrtps_cpp;rosidl_typesupport_introspection_cpp
[2.298s] -- Found ros_ign_bridge: 0.233.4 (/home/muhayy/mbzirc_ws/src/install/share/ros_ign_bridge/cmake)
[2.349s] -- Found rmw_implementation_cmake: 3.3.1 (/opt/ros/galactic/share/rmw_implementation_cmake/cmake)
[2.352s] -- Found rmw_cyclonedds_cpp: 0.22.5 (/opt/ros/galactic/share/rmw_cyclonedds_cpp/cmake)
[2.370s] -- Using RMW implementation 'rmw_cyclonedds_cpp' as default
[2.371s] -- Found Threads: TRUE  
[3.163s] -- Configuring done
[3.188s] -- Generating done
[3.190s] -- Build files have been written to: /home/muhayy/mbzirc_ws/src/build/mbzirc_naive_radar
[3.200s] Invoked command in '/home/muhayy/mbzirc_ws/src/build/mbzirc_naive_radar' returned '0': AMENT_PREFIX_PATH=/home/muhayy/mbzirc_ws/src/install:${AMENT_PREFIX_PATH} CMAKE_PREFIX_PATH=/home/muhayy/mbzirc_ws/src/install:/home/muhayy/mbzirc_ws/install:/opt/ros/galactic IGN_GAZEBO_RESOURCE_PATH=/home/muhayy/mbzirc_ws/src/install/share/mbzirc_ign/models:/home/muhayy/mbzirc_ws/src/install/share/mbzirc_ign/worlds:${IGN_GAZEBO_RESOURCE_PATH} IGN_GAZEBO_SYSTEM_PLUGIN_PATH=/home/muhayy/mbzirc_ws/src/install/lib:${IGN_GAZEBO_SYSTEM_PLUGIN_PATH} LD_LIBRARY_PATH=/home/muhayy/mbzirc_ws/src/install/lib:${LD_LIBRARY_PATH} PATH=/home/muhayy/mbzirc_ws/src/install/bin:${PATH} PYTHONPATH=/home/muhayy/mbzirc_ws/src/install/lib/python3.8/site-packages:${PYTHONPATH} /usr/bin/cmake /home/muhayy/mbzirc_ws/src/mbzirc/mbzirc_custom/mbzirc_naive_radar -DCMAKE_INSTALL_PREFIX=/home/muhayy/mbzirc_ws/src/install
[3.202s] Invoking command in '/home/muhayy/mbzirc_ws/src/build/mbzirc_naive_radar': AMENT_PREFIX_PATH=/home/muhayy/mbzirc_ws/src/install:${AMENT_PREFIX_PATH} CMAKE_PREFIX_PATH=/home/muhayy/mbzirc_ws/src/install:/home/muhayy/mbzirc_ws/install:/opt/ros/galactic IGN_GAZEBO_RESOURCE_PATH=/home/muhayy/mbzirc_ws/src/install/share/mbzirc_ign/models:/home/muhayy/mbzirc_ws/src/install/share/mbzirc_ign/worlds:${IGN_GAZEBO_RESOURCE_PATH} IGN_GAZEBO_SYSTEM_PLUGIN_PATH=/home/muhayy/mbzirc_ws/src/install/lib:${IGN_GAZEBO_SYSTEM_PLUGIN_PATH} LD_LIBRARY_PATH=/home/muhayy/mbzirc_ws/src/install/lib:${LD_LIBRARY_PATH} PATH=/home/muhayy/mbzirc_ws/src/install/bin:${PATH} PYTHONPATH=/home/muhayy/mbzirc_ws/src/install/lib/python3.8/site-packages:${PYTHONPATH} /usr/bin/cmake --build /home/muhayy/mbzirc_ws/src/build/mbzirc_naive_radar -- -j12 -l12
[3.238s] [35m[1mScanning dependencies of target naive_radar_bridge[0m
[3.238s] [35m[1mScanning dependencies of target NaiveRadar[0m
[3.300s] [ 25%] [32mBuilding CXX object CMakeFiles/NaiveRadar.dir/src/NaiveRadar.cc.o[0m
[3.308s] [ 50%] [32mBuilding CXX object CMakeFiles/naive_radar_bridge.dir/src/naive_radar_bridge.cc.o[0m
[10.005s] [ 75%] [32m[1mLinking CXX shared library libNaiveRadar.so[0m
[10.247s] [100%] [32m[1mLinking CXX executable naive_radar_bridge[0m
[10.345s] [100%] Built target NaiveRadar
[14.143s] [100%] Built target naive_radar_bridge
[14.154s] Invoked command in '/home/muhayy/mbzirc_ws/src/build/mbzirc_naive_radar' returned '0': AMENT_PREFIX_PATH=/home/muhayy/mbzirc_ws/src/install:${AMENT_PREFIX_PATH} CMAKE_PREFIX_PATH=/home/muhayy/mbzirc_ws/src/install:/home/muhayy/mbzirc_ws/install:/opt/ros/galactic IGN_GAZEBO_RESOURCE_PATH=/home/muhayy/mbzirc_ws/src/install/share/mbzirc_ign/models:/home/muhayy/mbzirc_ws/src/install/share/mbzirc_ign/worlds:${IGN_GAZEBO_RESOURCE_PATH} IGN_GAZEBO_SYSTEM_PLUGIN_PATH=/home/muhayy/mbzirc_ws/src/install/lib:${IGN_GAZEBO_SYSTEM_PLUGIN_PATH} LD_LIBRARY_PATH=/home/muhayy/mbzirc_ws/src/install/lib:${LD_LIBRARY_PATH} PATH=/home/muhayy/mbzirc_ws/src/install/bin:${PATH} PYTHONPATH=/home/muhayy/mbzirc_ws/src/install/lib/python3.8/site-packages:${PYTHONPATH} /usr/bin/cmake --build /home/muhayy/mbzirc_ws/src/build/mbzirc_naive_radar -- -j12 -l12
[14.179s] Invoking command in '/home/muhayy/mbzirc_ws/src/build/mbzirc_naive_radar': AMENT_PREFIX_PATH=/home/muhayy/mbzirc_ws/src/install:${AMENT_PREFIX_PATH} CMAKE_PREFIX_PATH=/home/muhayy/mbzirc_ws/src/install:/home/muhayy/mbzirc_ws/install:/opt/ros/galactic IGN_GAZEBO_RESOURCE_PATH=/home/muhayy/mbzirc_ws/src/install/share/mbzirc_ign/models:/home/muhayy/mbzirc_ws/src/install/share/mbzirc_ign/worlds:${IGN_GAZEBO_RESOURCE_PATH} IGN_GAZEBO_SYSTEM_PLUGIN_PATH=/home/muhayy/mbzirc_ws/src/install/lib:${IGN_GAZEBO_SYSTEM_PLUGIN_PATH} LD_LIBRARY_PATH=/home/muhayy/mbzirc_ws/src/install/lib:${LD_LIBRARY_PATH} PATH=/home/muhayy/mbzirc_ws/src/install/bin:${PATH} PYTHONPATH=/home/muhayy/mbzirc_ws/src/install/lib/python3.8/site-packages:${PYTHONPATH} /usr/bin/cmake --install /home/muhayy/mbzirc_ws/src/build/mbzirc_naive_radar
[14.186s] -- Install configuration: ""
[14.186s] -- Installing: /home/muhayy/mbzirc_ws/src/install/share/mbzirc_naive_radar/environment/resource_paths.dsv
[14.186s] -- Installing: /home/muhayy/mbzirc_ws/src/install/share/mbzirc_naive_radar/environment/resource_paths.sh
[14.186s] -- Installing: /home/muhayy/mbzirc_ws/src/install/share/ament_index/resource_index/package_run_dependencies/mbzirc_naive_radar
[14.186s] -- Installing: /home/muhayy/mbzirc_ws/src/install/share/ament_index/resource_index/parent_prefix_path/mbzirc_naive_radar
[14.186s] -- Installing: /home/muhayy/mbzirc_ws/src/install/share/mbzirc_naive_radar/environment/ament_prefix_path.sh
[14.186s] -- Installing: /home/muhayy/mbzirc_ws/src/install/share/mbzirc_naive_radar/environment/ament_prefix_path.dsv
[14.187s] -- Installing: /home/muhayy/mbzirc_ws/src/install/share/mbzirc_naive_radar/environment/path.sh
[14.187s] -- Installing: /home/muhayy/mbzirc_ws/src/install/share/mbzirc_naive_radar/environment/path.dsv
[14.187s] -- Installing: /home/muhayy/mbzirc_ws/src/install/share/mbzirc_naive_radar/local_setup.bash
[14.187s] -- Installing: /home/muhayy/mbzirc_ws/src/install/share/mbzirc_naive_radar/local_setup.sh
[14.187s] -- Installing: /home/muhayy/mbzirc_ws/src/install/share/mbzirc_naive_radar/local_setup.zsh
[14.187s] -- Installing: /home/muhayy/mbzirc_ws/src/install/share/mbzirc_naive_radar/local_setup.dsv
[14.187s] -- Installing: /home/muhayy/mbzirc_ws/src/install/share/mbzirc_naive_radar/package.dsv
[14.187s] -- Installing: /home/muhayy/mbzirc_ws/src/install/share/ament_index/resource_index/packages/mbzirc_naive_radar
[14.187s] -- Installing: /home/muhayy/mbzirc_ws/src/install/share/mbzirc_naive_radar/cmake/mbzirc_naive_radarConfig.cmake
[14.187s] -- Installing: /home/muhayy/mbzirc_ws/src/install/share/mbzirc_naive_radar/cmake/mbzirc_naive_radarConfig-version.cmake
[14.188s] -- Installing: /home/muhayy/mbzirc_ws/src/install/share/mbzirc_naive_radar/package.xml
[14.190s] Invoked command in '/home/muhayy/mbzirc_ws/src/build/mbzirc_naive_radar' returned '0': AMENT_PREFIX_PATH=/home/muhayy/mbzirc_ws/src/install:${AMENT_PREFIX_PATH} CMAKE_PREFIX_PATH=/home/muhayy/mbzirc_ws/src/install:/home/muhayy/mbzirc_ws/install:/opt/ros/galactic IGN_GAZEBO_RESOURCE_PATH=/home/muhayy/mbzirc_ws/src/install/share/mbzirc_ign/models:/home/muhayy/mbzirc_ws/src/install/share/mbzirc_ign/worlds:${IGN_GAZEBO_RESOURCE_PATH} IGN_GAZEBO_SYSTEM_PLUGIN_PATH=/home/muhayy/mbzirc_ws/src/install/lib:${IGN_GAZEBO_SYSTEM_PLUGIN_PATH} LD_LIBRARY_PATH=/home/muhayy/mbzirc_ws/src/install/lib:${LD_LIBRARY_PATH} PATH=/home/muhayy/mbzirc_ws/src/install/bin:${PATH} PYTHONPATH=/home/muhayy/mbzirc_ws/src/install/lib/python3.8/site-packages:${PYTHONPATH} /usr/bin/cmake --install /home/muhayy/mbzirc_ws/src/build/mbzirc_naive_radar
