[0.114s] Invoking command in '/home/muhayy/mbzirc_ws/src/build/usv_description': CMAKE_PREFIX_PATH=${CMAKE_PREFIX_PATH}:/opt/ros/galactic /usr/bin/cmake /home/muhayy/mbzirc_ws/src/usv_description -DCMAKE_INSTALL_PREFIX=/home/muhayy/mbzirc_ws/src/install
[9.964s] -- The C compiler identification is GNU 9.4.0
[9.964s] -- The CXX compiler identification is GNU 9.4.0
[9.964s] -- Check for working C compiler: /usr/bin/cc
[9.964s] -- Check for working C compiler: /usr/bin/cc -- works
[9.964s] -- Detecting C compiler ABI info
[9.964s] -- Detecting C compiler ABI info - done
[9.964s] -- Detecting C compile features
[9.964s] -- Detecting C compile features - done
[9.965s] -- Check for working CXX compiler: /usr/bin/c++
[9.965s] -- Check for working CXX compiler: /usr/bin/c++ -- works
[9.965s] -- Detecting CXX compiler ABI info
[9.965s] -- Detecting CXX compiler ABI info - done
[9.965s] -- Detecting CXX compile features
[9.965s] -- Detecting CXX compile features - done
[9.965s] -- Found ament_cmake: 1.1.5 (/opt/ros/galactic/share/ament_cmake/cmake)
[9.965s] -- Found PythonInterp: /usr/bin/python3 (found suitable version "3.8.10", minimum required is "3") 
[9.965s] -- Using PYTHON_EXECUTABLE: /usr/bin/python3
[9.965s] -- Found ament_lint_auto: 0.10.7 (/opt/ros/galactic/share/ament_lint_auto/cmake)
[9.966s] -- Added test 'copyright' to check source files copyright and LICENSE
[9.966s] -- Added test 'flake8' to check Python code syntax and style conventions
[9.966s] -- Added test 'lint_cmake' to check CMake code style
[9.966s] -- Added test 'pep257' to check Python code against some of the style conventions in PEP 257
[9.966s] -- Added test 'xmllint' to check XML markup files
[9.966s] -- Configuring done
[9.966s] -- Generating done
[9.966s] -- Build files have been written to: /home/muhayy/mbzirc_ws/src/build/usv_description
[10.114s] Invoked command in '/home/muhayy/mbzirc_ws/src/build/usv_description' returned '0': CMAKE_PREFIX_PATH=${CMAKE_PREFIX_PATH}:/opt/ros/galactic /usr/bin/cmake /home/muhayy/mbzirc_ws/src/usv_description -DCMAKE_INSTALL_PREFIX=/home/muhayy/mbzirc_ws/src/install
[10.115s] Invoking command in '/home/muhayy/mbzirc_ws/src/build/usv_description': CMAKE_PREFIX_PATH=${CMAKE_PREFIX_PATH}:/opt/ros/galactic /usr/bin/cmake --build /home/muhayy/mbzirc_ws/src/build/usv_description -- -j12 -l12
[11.355s] Invoked command in '/home/muhayy/mbzirc_ws/src/build/usv_description' returned '0': CMAKE_PREFIX_PATH=${CMAKE_PREFIX_PATH}:/opt/ros/galactic /usr/bin/cmake --build /home/muhayy/mbzirc_ws/src/build/usv_description -- -j12 -l12
[11.578s] Invoking command in '/home/muhayy/mbzirc_ws/src/build/usv_description': CMAKE_PREFIX_PATH=${CMAKE_PREFIX_PATH}:/opt/ros/galactic /usr/bin/cmake --install /home/muhayy/mbzirc_ws/src/build/usv_description
[11.625s] -- Install configuration: ""
[11.626s] -- Installing: /home/muhayy/mbzirc_ws/src/install/share/usv_description/config
[11.626s] -- Installing: /home/muhayy/mbzirc_ws/src/install/share/usv_description/config/ekf.yaml
[11.626s] -- Installing: /home/muhayy/mbzirc_ws/src/install/share/usv_description/config/nav2_params.yaml
[11.626s] -- Installing: /home/muhayy/mbzirc_ws/src/install/share/usv_description/launch
[11.626s] -- Installing: /home/muhayy/mbzirc_ws/src/install/share/usv_description/launch/usv.state_publisher.launch.py
[11.626s] -- Installing: /home/muhayy/mbzirc_ws/src/install/share/usv_description/launch/usv.launch copy 2.py
[11.633s] -- Installing: /home/muhayy/mbzirc_ws/src/install/share/usv_description/launch/usv.launch.py
[11.633s] -- Installing: /home/muhayy/mbzirc_ws/src/install/share/usv_description/launch/usv.launch copy.py
[11.633s] -- Installing: /home/muhayy/mbzirc_ws/src/install/share/usv_description/maps
[11.634s] -- Installing: /home/muhayy/mbzirc_ws/src/install/share/usv_description/maps/simple_map.yaml
[11.639s] -- Installing: /home/muhayy/mbzirc_ws/src/install/share/usv_description/maps/simple_map.pgm
[11.726s] -- Installing: /home/muhayy/mbzirc_ws/src/install/share/usv_description/meshes
[11.726s] -- Installing: /home/muhayy/mbzirc_ws/src/install/share/usv_description/meshes/engine.dae
[11.728s] -- Installing: /home/muhayy/mbzirc_ws/src/install/share/usv_description/meshes/robot_base.stl
[11.728s] -- Installing: /home/muhayy/mbzirc_ws/src/install/share/usv_description/meshes/motor.dae
[11.729s] -- Installing: /home/muhayy/mbzirc_ws/src/install/share/usv_description/meshes/WamV.png
[11.743s] -- Installing: /home/muhayy/mbzirc_ws/src/install/share/usv_description/meshes/USV.dae
[11.752s] -- Installing: /home/muhayy/mbzirc_ws/src/install/share/usv_description/meshes/WAM-V-Base.dae
[11.757s] -- Installing: /home/muhayy/mbzirc_ws/src/install/share/usv_description/meshes/propeller.dae
[11.758s] -- Installing: /home/muhayy/mbzirc_ws/src/install/share/usv_description/models
[11.758s] -- Installing: /home/muhayy/mbzirc_ws/src/install/share/usv_description/params
[11.759s] -- Installing: /home/muhayy/mbzirc_ws/src/install/share/usv_description/rviz
[11.759s] -- Installing: /home/muhayy/mbzirc_ws/src/install/share/usv_description/rviz/planning_mode.rviz
[11.760s] -- Installing: /home/muhayy/mbzirc_ws/src/install/share/usv_description/rviz/urdf_config.rviz
[11.761s] -- Installing: /home/muhayy/mbzirc_ws/src/install/share/usv_description/src
[11.761s] -- Installing: /home/muhayy/mbzirc_ws/src/install/share/usv_description/urdf
[11.762s] -- Installing: /home/muhayy/mbzirc_ws/src/install/share/usv_description/urdf/usv.urdf
[11.763s] -- Installing: /home/muhayy/mbzirc_ws/src/install/share/usv_description/urdf/two_wheeled_robot.urdf
[11.764s] -- Installing: /home/muhayy/mbzirc_ws/src/install/share/usv_description/urdf/model.sdf
[11.765s] -- Installing: /home/muhayy/mbzirc_ws/src/install/share/usv_description/worlds
[11.766s] -- Installing: /home/muhayy/mbzirc_ws/src/install/share/ament_index/resource_index/package_run_dependencies/usv_description
[11.768s] -- Installing: /home/muhayy/mbzirc_ws/src/install/share/ament_index/resource_index/parent_prefix_path/usv_description
[11.769s] -- Installing: /home/muhayy/mbzirc_ws/src/install/share/usv_description/environment/ament_prefix_path.sh
[11.771s] -- Installing: /home/muhayy/mbzirc_ws/src/install/share/usv_description/environment/ament_prefix_path.dsv
[11.772s] -- Installing: /home/muhayy/mbzirc_ws/src/install/share/usv_description/environment/path.sh
[11.772s] -- Installing: /home/muhayy/mbzirc_ws/src/install/share/usv_description/environment/path.dsv
[11.773s] -- Installing: /home/muhayy/mbzirc_ws/src/install/share/usv_description/local_setup.bash
[11.773s] -- Installing: /home/muhayy/mbzirc_ws/src/install/share/usv_description/local_setup.sh
[11.774s] -- Installing: /home/muhayy/mbzirc_ws/src/install/share/usv_description/local_setup.zsh
[11.775s] -- Installing: /home/muhayy/mbzirc_ws/src/install/share/usv_description/local_setup.dsv
[11.776s] -- Installing: /home/muhayy/mbzirc_ws/src/install/share/usv_description/package.dsv
[11.776s] -- Installing: /home/muhayy/mbzirc_ws/src/install/share/ament_index/resource_index/packages/usv_description
[11.777s] -- Installing: /home/muhayy/mbzirc_ws/src/install/share/usv_description/cmake/usv_descriptionConfig.cmake
[11.777s] -- Installing: /home/muhayy/mbzirc_ws/src/install/share/usv_description/cmake/usv_descriptionConfig-version.cmake
[11.778s] -- Installing: /home/muhayy/mbzirc_ws/src/install/share/usv_description/package.xml
[11.782s] Invoked command in '/home/muhayy/mbzirc_ws/src/build/usv_description' returned '0': CMAKE_PREFIX_PATH=${CMAKE_PREFIX_PATH}:/opt/ros/galactic /usr/bin/cmake --install /home/muhayy/mbzirc_ws/src/build/usv_description
