[  3%] Built target gtest
[  8%] Built target test_utils
[ 53%] Built target ros_ign_bridge_lib
[ 58%] Built target test_ros_publisher
[ 64%] Built target test_ign_subscriber
[ 69%] Built target test_ign_publisher
[ 73%] Built target bridge_types
[ 92%] Built target test_ros_subscriber
[ 96%] Built target parameter_bridge
[100%] Built target static_bridge
-- Install configuration: ""
-- Up-to-date: /home/muhayy/mbzirc_ws/src/install/lib/libros_ign_bridge_lib.so
-- Up-to-date: /home/muhayy/mbzirc_ws/src/install/include
-- Up-to-date: /home/muhayy/mbzirc_ws/src/install/include/ros_ign_bridge
-- Up-to-date: /home/muhayy/mbzirc_ws/src/install/include/ros_ign_bridge/ros_ign_bridge.hpp
-- Up-to-date: /home/muhayy/mbzirc_ws/src/install/include/ros_ign_bridge/convert
-- Up-to-date: /home/muhayy/mbzirc_ws/src/install/include/ros_ign_bridge/convert/nav_msgs.hpp
-- Up-to-date: /home/muhayy/mbzirc_ws/src/install/include/ros_ign_bridge/convert/ros_ign_interfaces.hpp
-- Up-to-date: /home/muhayy/mbzirc_ws/src/install/include/ros_ign_bridge/convert/tf2_msgs.hpp
-- Up-to-date: /home/muhayy/mbzirc_ws/src/install/include/ros_ign_bridge/convert/rosgraph_msgs.hpp
-- Up-to-date: /home/muhayy/mbzirc_ws/src/install/include/ros_ign_bridge/convert/sensor_msgs.hpp
-- Up-to-date: /home/muhayy/mbzirc_ws/src/install/include/ros_ign_bridge/convert/geometry_msgs.hpp
-- Up-to-date: /home/muhayy/mbzirc_ws/src/install/include/ros_ign_bridge/convert/std_msgs.hpp
-- Up-to-date: /home/muhayy/mbzirc_ws/src/install/include/ros_ign_bridge/convert/trajectory_msgs.hpp
-- Up-to-date: /home/muhayy/mbzirc_ws/src/install/include/ros_ign_bridge/convert_decl.hpp
-- Up-to-date: /home/muhayy/mbzirc_ws/src/install/include/ros_ign_bridge/convert.hpp
-- Up-to-date: /home/muhayy/mbzirc_ws/src/install/share/ros_ign_bridge/environment/library_path.sh
-- Up-to-date: /home/muhayy/mbzirc_ws/src/install/share/ros_ign_bridge/environment/library_path.dsv
-- Up-to-date: /home/muhayy/mbzirc_ws/src/install/lib/ros_ign_bridge/parameter_bridge
-- Up-to-date: /home/muhayy/mbzirc_ws/src/install/lib/ros_ign_bridge/static_bridge
-- Up-to-date: /home/muhayy/mbzirc_ws/src/install/lib/ros_ign_bridge/bridge_types
-- Up-to-date: /home/muhayy/mbzirc_ws/src/install/lib/ros_ign_bridge/test_ros_publisher
-- Up-to-date: /home/muhayy/mbzirc_ws/src/install/lib/ros_ign_bridge/test_ros_subscriber
-- Up-to-date: /home/muhayy/mbzirc_ws/src/install/lib/ros_ign_bridge/test_ign_publisher
-- Up-to-date: /home/muhayy/mbzirc_ws/src/install/lib/ros_ign_bridge/test_ign_subscriber
-- Up-to-date: /home/muhayy/mbzirc_ws/src/install/share/ament_index/resource_index/package_run_dependencies/ros_ign_bridge
-- Up-to-date: /home/muhayy/mbzirc_ws/src/install/share/ament_index/resource_index/parent_prefix_path/ros_ign_bridge
-- Up-to-date: /home/muhayy/mbzirc_ws/src/install/share/ros_ign_bridge/environment/ament_prefix_path.sh
-- Up-to-date: /home/muhayy/mbzirc_ws/src/install/share/ros_ign_bridge/environment/ament_prefix_path.dsv
-- Up-to-date: /home/muhayy/mbzirc_ws/src/install/share/ros_ign_bridge/environment/path.sh
-- Up-to-date: /home/muhayy/mbzirc_ws/src/install/share/ros_ign_bridge/environment/path.dsv
-- Up-to-date: /home/muhayy/mbzirc_ws/src/install/share/ros_ign_bridge/local_setup.bash
-- Up-to-date: /home/muhayy/mbzirc_ws/src/install/share/ros_ign_bridge/local_setup.sh
-- Up-to-date: /home/muhayy/mbzirc_ws/src/install/share/ros_ign_bridge/local_setup.zsh
-- Up-to-date: /home/muhayy/mbzirc_ws/src/install/share/ros_ign_bridge/local_setup.dsv
-- Installing: /home/muhayy/mbzirc_ws/src/install/share/ros_ign_bridge/package.dsv
-- Up-to-date: /home/muhayy/mbzirc_ws/src/install/share/ament_index/resource_index/packages/ros_ign_bridge
-- Up-to-date: /home/muhayy/mbzirc_ws/src/install/share/ros_ign_bridge/cmake/ament_cmake_export_include_directories-extras.cmake
-- Up-to-date: /home/muhayy/mbzirc_ws/src/install/share/ros_ign_bridge/cmake/ament_cmake_export_libraries-extras.cmake
-- Up-to-date: /home/muhayy/mbzirc_ws/src/install/share/ros_ign_bridge/cmake/ament_cmake_export_dependencies-extras.cmake
-- Up-to-date: /home/muhayy/mbzirc_ws/src/install/share/ros_ign_bridge/cmake/ros_ign_bridgeConfig.cmake
-- Up-to-date: /home/muhayy/mbzirc_ws/src/install/share/ros_ign_bridge/cmake/ros_ign_bridgeConfig-version.cmake
-- Up-to-date: /home/muhayy/mbzirc_ws/src/install/share/ros_ign_bridge/package.xml
