[0.048s] Invoking command in '/home/muhayy/mbzirc_ws/src/build/ros_ign_bridge': AMENT_PREFIX_PATH=/home/muhayy/mbzirc_ws/src/install:${AMENT_PREFIX_PATH} CMAKE_PREFIX_PATH=/home/muhayy/mbzirc_ws/src/install:/home/muhayy/mbzirc_ws/install:/opt/ros/galactic LD_LIBRARY_PATH=/home/muhayy/mbzirc_ws/src/install/lib:${LD_LIBRARY_PATH} PATH=/home/muhayy/mbzirc_ws/src/install/bin:${PATH} PYTHONPATH=/home/muhayy/mbzirc_ws/src/install/lib/python3.8/site-packages:${PYTHONPATH} /usr/bin/cmake --build /home/muhayy/mbzirc_ws/src/build/ros_ign_bridge -- -j12 -l12
[0.136s] [  3%] Built target gtest
[0.182s] [  8%] Built target test_utils
[0.245s] [ 53%] Built target ros_ign_bridge_lib
[0.255s] [ 58%] Built target test_ros_publisher
[0.263s] [ 64%] Built target test_ign_subscriber
[0.278s] [ 69%] Built target test_ign_publisher
[0.305s] [ 73%] Built target bridge_types
[0.307s] [ 92%] Built target test_ros_subscriber
[0.312s] [ 96%] Built target parameter_bridge
[0.318s] [100%] Built target static_bridge
[0.666s] Invoked command in '/home/muhayy/mbzirc_ws/src/build/ros_ign_bridge' returned '0': AMENT_PREFIX_PATH=/home/muhayy/mbzirc_ws/src/install:${AMENT_PREFIX_PATH} CMAKE_PREFIX_PATH=/home/muhayy/mbzirc_ws/src/install:/home/muhayy/mbzirc_ws/install:/opt/ros/galactic LD_LIBRARY_PATH=/home/muhayy/mbzirc_ws/src/install/lib:${LD_LIBRARY_PATH} PATH=/home/muhayy/mbzirc_ws/src/install/bin:${PATH} PYTHONPATH=/home/muhayy/mbzirc_ws/src/install/lib/python3.8/site-packages:${PYTHONPATH} /usr/bin/cmake --build /home/muhayy/mbzirc_ws/src/build/ros_ign_bridge -- -j12 -l12
[1.489s] Invoking command in '/home/muhayy/mbzirc_ws/src/build/ros_ign_bridge': AMENT_PREFIX_PATH=/home/muhayy/mbzirc_ws/src/install:${AMENT_PREFIX_PATH} CMAKE_PREFIX_PATH=/home/muhayy/mbzirc_ws/src/install:/home/muhayy/mbzirc_ws/install:/opt/ros/galactic LD_LIBRARY_PATH=/home/muhayy/mbzirc_ws/src/install/lib:${LD_LIBRARY_PATH} PATH=/home/muhayy/mbzirc_ws/src/install/bin:${PATH} PYTHONPATH=/home/muhayy/mbzirc_ws/src/install/lib/python3.8/site-packages:${PYTHONPATH} /usr/bin/cmake --install /home/muhayy/mbzirc_ws/src/build/ros_ign_bridge
[1.512s] -- Install configuration: ""
[1.512s] -- Up-to-date: /home/muhayy/mbzirc_ws/src/install/lib/libros_ign_bridge_lib.so
[1.513s] -- Up-to-date: /home/muhayy/mbzirc_ws/src/install/include
[1.515s] -- Up-to-date: /home/muhayy/mbzirc_ws/src/install/include/ros_ign_bridge
[1.515s] -- Up-to-date: /home/muhayy/mbzirc_ws/src/install/include/ros_ign_bridge/ros_ign_bridge.hpp
[1.515s] -- Up-to-date: /home/muhayy/mbzirc_ws/src/install/include/ros_ign_bridge/convert
[1.515s] -- Up-to-date: /home/muhayy/mbzirc_ws/src/install/include/ros_ign_bridge/convert/nav_msgs.hpp
[1.515s] -- Up-to-date: /home/muhayy/mbzirc_ws/src/install/include/ros_ign_bridge/convert/ros_ign_interfaces.hpp
[1.515s] -- Up-to-date: /home/muhayy/mbzirc_ws/src/install/include/ros_ign_bridge/convert/tf2_msgs.hpp
[1.517s] -- Up-to-date: /home/muhayy/mbzirc_ws/src/install/include/ros_ign_bridge/convert/rosgraph_msgs.hpp
[1.517s] -- Up-to-date: /home/muhayy/mbzirc_ws/src/install/include/ros_ign_bridge/convert/sensor_msgs.hpp
[1.518s] -- Up-to-date: /home/muhayy/mbzirc_ws/src/install/include/ros_ign_bridge/convert/geometry_msgs.hpp
[1.520s] -- Up-to-date: /home/muhayy/mbzirc_ws/src/install/include/ros_ign_bridge/convert/std_msgs.hpp
[1.521s] -- Up-to-date: /home/muhayy/mbzirc_ws/src/install/include/ros_ign_bridge/convert/trajectory_msgs.hpp
[1.521s] -- Up-to-date: /home/muhayy/mbzirc_ws/src/install/include/ros_ign_bridge/convert_decl.hpp
[1.521s] -- Up-to-date: /home/muhayy/mbzirc_ws/src/install/include/ros_ign_bridge/convert.hpp
[1.521s] -- Up-to-date: /home/muhayy/mbzirc_ws/src/install/share/ros_ign_bridge/environment/library_path.sh
[1.521s] -- Up-to-date: /home/muhayy/mbzirc_ws/src/install/share/ros_ign_bridge/environment/library_path.dsv
[1.521s] -- Up-to-date: /home/muhayy/mbzirc_ws/src/install/lib/ros_ign_bridge/parameter_bridge
[1.522s] -- Up-to-date: /home/muhayy/mbzirc_ws/src/install/lib/ros_ign_bridge/static_bridge
[1.523s] -- Up-to-date: /home/muhayy/mbzirc_ws/src/install/lib/ros_ign_bridge/bridge_types
[1.524s] -- Up-to-date: /home/muhayy/mbzirc_ws/src/install/lib/ros_ign_bridge/test_ros_publisher
[1.524s] -- Up-to-date: /home/muhayy/mbzirc_ws/src/install/lib/ros_ign_bridge/test_ros_subscriber
[1.526s] -- Up-to-date: /home/muhayy/mbzirc_ws/src/install/lib/ros_ign_bridge/test_ign_publisher
[1.526s] -- Up-to-date: /home/muhayy/mbzirc_ws/src/install/lib/ros_ign_bridge/test_ign_subscriber
[1.527s] -- Up-to-date: /home/muhayy/mbzirc_ws/src/install/share/ament_index/resource_index/package_run_dependencies/ros_ign_bridge
[1.529s] -- Up-to-date: /home/muhayy/mbzirc_ws/src/install/share/ament_index/resource_index/parent_prefix_path/ros_ign_bridge
[1.529s] -- Up-to-date: /home/muhayy/mbzirc_ws/src/install/share/ros_ign_bridge/environment/ament_prefix_path.sh
[1.529s] -- Up-to-date: /home/muhayy/mbzirc_ws/src/install/share/ros_ign_bridge/environment/ament_prefix_path.dsv
[1.529s] -- Up-to-date: /home/muhayy/mbzirc_ws/src/install/share/ros_ign_bridge/environment/path.sh
[1.530s] -- Up-to-date: /home/muhayy/mbzirc_ws/src/install/share/ros_ign_bridge/environment/path.dsv
[1.530s] -- Up-to-date: /home/muhayy/mbzirc_ws/src/install/share/ros_ign_bridge/local_setup.bash
[1.530s] -- Up-to-date: /home/muhayy/mbzirc_ws/src/install/share/ros_ign_bridge/local_setup.sh
[1.532s] -- Up-to-date: /home/muhayy/mbzirc_ws/src/install/share/ros_ign_bridge/local_setup.zsh
[1.534s] -- Up-to-date: /home/muhayy/mbzirc_ws/src/install/share/ros_ign_bridge/local_setup.dsv
[1.534s] -- Installing: /home/muhayy/mbzirc_ws/src/install/share/ros_ign_bridge/package.dsv
[1.534s] -- Up-to-date: /home/muhayy/mbzirc_ws/src/install/share/ament_index/resource_index/packages/ros_ign_bridge
[1.535s] -- Up-to-date: /home/muhayy/mbzirc_ws/src/install/share/ros_ign_bridge/cmake/ament_cmake_export_include_directories-extras.cmake
[1.535s] -- Up-to-date: /home/muhayy/mbzirc_ws/src/install/share/ros_ign_bridge/cmake/ament_cmake_export_libraries-extras.cmake
[1.535s] -- Up-to-date: /home/muhayy/mbzirc_ws/src/install/share/ros_ign_bridge/cmake/ament_cmake_export_dependencies-extras.cmake
[1.535s] -- Up-to-date: /home/muhayy/mbzirc_ws/src/install/share/ros_ign_bridge/cmake/ros_ign_bridgeConfig.cmake
[1.536s] -- Up-to-date: /home/muhayy/mbzirc_ws/src/install/share/ros_ign_bridge/cmake/ros_ign_bridgeConfig-version.cmake
[1.536s] -- Up-to-date: /home/muhayy/mbzirc_ws/src/install/share/ros_ign_bridge/package.xml
[1.543s] Invoked command in '/home/muhayy/mbzirc_ws/src/build/ros_ign_bridge' returned '0': AMENT_PREFIX_PATH=/home/muhayy/mbzirc_ws/src/install:${AMENT_PREFIX_PATH} CMAKE_PREFIX_PATH=/home/muhayy/mbzirc_ws/src/install:/home/muhayy/mbzirc_ws/install:/opt/ros/galactic LD_LIBRARY_PATH=/home/muhayy/mbzirc_ws/src/install/lib:${LD_LIBRARY_PATH} PATH=/home/muhayy/mbzirc_ws/src/install/bin:${PATH} PYTHONPATH=/home/muhayy/mbzirc_ws/src/install/lib/python3.8/site-packages:${PYTHONPATH} /usr/bin/cmake --install /home/muhayy/mbzirc_ws/src/build/ros_ign_bridge
