-- Install configuration: ""
-- Up-to-date: /home/muhayy/mbzirc_ws/src/install/share/usv_description/config
-- Up-to-date: /home/muhayy/mbzirc_ws/src/install/share/usv_description/config/ekf.yaml
-- Up-to-date: /home/muhayy/mbzirc_ws/src/install/share/usv_description/config/nav2_params.yaml
-- Up-to-date: /home/muhayy/mbzirc_ws/src/install/share/usv_description/launch
-- Up-to-date: /home/muhayy/mbzirc_ws/src/install/share/usv_description/launch/usv.state_publisher.launch.py
-- Up-to-date: /home/muhayy/mbzirc_ws/src/install/share/usv_description/launch/usv.launch copy 2.py
-- Up-to-date: /home/muhayy/mbzirc_ws/src/install/share/usv_description/launch/usv.launch.py
-- Up-to-date: /home/muhayy/mbzirc_ws/src/install/share/usv_description/launch/usv.launch copy.py
-- Up-to-date: /home/muhayy/mbzirc_ws/src/install/share/usv_description/maps
-- Up-to-date: /home/muhayy/mbzirc_ws/src/install/share/usv_description/maps/simple_map.yaml
-- Up-to-date: /home/muhayy/mbzirc_ws/src/install/share/usv_description/maps/simple_map.pgm
-- Up-to-date: /home/muhayy/mbzirc_ws/src/install/share/usv_description/meshes
-- Up-to-date: /home/muhayy/mbzirc_ws/src/install/share/usv_description/meshes/engine.dae
-- Up-to-date: /home/muhayy/mbzirc_ws/src/install/share/usv_description/meshes/robot_base.stl
-- Up-to-date: /home/muhayy/mbzirc_ws/src/install/share/usv_description/meshes/motor.dae
-- Up-to-date: /home/muhayy/mbzirc_ws/src/install/share/usv_description/meshes/WamV.png
-- Up-to-date: /home/muhayy/mbzirc_ws/src/install/share/usv_description/meshes/USV.dae
-- Up-to-date: /home/muhayy/mbzirc_ws/src/install/share/usv_description/meshes/WAM-V-Base.dae
-- Up-to-date: /home/muhayy/mbzirc_ws/src/install/share/usv_description/meshes/propeller.dae
-- Up-to-date: /home/muhayy/mbzirc_ws/src/install/share/usv_description/models
-- Up-to-date: /home/muhayy/mbzirc_ws/src/install/share/usv_description/params
-- Up-to-date: /home/muhayy/mbzirc_ws/src/install/share/usv_description/rviz
-- Up-to-date: /home/muhayy/mbzirc_ws/src/install/share/usv_description/rviz/planning_mode.rviz
-- Up-to-date: /home/muhayy/mbzirc_ws/src/install/share/usv_description/rviz/urdf_config.rviz
-- Up-to-date: /home/muhayy/mbzirc_ws/src/install/share/usv_description/src
-- Up-to-date: /home/muhayy/mbzirc_ws/src/install/share/usv_description/urdf
-- Up-to-date: /home/muhayy/mbzirc_ws/src/install/share/usv_description/urdf/usv.urdf
-- Up-to-date: /home/muhayy/mbzirc_ws/src/install/share/usv_description/urdf/two_wheeled_robot.urdf
-- Up-to-date: /home/muhayy/mbzirc_ws/src/install/share/usv_description/urdf/model.sdf
-- Up-to-date: /home/muhayy/mbzirc_ws/src/install/share/usv_description/worlds
-- Up-to-date: /home/muhayy/mbzirc_ws/src/install/share/ament_index/resource_index/package_run_dependencies/usv_description
-- Up-to-date: /home/muhayy/mbzirc_ws/src/install/share/ament_index/resource_index/parent_prefix_path/usv_description
-- Up-to-date: /home/muhayy/mbzirc_ws/src/install/share/usv_description/environment/ament_prefix_path.sh
-- Up-to-date: /home/muhayy/mbzirc_ws/src/install/share/usv_description/environment/ament_prefix_path.dsv
-- Up-to-date: /home/muhayy/mbzirc_ws/src/install/share/usv_description/environment/path.sh
-- Up-to-date: /home/muhayy/mbzirc_ws/src/install/share/usv_description/environment/path.dsv
-- Up-to-date: /home/muhayy/mbzirc_ws/src/install/share/usv_description/local_setup.bash
-- Up-to-date: /home/muhayy/mbzirc_ws/src/install/share/usv_description/local_setup.sh
-- Up-to-date: /home/muhayy/mbzirc_ws/src/install/share/usv_description/local_setup.zsh
-- Up-to-date: /home/muhayy/mbzirc_ws/src/install/share/usv_description/local_setup.dsv
-- Installing: /home/muhayy/mbzirc_ws/src/install/share/usv_description/package.dsv
-- Up-to-date: /home/muhayy/mbzirc_ws/src/install/share/ament_index/resource_index/packages/usv_description
-- Up-to-date: /home/muhayy/mbzirc_ws/src/install/share/usv_description/cmake/usv_descriptionConfig.cmake
-- Up-to-date: /home/muhayy/mbzirc_ws/src/install/share/usv_description/cmake/usv_descriptionConfig-version.cmake
-- Up-to-date: /home/muhayy/mbzirc_ws/src/install/share/usv_description/package.xml
