[0.390s] Invoking command in '/home/muhayy/mbzirc_ws/src/build/usv_description': CMAKE_PREFIX_PATH=${CMAKE_PREFIX_PATH}:/opt/ros/galactic /usr/bin/cmake --build /home/muhayy/mbzirc_ws/src/build/usv_description -- -j12 -l12
[0.778s] Invoked command in '/home/muhayy/mbzirc_ws/src/build/usv_description' returned '0': CMAKE_PREFIX_PATH=${CMAKE_PREFIX_PATH}:/opt/ros/galactic /usr/bin/cmake --build /home/muhayy/mbzirc_ws/src/build/usv_description -- -j12 -l12
[0.922s] Invoking command in '/home/muhayy/mbzirc_ws/src/build/usv_description': CMAKE_PREFIX_PATH=${CMAKE_PREFIX_PATH}:/opt/ros/galactic /usr/bin/cmake --install /home/muhayy/mbzirc_ws/src/build/usv_description
[0.934s] -- Install configuration: ""
[0.936s] -- Up-to-date: /home/muhayy/mbzirc_ws/src/install/share/usv_description/config
[0.938s] -- Up-to-date: /home/muhayy/mbzirc_ws/src/install/share/usv_description/config/ekf.yaml
[0.938s] -- Up-to-date: /home/muhayy/mbzirc_ws/src/install/share/usv_description/config/nav2_params.yaml
[0.939s] -- Up-to-date: /home/muhayy/mbzirc_ws/src/install/share/usv_description/launch
[0.939s] -- Up-to-date: /home/muhayy/mbzirc_ws/src/install/share/usv_description/launch/usv.state_publisher.launch.py
[0.939s] -- Up-to-date: /home/muhayy/mbzirc_ws/src/install/share/usv_description/launch/usv.launch copy 2.py
[0.939s] -- Up-to-date: /home/muhayy/mbzirc_ws/src/install/share/usv_description/launch/usv.launch.py
[0.939s] -- Up-to-date: /home/muhayy/mbzirc_ws/src/install/share/usv_description/launch/usv.launch copy.py
[0.939s] -- Up-to-date: /home/muhayy/mbzirc_ws/src/install/share/usv_description/maps
[0.939s] -- Up-to-date: /home/muhayy/mbzirc_ws/src/install/share/usv_description/maps/simple_map.yaml
[0.939s] -- Up-to-date: /home/muhayy/mbzirc_ws/src/install/share/usv_description/maps/simple_map.pgm
[0.939s] -- Up-to-date: /home/muhayy/mbzirc_ws/src/install/share/usv_description/meshes
[0.939s] -- Up-to-date: /home/muhayy/mbzirc_ws/src/install/share/usv_description/meshes/engine.dae
[0.940s] -- Up-to-date: /home/muhayy/mbzirc_ws/src/install/share/usv_description/meshes/robot_base.stl
[0.940s] -- Up-to-date: /home/muhayy/mbzirc_ws/src/install/share/usv_description/meshes/motor.dae
[0.940s] -- Up-to-date: /home/muhayy/mbzirc_ws/src/install/share/usv_description/meshes/WamV.png
[0.940s] -- Up-to-date: /home/muhayy/mbzirc_ws/src/install/share/usv_description/meshes/USV.dae
[0.940s] -- Up-to-date: /home/muhayy/mbzirc_ws/src/install/share/usv_description/meshes/WAM-V-Base.dae
[0.940s] -- Up-to-date: /home/muhayy/mbzirc_ws/src/install/share/usv_description/meshes/propeller.dae
[0.940s] -- Up-to-date: /home/muhayy/mbzirc_ws/src/install/share/usv_description/models
[0.940s] -- Up-to-date: /home/muhayy/mbzirc_ws/src/install/share/usv_description/params
[0.940s] -- Up-to-date: /home/muhayy/mbzirc_ws/src/install/share/usv_description/rviz
[0.941s] -- Up-to-date: /home/muhayy/mbzirc_ws/src/install/share/usv_description/rviz/planning_mode.rviz
[0.941s] -- Up-to-date: /home/muhayy/mbzirc_ws/src/install/share/usv_description/rviz/urdf_config.rviz
[0.941s] -- Up-to-date: /home/muhayy/mbzirc_ws/src/install/share/usv_description/src
[0.941s] -- Up-to-date: /home/muhayy/mbzirc_ws/src/install/share/usv_description/urdf
[0.941s] -- Up-to-date: /home/muhayy/mbzirc_ws/src/install/share/usv_description/urdf/usv.urdf
[0.941s] -- Up-to-date: /home/muhayy/mbzirc_ws/src/install/share/usv_description/urdf/two_wheeled_robot.urdf
[0.941s] -- Up-to-date: /home/muhayy/mbzirc_ws/src/install/share/usv_description/urdf/model.sdf
[0.941s] -- Up-to-date: /home/muhayy/mbzirc_ws/src/install/share/usv_description/worlds
[0.941s] -- Up-to-date: /home/muhayy/mbzirc_ws/src/install/share/ament_index/resource_index/package_run_dependencies/usv_description
[0.942s] -- Up-to-date: /home/muhayy/mbzirc_ws/src/install/share/ament_index/resource_index/parent_prefix_path/usv_description
[0.942s] -- Up-to-date: /home/muhayy/mbzirc_ws/src/install/share/usv_description/environment/ament_prefix_path.sh
[0.942s] -- Up-to-date: /home/muhayy/mbzirc_ws/src/install/share/usv_description/environment/ament_prefix_path.dsv
[0.942s] -- Up-to-date: /home/muhayy/mbzirc_ws/src/install/share/usv_description/environment/path.sh
[0.942s] -- Up-to-date: /home/muhayy/mbzirc_ws/src/install/share/usv_description/environment/path.dsv
[0.942s] -- Up-to-date: /home/muhayy/mbzirc_ws/src/install/share/usv_description/local_setup.bash
[0.942s] -- Up-to-date: /home/muhayy/mbzirc_ws/src/install/share/usv_description/local_setup.sh
[0.942s] -- Up-to-date: /home/muhayy/mbzirc_ws/src/install/share/usv_description/local_setup.zsh
[0.942s] -- Up-to-date: /home/muhayy/mbzirc_ws/src/install/share/usv_description/local_setup.dsv
[0.942s] -- Installing: /home/muhayy/mbzirc_ws/src/install/share/usv_description/package.dsv
[0.943s] -- Up-to-date: /home/muhayy/mbzirc_ws/src/install/share/ament_index/resource_index/packages/usv_description
[0.943s] -- Up-to-date: /home/muhayy/mbzirc_ws/src/install/share/usv_description/cmake/usv_descriptionConfig.cmake
[0.943s] -- Up-to-date: /home/muhayy/mbzirc_ws/src/install/share/usv_description/cmake/usv_descriptionConfig-version.cmake
[0.943s] -- Up-to-date: /home/muhayy/mbzirc_ws/src/install/share/usv_description/package.xml
[1.199s] Invoked command in '/home/muhayy/mbzirc_ws/src/build/usv_description' returned '0': CMAKE_PREFIX_PATH=${CMAKE_PREFIX_PATH}:/opt/ros/galactic /usr/bin/cmake --install /home/muhayy/mbzirc_ws/src/build/usv_description
