[0.032s] Invoking command in '/home/muhayy/mbzirc_ws/src/build/mbzirc_naive_spinning_radar': AMENT_PREFIX_PATH=/home/muhayy/mbzirc_ws/src/install:${AMENT_PREFIX_PATH} CMAKE_PREFIX_PATH=/home/muhayy/mbzirc_ws/src/install:/home/muhayy/mbzirc_ws/install:/opt/ros/galactic IGN_GAZEBO_RESOURCE_PATH=/home/muhayy/mbzirc_ws/src/install/share/mbzirc_ign/models:/home/muhayy/mbzirc_ws/src/install/share/mbzirc_ign/worlds:${IGN_GAZEBO_RESOURCE_PATH} IGN_GAZEBO_SYSTEM_PLUGIN_PATH=/home/muhayy/mbzirc_ws/src/install/lib:${IGN_GAZEBO_SYSTEM_PLUGIN_PATH} LD_LIBRARY_PATH=/home/muhayy/mbzirc_ws/src/install/lib:${LD_LIBRARY_PATH} PATH=/home/muhayy/mbzirc_ws/src/install/bin:${PATH} PYTHONPATH=/home/muhayy/mbzirc_ws/src/install/lib/python3.8/site-packages:${PYTHONPATH} /usr/bin/cmake --build /home/muhayy/mbzirc_ws/src/build/mbzirc_naive_spinning_radar -- -j12 -l12
[0.065s] Invoked command in '/home/muhayy/mbzirc_ws/src/build/mbzirc_naive_spinning_radar' returned '0': AMENT_PREFIX_PATH=/home/muhayy/mbzirc_ws/src/install:${AMENT_PREFIX_PATH} CMAKE_PREFIX_PATH=/home/muhayy/mbzirc_ws/src/install:/home/muhayy/mbzirc_ws/install:/opt/ros/galactic IGN_GAZEBO_RESOURCE_PATH=/home/muhayy/mbzirc_ws/src/install/share/mbzirc_ign/models:/home/muhayy/mbzirc_ws/src/install/share/mbzirc_ign/worlds:${IGN_GAZEBO_RESOURCE_PATH} IGN_GAZEBO_SYSTEM_PLUGIN_PATH=/home/muhayy/mbzirc_ws/src/install/lib:${IGN_GAZEBO_SYSTEM_PLUGIN_PATH} LD_LIBRARY_PATH=/home/muhayy/mbzirc_ws/src/install/lib:${LD_LIBRARY_PATH} PATH=/home/muhayy/mbzirc_ws/src/install/bin:${PATH} PYTHONPATH=/home/muhayy/mbzirc_ws/src/install/lib/python3.8/site-packages:${PYTHONPATH} /usr/bin/cmake --build /home/muhayy/mbzirc_ws/src/build/mbzirc_naive_spinning_radar -- -j12 -l12
[0.089s] Invoking command in '/home/muhayy/mbzirc_ws/src/build/mbzirc_naive_spinning_radar': AMENT_PREFIX_PATH=/home/muhayy/mbzirc_ws/src/install:${AMENT_PREFIX_PATH} CMAKE_PREFIX_PATH=/home/muhayy/mbzirc_ws/src/install:/home/muhayy/mbzirc_ws/install:/opt/ros/galactic IGN_GAZEBO_RESOURCE_PATH=/home/muhayy/mbzirc_ws/src/install/share/mbzirc_ign/models:/home/muhayy/mbzirc_ws/src/install/share/mbzirc_ign/worlds:${IGN_GAZEBO_RESOURCE_PATH} IGN_GAZEBO_SYSTEM_PLUGIN_PATH=/home/muhayy/mbzirc_ws/src/install/lib:${IGN_GAZEBO_SYSTEM_PLUGIN_PATH} LD_LIBRARY_PATH=/home/muhayy/mbzirc_ws/src/install/lib:${LD_LIBRARY_PATH} PATH=/home/muhayy/mbzirc_ws/src/install/bin:${PATH} PYTHONPATH=/home/muhayy/mbzirc_ws/src/install/lib/python3.8/site-packages:${PYTHONPATH} /usr/bin/cmake --install /home/muhayy/mbzirc_ws/src/build/mbzirc_naive_spinning_radar
[0.098s] -- Install configuration: ""
[0.098s] -- Up-to-date: /home/muhayy/mbzirc_ws/src/install/share/mbzirc_naive_spinning_radar/environment/resource_paths.dsv
[0.099s] -- Up-to-date: /home/muhayy/mbzirc_ws/src/install/share/mbzirc_naive_spinning_radar/environment/resource_paths.sh
[0.099s] -- Up-to-date: /home/muhayy/mbzirc_ws/src/install/share/ament_index/resource_index/package_run_dependencies/mbzirc_naive_spinning_radar
[0.099s] -- Up-to-date: /home/muhayy/mbzirc_ws/src/install/share/ament_index/resource_index/parent_prefix_path/mbzirc_naive_spinning_radar
[0.099s] -- Up-to-date: /home/muhayy/mbzirc_ws/src/install/share/mbzirc_naive_spinning_radar/environment/ament_prefix_path.sh
[0.099s] -- Up-to-date: /home/muhayy/mbzirc_ws/src/install/share/mbzirc_naive_spinning_radar/environment/ament_prefix_path.dsv
[0.099s] -- Up-to-date: /home/muhayy/mbzirc_ws/src/install/share/mbzirc_naive_spinning_radar/environment/path.sh
[0.100s] -- Up-to-date: /home/muhayy/mbzirc_ws/src/install/share/mbzirc_naive_spinning_radar/environment/path.dsv
[0.100s] -- Up-to-date: /home/muhayy/mbzirc_ws/src/install/share/mbzirc_naive_spinning_radar/local_setup.bash
[0.100s] -- Up-to-date: /home/muhayy/mbzirc_ws/src/install/share/mbzirc_naive_spinning_radar/local_setup.sh
[0.102s] -- Up-to-date: /home/muhayy/mbzirc_ws/src/install/share/mbzirc_naive_spinning_radar/local_setup.zsh
[0.103s] -- Up-to-date: /home/muhayy/mbzirc_ws/src/install/share/mbzirc_naive_spinning_radar/local_setup.dsv
[0.103s] -- Up-to-date: /home/muhayy/mbzirc_ws/src/install/share/mbzirc_naive_spinning_radar/package.dsv
[0.103s] -- Up-to-date: /home/muhayy/mbzirc_ws/src/install/share/ament_index/resource_index/packages/mbzirc_naive_spinning_radar
[0.103s] -- Up-to-date: /home/muhayy/mbzirc_ws/src/install/share/mbzirc_naive_spinning_radar/cmake/mbzirc_naive_spinning_radarConfig.cmake
[0.103s] -- Up-to-date: /home/muhayy/mbzirc_ws/src/install/share/mbzirc_naive_spinning_radar/cmake/mbzirc_naive_spinning_radarConfig-version.cmake
[0.103s] -- Up-to-date: /home/muhayy/mbzirc_ws/src/install/share/mbzirc_naive_spinning_radar/package.xml
[0.104s] Invoked command in '/home/muhayy/mbzirc_ws/src/build/mbzirc_naive_spinning_radar' returned '0': AMENT_PREFIX_PATH=/home/muhayy/mbzirc_ws/src/install:${AMENT_PREFIX_PATH} CMAKE_PREFIX_PATH=/home/muhayy/mbzirc_ws/src/install:/home/muhayy/mbzirc_ws/install:/opt/ros/galactic IGN_GAZEBO_RESOURCE_PATH=/home/muhayy/mbzirc_ws/src/install/share/mbzirc_ign/models:/home/muhayy/mbzirc_ws/src/install/share/mbzirc_ign/worlds:${IGN_GAZEBO_RESOURCE_PATH} IGN_GAZEBO_SYSTEM_PLUGIN_PATH=/home/muhayy/mbzirc_ws/src/install/lib:${IGN_GAZEBO_SYSTEM_PLUGIN_PATH} LD_LIBRARY_PATH=/home/muhayy/mbzirc_ws/src/install/lib:${LD_LIBRARY_PATH} PATH=/home/muhayy/mbzirc_ws/src/install/bin:${PATH} PYTHONPATH=/home/muhayy/mbzirc_ws/src/install/lib/python3.8/site-packages:${PYTHONPATH} /usr/bin/cmake --install /home/muhayy/mbzirc_ws/src/build/mbzirc_naive_spinning_radar
