-- The C compiler identification is GNU 9.4.0
-- The CXX compiler identification is GNU 9.4.0
-- Check for working C compiler: /usr/bin/cc
-- Check for working C compiler: /usr/bin/cc -- works
-- Detecting C compiler ABI info
-- Detecting C compiler ABI info - done
-- Detecting C compile features
-- Detecting C compile features - done
-- Check for working CXX compiler: /usr/bin/c++
-- Check for working CXX compiler: /usr/bin/c++ -- works
-- Detecting CXX compiler ABI info
-- Detecting CXX compiler ABI info - done
-- Detecting CXX compile features
-- Detecting CXX compile features - done
-- Found ament_cmake: 1.1.5 (/opt/ros/galactic/share/ament_cmake/cmake)
-- Found PythonInterp: /usr/bin/python3 (found suitable version "3.8.10", minimum required is "3") 
-- Using PYTHON_EXECUTABLE: /usr/bin/python3
-- Configuring done
-- Generating done
-- Build files have been written to: /home/muhayy/mbzirc_ws/src/build/mbzirc_naive_spinning_radar
-- Install configuration: ""
-- Installing: /home/muhayy/mbzirc_ws/src/install/share/mbzirc_naive_spinning_radar/environment/resource_paths.dsv
-- Installing: /home/muhayy/mbzirc_ws/src/install/share/mbzirc_naive_spinning_radar/environment/resource_paths.sh
-- Installing: /home/muhayy/mbzirc_ws/src/install/share/ament_index/resource_index/package_run_dependencies/mbzirc_naive_spinning_radar
-- Installing: /home/muhayy/mbzirc_ws/src/install/share/ament_index/resource_index/parent_prefix_path/mbzirc_naive_spinning_radar
-- Installing: /home/muhayy/mbzirc_ws/src/install/share/mbzirc_naive_spinning_radar/environment/ament_prefix_path.sh
-- Installing: /home/muhayy/mbzirc_ws/src/install/share/mbzirc_naive_spinning_radar/environment/ament_prefix_path.dsv
-- Installing: /home/muhayy/mbzirc_ws/src/install/share/mbzirc_naive_spinning_radar/environment/path.sh
-- Installing: /home/muhayy/mbzirc_ws/src/install/share/mbzirc_naive_spinning_radar/environment/path.dsv
-- Installing: /home/muhayy/mbzirc_ws/src/install/share/mbzirc_naive_spinning_radar/local_setup.bash
-- Installing: /home/muhayy/mbzirc_ws/src/install/share/mbzirc_naive_spinning_radar/local_setup.sh
-- Installing: /home/muhayy/mbzirc_ws/src/install/share/mbzirc_naive_spinning_radar/local_setup.zsh
-- Installing: /home/muhayy/mbzirc_ws/src/install/share/mbzirc_naive_spinning_radar/local_setup.dsv
-- Installing: /home/muhayy/mbzirc_ws/src/install/share/mbzirc_naive_spinning_radar/package.dsv
-- Installing: /home/muhayy/mbzirc_ws/src/install/share/ament_index/resource_index/packages/mbzirc_naive_spinning_radar
-- Installing: /home/muhayy/mbzirc_ws/src/install/share/mbzirc_naive_spinning_radar/cmake/mbzirc_naive_spinning_radarConfig.cmake
-- Installing: /home/muhayy/mbzirc_ws/src/install/share/mbzirc_naive_spinning_radar/cmake/mbzirc_naive_spinning_radarConfig-version.cmake
-- Installing: /home/muhayy/mbzirc_ws/src/install/share/mbzirc_naive_spinning_radar/package.xml
