[0.028s] Invoking command in '/home/muhayy/mbzirc_ws/src/build/mbzirc_naive_spinning_radar': AMENT_PREFIX_PATH=/home/muhayy/mbzirc_ws/src/install:${AMENT_PREFIX_PATH} CMAKE_PREFIX_PATH=/home/muhayy/mbzirc_ws/src/install:/home/muhayy/mbzirc_ws/install:/opt/ros/galactic IGN_GAZEBO_RESOURCE_PATH=/home/muhayy/mbzirc_ws/src/install/share/mbzirc_ign/models:/home/muhayy/mbzirc_ws/src/install/share/mbzirc_ign/worlds:${IGN_GAZEBO_RESOURCE_PATH} IGN_GAZEBO_SYSTEM_PLUGIN_PATH=/home/muhayy/mbzirc_ws/src/install/lib:${IGN_GAZEBO_SYSTEM_PLUGIN_PATH} LD_LIBRARY_PATH=/home/muhayy/mbzirc_ws/src/install/lib:${LD_LIBRARY_PATH} PATH=/home/muhayy/mbzirc_ws/src/install/bin:${PATH} PYTHONPATH=/home/muhayy/mbzirc_ws/src/install/lib/python3.8/site-packages:${PYTHONPATH} /usr/bin/cmake /home/muhayy/mbzirc_ws/src/mbzirc/mbzirc_custom/mbzirc_naive_spinning_radar -DCMAKE_INSTALL_PREFIX=/home/muhayy/mbzirc_ws/src/install
[0.073s] -- The C compiler identification is GNU 9.4.0
[0.120s] -- The CXX compiler identification is GNU 9.4.0
[0.124s] -- Check for working C compiler: /usr/bin/cc
[0.183s] -- Check for working C compiler: /usr/bin/cc -- works
[0.184s] -- Detecting C compiler ABI info
[0.245s] -- Detecting C compiler ABI info - done
[0.259s] -- Detecting C compile features
[0.259s] -- Detecting C compile features - done
[0.262s] -- Check for working CXX compiler: /usr/bin/c++
[0.328s] -- Check for working CXX compiler: /usr/bin/c++ -- works
[0.330s] -- Detecting CXX compiler ABI info
[0.400s] -- Detecting CXX compiler ABI info - done
[0.412s] -- Detecting CXX compile features
[0.412s] -- Detecting CXX compile features - done
[0.415s] -- Found ament_cmake: 1.1.5 (/opt/ros/galactic/share/ament_cmake/cmake)
[0.437s] -- Found PythonInterp: /usr/bin/python3 (found suitable version "3.8.10", minimum required is "3") 
[0.437s] -- Using PYTHON_EXECUTABLE: /usr/bin/python3
[0.573s] -- Configuring done
[0.575s] -- Generating done
[0.576s] -- Build files have been written to: /home/muhayy/mbzirc_ws/src/build/mbzirc_naive_spinning_radar
[0.579s] Invoked command in '/home/muhayy/mbzirc_ws/src/build/mbzirc_naive_spinning_radar' returned '0': AMENT_PREFIX_PATH=/home/muhayy/mbzirc_ws/src/install:${AMENT_PREFIX_PATH} CMAKE_PREFIX_PATH=/home/muhayy/mbzirc_ws/src/install:/home/muhayy/mbzirc_ws/install:/opt/ros/galactic IGN_GAZEBO_RESOURCE_PATH=/home/muhayy/mbzirc_ws/src/install/share/mbzirc_ign/models:/home/muhayy/mbzirc_ws/src/install/share/mbzirc_ign/worlds:${IGN_GAZEBO_RESOURCE_PATH} IGN_GAZEBO_SYSTEM_PLUGIN_PATH=/home/muhayy/mbzirc_ws/src/install/lib:${IGN_GAZEBO_SYSTEM_PLUGIN_PATH} LD_LIBRARY_PATH=/home/muhayy/mbzirc_ws/src/install/lib:${LD_LIBRARY_PATH} PATH=/home/muhayy/mbzirc_ws/src/install/bin:${PATH} PYTHONPATH=/home/muhayy/mbzirc_ws/src/install/lib/python3.8/site-packages:${PYTHONPATH} /usr/bin/cmake /home/muhayy/mbzirc_ws/src/mbzirc/mbzirc_custom/mbzirc_naive_spinning_radar -DCMAKE_INSTALL_PREFIX=/home/muhayy/mbzirc_ws/src/install
[0.582s] Invoking command in '/home/muhayy/mbzirc_ws/src/build/mbzirc_naive_spinning_radar': AMENT_PREFIX_PATH=/home/muhayy/mbzirc_ws/src/install:${AMENT_PREFIX_PATH} CMAKE_PREFIX_PATH=/home/muhayy/mbzirc_ws/src/install:/home/muhayy/mbzirc_ws/install:/opt/ros/galactic IGN_GAZEBO_RESOURCE_PATH=/home/muhayy/mbzirc_ws/src/install/share/mbzirc_ign/models:/home/muhayy/mbzirc_ws/src/install/share/mbzirc_ign/worlds:${IGN_GAZEBO_RESOURCE_PATH} IGN_GAZEBO_SYSTEM_PLUGIN_PATH=/home/muhayy/mbzirc_ws/src/install/lib:${IGN_GAZEBO_SYSTEM_PLUGIN_PATH} LD_LIBRARY_PATH=/home/muhayy/mbzirc_ws/src/install/lib:${LD_LIBRARY_PATH} PATH=/home/muhayy/mbzirc_ws/src/install/bin:${PATH} PYTHONPATH=/home/muhayy/mbzirc_ws/src/install/lib/python3.8/site-packages:${PYTHONPATH} /usr/bin/cmake --build /home/muhayy/mbzirc_ws/src/build/mbzirc_naive_spinning_radar -- -j12 -l12
[0.616s] Invoked command in '/home/muhayy/mbzirc_ws/src/build/mbzirc_naive_spinning_radar' returned '0': AMENT_PREFIX_PATH=/home/muhayy/mbzirc_ws/src/install:${AMENT_PREFIX_PATH} CMAKE_PREFIX_PATH=/home/muhayy/mbzirc_ws/src/install:/home/muhayy/mbzirc_ws/install:/opt/ros/galactic IGN_GAZEBO_RESOURCE_PATH=/home/muhayy/mbzirc_ws/src/install/share/mbzirc_ign/models:/home/muhayy/mbzirc_ws/src/install/share/mbzirc_ign/worlds:${IGN_GAZEBO_RESOURCE_PATH} IGN_GAZEBO_SYSTEM_PLUGIN_PATH=/home/muhayy/mbzirc_ws/src/install/lib:${IGN_GAZEBO_SYSTEM_PLUGIN_PATH} LD_LIBRARY_PATH=/home/muhayy/mbzirc_ws/src/install/lib:${LD_LIBRARY_PATH} PATH=/home/muhayy/mbzirc_ws/src/install/bin:${PATH} PYTHONPATH=/home/muhayy/mbzirc_ws/src/install/lib/python3.8/site-packages:${PYTHONPATH} /usr/bin/cmake --build /home/muhayy/mbzirc_ws/src/build/mbzirc_naive_spinning_radar -- -j12 -l12
[0.637s] Invoking command in '/home/muhayy/mbzirc_ws/src/build/mbzirc_naive_spinning_radar': AMENT_PREFIX_PATH=/home/muhayy/mbzirc_ws/src/install:${AMENT_PREFIX_PATH} CMAKE_PREFIX_PATH=/home/muhayy/mbzirc_ws/src/install:/home/muhayy/mbzirc_ws/install:/opt/ros/galactic IGN_GAZEBO_RESOURCE_PATH=/home/muhayy/mbzirc_ws/src/install/share/mbzirc_ign/models:/home/muhayy/mbzirc_ws/src/install/share/mbzirc_ign/worlds:${IGN_GAZEBO_RESOURCE_PATH} IGN_GAZEBO_SYSTEM_PLUGIN_PATH=/home/muhayy/mbzirc_ws/src/install/lib:${IGN_GAZEBO_SYSTEM_PLUGIN_PATH} LD_LIBRARY_PATH=/home/muhayy/mbzirc_ws/src/install/lib:${LD_LIBRARY_PATH} PATH=/home/muhayy/mbzirc_ws/src/install/bin:${PATH} PYTHONPATH=/home/muhayy/mbzirc_ws/src/install/lib/python3.8/site-packages:${PYTHONPATH} /usr/bin/cmake --install /home/muhayy/mbzirc_ws/src/build/mbzirc_naive_spinning_radar
[0.645s] -- Install configuration: ""
[0.646s] -- Installing: /home/muhayy/mbzirc_ws/src/install/share/mbzirc_naive_spinning_radar/environment/resource_paths.dsv
[0.646s] -- Installing: /home/muhayy/mbzirc_ws/src/install/share/mbzirc_naive_spinning_radar/environment/resource_paths.sh
[0.646s] -- Installing: /home/muhayy/mbzirc_ws/src/install/share/ament_index/resource_index/package_run_dependencies/mbzirc_naive_spinning_radar
[0.646s] -- Installing: /home/muhayy/mbzirc_ws/src/install/share/ament_index/resource_index/parent_prefix_path/mbzirc_naive_spinning_radar
[0.646s] -- Installing: /home/muhayy/mbzirc_ws/src/install/share/mbzirc_naive_spinning_radar/environment/ament_prefix_path.sh
[0.646s] -- Installing: /home/muhayy/mbzirc_ws/src/install/share/mbzirc_naive_spinning_radar/environment/ament_prefix_path.dsv
[0.646s] -- Installing: /home/muhayy/mbzirc_ws/src/install/share/mbzirc_naive_spinning_radar/environment/path.sh
[0.647s] -- Installing: /home/muhayy/mbzirc_ws/src/install/share/mbzirc_naive_spinning_radar/environment/path.dsv
[0.647s] -- Installing: /home/muhayy/mbzirc_ws/src/install/share/mbzirc_naive_spinning_radar/local_setup.bash
[0.647s] -- Installing: /home/muhayy/mbzirc_ws/src/install/share/mbzirc_naive_spinning_radar/local_setup.sh
[0.648s] -- Installing: /home/muhayy/mbzirc_ws/src/install/share/mbzirc_naive_spinning_radar/local_setup.zsh
[0.649s] -- Installing: /home/muhayy/mbzirc_ws/src/install/share/mbzirc_naive_spinning_radar/local_setup.dsv
[0.650s] -- Installing: /home/muhayy/mbzirc_ws/src/install/share/mbzirc_naive_spinning_radar/package.dsv
[0.650s] -- Installing: /home/muhayy/mbzirc_ws/src/install/share/ament_index/resource_index/packages/mbzirc_naive_spinning_radar
[0.651s] -- Installing: /home/muhayy/mbzirc_ws/src/install/share/mbzirc_naive_spinning_radar/cmake/mbzirc_naive_spinning_radarConfig.cmake
[0.651s] -- Installing: /home/muhayy/mbzirc_ws/src/install/share/mbzirc_naive_spinning_radar/cmake/mbzirc_naive_spinning_radarConfig-version.cmake
[0.651s] -- Installing: /home/muhayy/mbzirc_ws/src/install/share/mbzirc_naive_spinning_radar/package.xml
[0.659s] Invoked command in '/home/muhayy/mbzirc_ws/src/build/mbzirc_naive_spinning_radar' returned '0': AMENT_PREFIX_PATH=/home/muhayy/mbzirc_ws/src/install:${AMENT_PREFIX_PATH} CMAKE_PREFIX_PATH=/home/muhayy/mbzirc_ws/src/install:/home/muhayy/mbzirc_ws/install:/opt/ros/galactic IGN_GAZEBO_RESOURCE_PATH=/home/muhayy/mbzirc_ws/src/install/share/mbzirc_ign/models:/home/muhayy/mbzirc_ws/src/install/share/mbzirc_ign/worlds:${IGN_GAZEBO_RESOURCE_PATH} IGN_GAZEBO_SYSTEM_PLUGIN_PATH=/home/muhayy/mbzirc_ws/src/install/lib:${IGN_GAZEBO_SYSTEM_PLUGIN_PATH} LD_LIBRARY_PATH=/home/muhayy/mbzirc_ws/src/install/lib:${LD_LIBRARY_PATH} PATH=/home/muhayy/mbzirc_ws/src/install/bin:${PATH} PYTHONPATH=/home/muhayy/mbzirc_ws/src/install/lib/python3.8/site-packages:${PYTHONPATH} /usr/bin/cmake --install /home/muhayy/mbzirc_ws/src/build/mbzirc_naive_spinning_radar
