[0.074s] Invoking command in '/home/muhayy/mbzirc_ws/src/build/turtlebot3_description': CMAKE_PREFIX_PATH=${CMAKE_PREFIX_PATH}:/opt/ros/galactic /usr/bin/cmake --build /home/muhayy/mbzirc_ws/src/build/turtlebot3_description -- -j12 -l12
[0.827s] Invoked command in '/home/muhayy/mbzirc_ws/src/build/turtlebot3_description' returned '0': CMAKE_PREFIX_PATH=${CMAKE_PREFIX_PATH}:/opt/ros/galactic /usr/bin/cmake --build /home/muhayy/mbzirc_ws/src/build/turtlebot3_description -- -j12 -l12
[0.882s] Invoking command in '/home/muhayy/mbzirc_ws/src/build/turtlebot3_description': CMAKE_PREFIX_PATH=${CMAKE_PREFIX_PATH}:/opt/ros/galactic /usr/bin/cmake --install /home/muhayy/mbzirc_ws/src/build/turtlebot3_description
[0.907s] -- Install configuration: ""
[0.907s] -- Up-to-date: /home/muhayy/mbzirc_ws/src/install/share/turtlebot3_description/meshes
[0.907s] -- Up-to-date: /home/muhayy/mbzirc_ws/src/install/share/turtlebot3_description/meshes/bases
[0.908s] -- Up-to-date: /home/muhayy/mbzirc_ws/src/install/share/turtlebot3_description/meshes/bases/waffle_pi_base.stl
[0.908s] -- Up-to-date: /home/muhayy/mbzirc_ws/src/install/share/turtlebot3_description/meshes/bases/waffle_base.stl
[0.908s] -- Up-to-date: /home/muhayy/mbzirc_ws/src/install/share/turtlebot3_description/meshes/bases/burger_base.stl
[0.908s] -- Up-to-date: /home/muhayy/mbzirc_ws/src/install/share/turtlebot3_description/meshes/sensors
[0.909s] -- Up-to-date: /home/muhayy/mbzirc_ws/src/install/share/turtlebot3_description/meshes/sensors/r200.jpg
[0.909s] -- Up-to-date: /home/muhayy/mbzirc_ws/src/install/share/turtlebot3_description/meshes/sensors/astra.jpg
[0.909s] -- Up-to-date: /home/muhayy/mbzirc_ws/src/install/share/turtlebot3_description/meshes/sensors/lds.stl
[0.909s] -- Up-to-date: /home/muhayy/mbzirc_ws/src/install/share/turtlebot3_description/meshes/sensors/astra.dae
[0.909s] -- Up-to-date: /home/muhayy/mbzirc_ws/src/install/share/turtlebot3_description/meshes/sensors/r200.dae
[0.909s] -- Up-to-date: /home/muhayy/mbzirc_ws/src/install/share/turtlebot3_description/meshes/wheels
[0.910s] -- Up-to-date: /home/muhayy/mbzirc_ws/src/install/share/turtlebot3_description/meshes/wheels/right_tire.stl
[0.910s] -- Up-to-date: /home/muhayy/mbzirc_ws/src/install/share/turtlebot3_description/meshes/wheels/left_tire.stl
[0.910s] -- Up-to-date: /home/muhayy/mbzirc_ws/src/install/share/turtlebot3_description/rviz
[0.910s] -- Up-to-date: /home/muhayy/mbzirc_ws/src/install/share/turtlebot3_description/rviz/model.rviz
[0.910s] -- Up-to-date: /home/muhayy/mbzirc_ws/src/install/share/turtlebot3_description/urdf
[0.910s] -- Up-to-date: /home/muhayy/mbzirc_ws/src/install/share/turtlebot3_description/urdf/turtlebot3_burger.urdf
[0.910s] -- Up-to-date: /home/muhayy/mbzirc_ws/src/install/share/turtlebot3_description/urdf/turtlebot3_waffle_pi.urdf
[0.910s] -- Up-to-date: /home/muhayy/mbzirc_ws/src/install/share/turtlebot3_description/urdf/turtlebot3_waffle.urdf
[0.911s] -- Up-to-date: /home/muhayy/mbzirc_ws/src/install/share/turtlebot3_description/urdf/common_properties.urdf
[0.911s] -- Up-to-date: /home/muhayy/mbzirc_ws/src/install/share/ament_index/resource_index/package_run_dependencies/turtlebot3_description
[0.911s] -- Up-to-date: /home/muhayy/mbzirc_ws/src/install/share/ament_index/resource_index/parent_prefix_path/turtlebot3_description
[0.912s] -- Up-to-date: /home/muhayy/mbzirc_ws/src/install/share/turtlebot3_description/environment/ament_prefix_path.sh
[0.913s] -- Up-to-date: /home/muhayy/mbzirc_ws/src/install/share/turtlebot3_description/environment/ament_prefix_path.dsv
[0.914s] -- Up-to-date: /home/muhayy/mbzirc_ws/src/install/share/turtlebot3_description/environment/path.sh
[0.918s] -- Up-to-date: /home/muhayy/mbzirc_ws/src/install/share/turtlebot3_description/environment/path.dsv
[0.918s] -- Up-to-date: /home/muhayy/mbzirc_ws/src/install/share/turtlebot3_description/local_setup.bash
[0.918s] -- Up-to-date: /home/muhayy/mbzirc_ws/src/install/share/turtlebot3_description/local_setup.sh
[0.919s] -- Up-to-date: /home/muhayy/mbzirc_ws/src/install/share/turtlebot3_description/local_setup.zsh
[0.919s] -- Up-to-date: /home/muhayy/mbzirc_ws/src/install/share/turtlebot3_description/local_setup.dsv
[0.919s] -- Up-to-date: /home/muhayy/mbzirc_ws/src/install/share/turtlebot3_description/package.dsv
[0.919s] -- Up-to-date: /home/muhayy/mbzirc_ws/src/install/share/ament_index/resource_index/packages/turtlebot3_description
[0.920s] -- Up-to-date: /home/muhayy/mbzirc_ws/src/install/share/turtlebot3_description/cmake/turtlebot3_descriptionConfig.cmake
[0.920s] -- Up-to-date: /home/muhayy/mbzirc_ws/src/install/share/turtlebot3_description/cmake/turtlebot3_descriptionConfig-version.cmake
[0.920s] -- Up-to-date: /home/muhayy/mbzirc_ws/src/install/share/turtlebot3_description/package.xml
[0.973s] Invoked command in '/home/muhayy/mbzirc_ws/src/build/turtlebot3_description' returned '0': CMAKE_PREFIX_PATH=${CMAKE_PREFIX_PATH}:/opt/ros/galactic /usr/bin/cmake --install /home/muhayy/mbzirc_ws/src/build/turtlebot3_description
