[0.156s] Invoking command in '/home/muhayy/mbzirc_ws/src/build/ros_ign_image': AMENT_PREFIX_PATH=/home/muhayy/mbzirc_ws/src/install:${AMENT_PREFIX_PATH} CMAKE_PREFIX_PATH=/home/muhayy/mbzirc_ws/src/install:/home/muhayy/mbzirc_ws/install:/opt/ros/galactic LD_LIBRARY_PATH=/home/muhayy/mbzirc_ws/src/install/lib:${LD_LIBRARY_PATH} PATH=/home/muhayy/mbzirc_ws/src/install/bin:${PATH} PYTHONPATH=/home/muhayy/mbzirc_ws/src/install/lib/python3.8/site-packages:${PYTHONPATH} /usr/bin/cmake --build /home/muhayy/mbzirc_ws/src/build/ros_ign_image -- -j12 -l12
[0.248s] [100%] Built target image_bridge
[0.490s] Invoked command in '/home/muhayy/mbzirc_ws/src/build/ros_ign_image' returned '0': AMENT_PREFIX_PATH=/home/muhayy/mbzirc_ws/src/install:${AMENT_PREFIX_PATH} CMAKE_PREFIX_PATH=/home/muhayy/mbzirc_ws/src/install:/home/muhayy/mbzirc_ws/install:/opt/ros/galactic LD_LIBRARY_PATH=/home/muhayy/mbzirc_ws/src/install/lib:${LD_LIBRARY_PATH} PATH=/home/muhayy/mbzirc_ws/src/install/bin:${PATH} PYTHONPATH=/home/muhayy/mbzirc_ws/src/install/lib/python3.8/site-packages:${PYTHONPATH} /usr/bin/cmake --build /home/muhayy/mbzirc_ws/src/build/ros_ign_image -- -j12 -l12
[0.578s] Invoking command in '/home/muhayy/mbzirc_ws/src/build/ros_ign_image': AMENT_PREFIX_PATH=/home/muhayy/mbzirc_ws/src/install:${AMENT_PREFIX_PATH} CMAKE_PREFIX_PATH=/home/muhayy/mbzirc_ws/src/install:/home/muhayy/mbzirc_ws/install:/opt/ros/galactic LD_LIBRARY_PATH=/home/muhayy/mbzirc_ws/src/install/lib:${LD_LIBRARY_PATH} PATH=/home/muhayy/mbzirc_ws/src/install/bin:${PATH} PYTHONPATH=/home/muhayy/mbzirc_ws/src/install/lib/python3.8/site-packages:${PYTHONPATH} /usr/bin/cmake --install /home/muhayy/mbzirc_ws/src/build/ros_ign_image
[0.586s] -- Install configuration: ""
[0.586s] -- Up-to-date: /home/muhayy/mbzirc_ws/src/install/lib/ros_ign_image/image_bridge
[0.587s] -- Up-to-date: /home/muhayy/mbzirc_ws/src/install/share/ament_index/resource_index/package_run_dependencies/ros_ign_image
[0.587s] -- Up-to-date: /home/muhayy/mbzirc_ws/src/install/share/ament_index/resource_index/parent_prefix_path/ros_ign_image
[0.587s] -- Up-to-date: /home/muhayy/mbzirc_ws/src/install/share/ros_ign_image/environment/ament_prefix_path.sh
[0.587s] -- Up-to-date: /home/muhayy/mbzirc_ws/src/install/share/ros_ign_image/environment/ament_prefix_path.dsv
[0.587s] -- Up-to-date: /home/muhayy/mbzirc_ws/src/install/share/ros_ign_image/environment/path.sh
[0.588s] -- Up-to-date: /home/muhayy/mbzirc_ws/src/install/share/ros_ign_image/environment/path.dsv
[0.588s] -- Up-to-date: /home/muhayy/mbzirc_ws/src/install/share/ros_ign_image/local_setup.bash
[0.588s] -- Up-to-date: /home/muhayy/mbzirc_ws/src/install/share/ros_ign_image/local_setup.sh
[0.588s] -- Up-to-date: /home/muhayy/mbzirc_ws/src/install/share/ros_ign_image/local_setup.zsh
[0.588s] -- Up-to-date: /home/muhayy/mbzirc_ws/src/install/share/ros_ign_image/local_setup.dsv
[0.589s] -- Installing: /home/muhayy/mbzirc_ws/src/install/share/ros_ign_image/package.dsv
[0.589s] -- Up-to-date: /home/muhayy/mbzirc_ws/src/install/share/ament_index/resource_index/packages/ros_ign_image
[0.589s] -- Up-to-date: /home/muhayy/mbzirc_ws/src/install/share/ros_ign_image/cmake/ros_ign_imageConfig.cmake
[0.590s] -- Up-to-date: /home/muhayy/mbzirc_ws/src/install/share/ros_ign_image/cmake/ros_ign_imageConfig-version.cmake
[0.590s] -- Up-to-date: /home/muhayy/mbzirc_ws/src/install/share/ros_ign_image/package.xml
[0.629s] Invoked command in '/home/muhayy/mbzirc_ws/src/build/ros_ign_image' returned '0': AMENT_PREFIX_PATH=/home/muhayy/mbzirc_ws/src/install:${AMENT_PREFIX_PATH} CMAKE_PREFIX_PATH=/home/muhayy/mbzirc_ws/src/install:/home/muhayy/mbzirc_ws/install:/opt/ros/galactic LD_LIBRARY_PATH=/home/muhayy/mbzirc_ws/src/install/lib:${LD_LIBRARY_PATH} PATH=/home/muhayy/mbzirc_ws/src/install/bin:${PATH} PYTHONPATH=/home/muhayy/mbzirc_ws/src/install/lib/python3.8/site-packages:${PYTHONPATH} /usr/bin/cmake --install /home/muhayy/mbzirc_ws/src/build/ros_ign_image
