[0.583s] Invoking command in '/home/muhayy/mbzirc_ws/src/build/explorer_gazebo': CMAKE_PREFIX_PATH=${CMAKE_PREFIX_PATH}:/opt/ros/galactic /usr/bin/cmake --build /home/muhayy/mbzirc_ws/src/build/explorer_gazebo -- -j12 -l12
[0.669s] Invoked command in '/home/muhayy/mbzirc_ws/src/build/explorer_gazebo' returned '0': CMAKE_PREFIX_PATH=${CMAKE_PREFIX_PATH}:/opt/ros/galactic /usr/bin/cmake --build /home/muhayy/mbzirc_ws/src/build/explorer_gazebo -- -j12 -l12
[0.752s] Invoking command in '/home/muhayy/mbzirc_ws/src/build/explorer_gazebo': CMAKE_PREFIX_PATH=${CMAKE_PREFIX_PATH}:/opt/ros/galactic /usr/bin/cmake --install /home/muhayy/mbzirc_ws/src/build/explorer_gazebo
[0.796s] -- Install configuration: ""
[0.796s] -- Up-to-date: /home/muhayy/mbzirc_ws/src/install/share/explorer_gazebo//models
[0.797s] -- Up-to-date: /home/muhayy/mbzirc_ws/src/install/share/explorer_gazebo//models/map3
[0.797s] -- Up-to-date: /home/muhayy/mbzirc_ws/src/install/share/explorer_gazebo//models/map3/map3.sdf
[0.797s] -- Up-to-date: /home/muhayy/mbzirc_ws/src/install/share/explorer_gazebo//models/map3/model.config
[0.797s] -- Up-to-date: /home/muhayy/mbzirc_ws/src/install/share/explorer_gazebo//models/map1
[0.797s] -- Up-to-date: /home/muhayy/mbzirc_ws/src/install/share/explorer_gazebo//models/map1/map1.sdf
[0.797s] -- Up-to-date: /home/muhayy/mbzirc_ws/src/install/share/explorer_gazebo//models/map1/model.config
[0.797s] -- Up-to-date: /home/muhayy/mbzirc_ws/src/install/share/explorer_gazebo//models/turtlebot3_burger
[0.797s] -- Up-to-date: /home/muhayy/mbzirc_ws/src/install/share/explorer_gazebo//models/turtlebot3_burger/model-1_4.sdf
[0.798s] -- Up-to-date: /home/muhayy/mbzirc_ws/src/install/share/explorer_gazebo//models/turtlebot3_burger/model.sdf
[0.798s] -- Up-to-date: /home/muhayy/mbzirc_ws/src/install/share/explorer_gazebo//models/turtlebot3_burger/meshes
[0.798s] -- Up-to-date: /home/muhayy/mbzirc_ws/src/install/share/explorer_gazebo//models/turtlebot3_burger/meshes/burger_base.dae
[0.798s] -- Up-to-date: /home/muhayy/mbzirc_ws/src/install/share/explorer_gazebo//models/turtlebot3_burger/meshes/lds.dae
[0.798s] -- Up-to-date: /home/muhayy/mbzirc_ws/src/install/share/explorer_gazebo//models/turtlebot3_burger/meshes/tire.dae
[0.798s] -- Up-to-date: /home/muhayy/mbzirc_ws/src/install/share/explorer_gazebo//models/turtlebot3_burger/model.config
[0.798s] -- Up-to-date: /home/muhayy/mbzirc_ws/src/install/share/explorer_gazebo//models/map11
[0.798s] -- Up-to-date: /home/muhayy/mbzirc_ws/src/install/share/explorer_gazebo//models/map11/map11.sdf
[0.798s] -- Up-to-date: /home/muhayy/mbzirc_ws/src/install/share/explorer_gazebo//models/map11/model.config
[0.799s] -- Up-to-date: /home/muhayy/mbzirc_ws/src/install/share/explorer_gazebo//models/map8
[0.799s] -- Up-to-date: /home/muhayy/mbzirc_ws/src/install/share/explorer_gazebo//models/map8/map8.sdf
[0.799s] -- Up-to-date: /home/muhayy/mbzirc_ws/src/install/share/explorer_gazebo//models/map8/model.config
[0.801s] -- Up-to-date: /home/muhayy/mbzirc_ws/src/install/share/explorer_gazebo//models/map5
[0.801s] -- Up-to-date: /home/muhayy/mbzirc_ws/src/install/share/explorer_gazebo//models/map5/map5.sdf
[0.803s] -- Up-to-date: /home/muhayy/mbzirc_ws/src/install/share/explorer_gazebo//models/map5/model.config
[0.804s] -- Up-to-date: /home/muhayy/mbzirc_ws/src/install/share/explorer_gazebo//models/map10
[0.804s] -- Up-to-date: /home/muhayy/mbzirc_ws/src/install/share/explorer_gazebo//models/map10/model.config
[0.805s] -- Up-to-date: /home/muhayy/mbzirc_ws/src/install/share/explorer_gazebo//models/map10/map10.sdf
[0.805s] -- Up-to-date: /home/muhayy/mbzirc_ws/src/install/share/explorer_gazebo//models/map9
[0.805s] -- Up-to-date: /home/muhayy/mbzirc_ws/src/install/share/explorer_gazebo//models/map9/map9.sdf
[0.807s] -- Up-to-date: /home/muhayy/mbzirc_ws/src/install/share/explorer_gazebo//models/map9/model.config
[0.807s] -- Up-to-date: /home/muhayy/mbzirc_ws/src/install/share/explorer_gazebo//models/map4
[0.808s] -- Up-to-date: /home/muhayy/mbzirc_ws/src/install/share/explorer_gazebo//models/map4/map4.sdf
[0.809s] -- Up-to-date: /home/muhayy/mbzirc_ws/src/install/share/explorer_gazebo//models/map4/model.config
[0.809s] -- Up-to-date: /home/muhayy/mbzirc_ws/src/install/share/explorer_gazebo//models/map7
[0.811s] -- Up-to-date: /home/muhayy/mbzirc_ws/src/install/share/explorer_gazebo//models/map7/map7.sdf
[0.811s] -- Up-to-date: /home/muhayy/mbzirc_ws/src/install/share/explorer_gazebo//models/map7/model.config
[0.812s] -- Up-to-date: /home/muhayy/mbzirc_ws/src/install/share/explorer_gazebo//models/map6
[0.812s] -- Up-to-date: /home/muhayy/mbzirc_ws/src/install/share/explorer_gazebo//models/map6/map6.sdf
[0.813s] -- Up-to-date: /home/muhayy/mbzirc_ws/src/install/share/explorer_gazebo//models/map6/model.config
[0.814s] -- Up-to-date: /home/muhayy/mbzirc_ws/src/install/share/explorer_gazebo//models/map2
[0.814s] -- Up-to-date: /home/muhayy/mbzirc_ws/src/install/share/explorer_gazebo//models/map2/map2.sdf
[0.814s] -- Up-to-date: /home/muhayy/mbzirc_ws/src/install/share/explorer_gazebo//models/map2/model.config
[0.814s] -- Up-to-date: /home/muhayy/mbzirc_ws/src/install/share/explorer_gazebo//worlds
[0.814s] -- Up-to-date: /home/muhayy/mbzirc_ws/src/install/share/explorer_gazebo//worlds/map10.world.xml
[0.814s] -- Up-to-date: /home/muhayy/mbzirc_ws/src/install/share/explorer_gazebo//worlds/map1.world.xml
[0.814s] -- Up-to-date: /home/muhayy/mbzirc_ws/src/install/share/explorer_gazebo//worlds/map6.world.xml
[0.814s] -- Up-to-date: /home/muhayy/mbzirc_ws/src/install/share/explorer_gazebo//worlds/map3.world.xml
[0.815s] -- Up-to-date: /home/muhayy/mbzirc_ws/src/install/share/explorer_gazebo//worlds/map2.world.xml
[0.815s] -- Up-to-date: /home/muhayy/mbzirc_ws/src/install/share/explorer_gazebo//worlds/map7.world.xml
[0.815s] -- Up-to-date: /home/muhayy/mbzirc_ws/src/install/share/explorer_gazebo//worlds/map4.world.xml
[0.815s] -- Up-to-date: /home/muhayy/mbzirc_ws/src/install/share/explorer_gazebo//worlds/map5.world.xml
[0.815s] -- Up-to-date: /home/muhayy/mbzirc_ws/src/install/share/explorer_gazebo//worlds/map8.world.xml
[0.815s] -- Up-to-date: /home/muhayy/mbzirc_ws/src/install/share/explorer_gazebo//worlds/map9.world.xml
[0.815s] -- Up-to-date: /home/muhayy/mbzirc_ws/src/install/share/explorer_gazebo//worlds/map11.world.xml
[0.816s] -- Up-to-date: /home/muhayy/mbzirc_ws/src/install/share/explorer_gazebo//maps
[0.816s] -- Up-to-date: /home/muhayy/mbzirc_ws/src/install/share/explorer_gazebo//maps/map8.csv
[0.816s] -- Up-to-date: /home/muhayy/mbzirc_ws/src/install/share/explorer_gazebo//maps/map4.csv
[0.816s] -- Up-to-date: /home/muhayy/mbzirc_ws/src/install/share/explorer_gazebo//maps/map9.csv
[0.816s] -- Up-to-date: /home/muhayy/mbzirc_ws/src/install/share/explorer_gazebo//maps/map1.csv
[0.816s] -- Up-to-date: /home/muhayy/mbzirc_ws/src/install/share/explorer_gazebo//maps/map10.csv
[0.816s] -- Up-to-date: /home/muhayy/mbzirc_ws/src/install/share/explorer_gazebo//maps/map2.csv
[0.817s] -- Up-to-date: /home/muhayy/mbzirc_ws/src/install/share/explorer_gazebo//maps/map11.csv
[0.817s] -- Up-to-date: /home/muhayy/mbzirc_ws/src/install/share/explorer_gazebo//maps/map6.csv
[0.817s] -- Up-to-date: /home/muhayy/mbzirc_ws/src/install/share/explorer_gazebo//maps/map7.csv
[0.818s] -- Up-to-date: /home/muhayy/mbzirc_ws/src/install/share/explorer_gazebo//maps/map3.csv
[0.818s] -- Up-to-date: /home/muhayy/mbzirc_ws/src/install/share/explorer_gazebo//maps/map5.csv
[0.818s] -- Up-to-date: /home/muhayy/mbzirc_ws/src/install/share/ament_index/resource_index/package_run_dependencies/explorer_gazebo
[0.818s] -- Up-to-date: /home/muhayy/mbzirc_ws/src/install/share/ament_index/resource_index/parent_prefix_path/explorer_gazebo
[0.818s] -- Up-to-date: /home/muhayy/mbzirc_ws/src/install/share/explorer_gazebo/environment/ament_prefix_path.sh
[0.818s] -- Up-to-date: /home/muhayy/mbzirc_ws/src/install/share/explorer_gazebo/environment/ament_prefix_path.dsv
[0.818s] -- Up-to-date: /home/muhayy/mbzirc_ws/src/install/share/explorer_gazebo/environment/path.sh
[0.818s] -- Up-to-date: /home/muhayy/mbzirc_ws/src/install/share/explorer_gazebo/environment/path.dsv
[0.819s] -- Up-to-date: /home/muhayy/mbzirc_ws/src/install/share/explorer_gazebo/local_setup.bash
[0.819s] -- Up-to-date: /home/muhayy/mbzirc_ws/src/install/share/explorer_gazebo/local_setup.sh
[0.819s] -- Up-to-date: /home/muhayy/mbzirc_ws/src/install/share/explorer_gazebo/local_setup.zsh
[0.819s] -- Up-to-date: /home/muhayy/mbzirc_ws/src/install/share/explorer_gazebo/local_setup.dsv
[0.819s] -- Installing: /home/muhayy/mbzirc_ws/src/install/share/explorer_gazebo/package.dsv
[0.819s] -- Up-to-date: /home/muhayy/mbzirc_ws/src/install/share/ament_index/resource_index/packages/explorer_gazebo
[0.819s] -- Up-to-date: /home/muhayy/mbzirc_ws/src/install/share/explorer_gazebo/cmake/explorer_gazeboConfig.cmake
[0.819s] -- Up-to-date: /home/muhayy/mbzirc_ws/src/install/share/explorer_gazebo/cmake/explorer_gazeboConfig-version.cmake
[0.820s] -- Up-to-date: /home/muhayy/mbzirc_ws/src/install/share/explorer_gazebo/package.xml
[0.879s] Invoked command in '/home/muhayy/mbzirc_ws/src/build/explorer_gazebo' returned '0': CMAKE_PREFIX_PATH=${CMAKE_PREFIX_PATH}:/opt/ros/galactic /usr/bin/cmake --install /home/muhayy/mbzirc_ws/src/build/explorer_gazebo
