[0.076s] Invoking command in '/home/muhayy/mbzirc_ws/src/build/ros_ign_gazebo': CMAKE_PREFIX_PATH=${CMAKE_PREFIX_PATH}:/opt/ros/galactic /usr/bin/cmake --build /home/muhayy/mbzirc_ws/src/build/ros_ign_gazebo -- -j12 -l12
[0.824s] [100%] Built target create
[0.830s] Invoked command in '/home/muhayy/mbzirc_ws/src/build/ros_ign_gazebo' returned '0': CMAKE_PREFIX_PATH=${CMAKE_PREFIX_PATH}:/opt/ros/galactic /usr/bin/cmake --build /home/muhayy/mbzirc_ws/src/build/ros_ign_gazebo -- -j12 -l12
[0.884s] Invoking command in '/home/muhayy/mbzirc_ws/src/build/ros_ign_gazebo': CMAKE_PREFIX_PATH=${CMAKE_PREFIX_PATH}:/opt/ros/galactic /usr/bin/cmake --install /home/muhayy/mbzirc_ws/src/build/ros_ign_gazebo
[0.926s] -- Install configuration: ""
[0.926s] -- Up-to-date: /home/muhayy/mbzirc_ws/src/install/share/ros_ign_gazebo/launch/ign_gazebo.launch.py
[0.927s] -- Up-to-date: /home/muhayy/mbzirc_ws/src/install/lib/ros_ign_gazebo/create
[0.927s] -- Up-to-date: /home/muhayy/mbzirc_ws/src/install/share/ament_index/resource_index/package_run_dependencies/ros_ign_gazebo
[0.927s] -- Up-to-date: /home/muhayy/mbzirc_ws/src/install/share/ament_index/resource_index/parent_prefix_path/ros_ign_gazebo
[0.929s] -- Up-to-date: /home/muhayy/mbzirc_ws/src/install/share/ros_ign_gazebo/environment/ament_prefix_path.sh
[0.929s] -- Up-to-date: /home/muhayy/mbzirc_ws/src/install/share/ros_ign_gazebo/environment/ament_prefix_path.dsv
[0.929s] -- Up-to-date: /home/muhayy/mbzirc_ws/src/install/share/ros_ign_gazebo/environment/path.sh
[0.929s] -- Up-to-date: /home/muhayy/mbzirc_ws/src/install/share/ros_ign_gazebo/environment/path.dsv
[0.930s] -- Up-to-date: /home/muhayy/mbzirc_ws/src/install/share/ros_ign_gazebo/local_setup.bash
[0.930s] -- Up-to-date: /home/muhayy/mbzirc_ws/src/install/share/ros_ign_gazebo/local_setup.sh
[0.931s] -- Up-to-date: /home/muhayy/mbzirc_ws/src/install/share/ros_ign_gazebo/local_setup.zsh
[0.932s] -- Up-to-date: /home/muhayy/mbzirc_ws/src/install/share/ros_ign_gazebo/local_setup.dsv
[0.932s] -- Installing: /home/muhayy/mbzirc_ws/src/install/share/ros_ign_gazebo/package.dsv
[0.932s] -- Up-to-date: /home/muhayy/mbzirc_ws/src/install/share/ament_index/resource_index/packages/ros_ign_gazebo
[0.932s] -- Up-to-date: /home/muhayy/mbzirc_ws/src/install/share/ros_ign_gazebo/cmake/ros_ign_gazeboConfig.cmake
[0.932s] -- Up-to-date: /home/muhayy/mbzirc_ws/src/install/share/ros_ign_gazebo/cmake/ros_ign_gazeboConfig-version.cmake
[0.933s] -- Up-to-date: /home/muhayy/mbzirc_ws/src/install/share/ros_ign_gazebo/package.xml
[0.954s] Invoked command in '/home/muhayy/mbzirc_ws/src/build/ros_ign_gazebo' returned '0': CMAKE_PREFIX_PATH=${CMAKE_PREFIX_PATH}:/opt/ros/galactic /usr/bin/cmake --install /home/muhayy/mbzirc_ws/src/build/ros_ign_gazebo
