-- Install configuration: ""
-- Up-to-date: /home/muhayy/mbzirc_ws/src/install/share/ament_index/resource_index/package_run_dependencies/ros2_mapping
-- Up-to-date: /home/muhayy/mbzirc_ws/src/install/share/ament_index/resource_index/parent_prefix_path/ros2_mapping
-- Up-to-date: /home/muhayy/mbzirc_ws/src/install/share/ros2_mapping/environment/ament_prefix_path.sh
-- Up-to-date: /home/muhayy/mbzirc_ws/src/install/share/ros2_mapping/environment/ament_prefix_path.dsv
-- Up-to-date: /home/muhayy/mbzirc_ws/src/install/share/ros2_mapping/environment/path.sh
-- Up-to-date: /home/muhayy/mbzirc_ws/src/install/share/ros2_mapping/environment/path.dsv
-- Up-to-date: /home/muhayy/mbzirc_ws/src/install/share/ros2_mapping/local_setup.bash
-- Up-to-date: /home/muhayy/mbzirc_ws/src/install/share/ros2_mapping/local_setup.sh
-- Up-to-date: /home/muhayy/mbzirc_ws/src/install/share/ros2_mapping/local_setup.zsh
-- Up-to-date: /home/muhayy/mbzirc_ws/src/install/share/ros2_mapping/local_setup.dsv
-- Installing: /home/muhayy/mbzirc_ws/src/install/share/ros2_mapping/package.dsv
-- Up-to-date: /home/muhayy/mbzirc_ws/src/install/share/ament_index/resource_index/packages/ros2_mapping
-- Up-to-date: /home/muhayy/mbzirc_ws/src/install/share/ros2_mapping/cmake/ros2_mappingConfig.cmake
-- Up-to-date: /home/muhayy/mbzirc_ws/src/install/share/ros2_mapping/cmake/ros2_mappingConfig-version.cmake
-- Up-to-date: /home/muhayy/mbzirc_ws/src/install/share/ros2_mapping/package.xml
-- Up-to-date: /home/muhayy/mbzirc_ws/src/install/share/ros2_mapping/launch
-- Up-to-date: /home/muhayy/mbzirc_ws/src/install/share/ros2_mapping/launch/online_async_launch.py
-- Up-to-date: /home/muhayy/mbzirc_ws/src/install/share/ros2_mapping/launch/lifelong_launch.py
-- Up-to-date: /home/muhayy/mbzirc_ws/src/install/share/ros2_mapping/launch/map_bringsup.launch.py
-- Up-to-date: /home/muhayy/mbzirc_ws/src/install/share/ros2_mapping/config
-- Up-to-date: /home/muhayy/mbzirc_ws/src/install/share/ros2_mapping/config/simple_map.yaml
-- Up-to-date: /home/muhayy/mbzirc_ws/src/install/share/ros2_mapping/config/simple_map.pgm
-- Up-to-date: /home/muhayy/mbzirc_ws/src/install/share/ros2_mapping/config/mapper_params_lifelong_launch.yaml
-- Up-to-date: /home/muhayy/mbzirc_ws/src/install/share/ros2_mapping/config/mapper_params_online_async.yaml
