[0.781s] Invoking command in '/home/muhayy/mbzirc_ws/src/build/ros2_mapping': CMAKE_PREFIX_PATH=${CMAKE_PREFIX_PATH}:/opt/ros/galactic /usr/bin/cmake --build /home/muhayy/mbzirc_ws/src/build/ros2_mapping -- -j12 -l12
[0.822s] Invoked command in '/home/muhayy/mbzirc_ws/src/build/ros2_mapping' returned '0': CMAKE_PREFIX_PATH=${CMAKE_PREFIX_PATH}:/opt/ros/galactic /usr/bin/cmake --build /home/muhayy/mbzirc_ws/src/build/ros2_mapping -- -j12 -l12
[0.965s] Invoking command in '/home/muhayy/mbzirc_ws/src/build/ros2_mapping': CMAKE_PREFIX_PATH=${CMAKE_PREFIX_PATH}:/opt/ros/galactic /usr/bin/cmake --install /home/muhayy/mbzirc_ws/src/build/ros2_mapping
[0.976s] -- Install configuration: ""
[0.976s] -- Up-to-date: /home/muhayy/mbzirc_ws/src/install/share/ament_index/resource_index/package_run_dependencies/ros2_mapping
[0.976s] -- Up-to-date: /home/muhayy/mbzirc_ws/src/install/share/ament_index/resource_index/parent_prefix_path/ros2_mapping
[0.978s] -- Up-to-date: /home/muhayy/mbzirc_ws/src/install/share/ros2_mapping/environment/ament_prefix_path.sh
[0.978s] -- Up-to-date: /home/muhayy/mbzirc_ws/src/install/share/ros2_mapping/environment/ament_prefix_path.dsv
[0.978s] -- Up-to-date: /home/muhayy/mbzirc_ws/src/install/share/ros2_mapping/environment/path.sh
[0.978s] -- Up-to-date: /home/muhayy/mbzirc_ws/src/install/share/ros2_mapping/environment/path.dsv
[0.979s] -- Up-to-date: /home/muhayy/mbzirc_ws/src/install/share/ros2_mapping/local_setup.bash
[0.979s] -- Up-to-date: /home/muhayy/mbzirc_ws/src/install/share/ros2_mapping/local_setup.sh
[0.979s] -- Up-to-date: /home/muhayy/mbzirc_ws/src/install/share/ros2_mapping/local_setup.zsh
[0.980s] -- Up-to-date: /home/muhayy/mbzirc_ws/src/install/share/ros2_mapping/local_setup.dsv
[0.980s] -- Installing: /home/muhayy/mbzirc_ws/src/install/share/ros2_mapping/package.dsv
[0.980s] -- Up-to-date: /home/muhayy/mbzirc_ws/src/install/share/ament_index/resource_index/packages/ros2_mapping
[0.980s] -- Up-to-date: /home/muhayy/mbzirc_ws/src/install/share/ros2_mapping/cmake/ros2_mappingConfig.cmake
[0.980s] -- Up-to-date: /home/muhayy/mbzirc_ws/src/install/share/ros2_mapping/cmake/ros2_mappingConfig-version.cmake
[0.980s] -- Up-to-date: /home/muhayy/mbzirc_ws/src/install/share/ros2_mapping/package.xml
[0.981s] -- Up-to-date: /home/muhayy/mbzirc_ws/src/install/share/ros2_mapping/launch
[0.982s] -- Up-to-date: /home/muhayy/mbzirc_ws/src/install/share/ros2_mapping/launch/online_async_launch.py
[0.982s] -- Up-to-date: /home/muhayy/mbzirc_ws/src/install/share/ros2_mapping/launch/lifelong_launch.py
[0.982s] -- Up-to-date: /home/muhayy/mbzirc_ws/src/install/share/ros2_mapping/launch/map_bringsup.launch.py
[0.982s] -- Up-to-date: /home/muhayy/mbzirc_ws/src/install/share/ros2_mapping/config
[0.982s] -- Up-to-date: /home/muhayy/mbzirc_ws/src/install/share/ros2_mapping/config/simple_map.yaml
[0.982s] -- Up-to-date: /home/muhayy/mbzirc_ws/src/install/share/ros2_mapping/config/simple_map.pgm
[0.982s] -- Up-to-date: /home/muhayy/mbzirc_ws/src/install/share/ros2_mapping/config/mapper_params_lifelong_launch.yaml
[0.982s] -- Up-to-date: /home/muhayy/mbzirc_ws/src/install/share/ros2_mapping/config/mapper_params_online_async.yaml
[1.341s] Invoked command in '/home/muhayy/mbzirc_ws/src/build/ros2_mapping' returned '0': CMAKE_PREFIX_PATH=${CMAKE_PREFIX_PATH}:/opt/ros/galactic /usr/bin/cmake --install /home/muhayy/mbzirc_ws/src/build/ros2_mapping
