[0.796s] Invoking command in '/home/muhayy/mbzirc_ws/src/build/turtlebot3_gazebo': CMAKE_PREFIX_PATH=${CMAKE_PREFIX_PATH}:/opt/ros/galactic /usr/bin/cmake /home/muhayy/mbzirc_ws/src/turtlebot3_simulations/turtlebot3_gazebo -DCMAKE_INSTALL_PREFIX=/home/muhayy/mbzirc_ws/src/install
[1.362s] -- The C compiler identification is GNU 9.4.0
[1.362s] -- The CXX compiler identification is GNU 9.4.0
[1.362s] -- Check for working C compiler: /usr/bin/cc
[1.362s] -- Check for working C compiler: /usr/bin/cc -- works
[1.362s] -- Detecting C compiler ABI info
[1.362s] -- Detecting C compiler ABI info - done
[1.362s] -- Detecting C compile features
[1.363s] -- Detecting C compile features - done
[1.363s] -- Check for working CXX compiler: /usr/bin/c++
[1.495s] -- Check for working CXX compiler: /usr/bin/c++ -- works
[1.515s] -- Detecting CXX compiler ABI info
[1.679s] -- Detecting CXX compiler ABI info - done
[1.729s] -- Detecting CXX compile features
[1.730s] -- Detecting CXX compile features - done
[1.734s] -- Found ament_cmake: 1.1.5 (/opt/ros/galactic/share/ament_cmake/cmake)
[1.775s] -- Found PythonInterp: /usr/bin/python3 (found suitable version "3.8.10", minimum required is "3") 
[1.777s] -- Using PYTHON_EXECUTABLE: /usr/bin/python3
[1.897s] -- Found PkgConfig: /usr/bin/pkg-config (found version "0.29.1") 
[1.904s] -- Checking for module 'bullet>=2.82'
[1.940s] --   Found bullet, version 2.88
[2.245s] -- Found ccd: /usr/include (found suitable version "2.0", minimum required is "2.0") 
[2.354s] -- Found fcl: /usr/include (found suitable version "0.5.0", minimum required is "0.3.2") 
[2.482s] -- Found assimp: /usr/include (found version "5.0.0") 
[2.524s] -- Found DART: /usr/include (Required is at least version "6.6") found components: dart 
[3.061s] -- Found Boost: /usr/lib/x86_64-linux-gnu/cmake/Boost-1.71.0/BoostConfig.cmake (found suitable version "1.71.0", minimum required is "1.40.0") found components: thread system filesystem program_options regex iostreams date_time 
[3.099s] -- Found Protobuf: /usr/lib/x86_64-linux-gnu/libprotobuf.so;-lpthread (found version "3.6.1") 
[3.107s] -- Looking for ignition-math6 -- found version 6.11.0
[3.116s] -- Searching for dependencies of ignition-math6
[3.119s] -- Looking for OGRE...
[3.120s] -- OGRE_PREFIX_WATCH changed.
[3.127s] -- Checking for module 'OGRE'
[3.148s] --   Found OGRE, version 1.9.0
[3.208s] -- Found Ogre Ghadamon (1.9.0)
[3.222s] -- Found OGRE: optimized;/usr/lib/x86_64-linux-gnu/libOgreMain.so;debug;/usr/lib/x86_64-linux-gnu/libOgreMain.so
[3.233s] -- Looking for OGRE_Paging...
[3.245s] -- Found OGRE_Paging: optimized;/usr/lib/x86_64-linux-gnu/libOgrePaging.so;debug;/usr/lib/x86_64-linux-gnu/libOgrePaging.so
[3.245s] -- Looking for OGRE_Terrain...
[3.260s] -- Found OGRE_Terrain: optimized;/usr/lib/x86_64-linux-gnu/libOgreTerrain.so;debug;/usr/lib/x86_64-linux-gnu/libOgreTerrain.so
[3.260s] -- Looking for OGRE_Property...
[3.270s] -- Found OGRE_Property: optimized;/usr/lib/x86_64-linux-gnu/libOgreProperty.so;debug;/usr/lib/x86_64-linux-gnu/libOgreProperty.so
[3.270s] -- Looking for OGRE_RTShaderSystem...
[3.284s] -- Found OGRE_RTShaderSystem: optimized;/usr/lib/x86_64-linux-gnu/libOgreRTShaderSystem.so;debug;/usr/lib/x86_64-linux-gnu/libOgreRTShaderSystem.so
[3.284s] -- Looking for OGRE_Volume...
[3.294s] -- Found OGRE_Volume: optimized;/usr/lib/x86_64-linux-gnu/libOgreVolume.so;debug;/usr/lib/x86_64-linux-gnu/libOgreVolume.so
[3.294s] -- Looking for OGRE_Overlay...
[3.304s] -- Found OGRE_Overlay: optimized;/usr/lib/x86_64-linux-gnu/libOgreOverlay.so;debug;/usr/lib/x86_64-linux-gnu/libOgreOverlay.so
[3.640s] -- Looking for ignition-math6 -- found version 6.11.0
[3.644s] -- Looking for ignition-transport8 -- found version 8.2.1
[3.645s] -- Searching for dependencies of ignition-transport8
[3.681s] -- Found Protobuf: /usr/lib/x86_64-linux-gnu/libprotobuf.so;-lpthread (found suitable version "3.6.1", minimum required is "3") 
[3.701s] -- Config-file not installed for ZeroMQ -- checking for pkg-config
[3.710s] -- Checking for module 'libzmq >= 4'
[3.796s] --   Found libzmq , version 4.3.2
[3.932s] -- Found ZeroMQ: TRUE (Required is at least version "4") 
[3.956s] -- Checking for module 'uuid'
[4.045s] --   Found uuid, version 2.34.0
[4.290s] -- Found UUID: TRUE  
[4.302s] -- Looking for ignition-msgs5 -- found version 5.9.0
[4.305s] -- Searching for dependencies of ignition-msgs5
[4.337s] -- Looking for ignition-math6 -- found version 6.11.0
[4.364s] -- Checking for module 'tinyxml2'
[4.438s] --   Found tinyxml2, version 6.2.0
[4.848s] -- Looking for ignition-msgs5 -- found version 5.9.0
[4.852s] -- Looking for ignition-common3 -- found version 3.14.0
[4.852s] -- Searching for dependencies of ignition-common3
[4.853s] -- Looking for dlfcn.h - found
[4.855s] -- Looking for libdl - found
[4.871s] -- Found DL: TRUE  
[4.896s] -- Searching for <ignition-common3> component [graphics]
[4.935s] -- Looking for ignition-common3-graphics -- found version 3.14.0
[4.936s] -- Searching for dependencies of ignition-common3-graphics
[4.936s] -- Looking for ignition-math6 -- found version 6.11.0
[4.955s] -- Looking for ignition-fuel_tools4 -- found version 4.4.0
[4.955s] -- Searching for dependencies of ignition-fuel_tools4
[5.523s] -- Found CURL: /usr/lib/x86_64-linux-gnu/libcurl.so (found version "7.68.0")  
[5.560s] -- Checking for module 'jsoncpp'
[5.735s] --   Found jsoncpp, version 1.7.4
[6.083s] -- Found JSONCPP: TRUE  
[6.100s] -- Checking for module 'libzip'
[6.239s] --   Found libzip, version 1.5.1
[6.586s] -- Found ZIP: TRUE  
[6.587s] -- Looking for ignition-common3 -- found version 3.14.0
[6.588s] -- Looking for ignition-math6 -- found version 6.11.0
[6.589s] -- Looking for ignition-msgs5 -- found version 5.9.0
[6.607s] -- Found gazebo_ros_pkgs: 3.5.2 (/opt/ros/galactic/share/gazebo_ros_pkgs/cmake)
[6.609s] -- Found geometry_msgs: 2.2.4 (/opt/ros/galactic/share/geometry_msgs/cmake)
[6.699s] -- Using all available rosidl_typesupport_c: rosidl_typesupport_fastrtps_c;rosidl_typesupport_introspection_c
[6.739s] -- Found rosidl_adapter: 2.2.2 (/opt/ros/galactic/share/rosidl_adapter/cmake)
[7.340s] -- Found OpenSSL: /usr/lib/x86_64-linux-gnu/libcrypto.so (found version "1.1.1f")  
[7.447s] -- Found FastRTPS: /opt/ros/galactic/include  
[7.935s] -- Using all available rosidl_typesupport_cpp: rosidl_typesupport_fastrtps_cpp;rosidl_typesupport_introspection_cpp
[8.440s] -- Found nav_msgs: 2.2.4 (/opt/ros/galactic/share/nav_msgs/cmake)
[8.947s] -- Found rclcpp: 9.2.1 (/opt/ros/galactic/share/rclcpp/cmake)
[9.259s] -- Found rmw_implementation_cmake: 3.3.1 (/opt/ros/galactic/share/rmw_implementation_cmake/cmake)
[9.279s] -- Found rmw_cyclonedds_cpp: 0.22.5 (/opt/ros/galactic/share/rmw_cyclonedds_cpp/cmake)
[9.429s] -- Using RMW implementation 'rmw_cyclonedds_cpp' as default
[9.443s] -- Found Threads: TRUE  
[10.587s] -- Found sensor_msgs: 2.2.4 (/opt/ros/galactic/share/sensor_msgs/cmake)
[11.164s] -- Found tf2: 0.17.3 (/opt/ros/galactic/share/tf2/cmake)
[11.391s] -- Configuring done
[11.579s] -- Generating done
[11.600s] -- Build files have been written to: /home/muhayy/mbzirc_ws/src/build/turtlebot3_gazebo
[11.665s] Invoked command in '/home/muhayy/mbzirc_ws/src/build/turtlebot3_gazebo' returned '0': CMAKE_PREFIX_PATH=${CMAKE_PREFIX_PATH}:/opt/ros/galactic /usr/bin/cmake /home/muhayy/mbzirc_ws/src/turtlebot3_simulations/turtlebot3_gazebo -DCMAKE_INSTALL_PREFIX=/home/muhayy/mbzirc_ws/src/install
[11.666s] Invoking command in '/home/muhayy/mbzirc_ws/src/build/turtlebot3_gazebo': CMAKE_PREFIX_PATH=${CMAKE_PREFIX_PATH}:/opt/ros/galactic /usr/bin/cmake --build /home/muhayy/mbzirc_ws/src/build/turtlebot3_gazebo -- -j12 -l12
[15.096s] [35m[1mScanning dependencies of target obstacle2[0m
[15.096s] [35m[1mScanning dependencies of target turtlebot3_drive[0m
[15.097s] [35m[1mScanning dependencies of target obstacle1[0m
[15.097s] [35m[1mScanning dependencies of target obstacles[0m
[15.097s] [ 12%] [32mBuilding CXX object CMakeFiles/turtlebot3_drive.dir/src/turtlebot3_drive.cpp.o[0m
[15.097s] [ 25%] [32mBuilding CXX object CMakeFiles/obstacle2.dir/models/turtlebot3_dqn_world/obstacle_plugin/obstacle2.cc.o[0m
[15.097s] [ 50%] [32mBuilding CXX object CMakeFiles/obstacle1.dir/models/turtlebot3_dqn_world/obstacle_plugin/obstacle1.cc.o[0m
[15.097s] [ 50%] [32mBuilding CXX object CMakeFiles/obstacles.dir/models/turtlebot3_dqn_world/obstacle_plugin/obstacles.cc.o[0m
[39.712s] [ 62%] [32m[1mLinking CXX executable turtlebot3_drive[0m
[40.670s] [ 62%] Built target turtlebot3_drive
[41.276s] [ 75%] [32m[1mLinking CXX shared library libobstacle1.so[0m
[41.416s] [ 87%] [32m[1mLinking CXX shared library libobstacle2.so[0m
[41.608s] [100%] [32m[1mLinking CXX shared library libobstacles.so[0m
[41.890s] [100%] Built target obstacle1
[41.948s] [100%] Built target obstacle2
[42.129s] [100%] Built target obstacles
[42.146s] Invoked command in '/home/muhayy/mbzirc_ws/src/build/turtlebot3_gazebo' returned '0': CMAKE_PREFIX_PATH=${CMAKE_PREFIX_PATH}:/opt/ros/galactic /usr/bin/cmake --build /home/muhayy/mbzirc_ws/src/build/turtlebot3_gazebo -- -j12 -l12
[42.190s] Invoking command in '/home/muhayy/mbzirc_ws/src/build/turtlebot3_gazebo': CMAKE_PREFIX_PATH=${CMAKE_PREFIX_PATH}:/opt/ros/galactic /usr/bin/cmake --install /home/muhayy/mbzirc_ws/src/build/turtlebot3_gazebo
[42.204s] -- Install configuration: ""
[42.204s] -- Installing: /home/muhayy/mbzirc_ws/src/install/lib/turtlebot3_gazebo/turtlebot3_drive
[42.210s] -- Set runtime path of "/home/muhayy/mbzirc_ws/src/install/lib/turtlebot3_gazebo/turtlebot3_drive" to ""
[42.210s] -- Installing: /home/muhayy/mbzirc_ws/src/install/share/turtlebot3_gazebo//launch
[42.210s] -- Installing: /home/muhayy/mbzirc_ws/src/install/share/turtlebot3_gazebo//launch/robot_state_publisher.launch.py
[42.211s] -- Installing: /home/muhayy/mbzirc_ws/src/install/share/turtlebot3_gazebo//launch/spawn_turtlebot3.launch.py
[42.211s] -- Installing: /home/muhayy/mbzirc_ws/src/install/share/turtlebot3_gazebo//launch/turtlebot3_house.launch.py
[42.211s] -- Installing: /home/muhayy/mbzirc_ws/src/install/share/turtlebot3_gazebo//launch/turtlebot3_dqn_stage4.launch.py
[42.211s] -- Installing: /home/muhayy/mbzirc_ws/src/install/share/turtlebot3_gazebo//launch/turtlebot3_dqn_stage1.launch.py
[42.211s] -- Installing: /home/muhayy/mbzirc_ws/src/install/share/turtlebot3_gazebo//launch/empty_world.launch.py
[42.211s] -- Installing: /home/muhayy/mbzirc_ws/src/install/share/turtlebot3_gazebo//launch/turtlebot3_world.launch.py
[42.211s] -- Installing: /home/muhayy/mbzirc_ws/src/install/share/turtlebot3_gazebo//launch/turtlebot3_dqn_stage2.launch.py
[42.211s] -- Installing: /home/muhayy/mbzirc_ws/src/install/share/turtlebot3_gazebo//launch/turtlebot3_dqn_stage3.launch.py
[42.211s] -- Installing: /home/muhayy/mbzirc_ws/src/install/share/turtlebot3_gazebo//models
[42.212s] -- Installing: /home/muhayy/mbzirc_ws/src/install/share/turtlebot3_gazebo//models/turtlebot3_dqn_world
[42.212s] -- Installing: /home/muhayy/mbzirc_ws/src/install/share/turtlebot3_gazebo//models/turtlebot3_dqn_world/obstacle1
[42.212s] -- Installing: /home/muhayy/mbzirc_ws/src/install/share/turtlebot3_gazebo//models/turtlebot3_dqn_world/obstacle1/model.sdf
[42.212s] -- Installing: /home/muhayy/mbzirc_ws/src/install/share/turtlebot3_gazebo//models/turtlebot3_dqn_world/obstacle1/model.config
[42.212s] -- Installing: /home/muhayy/mbzirc_ws/src/install/share/turtlebot3_gazebo//models/turtlebot3_dqn_world/obstacle2
[42.213s] -- Installing: /home/muhayy/mbzirc_ws/src/install/share/turtlebot3_gazebo//models/turtlebot3_dqn_world/obstacle2/model.sdf
[42.213s] -- Installing: /home/muhayy/mbzirc_ws/src/install/share/turtlebot3_gazebo//models/turtlebot3_dqn_world/obstacle2/model.config
[42.213s] -- Installing: /home/muhayy/mbzirc_ws/src/install/share/turtlebot3_gazebo//models/turtlebot3_dqn_world/goal_box
[42.213s] -- Installing: /home/muhayy/mbzirc_ws/src/install/share/turtlebot3_gazebo//models/turtlebot3_dqn_world/goal_box/model.sdf
[42.213s] -- Installing: /home/muhayy/mbzirc_ws/src/install/share/turtlebot3_gazebo//models/turtlebot3_dqn_world/goal_box/model.config
[42.213s] -- Installing: /home/muhayy/mbzirc_ws/src/install/share/turtlebot3_gazebo//models/turtlebot3_dqn_world/obstacle_plugin
[42.214s] -- Installing: /home/muhayy/mbzirc_ws/src/install/share/turtlebot3_gazebo//models/turtlebot3_dqn_world/obstacle_plugin/obstacle2.cc
[42.214s] -- Installing: /home/muhayy/mbzirc_ws/src/install/share/turtlebot3_gazebo//models/turtlebot3_dqn_world/obstacle_plugin/CMakeLists.txt
[42.214s] -- Installing: /home/muhayy/mbzirc_ws/src/install/share/turtlebot3_gazebo//models/turtlebot3_dqn_world/obstacle_plugin/obstacles.cc
[42.214s] -- Installing: /home/muhayy/mbzirc_ws/src/install/share/turtlebot3_gazebo//models/turtlebot3_dqn_world/obstacle_plugin/obstacle1.cc
[42.214s] -- Installing: /home/muhayy/mbzirc_ws/src/install/share/turtlebot3_gazebo//models/turtlebot3_dqn_world/obstacles
[42.214s] -- Installing: /home/muhayy/mbzirc_ws/src/install/share/turtlebot3_gazebo//models/turtlebot3_dqn_world/obstacles/model.sdf
[42.214s] -- Installing: /home/muhayy/mbzirc_ws/src/install/share/turtlebot3_gazebo//models/turtlebot3_dqn_world/obstacles/model.config
[42.214s] -- Installing: /home/muhayy/mbzirc_ws/src/install/share/turtlebot3_gazebo//models/turtlebot3_dqn_world/model.sdf
[42.215s] -- Installing: /home/muhayy/mbzirc_ws/src/install/share/turtlebot3_gazebo//models/turtlebot3_dqn_world/model.config
[42.215s] -- Installing: /home/muhayy/mbzirc_ws/src/install/share/turtlebot3_gazebo//models/turtlebot3_dqn_world/inner_walls
[42.215s] -- Installing: /home/muhayy/mbzirc_ws/src/install/share/turtlebot3_gazebo//models/turtlebot3_dqn_world/inner_walls/model.sdf
[42.216s] -- Installing: /home/muhayy/mbzirc_ws/src/install/share/turtlebot3_gazebo//models/turtlebot3_dqn_world/inner_walls/model.config
[42.216s] -- Installing: /home/muhayy/mbzirc_ws/src/install/share/turtlebot3_gazebo//models/turtlebot3_burger
[42.216s] -- Installing: /home/muhayy/mbzirc_ws/src/install/share/turtlebot3_gazebo//models/turtlebot3_burger/model-1_4.sdf
[42.216s] -- Installing: /home/muhayy/mbzirc_ws/src/install/share/turtlebot3_gazebo//models/turtlebot3_burger/model.sdf
[42.216s] -- Installing: /home/muhayy/mbzirc_ws/src/install/share/turtlebot3_gazebo//models/turtlebot3_burger/model.config
[42.216s] -- Installing: /home/muhayy/mbzirc_ws/src/install/share/turtlebot3_gazebo//models/turtlebot3_waffle
[42.216s] -- Installing: /home/muhayy/mbzirc_ws/src/install/share/turtlebot3_gazebo//models/turtlebot3_waffle/model-1_4.sdf
[42.216s] -- Installing: /home/muhayy/mbzirc_ws/src/install/share/turtlebot3_gazebo//models/turtlebot3_waffle/model.sdf
[42.217s] -- Installing: /home/muhayy/mbzirc_ws/src/install/share/turtlebot3_gazebo//models/turtlebot3_waffle/model.config
[42.217s] -- Installing: /home/muhayy/mbzirc_ws/src/install/share/turtlebot3_gazebo//models/turtlebot3_house
[42.217s] -- Installing: /home/muhayy/mbzirc_ws/src/install/share/turtlebot3_gazebo//models/turtlebot3_house/model.sdf
[42.218s] -- Installing: /home/muhayy/mbzirc_ws/src/install/share/turtlebot3_gazebo//models/turtlebot3_house/model.config
[42.218s] -- Installing: /home/muhayy/mbzirc_ws/src/install/share/turtlebot3_gazebo//models/turtlebot3_waffle_pi
[42.218s] -- Installing: /home/muhayy/mbzirc_ws/src/install/share/turtlebot3_gazebo//models/turtlebot3_waffle_pi/model-1_4_.sdf
[42.218s] -- Installing: /home/muhayy/mbzirc_ws/src/install/share/turtlebot3_gazebo//models/turtlebot3_waffle_pi/model.sdf
[42.219s] -- Installing: /home/muhayy/mbzirc_ws/src/install/share/turtlebot3_gazebo//models/turtlebot3_waffle_pi/model.config
[42.219s] -- Installing: /home/muhayy/mbzirc_ws/src/install/share/turtlebot3_gazebo//models/turtlebot3_common
[42.219s] -- Installing: /home/muhayy/mbzirc_ws/src/install/share/turtlebot3_gazebo//models/turtlebot3_common/meshes
[42.219s] -- Installing: /home/muhayy/mbzirc_ws/src/install/share/turtlebot3_gazebo//models/turtlebot3_common/meshes/burger_base.dae
[42.220s] -- Installing: /home/muhayy/mbzirc_ws/src/install/share/turtlebot3_gazebo//models/turtlebot3_common/meshes/lds.dae
[42.220s] -- Installing: /home/muhayy/mbzirc_ws/src/install/share/turtlebot3_gazebo//models/turtlebot3_common/meshes/waffle_pi_base.dae
[42.220s] -- Installing: /home/muhayy/mbzirc_ws/src/install/share/turtlebot3_gazebo//models/turtlebot3_common/meshes/tire.dae
[42.220s] -- Installing: /home/muhayy/mbzirc_ws/src/install/share/turtlebot3_gazebo//models/turtlebot3_common/meshes/waffle_base.dae
[42.221s] -- Installing: /home/muhayy/mbzirc_ws/src/install/share/turtlebot3_gazebo//models/turtlebot3_common/meshes/r200.dae
[42.221s] -- Installing: /home/muhayy/mbzirc_ws/src/install/share/turtlebot3_gazebo//models/turtlebot3_common/model.config
[42.222s] -- Installing: /home/muhayy/mbzirc_ws/src/install/share/turtlebot3_gazebo//models/turtlebot3_world
[42.222s] -- Installing: /home/muhayy/mbzirc_ws/src/install/share/turtlebot3_gazebo//models/turtlebot3_world/model-1_4.sdf
[42.222s] -- Installing: /home/muhayy/mbzirc_ws/src/install/share/turtlebot3_gazebo//models/turtlebot3_world/model.sdf
[42.222s] -- Installing: /home/muhayy/mbzirc_ws/src/install/share/turtlebot3_gazebo//models/turtlebot3_world/meshes
[42.222s] -- Installing: /home/muhayy/mbzirc_ws/src/install/share/turtlebot3_gazebo//models/turtlebot3_world/meshes/wall.dae
[42.223s] -- Installing: /home/muhayy/mbzirc_ws/src/install/share/turtlebot3_gazebo//models/turtlebot3_world/meshes/hexagon.dae
[42.223s] -- Installing: /home/muhayy/mbzirc_ws/src/install/share/turtlebot3_gazebo//models/turtlebot3_world/model.config
[42.223s] -- Installing: /home/muhayy/mbzirc_ws/src/install/share/turtlebot3_gazebo//rviz
[42.223s] -- Installing: /home/muhayy/mbzirc_ws/src/install/share/turtlebot3_gazebo//rviz/tb3_gazebo.rviz
[42.223s] -- Installing: /home/muhayy/mbzirc_ws/src/install/share/turtlebot3_gazebo//urdf
[42.223s] -- Installing: /home/muhayy/mbzirc_ws/src/install/share/turtlebot3_gazebo//urdf/turtlebot3_burger.urdf
[42.224s] -- Installing: /home/muhayy/mbzirc_ws/src/install/share/turtlebot3_gazebo//urdf/turtlebot3_waffle_pi.urdf
[42.224s] -- Installing: /home/muhayy/mbzirc_ws/src/install/share/turtlebot3_gazebo//urdf/turtlebot3_waffle.urdf
[42.224s] -- Installing: /home/muhayy/mbzirc_ws/src/install/share/turtlebot3_gazebo//urdf/common_properties.urdf
[42.224s] -- Installing: /home/muhayy/mbzirc_ws/src/install/share/turtlebot3_gazebo//worlds
[42.225s] -- Installing: /home/muhayy/mbzirc_ws/src/install/share/turtlebot3_gazebo//worlds/turtlebot3_dqn_stage4.world
[42.225s] -- Installing: /home/muhayy/mbzirc_ws/src/install/share/turtlebot3_gazebo//worlds/turtlebot3_dqn_stage3.world
[42.225s] -- Installing: /home/muhayy/mbzirc_ws/src/install/share/turtlebot3_gazebo//worlds/turtlebot3_dqn_stage2.world
[42.226s] -- Installing: /home/muhayy/mbzirc_ws/src/install/share/turtlebot3_gazebo//worlds/empty_world.world
[42.226s] -- Installing: /home/muhayy/mbzirc_ws/src/install/share/turtlebot3_gazebo//worlds/turtlebot3_dqn_stage1.world
[42.226s] -- Installing: /home/muhayy/mbzirc_ws/src/install/share/turtlebot3_gazebo//worlds/turtlebot3_house.world
[42.226s] -- Installing: /home/muhayy/mbzirc_ws/src/install/share/turtlebot3_gazebo//worlds/turtlebot3_world.world
[42.227s] -- Up-to-date: /home/muhayy/mbzirc_ws/src/install/include/
[42.227s] -- Installing: /home/muhayy/mbzirc_ws/src/install/include//turtlebot3_gazebo
[42.227s] -- Installing: /home/muhayy/mbzirc_ws/src/install/include//turtlebot3_gazebo/turtlebot3_drive.hpp
[42.227s] -- Installing: /home/muhayy/mbzirc_ws/src/install/share/ament_index/resource_index/package_run_dependencies/turtlebot3_gazebo
[42.227s] -- Installing: /home/muhayy/mbzirc_ws/src/install/share/ament_index/resource_index/parent_prefix_path/turtlebot3_gazebo
[42.227s] -- Installing: /home/muhayy/mbzirc_ws/src/install/share/turtlebot3_gazebo/environment/ament_prefix_path.sh
[42.235s] -- Installing: /home/muhayy/mbzirc_ws/src/install/share/turtlebot3_gazebo/environment/ament_prefix_path.dsv
[42.236s] -- Installing: /home/muhayy/mbzirc_ws/src/install/share/turtlebot3_gazebo/environment/path.sh
[42.236s] -- Installing: /home/muhayy/mbzirc_ws/src/install/share/turtlebot3_gazebo/environment/path.dsv
[42.236s] -- Installing: /home/muhayy/mbzirc_ws/src/install/share/turtlebot3_gazebo/local_setup.bash
[42.243s] -- Installing: /home/muhayy/mbzirc_ws/src/install/share/turtlebot3_gazebo/local_setup.sh
[42.251s] -- Installing: /home/muhayy/mbzirc_ws/src/install/share/turtlebot3_gazebo/local_setup.zsh
[42.251s] -- Installing: /home/muhayy/mbzirc_ws/src/install/share/turtlebot3_gazebo/local_setup.dsv
[42.251s] -- Installing: /home/muhayy/mbzirc_ws/src/install/share/turtlebot3_gazebo/package.dsv
[42.251s] -- Installing: /home/muhayy/mbzirc_ws/src/install/share/ament_index/resource_index/packages/turtlebot3_gazebo
[42.251s] -- Installing: /home/muhayy/mbzirc_ws/src/install/share/turtlebot3_gazebo/cmake/ament_cmake_export_include_directories-extras.cmake
[42.252s] -- Installing: /home/muhayy/mbzirc_ws/src/install/share/turtlebot3_gazebo/cmake/ament_cmake_export_dependencies-extras.cmake
[42.252s] -- Installing: /home/muhayy/mbzirc_ws/src/install/share/turtlebot3_gazebo/cmake/turtlebot3_gazeboConfig.cmake
[42.252s] -- Installing: /home/muhayy/mbzirc_ws/src/install/share/turtlebot3_gazebo/cmake/turtlebot3_gazeboConfig-version.cmake
[42.252s] -- Installing: /home/muhayy/mbzirc_ws/src/install/share/turtlebot3_gazebo/package.xml
[42.252s] Invoked command in '/home/muhayy/mbzirc_ws/src/build/turtlebot3_gazebo' returned '0': CMAKE_PREFIX_PATH=${CMAKE_PREFIX_PATH}:/opt/ros/galactic /usr/bin/cmake --install /home/muhayy/mbzirc_ws/src/build/turtlebot3_gazebo
