[0.797s] Invoking command in '/home/muhayy/mbzirc_ws/src/build/turtlebot3_navigation2': CMAKE_PREFIX_PATH=${CMAKE_PREFIX_PATH}:/opt/ros/galactic /usr/bin/cmake /home/muhayy/mbzirc_ws/src/turtlebot3/turtlebot3_navigation2 -DCMAKE_INSTALL_PREFIX=/home/muhayy/mbzirc_ws/src/install
[1.357s] -- The C compiler identification is GNU 9.4.0
[1.357s] -- The CXX compiler identification is GNU 9.4.0
[1.357s] -- Check for working C compiler: /usr/bin/cc
[1.357s] -- Check for working C compiler: /usr/bin/cc -- works
[1.357s] -- Detecting C compiler ABI info
[1.357s] -- Detecting C compiler ABI info - done
[1.357s] -- Detecting C compile features
[1.357s] -- Detecting C compile features - done
[1.358s] -- Check for working CXX compiler: /usr/bin/c++
[1.512s] -- Check for working CXX compiler: /usr/bin/c++ -- works
[1.512s] -- Detecting CXX compiler ABI info
[1.699s] -- Detecting CXX compiler ABI info - done
[1.716s] -- Detecting CXX compile features
[1.717s] -- Detecting CXX compile features - done
[1.720s] -- Found ament_cmake: 1.1.5 (/opt/ros/galactic/share/ament_cmake/cmake)
[1.758s] -- Found PythonInterp: /usr/bin/python3 (found suitable version "3.8.10", minimum required is "3") 
[1.758s] -- Using PYTHON_EXECUTABLE: /usr/bin/python3
[1.974s] -- Configuring done
[1.977s] -- Generating done
[1.979s] -- Build files have been written to: /home/muhayy/mbzirc_ws/src/build/turtlebot3_navigation2
[2.372s] Invoked command in '/home/muhayy/mbzirc_ws/src/build/turtlebot3_navigation2' returned '0': CMAKE_PREFIX_PATH=${CMAKE_PREFIX_PATH}:/opt/ros/galactic /usr/bin/cmake /home/muhayy/mbzirc_ws/src/turtlebot3/turtlebot3_navigation2 -DCMAKE_INSTALL_PREFIX=/home/muhayy/mbzirc_ws/src/install
[2.376s] Invoking command in '/home/muhayy/mbzirc_ws/src/build/turtlebot3_navigation2': CMAKE_PREFIX_PATH=${CMAKE_PREFIX_PATH}:/opt/ros/galactic /usr/bin/cmake --build /home/muhayy/mbzirc_ws/src/build/turtlebot3_navigation2 -- -j12 -l12
[2.450s] Invoked command in '/home/muhayy/mbzirc_ws/src/build/turtlebot3_navigation2' returned '0': CMAKE_PREFIX_PATH=${CMAKE_PREFIX_PATH}:/opt/ros/galactic /usr/bin/cmake --build /home/muhayy/mbzirc_ws/src/build/turtlebot3_navigation2 -- -j12 -l12
[2.527s] Invoking command in '/home/muhayy/mbzirc_ws/src/build/turtlebot3_navigation2': CMAKE_PREFIX_PATH=${CMAKE_PREFIX_PATH}:/opt/ros/galactic /usr/bin/cmake --install /home/muhayy/mbzirc_ws/src/build/turtlebot3_navigation2
[2.931s] -- Install configuration: ""
[2.931s] -- Installing: /home/muhayy/mbzirc_ws/src/install/share/turtlebot3_navigation2/launch
[2.931s] -- Installing: /home/muhayy/mbzirc_ws/src/install/share/turtlebot3_navigation2/launch/navigation2.launch.py
[2.931s] -- Installing: /home/muhayy/mbzirc_ws/src/install/share/turtlebot3_navigation2/map
[2.931s] -- Installing: /home/muhayy/mbzirc_ws/src/install/share/turtlebot3_navigation2/map/map.yaml
[2.932s] -- Installing: /home/muhayy/mbzirc_ws/src/install/share/turtlebot3_navigation2/map/map.pgm
[2.932s] -- Installing: /home/muhayy/mbzirc_ws/src/install/share/turtlebot3_navigation2/param
[2.932s] -- Installing: /home/muhayy/mbzirc_ws/src/install/share/turtlebot3_navigation2/param/waffle_pi.yaml
[2.932s] -- Installing: /home/muhayy/mbzirc_ws/src/install/share/turtlebot3_navigation2/param/burger.yaml
[2.932s] -- Installing: /home/muhayy/mbzirc_ws/src/install/share/turtlebot3_navigation2/param/waffle.yaml
[2.932s] -- Installing: /home/muhayy/mbzirc_ws/src/install/share/turtlebot3_navigation2/rviz
[2.932s] -- Installing: /home/muhayy/mbzirc_ws/src/install/share/turtlebot3_navigation2/rviz/tb3_navigation2.rviz
[2.932s] -- Installing: /home/muhayy/mbzirc_ws/src/install/share/ament_index/resource_index/package_run_dependencies/turtlebot3_navigation2
[2.933s] -- Installing: /home/muhayy/mbzirc_ws/src/install/share/ament_index/resource_index/parent_prefix_path/turtlebot3_navigation2
[2.933s] -- Installing: /home/muhayy/mbzirc_ws/src/install/share/turtlebot3_navigation2/environment/ament_prefix_path.sh
[2.933s] -- Installing: /home/muhayy/mbzirc_ws/src/install/share/turtlebot3_navigation2/environment/ament_prefix_path.dsv
[2.933s] -- Installing: /home/muhayy/mbzirc_ws/src/install/share/turtlebot3_navigation2/environment/path.sh
[2.933s] -- Installing: /home/muhayy/mbzirc_ws/src/install/share/turtlebot3_navigation2/environment/path.dsv
[2.933s] -- Installing: /home/muhayy/mbzirc_ws/src/install/share/turtlebot3_navigation2/local_setup.bash
[2.933s] -- Installing: /home/muhayy/mbzirc_ws/src/install/share/turtlebot3_navigation2/local_setup.sh
[2.933s] -- Installing: /home/muhayy/mbzirc_ws/src/install/share/turtlebot3_navigation2/local_setup.zsh
[2.934s] -- Installing: /home/muhayy/mbzirc_ws/src/install/share/turtlebot3_navigation2/local_setup.dsv
[2.934s] -- Installing: /home/muhayy/mbzirc_ws/src/install/share/turtlebot3_navigation2/package.dsv
[2.934s] -- Installing: /home/muhayy/mbzirc_ws/src/install/share/ament_index/resource_index/packages/turtlebot3_navigation2
[2.934s] -- Installing: /home/muhayy/mbzirc_ws/src/install/share/turtlebot3_navigation2/cmake/turtlebot3_navigation2Config.cmake
[2.934s] -- Installing: /home/muhayy/mbzirc_ws/src/install/share/turtlebot3_navigation2/cmake/turtlebot3_navigation2Config-version.cmake
[2.934s] -- Installing: /home/muhayy/mbzirc_ws/src/install/share/turtlebot3_navigation2/package.xml
[2.960s] Invoked command in '/home/muhayy/mbzirc_ws/src/build/turtlebot3_navigation2' returned '0': CMAKE_PREFIX_PATH=${CMAKE_PREFIX_PATH}:/opt/ros/galactic /usr/bin/cmake --install /home/muhayy/mbzirc_ws/src/build/turtlebot3_navigation2
