-- The C compiler identification is GNU 9.4.0
-- The CXX compiler identification is GNU 9.4.0
-- Check for working C compiler: /usr/bin/cc
-- Check for working C compiler: /usr/bin/cc -- works
-- Detecting C compiler ABI info
-- Detecting C compiler ABI info - done
-- Detecting C compile features
-- Detecting C compile features - done
-- Check for working CXX compiler: /usr/bin/c++
-- Check for working CXX compiler: /usr/bin/c++ -- works
-- Detecting CXX compiler ABI info
-- Detecting CXX compiler ABI info - done
-- Detecting CXX compile features
-- Detecting CXX compile features - done
-- Found ament_cmake: 1.1.5 (/opt/ros/galactic/share/ament_cmake/cmake)
-- Found PythonInterp: /usr/bin/python3 (found suitable version "3.8.10", minimum required is "3") 
-- Using PYTHON_EXECUTABLE: /usr/bin/python3
-- Found ament_lint_auto: 0.10.7 (/opt/ros/galactic/share/ament_lint_auto/cmake)
-- Found rosidl_default_generators: 1.1.1 (/opt/ros/galactic/share/rosidl_default_generators/cmake)
-- Using all available rosidl_typesupport_c: rosidl_typesupport_fastrtps_c;rosidl_typesupport_introspection_c
-- Found rosidl_adapter: 2.2.2 (/opt/ros/galactic/share/rosidl_adapter/cmake)
-- Found OpenSSL: /usr/lib/x86_64-linux-gnu/libcrypto.so (found version "1.1.1f")  
-- Found FastRTPS: /opt/ros/galactic/include  
-- Using all available rosidl_typesupport_cpp: rosidl_typesupport_fastrtps_cpp;rosidl_typesupport_introspection_cpp
-- Found geometry_msgs: 2.2.4 (/opt/ros/galactic/share/geometry_msgs/cmake)
-- Found nav_msgs: 2.2.4 (/opt/ros/galactic/share/nav_msgs/cmake)
-- Found PythonInterp: /usr/bin/python3 (found version "3.8.10") 
-- Found ament_cmake_ros: 0.9.2 (/opt/ros/galactic/share/ament_cmake_ros/cmake)
-- Using all available rosidl_typesupport_c: rosidl_typesupport_fastrtps_c;rosidl_typesupport_introspection_c
-- Using all available rosidl_typesupport_cpp: rosidl_typesupport_fastrtps_cpp;rosidl_typesupport_introspection_cpp
-- Found PythonInterp: /usr/bin/python3 (found suitable version "3.8.10", minimum required is "3.5") 
-- Found python_cmake_module: 0.8.1 (/opt/ros/galactic/share/python_cmake_module/cmake)
-- Found PythonLibs: /usr/lib/x86_64-linux-gnu/libpython3.8.so (found suitable version "3.8.10", minimum required is "3.5") 
-- Using PYTHON_EXECUTABLE: /usr/bin/python3
-- Using PYTHON_INCLUDE_DIRS: /usr/include/python3.8
-- Using PYTHON_LIBRARIES: /usr/lib/x86_64-linux-gnu/libpython3.8.so
-- Found PythonExtra: .so  
-- Added test 'copyright' to check source files copyright and LICENSE
-- Added test 'lint_cmake' to check CMake code style
-- Added test 'xmllint' to check XML markup files
-- Configuring done
-- Generating done
-- Build files have been written to: /home/muhayy/mbzirc_ws/src/build/explorer_interfaces
[35m[1mScanning dependencies of target explorer_interfaces__cpp[0m
[  2%] [34m[1mGenerating C code for ROS interfaces[0m
[  5%] [34m[1mGenerating C++ code for ROS interfaces[0m
[  5%] Built target explorer_interfaces__cpp
[  7%] [34m[1mGenerating C++ type support dispatch for ROS interfaces[0m
[ 10%] [34m[1mGenerating C++ introspection for ROS interfaces[0m
[ 12%] [34m[1mGenerating C++ type support for eProsima Fast-RTPS[0m
[35m[1mScanning dependencies of target explorer_interfaces__rosidl_generator_c[0m
[ 15%] [32mBuilding C object CMakeFiles/explorer_interfaces__rosidl_generator_c.dir/rosidl_generator_c/explorer_interfaces/action/detail/wander__functions.c.o[0m
[35m[1mScanning dependencies of target explorer_interfaces__rosidl_typesupport_cpp[0m
[ 17%] [32mBuilding CXX object CMakeFiles/explorer_interfaces__rosidl_typesupport_cpp.dir/rosidl_typesupport_cpp/explorer_interfaces/action/wander__type_support.cpp.o[0m
[ 20%] [32mBuilding C object CMakeFiles/explorer_interfaces__rosidl_generator_c.dir/rosidl_generator_c/explorer_interfaces/action/detail/discover__functions.c.o[0m
[ 23%] [32m[1mLinking C shared library libexplorer_interfaces__rosidl_generator_c.so[0m
[ 23%] Built target explorer_interfaces__rosidl_generator_c
[35m[1mScanning dependencies of target explorer_interfaces__rosidl_typesupport_introspection_cpp[0m
[ 25%] [32mBuilding CXX object CMakeFiles/explorer_interfaces__rosidl_typesupport_introspection_cpp.dir/rosidl_typesupport_introspection_cpp/explorer_interfaces/action/detail/wander__type_support.cpp.o[0m
[35m[1mScanning dependencies of target explorer_interfaces__rosidl_typesupport_fastrtps_cpp[0m
[ 28%] [32mBuilding CXX object CMakeFiles/explorer_interfaces__rosidl_typesupport_fastrtps_cpp.dir/rosidl_typesupport_fastrtps_cpp/explorer_interfaces/action/detail/dds_fastrtps/wander__type_support.cpp.o[0m
[ 30%] [32mBuilding CXX object CMakeFiles/explorer_interfaces__rosidl_typesupport_cpp.dir/rosidl_typesupport_cpp/explorer_interfaces/action/discover__type_support.cpp.o[0m
[ 33%] [32mBuilding CXX object CMakeFiles/explorer_interfaces__rosidl_typesupport_introspection_cpp.dir/rosidl_typesupport_introspection_cpp/explorer_interfaces/action/detail/discover__type_support.cpp.o[0m
[ 35%] [32mBuilding CXX object CMakeFiles/explorer_interfaces__rosidl_typesupport_fastrtps_cpp.dir/rosidl_typesupport_fastrtps_cpp/explorer_interfaces/action/detail/dds_fastrtps/discover__type_support.cpp.o[0m
[ 38%] [32m[1mLinking CXX shared library libexplorer_interfaces__rosidl_typesupport_cpp.so[0m
[ 38%] Built target explorer_interfaces__rosidl_typesupport_cpp
[ 41%] [32m[1mLinking CXX shared library libexplorer_interfaces__rosidl_typesupport_fastrtps_cpp.so[0m
[ 43%] [32m[1mLinking CXX shared library libexplorer_interfaces__rosidl_typesupport_introspection_cpp.so[0m
[ 43%] Built target explorer_interfaces__rosidl_typesupport_fastrtps_cpp
[ 43%] Built target explorer_interfaces__rosidl_typesupport_introspection_cpp
[ 46%] [34m[1mGenerating C type support for eProsima Fast-RTPS[0m
[35m[1mScanning dependencies of target explorer_interfaces__rosidl_typesupport_fastrtps_c[0m
[ 48%] [32mBuilding CXX object CMakeFiles/explorer_interfaces__rosidl_typesupport_fastrtps_c.dir/rosidl_typesupport_fastrtps_c/explorer_interfaces/action/detail/wander__type_support_c.cpp.o[0m
[ 51%] [32mBuilding CXX object CMakeFiles/explorer_interfaces__rosidl_typesupport_fastrtps_c.dir/rosidl_typesupport_fastrtps_c/explorer_interfaces/action/detail/discover__type_support_c.cpp.o[0m
[ 53%] [32m[1mLinking CXX shared library libexplorer_interfaces__rosidl_typesupport_fastrtps_c.so[0m
[ 53%] Built target explorer_interfaces__rosidl_typesupport_fastrtps_c
[ 56%] [34m[1mGenerating C type support dispatch for ROS interfaces[0m
[35m[1mScanning dependencies of target explorer_interfaces__rosidl_typesupport_c[0m
[ 58%] [32mBuilding CXX object CMakeFiles/explorer_interfaces__rosidl_typesupport_c.dir/rosidl_typesupport_c/explorer_interfaces/action/wander__type_support.cpp.o[0m
[ 61%] [32mBuilding CXX object CMakeFiles/explorer_interfaces__rosidl_typesupport_c.dir/rosidl_typesupport_c/explorer_interfaces/action/discover__type_support.cpp.o[0m
[ 64%] [32m[1mLinking CXX shared library libexplorer_interfaces__rosidl_typesupport_c.so[0m
[ 64%] Built target explorer_interfaces__rosidl_typesupport_c
[ 66%] [34m[1mGenerating C introspection for ROS interfaces[0m
[35m[1mScanning dependencies of target explorer_interfaces__rosidl_typesupport_introspection_c[0m
[ 69%] [32mBuilding C object CMakeFiles/explorer_interfaces__rosidl_typesupport_introspection_c.dir/rosidl_typesupport_introspection_c/explorer_interfaces/action/detail/wander__type_support.c.o[0m
[ 71%] [32mBuilding C object CMakeFiles/explorer_interfaces__rosidl_typesupport_introspection_c.dir/rosidl_typesupport_introspection_c/explorer_interfaces/action/detail/discover__type_support.c.o[0m
[ 74%] [32m[1mLinking C shared library libexplorer_interfaces__rosidl_typesupport_introspection_c.so[0m
[ 74%] Built target explorer_interfaces__rosidl_typesupport_introspection_c
[35m[1mScanning dependencies of target explorer_interfaces[0m
[ 74%] Built target explorer_interfaces
[35m[1mScanning dependencies of target explorer_interfaces__py[0m
[ 76%] [34m[1mGenerating Python code for ROS interfaces[0m
[ 76%] Built target explorer_interfaces__py
[35m[1mScanning dependencies of target explorer_interfaces__python[0m
[ 79%] [32mBuilding C object CMakeFiles/explorer_interfaces__python.dir/rosidl_generator_py/explorer_interfaces/action/_wander_s.c.o[0m
[ 82%] [32mBuilding C object CMakeFiles/explorer_interfaces__python.dir/rosidl_generator_py/explorer_interfaces/action/_discover_s.c.o[0m
[ 84%] [32m[1mLinking C shared library rosidl_generator_py/explorer_interfaces/libexplorer_interfaces__python.so[0m
[ 84%] Built target explorer_interfaces__python
[35m[1mScanning dependencies of target explorer_interfaces__rosidl_typesupport_c__pyext[0m
[ 87%] [32mBuilding C object CMakeFiles/explorer_interfaces__rosidl_typesupport_c__pyext.dir/rosidl_generator_py/explorer_interfaces/_explorer_interfaces_s.ep.rosidl_typesupport_c.c.o[0m
[ 89%] [32m[1mLinking C shared library rosidl_generator_py/explorer_interfaces/explorer_interfaces_s__rosidl_typesupport_c.cpython-38-x86_64-linux-gnu.so[0m
[ 89%] Built target explorer_interfaces__rosidl_typesupport_c__pyext
[35m[1mScanning dependencies of target explorer_interfaces__rosidl_typesupport_fastrtps_c__pyext[0m
[ 92%] [32mBuilding C object CMakeFiles/explorer_interfaces__rosidl_typesupport_fastrtps_c__pyext.dir/rosidl_generator_py/explorer_interfaces/_explorer_interfaces_s.ep.rosidl_typesupport_fastrtps_c.c.o[0m
[ 94%] [32m[1mLinking CXX shared library rosidl_generator_py/explorer_interfaces/explorer_interfaces_s__rosidl_typesupport_fastrtps_c.cpython-38-x86_64-linux-gnu.so[0m
[ 94%] Built target explorer_interfaces__rosidl_typesupport_fastrtps_c__pyext
[35m[1mScanning dependencies of target explorer_interfaces__rosidl_typesupport_introspection_c__pyext[0m
[ 97%] [32mBuilding C object CMakeFiles/explorer_interfaces__rosidl_typesupport_introspection_c__pyext.dir/rosidl_generator_py/explorer_interfaces/_explorer_interfaces_s.ep.rosidl_typesupport_introspection_c.c.o[0m
[100%] [32m[1mLinking C shared library rosidl_generator_py/explorer_interfaces/explorer_interfaces_s__rosidl_typesupport_introspection_c.cpython-38-x86_64-linux-gnu.so[0m
[100%] Built target explorer_interfaces__rosidl_typesupport_introspection_c__pyext
-- Install configuration: ""
-- Installing: /home/muhayy/mbzirc_ws/src/install/share/ament_index/resource_index/rosidl_interfaces/explorer_interfaces
-- Installing: /home/muhayy/mbzirc_ws/src/install/include/explorer_interfaces
-- Installing: /home/muhayy/mbzirc_ws/src/install/include/explorer_interfaces/action
-- Installing: /home/muhayy/mbzirc_ws/src/install/include/explorer_interfaces/action/wander.h
-- Installing: /home/muhayy/mbzirc_ws/src/install/include/explorer_interfaces/action/detail
-- Installing: /home/muhayy/mbzirc_ws/src/install/include/explorer_interfaces/action/detail/wander__struct.h
-- Installing: /home/muhayy/mbzirc_ws/src/install/include/explorer_interfaces/action/detail/discover__functions.h
-- Installing: /home/muhayy/mbzirc_ws/src/install/include/explorer_interfaces/action/detail/wander__type_support.h
-- Installing: /home/muhayy/mbzirc_ws/src/install/include/explorer_interfaces/action/detail/wander__functions.c
-- Installing: /home/muhayy/mbzirc_ws/src/install/include/explorer_interfaces/action/detail/discover__type_support.h
-- Installing: /home/muhayy/mbzirc_ws/src/install/include/explorer_interfaces/action/detail/discover__functions.c
-- Installing: /home/muhayy/mbzirc_ws/src/install/include/explorer_interfaces/action/detail/discover__struct.h
-- Installing: /home/muhayy/mbzirc_ws/src/install/include/explorer_interfaces/action/detail/wander__functions.h
-- Installing: /home/muhayy/mbzirc_ws/src/install/include/explorer_interfaces/action/discover.h
-- Installing: /home/muhayy/mbzirc_ws/src/install/include/explorer_interfaces/msg
-- Installing: /home/muhayy/mbzirc_ws/src/install/include/explorer_interfaces/msg/rosidl_generator_c__visibility_control.h
-- Installing: /home/muhayy/mbzirc_ws/src/install/share/explorer_interfaces/environment/library_path.sh
-- Installing: /home/muhayy/mbzirc_ws/src/install/share/explorer_interfaces/environment/library_path.dsv
-- Installing: /home/muhayy/mbzirc_ws/src/install/lib/libexplorer_interfaces__rosidl_generator_c.so
-- Set runtime path of "/home/muhayy/mbzirc_ws/src/install/lib/libexplorer_interfaces__rosidl_generator_c.so" to ""
-- Up-to-date: /home/muhayy/mbzirc_ws/src/install/include/explorer_interfaces
-- Up-to-date: /home/muhayy/mbzirc_ws/src/install/include/explorer_interfaces/action
-- Up-to-date: /home/muhayy/mbzirc_ws/src/install/include/explorer_interfaces/action/detail
-- Installing: /home/muhayy/mbzirc_ws/src/install/include/explorer_interfaces/action/detail/discover__rosidl_typesupport_fastrtps_c.h
-- Installing: /home/muhayy/mbzirc_ws/src/install/include/explorer_interfaces/action/detail/wander__rosidl_typesupport_fastrtps_c.h
-- Up-to-date: /home/muhayy/mbzirc_ws/src/install/include/explorer_interfaces/msg
-- Installing: /home/muhayy/mbzirc_ws/src/install/include/explorer_interfaces/msg/rosidl_typesupport_fastrtps_c__visibility_control.h
-- Installing: /home/muhayy/mbzirc_ws/src/install/lib/libexplorer_interfaces__rosidl_typesupport_fastrtps_c.so
-- Set runtime path of "/home/muhayy/mbzirc_ws/src/install/lib/libexplorer_interfaces__rosidl_typesupport_fastrtps_c.so" to ""
-- Up-to-date: /home/muhayy/mbzirc_ws/src/install/include/explorer_interfaces
-- Up-to-date: /home/muhayy/mbzirc_ws/src/install/include/explorer_interfaces/action
-- Up-to-date: /home/muhayy/mbzirc_ws/src/install/include/explorer_interfaces/action/detail
-- Installing: /home/muhayy/mbzirc_ws/src/install/include/explorer_interfaces/action/detail/discover__rosidl_typesupport_fastrtps_cpp.hpp
-- Installing: /home/muhayy/mbzirc_ws/src/install/include/explorer_interfaces/action/detail/wander__rosidl_typesupport_fastrtps_cpp.hpp
-- Installing: /home/muhayy/mbzirc_ws/src/install/include/explorer_interfaces/action/detail/dds_fastrtps
-- Up-to-date: /home/muhayy/mbzirc_ws/src/install/include/explorer_interfaces/msg
-- Installing: /home/muhayy/mbzirc_ws/src/install/include/explorer_interfaces/msg/rosidl_typesupport_fastrtps_cpp__visibility_control.h
-- Installing: /home/muhayy/mbzirc_ws/src/install/lib/libexplorer_interfaces__rosidl_typesupport_fastrtps_cpp.so
-- Set runtime path of "/home/muhayy/mbzirc_ws/src/install/lib/libexplorer_interfaces__rosidl_typesupport_fastrtps_cpp.so" to ""
-- Up-to-date: /home/muhayy/mbzirc_ws/src/install/include/explorer_interfaces
-- Up-to-date: /home/muhayy/mbzirc_ws/src/install/include/explorer_interfaces/action
-- Up-to-date: /home/muhayy/mbzirc_ws/src/install/include/explorer_interfaces/action/detail
-- Installing: /home/muhayy/mbzirc_ws/src/install/include/explorer_interfaces/action/detail/wander__rosidl_typesupport_introspection_c.h
-- Installing: /home/muhayy/mbzirc_ws/src/install/include/explorer_interfaces/action/detail/discover__rosidl_typesupport_introspection_c.h
-- Installing: /home/muhayy/mbzirc_ws/src/install/include/explorer_interfaces/action/detail/wander__type_support.c
-- Installing: /home/muhayy/mbzirc_ws/src/install/include/explorer_interfaces/action/detail/discover__type_support.c
-- Up-to-date: /home/muhayy/mbzirc_ws/src/install/include/explorer_interfaces/msg
-- Installing: /home/muhayy/mbzirc_ws/src/install/include/explorer_interfaces/msg/rosidl_typesupport_introspection_c__visibility_control.h
-- Installing: /home/muhayy/mbzirc_ws/src/install/lib/libexplorer_interfaces__rosidl_typesupport_introspection_c.so
-- Set runtime path of "/home/muhayy/mbzirc_ws/src/install/lib/libexplorer_interfaces__rosidl_typesupport_introspection_c.so" to ""
-- Installing: /home/muhayy/mbzirc_ws/src/install/lib/libexplorer_interfaces__rosidl_typesupport_c.so
-- Set runtime path of "/home/muhayy/mbzirc_ws/src/install/lib/libexplorer_interfaces__rosidl_typesupport_c.so" to ""
-- Up-to-date: /home/muhayy/mbzirc_ws/src/install/include/explorer_interfaces
-- Up-to-date: /home/muhayy/mbzirc_ws/src/install/include/explorer_interfaces/action
-- Up-to-date: /home/muhayy/mbzirc_ws/src/install/include/explorer_interfaces/action/detail
-- Installing: /home/muhayy/mbzirc_ws/src/install/include/explorer_interfaces/action/detail/wander__builder.hpp
-- Installing: /home/muhayy/mbzirc_ws/src/install/include/explorer_interfaces/action/detail/discover__traits.hpp
-- Installing: /home/muhayy/mbzirc_ws/src/install/include/explorer_interfaces/action/detail/discover__builder.hpp
-- Installing: /home/muhayy/mbzirc_ws/src/install/include/explorer_interfaces/action/detail/wander__traits.hpp
-- Installing: /home/muhayy/mbzirc_ws/src/install/include/explorer_interfaces/action/detail/discover__struct.hpp
-- Installing: /home/muhayy/mbzirc_ws/src/install/include/explorer_interfaces/action/detail/wander__struct.hpp
-- Installing: /home/muhayy/mbzirc_ws/src/install/include/explorer_interfaces/action/wander.hpp
-- Installing: /home/muhayy/mbzirc_ws/src/install/include/explorer_interfaces/action/discover.hpp
-- Up-to-date: /home/muhayy/mbzirc_ws/src/install/include/explorer_interfaces
-- Up-to-date: /home/muhayy/mbzirc_ws/src/install/include/explorer_interfaces/action
-- Up-to-date: /home/muhayy/mbzirc_ws/src/install/include/explorer_interfaces/action/detail
-- Installing: /home/muhayy/mbzirc_ws/src/install/include/explorer_interfaces/action/detail/wander__type_support.cpp
-- Installing: /home/muhayy/mbzirc_ws/src/install/include/explorer_interfaces/action/detail/discover__type_support.cpp
-- Installing: /home/muhayy/mbzirc_ws/src/install/include/explorer_interfaces/action/detail/wander__rosidl_typesupport_introspection_cpp.hpp
-- Installing: /home/muhayy/mbzirc_ws/src/install/include/explorer_interfaces/action/detail/discover__rosidl_typesupport_introspection_cpp.hpp
-- Installing: /home/muhayy/mbzirc_ws/src/install/lib/libexplorer_interfaces__rosidl_typesupport_introspection_cpp.so
-- Set runtime path of "/home/muhayy/mbzirc_ws/src/install/lib/libexplorer_interfaces__rosidl_typesupport_introspection_cpp.so" to ""
-- Installing: /home/muhayy/mbzirc_ws/src/install/lib/libexplorer_interfaces__rosidl_typesupport_cpp.so
-- Set runtime path of "/home/muhayy/mbzirc_ws/src/install/lib/libexplorer_interfaces__rosidl_typesupport_cpp.so" to ""
-- Installing: /home/muhayy/mbzirc_ws/src/install/share/explorer_interfaces/environment/pythonpath.sh
-- Installing: /home/muhayy/mbzirc_ws/src/install/share/explorer_interfaces/environment/pythonpath.dsv
-- Installing: /home/muhayy/mbzirc_ws/src/install/lib/python3.8/site-packages/explorer_interfaces/__init__.py
Compiling '/home/muhayy/mbzirc_ws/src/install/lib/python3.8/site-packages/explorer_interfaces/__init__.py'...
-- Installing: /home/muhayy/mbzirc_ws/src/install/lib/python3.8/site-packages/explorer_interfaces/action
-- Installing: /home/muhayy/mbzirc_ws/src/install/lib/python3.8/site-packages/explorer_interfaces/action/__init__.py
-- Installing: /home/muhayy/mbzirc_ws/src/install/lib/python3.8/site-packages/explorer_interfaces/action/_wander.py
-- Installing: /home/muhayy/mbzirc_ws/src/install/lib/python3.8/site-packages/explorer_interfaces/action/_wander_s.c
-- Installing: /home/muhayy/mbzirc_ws/src/install/lib/python3.8/site-packages/explorer_interfaces/action/_discover_s.c
-- Installing: /home/muhayy/mbzirc_ws/src/install/lib/python3.8/site-packages/explorer_interfaces/action/_discover.py
-- Installing: /home/muhayy/mbzirc_ws/src/install/lib/python3.8/site-packages/explorer_interfaces/explorer_interfaces_s__rosidl_typesupport_fastrtps_c.cpython-38-x86_64-linux-gnu.so
-- Set runtime path of "/home/muhayy/mbzirc_ws/src/install/lib/python3.8/site-packages/explorer_interfaces/explorer_interfaces_s__rosidl_typesupport_fastrtps_c.cpython-38-x86_64-linux-gnu.so" to ""
-- Installing: /home/muhayy/mbzirc_ws/src/install/lib/python3.8/site-packages/explorer_interfaces/explorer_interfaces_s__rosidl_typesupport_introspection_c.cpython-38-x86_64-linux-gnu.so
-- Set runtime path of "/home/muhayy/mbzirc_ws/src/install/lib/python3.8/site-packages/explorer_interfaces/explorer_interfaces_s__rosidl_typesupport_introspection_c.cpython-38-x86_64-linux-gnu.so" to ""
-- Installing: /home/muhayy/mbzirc_ws/src/install/lib/python3.8/site-packages/explorer_interfaces/explorer_interfaces_s__rosidl_typesupport_c.cpython-38-x86_64-linux-gnu.so
-- Set runtime path of "/home/muhayy/mbzirc_ws/src/install/lib/python3.8/site-packages/explorer_interfaces/explorer_interfaces_s__rosidl_typesupport_c.cpython-38-x86_64-linux-gnu.so" to ""
-- Installing: /home/muhayy/mbzirc_ws/src/install/lib/libexplorer_interfaces__python.so
-- Set runtime path of "/home/muhayy/mbzirc_ws/src/install/lib/libexplorer_interfaces__python.so" to ""
-- Installing: /home/muhayy/mbzirc_ws/src/install/share/explorer_interfaces/action/Wander.idl
-- Installing: /home/muhayy/mbzirc_ws/src/install/share/explorer_interfaces/action/Discover.idl
-- Installing: /home/muhayy/mbzirc_ws/src/install/share/explorer_interfaces/action/Wander.action
-- Installing: /home/muhayy/mbzirc_ws/src/install/share/explorer_interfaces/action/Discover.action
-- Installing: /home/muhayy/mbzirc_ws/src/install/share/ament_index/resource_index/package_run_dependencies/explorer_interfaces
-- Installing: /home/muhayy/mbzirc_ws/src/install/share/ament_index/resource_index/parent_prefix_path/explorer_interfaces
-- Installing: /home/muhayy/mbzirc_ws/src/install/share/explorer_interfaces/environment/ament_prefix_path.sh
-- Installing: /home/muhayy/mbzirc_ws/src/install/share/explorer_interfaces/environment/ament_prefix_path.dsv
-- Installing: /home/muhayy/mbzirc_ws/src/install/share/explorer_interfaces/environment/path.sh
-- Installing: /home/muhayy/mbzirc_ws/src/install/share/explorer_interfaces/environment/path.dsv
-- Installing: /home/muhayy/mbzirc_ws/src/install/share/explorer_interfaces/local_setup.bash
-- Installing: /home/muhayy/mbzirc_ws/src/install/share/explorer_interfaces/local_setup.sh
-- Installing: /home/muhayy/mbzirc_ws/src/install/share/explorer_interfaces/local_setup.zsh
-- Installing: /home/muhayy/mbzirc_ws/src/install/share/explorer_interfaces/local_setup.dsv
-- Installing: /home/muhayy/mbzirc_ws/src/install/share/explorer_interfaces/package.dsv
-- Installing: /home/muhayy/mbzirc_ws/src/install/share/ament_index/resource_index/packages/explorer_interfaces
-- Installing: /home/muhayy/mbzirc_ws/src/install/share/explorer_interfaces/cmake/explorer_interfaces__rosidl_generator_cExport.cmake
-- Installing: /home/muhayy/mbzirc_ws/src/install/share/explorer_interfaces/cmake/explorer_interfaces__rosidl_generator_cExport-noconfig.cmake
-- Installing: /home/muhayy/mbzirc_ws/src/install/share/explorer_interfaces/cmake/explorer_interfaces__rosidl_typesupport_introspection_cExport.cmake
-- Installing: /home/muhayy/mbzirc_ws/src/install/share/explorer_interfaces/cmake/explorer_interfaces__rosidl_typesupport_introspection_cExport-noconfig.cmake
-- Installing: /home/muhayy/mbzirc_ws/src/install/share/explorer_interfaces/cmake/explorer_interfaces__rosidl_typesupport_cExport.cmake
-- Installing: /home/muhayy/mbzirc_ws/src/install/share/explorer_interfaces/cmake/explorer_interfaces__rosidl_typesupport_cExport-noconfig.cmake
-- Installing: /home/muhayy/mbzirc_ws/src/install/share/explorer_interfaces/cmake/explorer_interfaces__rosidl_generator_cppExport.cmake
-- Installing: /home/muhayy/mbzirc_ws/src/install/share/explorer_interfaces/cmake/explorer_interfaces__rosidl_typesupport_introspection_cppExport.cmake
-- Installing: /home/muhayy/mbzirc_ws/src/install/share/explorer_interfaces/cmake/explorer_interfaces__rosidl_typesupport_introspection_cppExport-noconfig.cmake
-- Installing: /home/muhayy/mbzirc_ws/src/install/share/explorer_interfaces/cmake/explorer_interfaces__rosidl_typesupport_cppExport.cmake
-- Installing: /home/muhayy/mbzirc_ws/src/install/share/explorer_interfaces/cmake/explorer_interfaces__rosidl_typesupport_cppExport-noconfig.cmake
-- Installing: /home/muhayy/mbzirc_ws/src/install/share/explorer_interfaces/cmake/rosidl_cmake-extras.cmake
-- Installing: /home/muhayy/mbzirc_ws/src/install/share/explorer_interfaces/cmake/ament_cmake_export_dependencies-extras.cmake
-- Installing: /home/muhayy/mbzirc_ws/src/install/share/explorer_interfaces/cmake/ament_cmake_export_libraries-extras.cmake
-- Installing: /home/muhayy/mbzirc_ws/src/install/share/explorer_interfaces/cmake/ament_cmake_export_targets-extras.cmake
-- Installing: /home/muhayy/mbzirc_ws/src/install/share/explorer_interfaces/cmake/ament_cmake_export_include_directories-extras.cmake
-- Installing: /home/muhayy/mbzirc_ws/src/install/share/explorer_interfaces/cmake/rosidl_cmake_export_typesupport_libraries-extras.cmake
-- Installing: /home/muhayy/mbzirc_ws/src/install/share/explorer_interfaces/cmake/rosidl_cmake_export_typesupport_targets-extras.cmake
-- Installing: /home/muhayy/mbzirc_ws/src/install/share/explorer_interfaces/cmake/explorer_interfacesConfig.cmake
-- Installing: /home/muhayy/mbzirc_ws/src/install/share/explorer_interfaces/cmake/explorer_interfacesConfig-version.cmake
-- Installing: /home/muhayy/mbzirc_ws/src/install/share/explorer_interfaces/package.xml
