[0.032s] Invoking command in '/home/muhayy/mbzirc_ws/src/build/explorer_interfaces': CMAKE_PREFIX_PATH=${CMAKE_PREFIX_PATH}:/opt/ros/galactic /usr/bin/cmake /home/muhayy/mbzirc_ws/src/ros2_explorer/explorer_interfaces -DCMAKE_INSTALL_PREFIX=/home/muhayy/mbzirc_ws/src/install
[0.260s] -- The C compiler identification is GNU 9.4.0
[0.265s] -- The CXX compiler identification is GNU 9.4.0
[0.271s] -- Check for working C compiler: /usr/bin/cc
[0.538s] -- Check for working C compiler: /usr/bin/cc -- works
[0.539s] -- Detecting C compiler ABI info
[0.983s] -- Detecting C compiler ABI info - done
[1.031s] -- Detecting C compile features
[1.032s] -- Detecting C compile features - done
[1.036s] -- Check for working CXX compiler: /usr/bin/c++
[1.477s] -- Check for working CXX compiler: /usr/bin/c++ -- works
[1.478s] -- Detecting CXX compiler ABI info
[1.973s] -- Detecting CXX compiler ABI info - done
[1.995s] -- Detecting CXX compile features
[1.996s] -- Detecting CXX compile features - done
[1.999s] -- Found ament_cmake: 1.1.5 (/opt/ros/galactic/share/ament_cmake/cmake)
[2.034s] -- Found PythonInterp: /usr/bin/python3 (found suitable version "3.8.10", minimum required is "3") 
[2.034s] -- Using PYTHON_EXECUTABLE: /usr/bin/python3
[2.224s] -- Found ament_lint_auto: 0.10.7 (/opt/ros/galactic/share/ament_lint_auto/cmake)
[2.542s] -- Found rosidl_default_generators: 1.1.1 (/opt/ros/galactic/share/rosidl_default_generators/cmake)
[2.557s] -- Using all available rosidl_typesupport_c: rosidl_typesupport_fastrtps_c;rosidl_typesupport_introspection_c
[2.597s] -- Found rosidl_adapter: 2.2.2 (/opt/ros/galactic/share/rosidl_adapter/cmake)
[3.209s] -- Found OpenSSL: /usr/lib/x86_64-linux-gnu/libcrypto.so (found version "1.1.1f")  
[3.335s] -- Found FastRTPS: /opt/ros/galactic/include  
[3.716s] -- Using all available rosidl_typesupport_cpp: rosidl_typesupport_fastrtps_cpp;rosidl_typesupport_introspection_cpp
[3.905s] -- Found geometry_msgs: 2.2.4 (/opt/ros/galactic/share/geometry_msgs/cmake)
[4.468s] -- Found nav_msgs: 2.2.4 (/opt/ros/galactic/share/nav_msgs/cmake)
[4.778s] -- Found PythonInterp: /usr/bin/python3 (found version "3.8.10") 
[5.469s] -- Found ament_cmake_ros: 0.9.2 (/opt/ros/galactic/share/ament_cmake_ros/cmake)
[6.061s] -- Using all available rosidl_typesupport_c: rosidl_typesupport_fastrtps_c;rosidl_typesupport_introspection_c
[6.190s] -- Using all available rosidl_typesupport_cpp: rosidl_typesupport_fastrtps_cpp;rosidl_typesupport_introspection_cpp
[6.275s] -- Found PythonInterp: /usr/bin/python3 (found suitable version "3.8.10", minimum required is "3.5") 
[6.277s] -- Found python_cmake_module: 0.8.1 (/opt/ros/galactic/share/python_cmake_module/cmake)
[6.382s] -- Found PythonLibs: /usr/lib/x86_64-linux-gnu/libpython3.8.so (found suitable version "3.8.10", minimum required is "3.5") 
[6.389s] -- Using PYTHON_EXECUTABLE: /usr/bin/python3
[6.389s] -- Using PYTHON_INCLUDE_DIRS: /usr/include/python3.8
[6.389s] -- Using PYTHON_LIBRARIES: /usr/lib/x86_64-linux-gnu/libpython3.8.so
[6.506s] -- Found PythonExtra: .so  
[6.740s] -- Added test 'copyright' to check source files copyright and LICENSE
[6.769s] -- Added test 'lint_cmake' to check CMake code style
[6.771s] -- Added test 'xmllint' to check XML markup files
[6.813s] -- Configuring done
[7.109s] -- Generating done
[7.129s] -- Build files have been written to: /home/muhayy/mbzirc_ws/src/build/explorer_interfaces
[7.169s] Invoked command in '/home/muhayy/mbzirc_ws/src/build/explorer_interfaces' returned '0': CMAKE_PREFIX_PATH=${CMAKE_PREFIX_PATH}:/opt/ros/galactic /usr/bin/cmake /home/muhayy/mbzirc_ws/src/ros2_explorer/explorer_interfaces -DCMAKE_INSTALL_PREFIX=/home/muhayy/mbzirc_ws/src/install
[7.170s] Invoking command in '/home/muhayy/mbzirc_ws/src/build/explorer_interfaces': CMAKE_PREFIX_PATH=${CMAKE_PREFIX_PATH}:/opt/ros/galactic /usr/bin/cmake --build /home/muhayy/mbzirc_ws/src/build/explorer_interfaces -- -j12 -l12
[8.542s] [35m[1mScanning dependencies of target explorer_interfaces__cpp[0m
[8.542s] [  2%] [34m[1mGenerating C code for ROS interfaces[0m
[8.542s] [  5%] [34m[1mGenerating C++ code for ROS interfaces[0m
[11.674s] [  5%] Built target explorer_interfaces__cpp
[11.789s] [  7%] [34m[1mGenerating C++ type support dispatch for ROS interfaces[0m
[11.797s] [ 10%] [34m[1mGenerating C++ introspection for ROS interfaces[0m
[11.822s] [ 12%] [34m[1mGenerating C++ type support for eProsima Fast-RTPS[0m
[13.510s] [35m[1mScanning dependencies of target explorer_interfaces__rosidl_generator_c[0m
[13.619s] [ 15%] [32mBuilding C object CMakeFiles/explorer_interfaces__rosidl_generator_c.dir/rosidl_generator_c/explorer_interfaces/action/detail/wander__functions.c.o[0m
[13.845s] [35m[1mScanning dependencies of target explorer_interfaces__rosidl_typesupport_cpp[0m
[14.021s] [ 17%] [32mBuilding CXX object CMakeFiles/explorer_interfaces__rosidl_typesupport_cpp.dir/rosidl_typesupport_cpp/explorer_interfaces/action/wander__type_support.cpp.o[0m
[14.144s] [ 20%] [32mBuilding C object CMakeFiles/explorer_interfaces__rosidl_generator_c.dir/rosidl_generator_c/explorer_interfaces/action/detail/discover__functions.c.o[0m
[14.734s] [ 23%] [32m[1mLinking C shared library libexplorer_interfaces__rosidl_generator_c.so[0m
[15.011s] [ 23%] Built target explorer_interfaces__rosidl_generator_c
[15.533s] [35m[1mScanning dependencies of target explorer_interfaces__rosidl_typesupport_introspection_cpp[0m
[15.632s] [ 25%] [32mBuilding CXX object CMakeFiles/explorer_interfaces__rosidl_typesupport_introspection_cpp.dir/rosidl_typesupport_introspection_cpp/explorer_interfaces/action/detail/wander__type_support.cpp.o[0m
[15.994s] [35m[1mScanning dependencies of target explorer_interfaces__rosidl_typesupport_fastrtps_cpp[0m
[16.192s] [ 28%] [32mBuilding CXX object CMakeFiles/explorer_interfaces__rosidl_typesupport_fastrtps_cpp.dir/rosidl_typesupport_fastrtps_cpp/explorer_interfaces/action/detail/dds_fastrtps/wander__type_support.cpp.o[0m
[16.994s] [ 30%] [32mBuilding CXX object CMakeFiles/explorer_interfaces__rosidl_typesupport_cpp.dir/rosidl_typesupport_cpp/explorer_interfaces/action/discover__type_support.cpp.o[0m
[18.213s] [ 33%] [32mBuilding CXX object CMakeFiles/explorer_interfaces__rosidl_typesupport_introspection_cpp.dir/rosidl_typesupport_introspection_cpp/explorer_interfaces/action/detail/discover__type_support.cpp.o[0m
[18.243s] [ 35%] [32mBuilding CXX object CMakeFiles/explorer_interfaces__rosidl_typesupport_fastrtps_cpp.dir/rosidl_typesupport_fastrtps_cpp/explorer_interfaces/action/detail/dds_fastrtps/discover__type_support.cpp.o[0m
[18.924s] [ 38%] [32m[1mLinking CXX shared library libexplorer_interfaces__rosidl_typesupport_cpp.so[0m
[19.127s] [ 38%] Built target explorer_interfaces__rosidl_typesupport_cpp
[19.888s] [ 41%] [32m[1mLinking CXX shared library libexplorer_interfaces__rosidl_typesupport_fastrtps_cpp.so[0m
[20.023s] [ 43%] [32m[1mLinking CXX shared library libexplorer_interfaces__rosidl_typesupport_introspection_cpp.so[0m
[20.393s] [ 43%] Built target explorer_interfaces__rosidl_typesupport_fastrtps_cpp
[20.476s] [ 43%] Built target explorer_interfaces__rosidl_typesupport_introspection_cpp
[20.547s] [ 46%] [34m[1mGenerating C type support for eProsima Fast-RTPS[0m
[23.351s] [35m[1mScanning dependencies of target explorer_interfaces__rosidl_typesupport_fastrtps_c[0m
[23.467s] [ 48%] [32mBuilding CXX object CMakeFiles/explorer_interfaces__rosidl_typesupport_fastrtps_c.dir/rosidl_typesupport_fastrtps_c/explorer_interfaces/action/detail/wander__type_support_c.cpp.o[0m
[25.024s] [ 51%] [32mBuilding CXX object CMakeFiles/explorer_interfaces__rosidl_typesupport_fastrtps_c.dir/rosidl_typesupport_fastrtps_c/explorer_interfaces/action/detail/discover__type_support_c.cpp.o[0m
[26.115s] [ 53%] [32m[1mLinking CXX shared library libexplorer_interfaces__rosidl_typesupport_fastrtps_c.so[0m
[26.460s] [ 53%] Built target explorer_interfaces__rosidl_typesupport_fastrtps_c
[26.522s] [ 56%] [34m[1mGenerating C type support dispatch for ROS interfaces[0m
[27.595s] [35m[1mScanning dependencies of target explorer_interfaces__rosidl_typesupport_c[0m
[27.757s] [ 58%] [32mBuilding CXX object CMakeFiles/explorer_interfaces__rosidl_typesupport_c.dir/rosidl_typesupport_c/explorer_interfaces/action/wander__type_support.cpp.o[0m
[28.023s] [ 61%] [32mBuilding CXX object CMakeFiles/explorer_interfaces__rosidl_typesupport_c.dir/rosidl_typesupport_c/explorer_interfaces/action/discover__type_support.cpp.o[0m
[28.188s] [ 64%] [32m[1mLinking CXX shared library libexplorer_interfaces__rosidl_typesupport_c.so[0m
[28.400s] [ 64%] Built target explorer_interfaces__rosidl_typesupport_c
[28.485s] [ 66%] [34m[1mGenerating C introspection for ROS interfaces[0m
[30.387s] [35m[1mScanning dependencies of target explorer_interfaces__rosidl_typesupport_introspection_c[0m
[30.490s] [ 69%] [32mBuilding C object CMakeFiles/explorer_interfaces__rosidl_typesupport_introspection_c.dir/rosidl_typesupport_introspection_c/explorer_interfaces/action/detail/wander__type_support.c.o[0m
[30.733s] [ 71%] [32mBuilding C object CMakeFiles/explorer_interfaces__rosidl_typesupport_introspection_c.dir/rosidl_typesupport_introspection_c/explorer_interfaces/action/detail/discover__type_support.c.o[0m
[30.834s] [ 74%] [32m[1mLinking C shared library libexplorer_interfaces__rosidl_typesupport_introspection_c.so[0m
[30.880s] [ 74%] Built target explorer_interfaces__rosidl_typesupport_introspection_c
[30.894s] [35m[1mScanning dependencies of target explorer_interfaces[0m
[30.942s] [ 74%] Built target explorer_interfaces
[31.023s] [35m[1mScanning dependencies of target explorer_interfaces__py[0m
[31.056s] [ 76%] [34m[1mGenerating Python code for ROS interfaces[0m
[34.914s] [ 76%] Built target explorer_interfaces__py
[34.931s] [35m[1mScanning dependencies of target explorer_interfaces__python[0m
[35.059s] [ 79%] [32mBuilding C object CMakeFiles/explorer_interfaces__python.dir/rosidl_generator_py/explorer_interfaces/action/_wander_s.c.o[0m
[35.298s] [ 82%] [32mBuilding C object CMakeFiles/explorer_interfaces__python.dir/rosidl_generator_py/explorer_interfaces/action/_discover_s.c.o[0m
[35.518s] [ 84%] [32m[1mLinking C shared library rosidl_generator_py/explorer_interfaces/libexplorer_interfaces__python.so[0m
[35.595s] [ 84%] Built target explorer_interfaces__python
[35.624s] [35m[1mScanning dependencies of target explorer_interfaces__rosidl_typesupport_c__pyext[0m
[35.713s] [ 87%] [32mBuilding C object CMakeFiles/explorer_interfaces__rosidl_typesupport_c__pyext.dir/rosidl_generator_py/explorer_interfaces/_explorer_interfaces_s.ep.rosidl_typesupport_c.c.o[0m
[35.964s] [ 89%] [32m[1mLinking C shared library rosidl_generator_py/explorer_interfaces/explorer_interfaces_s__rosidl_typesupport_c.cpython-38-x86_64-linux-gnu.so[0m
[36.078s] [ 89%] Built target explorer_interfaces__rosidl_typesupport_c__pyext
[36.111s] [35m[1mScanning dependencies of target explorer_interfaces__rosidl_typesupport_fastrtps_c__pyext[0m
[36.157s] [ 92%] [32mBuilding C object CMakeFiles/explorer_interfaces__rosidl_typesupport_fastrtps_c__pyext.dir/rosidl_generator_py/explorer_interfaces/_explorer_interfaces_s.ep.rosidl_typesupport_fastrtps_c.c.o[0m
[36.441s] [ 94%] [32m[1mLinking CXX shared library rosidl_generator_py/explorer_interfaces/explorer_interfaces_s__rosidl_typesupport_fastrtps_c.cpython-38-x86_64-linux-gnu.so[0m
[36.656s] [ 94%] Built target explorer_interfaces__rosidl_typesupport_fastrtps_c__pyext
[36.676s] [35m[1mScanning dependencies of target explorer_interfaces__rosidl_typesupport_introspection_c__pyext[0m
[36.723s] [ 97%] [32mBuilding C object CMakeFiles/explorer_interfaces__rosidl_typesupport_introspection_c__pyext.dir/rosidl_generator_py/explorer_interfaces/_explorer_interfaces_s.ep.rosidl_typesupport_introspection_c.c.o[0m
[36.951s] [100%] [32m[1mLinking C shared library rosidl_generator_py/explorer_interfaces/explorer_interfaces_s__rosidl_typesupport_introspection_c.cpython-38-x86_64-linux-gnu.so[0m
[37.035s] [100%] Built target explorer_interfaces__rosidl_typesupport_introspection_c__pyext
[37.077s] Invoked command in '/home/muhayy/mbzirc_ws/src/build/explorer_interfaces' returned '0': CMAKE_PREFIX_PATH=${CMAKE_PREFIX_PATH}:/opt/ros/galactic /usr/bin/cmake --build /home/muhayy/mbzirc_ws/src/build/explorer_interfaces -- -j12 -l12
[37.228s] Invoking command in '/home/muhayy/mbzirc_ws/src/build/explorer_interfaces': CMAKE_PREFIX_PATH=${CMAKE_PREFIX_PATH}:/opt/ros/galactic /usr/bin/cmake --install /home/muhayy/mbzirc_ws/src/build/explorer_interfaces
[37.257s] -- Install configuration: ""
[37.257s] -- Installing: /home/muhayy/mbzirc_ws/src/install/share/ament_index/resource_index/rosidl_interfaces/explorer_interfaces
[37.257s] -- Installing: /home/muhayy/mbzirc_ws/src/install/include/explorer_interfaces
[37.258s] -- Installing: /home/muhayy/mbzirc_ws/src/install/include/explorer_interfaces/action
[37.258s] -- Installing: /home/muhayy/mbzirc_ws/src/install/include/explorer_interfaces/action/wander.h
[37.258s] -- Installing: /home/muhayy/mbzirc_ws/src/install/include/explorer_interfaces/action/detail
[37.258s] -- Installing: /home/muhayy/mbzirc_ws/src/install/include/explorer_interfaces/action/detail/wander__struct.h
[37.258s] -- Installing: /home/muhayy/mbzirc_ws/src/install/include/explorer_interfaces/action/detail/discover__functions.h
[37.258s] -- Installing: /home/muhayy/mbzirc_ws/src/install/include/explorer_interfaces/action/detail/wander__type_support.h
[37.258s] -- Installing: /home/muhayy/mbzirc_ws/src/install/include/explorer_interfaces/action/detail/wander__functions.c
[37.258s] -- Installing: /home/muhayy/mbzirc_ws/src/install/include/explorer_interfaces/action/detail/discover__type_support.h
[37.259s] -- Installing: /home/muhayy/mbzirc_ws/src/install/include/explorer_interfaces/action/detail/discover__functions.c
[37.259s] -- Installing: /home/muhayy/mbzirc_ws/src/install/include/explorer_interfaces/action/detail/discover__struct.h
[37.259s] -- Installing: /home/muhayy/mbzirc_ws/src/install/include/explorer_interfaces/action/detail/wander__functions.h
[37.259s] -- Installing: /home/muhayy/mbzirc_ws/src/install/include/explorer_interfaces/action/discover.h
[37.259s] -- Installing: /home/muhayy/mbzirc_ws/src/install/include/explorer_interfaces/msg
[37.259s] -- Installing: /home/muhayy/mbzirc_ws/src/install/include/explorer_interfaces/msg/rosidl_generator_c__visibility_control.h
[37.259s] -- Installing: /home/muhayy/mbzirc_ws/src/install/share/explorer_interfaces/environment/library_path.sh
[37.259s] -- Installing: /home/muhayy/mbzirc_ws/src/install/share/explorer_interfaces/environment/library_path.dsv
[37.260s] -- Installing: /home/muhayy/mbzirc_ws/src/install/lib/libexplorer_interfaces__rosidl_generator_c.so
[37.260s] -- Set runtime path of "/home/muhayy/mbzirc_ws/src/install/lib/libexplorer_interfaces__rosidl_generator_c.so" to ""
[37.260s] -- Up-to-date: /home/muhayy/mbzirc_ws/src/install/include/explorer_interfaces
[37.260s] -- Up-to-date: /home/muhayy/mbzirc_ws/src/install/include/explorer_interfaces/action
[37.260s] -- Up-to-date: /home/muhayy/mbzirc_ws/src/install/include/explorer_interfaces/action/detail
[37.260s] -- Installing: /home/muhayy/mbzirc_ws/src/install/include/explorer_interfaces/action/detail/discover__rosidl_typesupport_fastrtps_c.h
[37.261s] -- Installing: /home/muhayy/mbzirc_ws/src/install/include/explorer_interfaces/action/detail/wander__rosidl_typesupport_fastrtps_c.h
[37.261s] -- Up-to-date: /home/muhayy/mbzirc_ws/src/install/include/explorer_interfaces/msg
[37.261s] -- Installing: /home/muhayy/mbzirc_ws/src/install/include/explorer_interfaces/msg/rosidl_typesupport_fastrtps_c__visibility_control.h
[37.261s] -- Installing: /home/muhayy/mbzirc_ws/src/install/lib/libexplorer_interfaces__rosidl_typesupport_fastrtps_c.so
[37.261s] -- Set runtime path of "/home/muhayy/mbzirc_ws/src/install/lib/libexplorer_interfaces__rosidl_typesupport_fastrtps_c.so" to ""
[37.261s] -- Up-to-date: /home/muhayy/mbzirc_ws/src/install/include/explorer_interfaces
[37.261s] -- Up-to-date: /home/muhayy/mbzirc_ws/src/install/include/explorer_interfaces/action
[37.261s] -- Up-to-date: /home/muhayy/mbzirc_ws/src/install/include/explorer_interfaces/action/detail
[37.262s] -- Installing: /home/muhayy/mbzirc_ws/src/install/include/explorer_interfaces/action/detail/discover__rosidl_typesupport_fastrtps_cpp.hpp
[37.262s] -- Installing: /home/muhayy/mbzirc_ws/src/install/include/explorer_interfaces/action/detail/wander__rosidl_typesupport_fastrtps_cpp.hpp
[37.262s] -- Installing: /home/muhayy/mbzirc_ws/src/install/include/explorer_interfaces/action/detail/dds_fastrtps
[37.262s] -- Up-to-date: /home/muhayy/mbzirc_ws/src/install/include/explorer_interfaces/msg
[37.262s] -- Installing: /home/muhayy/mbzirc_ws/src/install/include/explorer_interfaces/msg/rosidl_typesupport_fastrtps_cpp__visibility_control.h
[37.262s] -- Installing: /home/muhayy/mbzirc_ws/src/install/lib/libexplorer_interfaces__rosidl_typesupport_fastrtps_cpp.so
[37.262s] -- Set runtime path of "/home/muhayy/mbzirc_ws/src/install/lib/libexplorer_interfaces__rosidl_typesupport_fastrtps_cpp.so" to ""
[37.262s] -- Up-to-date: /home/muhayy/mbzirc_ws/src/install/include/explorer_interfaces
[37.263s] -- Up-to-date: /home/muhayy/mbzirc_ws/src/install/include/explorer_interfaces/action
[37.263s] -- Up-to-date: /home/muhayy/mbzirc_ws/src/install/include/explorer_interfaces/action/detail
[37.263s] -- Installing: /home/muhayy/mbzirc_ws/src/install/include/explorer_interfaces/action/detail/wander__rosidl_typesupport_introspection_c.h
[37.263s] -- Installing: /home/muhayy/mbzirc_ws/src/install/include/explorer_interfaces/action/detail/discover__rosidl_typesupport_introspection_c.h
[37.263s] -- Installing: /home/muhayy/mbzirc_ws/src/install/include/explorer_interfaces/action/detail/wander__type_support.c
[37.263s] -- Installing: /home/muhayy/mbzirc_ws/src/install/include/explorer_interfaces/action/detail/discover__type_support.c
[37.263s] -- Up-to-date: /home/muhayy/mbzirc_ws/src/install/include/explorer_interfaces/msg
[37.263s] -- Installing: /home/muhayy/mbzirc_ws/src/install/include/explorer_interfaces/msg/rosidl_typesupport_introspection_c__visibility_control.h
[37.263s] -- Installing: /home/muhayy/mbzirc_ws/src/install/lib/libexplorer_interfaces__rosidl_typesupport_introspection_c.so
[37.269s] -- Set runtime path of "/home/muhayy/mbzirc_ws/src/install/lib/libexplorer_interfaces__rosidl_typesupport_introspection_c.so" to ""
[37.270s] -- Installing: /home/muhayy/mbzirc_ws/src/install/lib/libexplorer_interfaces__rosidl_typesupport_c.so
[37.270s] -- Set runtime path of "/home/muhayy/mbzirc_ws/src/install/lib/libexplorer_interfaces__rosidl_typesupport_c.so" to ""
[37.270s] -- Up-to-date: /home/muhayy/mbzirc_ws/src/install/include/explorer_interfaces
[37.272s] -- Up-to-date: /home/muhayy/mbzirc_ws/src/install/include/explorer_interfaces/action
[37.272s] -- Up-to-date: /home/muhayy/mbzirc_ws/src/install/include/explorer_interfaces/action/detail
[37.273s] -- Installing: /home/muhayy/mbzirc_ws/src/install/include/explorer_interfaces/action/detail/wander__builder.hpp
[37.277s] -- Installing: /home/muhayy/mbzirc_ws/src/install/include/explorer_interfaces/action/detail/discover__traits.hpp
[37.277s] -- Installing: /home/muhayy/mbzirc_ws/src/install/include/explorer_interfaces/action/detail/discover__builder.hpp
[37.278s] -- Installing: /home/muhayy/mbzirc_ws/src/install/include/explorer_interfaces/action/detail/wander__traits.hpp
[37.278s] -- Installing: /home/muhayy/mbzirc_ws/src/install/include/explorer_interfaces/action/detail/discover__struct.hpp
[37.278s] -- Installing: /home/muhayy/mbzirc_ws/src/install/include/explorer_interfaces/action/detail/wander__struct.hpp
[37.278s] -- Installing: /home/muhayy/mbzirc_ws/src/install/include/explorer_interfaces/action/wander.hpp
[37.278s] -- Installing: /home/muhayy/mbzirc_ws/src/install/include/explorer_interfaces/action/discover.hpp
[37.278s] -- Up-to-date: /home/muhayy/mbzirc_ws/src/install/include/explorer_interfaces
[37.278s] -- Up-to-date: /home/muhayy/mbzirc_ws/src/install/include/explorer_interfaces/action
[37.279s] -- Up-to-date: /home/muhayy/mbzirc_ws/src/install/include/explorer_interfaces/action/detail
[37.279s] -- Installing: /home/muhayy/mbzirc_ws/src/install/include/explorer_interfaces/action/detail/wander__type_support.cpp
[37.279s] -- Installing: /home/muhayy/mbzirc_ws/src/install/include/explorer_interfaces/action/detail/discover__type_support.cpp
[37.279s] -- Installing: /home/muhayy/mbzirc_ws/src/install/include/explorer_interfaces/action/detail/wander__rosidl_typesupport_introspection_cpp.hpp
[37.279s] -- Installing: /home/muhayy/mbzirc_ws/src/install/include/explorer_interfaces/action/detail/discover__rosidl_typesupport_introspection_cpp.hpp
[37.279s] -- Installing: /home/muhayy/mbzirc_ws/src/install/lib/libexplorer_interfaces__rosidl_typesupport_introspection_cpp.so
[37.279s] -- Set runtime path of "/home/muhayy/mbzirc_ws/src/install/lib/libexplorer_interfaces__rosidl_typesupport_introspection_cpp.so" to ""
[37.279s] -- Installing: /home/muhayy/mbzirc_ws/src/install/lib/libexplorer_interfaces__rosidl_typesupport_cpp.so
[37.280s] -- Set runtime path of "/home/muhayy/mbzirc_ws/src/install/lib/libexplorer_interfaces__rosidl_typesupport_cpp.so" to ""
[37.280s] -- Installing: /home/muhayy/mbzirc_ws/src/install/share/explorer_interfaces/environment/pythonpath.sh
[37.280s] -- Installing: /home/muhayy/mbzirc_ws/src/install/share/explorer_interfaces/environment/pythonpath.dsv
[37.280s] -- Installing: /home/muhayy/mbzirc_ws/src/install/lib/python3.8/site-packages/explorer_interfaces/__init__.py
[37.340s] Compiling '/home/muhayy/mbzirc_ws/src/install/lib/python3.8/site-packages/explorer_interfaces/__init__.py'...
[37.349s] -- Installing: /home/muhayy/mbzirc_ws/src/install/lib/python3.8/site-packages/explorer_interfaces/action
[37.350s] -- Installing: /home/muhayy/mbzirc_ws/src/install/lib/python3.8/site-packages/explorer_interfaces/action/__init__.py
[37.350s] -- Installing: /home/muhayy/mbzirc_ws/src/install/lib/python3.8/site-packages/explorer_interfaces/action/_wander.py
[37.350s] -- Installing: /home/muhayy/mbzirc_ws/src/install/lib/python3.8/site-packages/explorer_interfaces/action/_wander_s.c
[37.350s] -- Installing: /home/muhayy/mbzirc_ws/src/install/lib/python3.8/site-packages/explorer_interfaces/action/_discover_s.c
[37.350s] -- Installing: /home/muhayy/mbzirc_ws/src/install/lib/python3.8/site-packages/explorer_interfaces/action/_discover.py
[37.350s] -- Installing: /home/muhayy/mbzirc_ws/src/install/lib/python3.8/site-packages/explorer_interfaces/explorer_interfaces_s__rosidl_typesupport_fastrtps_c.cpython-38-x86_64-linux-gnu.so
[37.358s] -- Set runtime path of "/home/muhayy/mbzirc_ws/src/install/lib/python3.8/site-packages/explorer_interfaces/explorer_interfaces_s__rosidl_typesupport_fastrtps_c.cpython-38-x86_64-linux-gnu.so" to ""
[37.358s] -- Installing: /home/muhayy/mbzirc_ws/src/install/lib/python3.8/site-packages/explorer_interfaces/explorer_interfaces_s__rosidl_typesupport_introspection_c.cpython-38-x86_64-linux-gnu.so
[37.359s] -- Set runtime path of "/home/muhayy/mbzirc_ws/src/install/lib/python3.8/site-packages/explorer_interfaces/explorer_interfaces_s__rosidl_typesupport_introspection_c.cpython-38-x86_64-linux-gnu.so" to ""
[37.359s] -- Installing: /home/muhayy/mbzirc_ws/src/install/lib/python3.8/site-packages/explorer_interfaces/explorer_interfaces_s__rosidl_typesupport_c.cpython-38-x86_64-linux-gnu.so
[37.360s] -- Set runtime path of "/home/muhayy/mbzirc_ws/src/install/lib/python3.8/site-packages/explorer_interfaces/explorer_interfaces_s__rosidl_typesupport_c.cpython-38-x86_64-linux-gnu.so" to ""
[37.360s] -- Installing: /home/muhayy/mbzirc_ws/src/install/lib/libexplorer_interfaces__python.so
[37.362s] -- Set runtime path of "/home/muhayy/mbzirc_ws/src/install/lib/libexplorer_interfaces__python.so" to ""
[37.362s] -- Installing: /home/muhayy/mbzirc_ws/src/install/share/explorer_interfaces/action/Wander.idl
[37.363s] -- Installing: /home/muhayy/mbzirc_ws/src/install/share/explorer_interfaces/action/Discover.idl
[37.363s] -- Installing: /home/muhayy/mbzirc_ws/src/install/share/explorer_interfaces/action/Wander.action
[37.364s] -- Installing: /home/muhayy/mbzirc_ws/src/install/share/explorer_interfaces/action/Discover.action
[37.365s] -- Installing: /home/muhayy/mbzirc_ws/src/install/share/ament_index/resource_index/package_run_dependencies/explorer_interfaces
[37.365s] -- Installing: /home/muhayy/mbzirc_ws/src/install/share/ament_index/resource_index/parent_prefix_path/explorer_interfaces
[37.365s] -- Installing: /home/muhayy/mbzirc_ws/src/install/share/explorer_interfaces/environment/ament_prefix_path.sh
[37.365s] -- Installing: /home/muhayy/mbzirc_ws/src/install/share/explorer_interfaces/environment/ament_prefix_path.dsv
[37.365s] -- Installing: /home/muhayy/mbzirc_ws/src/install/share/explorer_interfaces/environment/path.sh
[37.365s] -- Installing: /home/muhayy/mbzirc_ws/src/install/share/explorer_interfaces/environment/path.dsv
[37.366s] -- Installing: /home/muhayy/mbzirc_ws/src/install/share/explorer_interfaces/local_setup.bash
[37.366s] -- Installing: /home/muhayy/mbzirc_ws/src/install/share/explorer_interfaces/local_setup.sh
[37.366s] -- Installing: /home/muhayy/mbzirc_ws/src/install/share/explorer_interfaces/local_setup.zsh
[37.366s] -- Installing: /home/muhayy/mbzirc_ws/src/install/share/explorer_interfaces/local_setup.dsv
[37.366s] -- Installing: /home/muhayy/mbzirc_ws/src/install/share/explorer_interfaces/package.dsv
[37.366s] -- Installing: /home/muhayy/mbzirc_ws/src/install/share/ament_index/resource_index/packages/explorer_interfaces
[37.366s] -- Installing: /home/muhayy/mbzirc_ws/src/install/share/explorer_interfaces/cmake/explorer_interfaces__rosidl_generator_cExport.cmake
[37.366s] -- Installing: /home/muhayy/mbzirc_ws/src/install/share/explorer_interfaces/cmake/explorer_interfaces__rosidl_generator_cExport-noconfig.cmake
[37.367s] -- Installing: /home/muhayy/mbzirc_ws/src/install/share/explorer_interfaces/cmake/explorer_interfaces__rosidl_typesupport_introspection_cExport.cmake
[37.367s] -- Installing: /home/muhayy/mbzirc_ws/src/install/share/explorer_interfaces/cmake/explorer_interfaces__rosidl_typesupport_introspection_cExport-noconfig.cmake
[37.367s] -- Installing: /home/muhayy/mbzirc_ws/src/install/share/explorer_interfaces/cmake/explorer_interfaces__rosidl_typesupport_cExport.cmake
[37.367s] -- Installing: /home/muhayy/mbzirc_ws/src/install/share/explorer_interfaces/cmake/explorer_interfaces__rosidl_typesupport_cExport-noconfig.cmake
[37.367s] -- Installing: /home/muhayy/mbzirc_ws/src/install/share/explorer_interfaces/cmake/explorer_interfaces__rosidl_generator_cppExport.cmake
[37.370s] -- Installing: /home/muhayy/mbzirc_ws/src/install/share/explorer_interfaces/cmake/explorer_interfaces__rosidl_typesupport_introspection_cppExport.cmake
[37.371s] -- Installing: /home/muhayy/mbzirc_ws/src/install/share/explorer_interfaces/cmake/explorer_interfaces__rosidl_typesupport_introspection_cppExport-noconfig.cmake
[37.372s] -- Installing: /home/muhayy/mbzirc_ws/src/install/share/explorer_interfaces/cmake/explorer_interfaces__rosidl_typesupport_cppExport.cmake
[37.373s] -- Installing: /home/muhayy/mbzirc_ws/src/install/share/explorer_interfaces/cmake/explorer_interfaces__rosidl_typesupport_cppExport-noconfig.cmake
[37.377s] -- Installing: /home/muhayy/mbzirc_ws/src/install/share/explorer_interfaces/cmake/rosidl_cmake-extras.cmake
[37.377s] -- Installing: /home/muhayy/mbzirc_ws/src/install/share/explorer_interfaces/cmake/ament_cmake_export_dependencies-extras.cmake
[37.377s] -- Installing: /home/muhayy/mbzirc_ws/src/install/share/explorer_interfaces/cmake/ament_cmake_export_libraries-extras.cmake
[37.377s] -- Installing: /home/muhayy/mbzirc_ws/src/install/share/explorer_interfaces/cmake/ament_cmake_export_targets-extras.cmake
[37.377s] -- Installing: /home/muhayy/mbzirc_ws/src/install/share/explorer_interfaces/cmake/ament_cmake_export_include_directories-extras.cmake
[37.378s] -- Installing: /home/muhayy/mbzirc_ws/src/install/share/explorer_interfaces/cmake/rosidl_cmake_export_typesupport_libraries-extras.cmake
[37.378s] -- Installing: /home/muhayy/mbzirc_ws/src/install/share/explorer_interfaces/cmake/rosidl_cmake_export_typesupport_targets-extras.cmake
[37.378s] -- Installing: /home/muhayy/mbzirc_ws/src/install/share/explorer_interfaces/cmake/explorer_interfacesConfig.cmake
[37.378s] -- Installing: /home/muhayy/mbzirc_ws/src/install/share/explorer_interfaces/cmake/explorer_interfacesConfig-version.cmake
[37.378s] -- Installing: /home/muhayy/mbzirc_ws/src/install/share/explorer_interfaces/package.xml
[37.378s] Invoked command in '/home/muhayy/mbzirc_ws/src/build/explorer_interfaces' returned '0': CMAKE_PREFIX_PATH=${CMAKE_PREFIX_PATH}:/opt/ros/galactic /usr/bin/cmake --install /home/muhayy/mbzirc_ws/src/build/explorer_interfaces
