[0.031s] Invoking command in '/home/muhayy/mbzirc_ws/src/build/mbzirc_simple_arm': AMENT_PREFIX_PATH=/home/muhayy/mbzirc_ws/src/install:${AMENT_PREFIX_PATH} CMAKE_PREFIX_PATH=/home/muhayy/mbzirc_ws/src/install:/home/muhayy/mbzirc_ws/install:/opt/ros/galactic IGN_GAZEBO_RESOURCE_PATH=/home/muhayy/mbzirc_ws/src/install/share/mbzirc_ign/models:/home/muhayy/mbzirc_ws/src/install/share/mbzirc_ign/worlds:${IGN_GAZEBO_RESOURCE_PATH} IGN_GAZEBO_SYSTEM_PLUGIN_PATH=/home/muhayy/mbzirc_ws/src/install/lib:${IGN_GAZEBO_SYSTEM_PLUGIN_PATH} LD_LIBRARY_PATH=/home/muhayy/mbzirc_ws/src/install/lib:${LD_LIBRARY_PATH} PATH=/home/muhayy/mbzirc_ws/src/install/bin:${PATH} PYTHONPATH=/home/muhayy/mbzirc_ws/src/install/lib/python3.8/site-packages:${PYTHONPATH} /usr/bin/cmake --build /home/muhayy/mbzirc_ws/src/build/mbzirc_simple_arm -- -j12 -l12
[0.066s] Invoked command in '/home/muhayy/mbzirc_ws/src/build/mbzirc_simple_arm' returned '0': AMENT_PREFIX_PATH=/home/muhayy/mbzirc_ws/src/install:${AMENT_PREFIX_PATH} CMAKE_PREFIX_PATH=/home/muhayy/mbzirc_ws/src/install:/home/muhayy/mbzirc_ws/install:/opt/ros/galactic IGN_GAZEBO_RESOURCE_PATH=/home/muhayy/mbzirc_ws/src/install/share/mbzirc_ign/models:/home/muhayy/mbzirc_ws/src/install/share/mbzirc_ign/worlds:${IGN_GAZEBO_RESOURCE_PATH} IGN_GAZEBO_SYSTEM_PLUGIN_PATH=/home/muhayy/mbzirc_ws/src/install/lib:${IGN_GAZEBO_SYSTEM_PLUGIN_PATH} LD_LIBRARY_PATH=/home/muhayy/mbzirc_ws/src/install/lib:${LD_LIBRARY_PATH} PATH=/home/muhayy/mbzirc_ws/src/install/bin:${PATH} PYTHONPATH=/home/muhayy/mbzirc_ws/src/install/lib/python3.8/site-packages:${PYTHONPATH} /usr/bin/cmake --build /home/muhayy/mbzirc_ws/src/build/mbzirc_simple_arm -- -j12 -l12
[0.109s] Invoking command in '/home/muhayy/mbzirc_ws/src/build/mbzirc_simple_arm': AMENT_PREFIX_PATH=/home/muhayy/mbzirc_ws/src/install:${AMENT_PREFIX_PATH} CMAKE_PREFIX_PATH=/home/muhayy/mbzirc_ws/src/install:/home/muhayy/mbzirc_ws/install:/opt/ros/galactic IGN_GAZEBO_RESOURCE_PATH=/home/muhayy/mbzirc_ws/src/install/share/mbzirc_ign/models:/home/muhayy/mbzirc_ws/src/install/share/mbzirc_ign/worlds:${IGN_GAZEBO_RESOURCE_PATH} IGN_GAZEBO_SYSTEM_PLUGIN_PATH=/home/muhayy/mbzirc_ws/src/install/lib:${IGN_GAZEBO_SYSTEM_PLUGIN_PATH} LD_LIBRARY_PATH=/home/muhayy/mbzirc_ws/src/install/lib:${LD_LIBRARY_PATH} PATH=/home/muhayy/mbzirc_ws/src/install/bin:${PATH} PYTHONPATH=/home/muhayy/mbzirc_ws/src/install/lib/python3.8/site-packages:${PYTHONPATH} /usr/bin/cmake --install /home/muhayy/mbzirc_ws/src/build/mbzirc_simple_arm
[0.117s] -- Install configuration: ""
[0.117s] -- Up-to-date: /home/muhayy/mbzirc_ws/src/install/share/mbzirc_simple_arm/environment/resource_paths.dsv
[0.118s] -- Up-to-date: /home/muhayy/mbzirc_ws/src/install/share/mbzirc_simple_arm/environment/resource_paths.sh
[0.118s] -- Up-to-date: /home/muhayy/mbzirc_ws/src/install/share/ament_index/resource_index/package_run_dependencies/mbzirc_simple_arm
[0.118s] -- Up-to-date: /home/muhayy/mbzirc_ws/src/install/share/ament_index/resource_index/parent_prefix_path/mbzirc_simple_arm
[0.118s] -- Up-to-date: /home/muhayy/mbzirc_ws/src/install/share/mbzirc_simple_arm/environment/ament_prefix_path.sh
[0.119s] -- Up-to-date: /home/muhayy/mbzirc_ws/src/install/share/mbzirc_simple_arm/environment/ament_prefix_path.dsv
[0.119s] -- Up-to-date: /home/muhayy/mbzirc_ws/src/install/share/mbzirc_simple_arm/environment/path.sh
[0.119s] -- Up-to-date: /home/muhayy/mbzirc_ws/src/install/share/mbzirc_simple_arm/environment/path.dsv
[0.120s] -- Up-to-date: /home/muhayy/mbzirc_ws/src/install/share/mbzirc_simple_arm/local_setup.bash
[0.120s] -- Up-to-date: /home/muhayy/mbzirc_ws/src/install/share/mbzirc_simple_arm/local_setup.sh
[0.120s] -- Up-to-date: /home/muhayy/mbzirc_ws/src/install/share/mbzirc_simple_arm/local_setup.zsh
[0.120s] -- Up-to-date: /home/muhayy/mbzirc_ws/src/install/share/mbzirc_simple_arm/local_setup.dsv
[0.120s] -- Up-to-date: /home/muhayy/mbzirc_ws/src/install/share/mbzirc_simple_arm/package.dsv
[0.121s] -- Up-to-date: /home/muhayy/mbzirc_ws/src/install/share/ament_index/resource_index/packages/mbzirc_simple_arm
[0.121s] -- Up-to-date: /home/muhayy/mbzirc_ws/src/install/share/mbzirc_simple_arm/cmake/mbzirc_simple_armConfig.cmake
[0.122s] -- Up-to-date: /home/muhayy/mbzirc_ws/src/install/share/mbzirc_simple_arm/cmake/mbzirc_simple_armConfig-version.cmake
[0.122s] -- Up-to-date: /home/muhayy/mbzirc_ws/src/install/share/mbzirc_simple_arm/package.xml
[0.152s] Invoked command in '/home/muhayy/mbzirc_ws/src/build/mbzirc_simple_arm' returned '0': AMENT_PREFIX_PATH=/home/muhayy/mbzirc_ws/src/install:${AMENT_PREFIX_PATH} CMAKE_PREFIX_PATH=/home/muhayy/mbzirc_ws/src/install:/home/muhayy/mbzirc_ws/install:/opt/ros/galactic IGN_GAZEBO_RESOURCE_PATH=/home/muhayy/mbzirc_ws/src/install/share/mbzirc_ign/models:/home/muhayy/mbzirc_ws/src/install/share/mbzirc_ign/worlds:${IGN_GAZEBO_RESOURCE_PATH} IGN_GAZEBO_SYSTEM_PLUGIN_PATH=/home/muhayy/mbzirc_ws/src/install/lib:${IGN_GAZEBO_SYSTEM_PLUGIN_PATH} LD_LIBRARY_PATH=/home/muhayy/mbzirc_ws/src/install/lib:${LD_LIBRARY_PATH} PATH=/home/muhayy/mbzirc_ws/src/install/bin:${PATH} PYTHONPATH=/home/muhayy/mbzirc_ws/src/install/lib/python3.8/site-packages:${PYTHONPATH} /usr/bin/cmake --install /home/muhayy/mbzirc_ws/src/build/mbzirc_simple_arm
