[0.102s] Invoking command in '/home/muhayy/mbzirc_ws/src/build/ros_ign_gazebo': CMAKE_PREFIX_PATH=${CMAKE_PREFIX_PATH}:/opt/ros/galactic /usr/bin/cmake /home/muhayy/mbzirc_ws/src/ros_ign/ros_ign_gazebo -DCMAKE_INSTALL_PREFIX=/home/muhayy/mbzirc_ws/src/install
[1.332s] -- The C compiler identification is GNU 9.4.0
[1.332s] -- The CXX compiler identification is GNU 9.4.0
[1.332s] -- Check for working C compiler: /usr/bin/cc
[1.332s] -- Check for working C compiler: /usr/bin/cc -- works
[1.332s] -- Detecting C compiler ABI info
[1.332s] -- Detecting C compiler ABI info - done
[1.332s] -- Detecting C compile features
[1.333s] -- Detecting C compile features - done
[1.333s] -- Check for working CXX compiler: /usr/bin/c++
[1.333s] -- Check for working CXX compiler: /usr/bin/c++ -- works
[1.333s] -- Detecting CXX compiler ABI info
[1.334s] -- Detecting CXX compiler ABI info - done
[1.334s] -- Detecting CXX compile features
[1.358s] -- Detecting CXX compile features - done
[1.358s] -- Found ament_cmake: 1.1.5 (/opt/ros/galactic/share/ament_cmake/cmake)
[1.358s] -- Found PythonInterp: /usr/bin/python3 (found suitable version "3.8.10", minimum required is "3") 
[1.359s] -- Using PYTHON_EXECUTABLE: /usr/bin/python3
[1.359s] -- Looking for ignition-math6 -- found version 6.11.0
[1.359s] -- Searching for dependencies of ignition-math6
[1.359s] -- Found rclcpp: 9.2.1 (/opt/ros/galactic/share/rclcpp/cmake)
[1.359s] -- Using all available rosidl_typesupport_c: rosidl_typesupport_fastrtps_c;rosidl_typesupport_introspection_c
[1.359s] -- Found rosidl_adapter: 2.2.2 (/opt/ros/galactic/share/rosidl_adapter/cmake)
[1.359s] -- Found OpenSSL: /usr/lib/x86_64-linux-gnu/libcrypto.so (found version "1.1.1f")  
[1.359s] -- Found FastRTPS: /opt/ros/galactic/include  
[1.359s] -- Using all available rosidl_typesupport_cpp: rosidl_typesupport_fastrtps_cpp;rosidl_typesupport_introspection_cpp
[1.435s] -- Found rmw_implementation_cmake: 3.3.1 (/opt/ros/galactic/share/rmw_implementation_cmake/cmake)
[1.442s] -- Found rmw_cyclonedds_cpp: 0.22.5 (/opt/ros/galactic/share/rmw_cyclonedds_cpp/cmake)
[1.477s] -- Using RMW implementation 'rmw_cyclonedds_cpp' as default
[1.479s] -- Looking for pthread.h
[1.680s] -- Looking for pthread.h - found
[1.680s] -- Performing Test CMAKE_HAVE_LIBC_PTHREAD
[1.887s] -- Performing Test CMAKE_HAVE_LIBC_PTHREAD - Failed
[1.887s] -- Looking for pthread_create in pthreads
[1.973s] -- Looking for pthread_create in pthreads - not found
[1.973s] -- Looking for pthread_create in pthread
[2.080s] -- Looking for pthread_create in pthread - found
[2.081s] -- Found Threads: TRUE  
[2.317s] -- Looking for ignition-transport11 -- found version 11.0.0
[2.318s] -- Searching for dependencies of ignition-transport11
[2.366s] -- Found Protobuf: /usr/lib/x86_64-linux-gnu/libprotobuf.so;-lpthread (found suitable version "3.6.1", minimum required is "3") 
[2.382s] -- Config-file not installed for ZeroMQ -- checking for pkg-config
[2.388s] -- Checking for module 'libzmq >= 4'
[2.413s] --   Found libzmq , version 4.3.2
[2.514s] -- Found ZeroMQ: TRUE (Required is at least version "4") 
[2.522s] -- Checking for module 'uuid'
[2.553s] --   Found uuid, version 2.34.0
[2.662s] -- Found UUID: TRUE  
[2.665s] -- Looking for ignition-utils1 -- found version 1.4.0
[2.666s] -- Searching for dependencies of ignition-utils1
[2.668s] -- Searching for <ignition-utils1> component [cli]
[2.670s] -- Looking for ignition-utils1-cli -- found version 1.4.0
[2.670s] -- Searching for dependencies of ignition-utils1-cli
[2.675s] -- Looking for ignition-msgs8 -- found version 8.4.0
[2.676s] -- Searching for dependencies of ignition-msgs8
[2.705s] -- Looking for ignition-math6 -- found version 6.11.0
[2.716s] -- Checking for module 'tinyxml2'
[2.747s] --   Found tinyxml2, version 6.2.0
[2.840s] -- Looking for ignition-msgs8 -- found version 8.4.0
[2.849s] -- Looking for ignition-gazebo6 -- found version 6.9.0
[2.850s] -- Searching for dependencies of ignition-gazebo6
[2.854s] -- Looking for sdformat12 -- found version 12.5.0
[2.856s] -- Searching for dependencies of sdformat12
[2.867s] -- Looking for ignition-math6 -- found version 6.11.0
[2.868s] -- Looking for ignition-utils1 -- found version 1.4.0
[2.877s] -- Looking for ignition-plugin1 -- found version 1.2.1
[2.879s] -- Searching for dependencies of ignition-plugin1
[2.881s] -- Searching for <ignition-plugin1> component [loader]
[2.883s] -- Looking for ignition-plugin1-loader -- found version 1.2.1
[2.884s] -- Searching for dependencies of ignition-plugin1-loader
[2.885s] -- Searching for <ignition-plugin1> component [register]
[2.891s] -- Looking for ignition-plugin1-register -- found version 1.2.1
[2.892s] -- Searching for dependencies of ignition-plugin1-register
[2.894s] -- Looking for ignition-transport11 -- found version 11.0.0
[2.895s] -- Searching for dependencies of ignition-transport11
[2.944s] -- Config-file not installed for ZeroMQ -- checking for pkg-config
[2.963s] -- Checking for module 'libzmq >= 4'
[2.999s] --   Found libzmq , version 4.3.2
[3.088s] -- Looking for ignition-utils1 -- found version 1.4.0
[3.088s] -- Looking for ignition-msgs8 -- found version 8.4.0
[3.089s] -- Searching for <ignition-transport11> component [log]
[3.092s] -- Looking for ignition-transport11-log -- found version 11.0.0
[3.092s] -- Searching for dependencies of ignition-transport11-log
[3.098s] -- Looking for ignition-msgs8 -- found version 8.4.0
[3.102s] -- Looking for ignition-common4 -- found version 4.5.0
[3.102s] -- Searching for dependencies of ignition-common4
[3.102s] -- Looking for dlfcn.h - found
[3.102s] -- Looking for libdl - found
[3.105s] -- Found DL: TRUE  
[3.121s] -- Searching for <ignition-common4> component [profiler]
[3.124s] -- Looking for ignition-common4-profiler -- found version 4.5.0
[3.124s] -- Searching for dependencies of ignition-common4-profiler
[3.126s] -- Searching for <ignition-common4> component [events]
[3.129s] -- Looking for ignition-common4-events -- found version 4.5.0
[3.130s] -- Searching for dependencies of ignition-common4-events
[3.131s] -- Looking for ignition-math6 -- found version 6.11.0
[3.132s] -- Searching for <ignition-common4> component [av]
[3.137s] -- Looking for ignition-common4-av -- found version 4.5.0
[3.137s] -- Searching for dependencies of ignition-common4-av
[3.144s] -- Checking for module 'libswscale'
[3.173s] --   Found libswscale, version 5.5.100
[3.239s] -- Found SWSCALE: TRUE  
[3.246s] -- Checking for module 'libavdevice >= 56.4.100'
[3.275s] --   Found libavdevice , version 58.8.100
[3.348s] -- Found AVDEVICE: TRUE (Required is at least version "56.4.100") 
[3.355s] -- Checking for module 'libavformat'
[3.378s] --   Found libavformat, version 58.29.100
[3.441s] -- Found AVFORMAT: TRUE  
[3.449s] -- Checking for module 'libavcodec'
[3.480s] --   Found libavcodec, version 58.54.100
[3.619s] -- Found AVCODEC: TRUE  
[3.624s] -- Checking for module 'libavutil'
[3.677s] --   Found libavutil, version 56.31.100
[3.828s] -- Found AVUTIL: TRUE  
[3.835s] -- Looking for ignition-fuel_tools7 -- found version 7.0.0
[3.835s] -- Searching for dependencies of ignition-fuel_tools7
[4.145s] -- Found CURL: /usr/lib/x86_64-linux-gnu/libcurl.so (found version "7.68.0")  
[4.162s] -- Checking for module 'jsoncpp'
[4.271s] --   Found jsoncpp, version 1.7.4
[4.601s] -- Found JSONCPP: TRUE  
[4.619s] -- Checking for module 'libzip'
[4.723s] --   Found libzip, version 1.5.1
[5.131s] -- Found ZIP: TRUE  
[5.131s] -- Looking for ignition-common4 -- found version 4.5.0
[5.132s] -- Looking for ignition-math6 -- found version 6.11.0
[5.133s] -- Looking for ignition-msgs8 -- found version 8.4.0
[5.145s] -- Looking for ignition-gui6 -- found version 6.4.0
[5.146s] -- Searching for dependencies of ignition-gui6
[5.304s] -- Looking for ignition-math6 -- found version 6.11.0
[5.306s] -- Looking for ignition-common4 -- found version 4.5.0
[5.307s] -- Looking for ignition-plugin1 -- found version 1.2.1
[5.308s] -- Looking for ignition-transport11 -- found version 11.0.0
[5.320s] -- Looking for ignition-rendering6 -- found version 6.4.0
[5.321s] -- Searching for dependencies of ignition-rendering6
[5.321s] -- Looking for ignition-math6 -- found version 6.11.0
[5.322s] -- Searching for dependencies of ignition-math6
[5.328s] -- Searching for <ignition-math6> component [eigen3]
[5.339s] -- Looking for ignition-math6-eigen3 -- found version 6.11.0
[5.340s] -- Searching for dependencies of ignition-math6-eigen3
[5.366s] -- Looking for ignition-common4 -- found version 4.5.0
[5.369s] -- Searching for dependencies of ignition-common4
[5.370s] -- Looking for dlfcn.h - found
[5.371s] -- Looking for libdl - found
[5.420s] -- Searching for <ignition-common4> component [graphics]
[5.424s] -- Looking for ignition-common4-graphics -- found version 4.5.0
[5.425s] -- Searching for dependencies of ignition-common4-graphics
[5.426s] -- Looking for ignition-math6 -- found version 6.11.0
[5.427s] -- Looking for ignition-utils1 -- found version 1.4.0
[5.435s] -- Searching for <ignition-common4> component [events]
[5.436s] -- Looking for ignition-plugin1 -- found version 1.2.1
[5.438s] -- Searching for dependencies of ignition-plugin1
[5.438s] -- Searching for <ignition-plugin1> component [all]
[5.442s] -- Looking for all libraries of ignition-plugin1 -- found version 1.2.1
[5.443s] -- Looking for ignition-plugin1 -- found version 1.2.1
[5.457s] -- Looking for ignition-msgs8 -- found version 8.4.0
[5.538s] -- Looking for ignition-physics5 -- found version 5.1.0
[5.539s] -- Searching for dependencies of ignition-physics5
[5.540s] -- Looking for ignition-math6 -- found version 6.11.0
[5.540s] -- Looking for ignition-plugin1 -- found version 1.2.1
[5.541s] -- Looking for ignition-utils1 -- found version 1.4.0
[5.543s] -- Searching for <ignition-physics5> component [heightmap]
[5.551s] -- Looking for ignition-physics5-heightmap -- found version 5.1.0
[5.551s] -- Searching for dependencies of ignition-physics5-heightmap
[5.552s] -- Looking for ignition-common4 -- found version 4.5.0
[5.572s] -- Searching for <ignition-physics5> component [mesh]
[5.578s] -- Looking for ignition-physics5-mesh -- found version 5.1.0
[5.580s] -- Searching for dependencies of ignition-physics5-mesh
[5.580s] -- Looking for ignition-common4 -- found version 4.5.0
[5.581s] -- Searching for <ignition-physics5> component [sdf]
[5.587s] -- Looking for ignition-physics5-sdf -- found version 5.1.0
[5.588s] -- Searching for dependencies of ignition-physics5-sdf
[5.589s] -- Looking for sdformat12 -- found version 12.5.0
[5.607s] -- Looking for ignition-sensors6 -- found version 6.5.0
[5.607s] -- Searching for dependencies of ignition-sensors6
[5.690s] -- Looking for ignition-math6 -- found version 6.11.0
[5.691s] -- Looking for ignition-common4 -- found version 4.5.0
[5.691s] -- Looking for ignition-transport11 -- found version 11.0.0
[5.691s] -- Looking for ignition-rendering6 -- found version 6.4.0
[5.691s] -- Looking for ignition-msgs8 -- found version 8.4.0
[5.691s] -- Looking for sdformat12 -- found version 12.5.0
[5.691s] -- Searching for <ignition-sensors6> component [air_pressure]
[5.692s] -- Looking for ignition-sensors6-air_pressure -- found version 6.5.0
[5.692s] -- Searching for dependencies of ignition-sensors6-air_pressure
[5.693s] -- Searching for <ignition-sensors6> component [altimeter]
[5.702s] -- Looking for ignition-sensors6-altimeter -- found version 6.5.0
[5.703s] -- Searching for dependencies of ignition-sensors6-altimeter
[5.706s] -- Searching for <ignition-sensors6> component [imu]
[5.714s] -- Looking for ignition-sensors6-imu -- found version 6.5.0
[5.720s] -- Searching for dependencies of ignition-sensors6-imu
[5.720s] -- Searching for <ignition-sensors6> component [force_torque]
[5.722s] -- Looking for ignition-sensors6-force_torque -- found version 6.5.0
[5.724s] -- Searching for dependencies of ignition-sensors6-force_torque
[5.731s] -- Searching for <ignition-sensors6> component [logical_camera]
[5.736s] -- Looking for ignition-sensors6-logical_camera -- found version 6.5.0
[5.738s] -- Searching for dependencies of ignition-sensors6-logical_camera
[5.743s] -- Searching for <ignition-sensors6> component [magnetometer]
[5.751s] -- Looking for ignition-sensors6-magnetometer -- found version 6.5.0
[5.752s] -- Searching for dependencies of ignition-sensors6-magnetometer
[5.759s] -- Searching for <ignition-sensors6> component [navsat]
[5.762s] -- Looking for ignition-sensors6-navsat -- found version 6.5.0
[5.763s] -- Searching for dependencies of ignition-sensors6-navsat
[5.765s] -- Searching for <ignition-sensors6> component [rendering]
[5.775s] -- Looking for ignition-sensors6-rendering -- found version 6.5.0
[5.776s] -- Searching for dependencies of ignition-sensors6-rendering
[5.778s] -- Searching for <ignition-sensors6> component [lidar]
[5.781s] -- Looking for ignition-sensors6-lidar -- found version 6.5.0
[5.782s] -- Searching for dependencies of ignition-sensors6-lidar
[5.785s] -- Searching for <ignition-sensors6> component [gpu_lidar]
[5.789s] -- Looking for ignition-sensors6-gpu_lidar -- found version 6.5.0
[5.790s] -- Searching for dependencies of ignition-sensors6-gpu_lidar
[5.793s] -- Searching for <ignition-sensors6> component [camera]
[5.803s] -- Looking for ignition-sensors6-camera -- found version 6.5.0
[5.803s] -- Searching for dependencies of ignition-sensors6-camera
[5.803s] -- Searching for <ignition-sensors6> component [segmentation_camera]
[5.803s] -- Looking for ignition-sensors6-segmentation_camera -- found version 6.5.0
[5.804s] -- Searching for dependencies of ignition-sensors6-segmentation_camera
[5.806s] -- Searching for <ignition-sensors6> component [depth_camera]
[5.810s] -- Looking for ignition-sensors6-depth_camera -- found version 6.5.0
[5.818s] -- Searching for dependencies of ignition-sensors6-depth_camera
[5.822s] -- Searching for <ignition-sensors6> component [rgbd_camera]
[5.829s] -- Looking for ignition-sensors6-rgbd_camera -- found version 6.5.0
[5.829s] -- Searching for dependencies of ignition-sensors6-rgbd_camera
[5.830s] -- Searching for <ignition-sensors6> component [thermal_camera]
[5.834s] -- Looking for ignition-sensors6-thermal_camera -- found version 6.5.0
[5.836s] -- Searching for dependencies of ignition-sensors6-thermal_camera
[5.840s] -- Looking for ignition-rendering6 -- found version 6.4.0
[5.841s] -- Looking for ignition-math6 -- found version 6.11.0
[5.847s] -- Looking for ignition-utils1 -- found version 1.4.0
[5.888s] -- Compiling against Ignition Fortress
[5.894s] -- Looking for gflags - found
[5.894s] 
[5.901s] -- Found ament_lint_auto: 0.10.7 (/opt/ros/galactic/share/ament_lint_auto/cmake)
[6.190s] -- Added test 'copyright' to check source files copyright and LICENSE
[6.198s] -- Added test 'cppcheck' to perform static code analysis on C / C++ code
[6.198s] -- Configured cppcheck include dirs: 
[6.199s] -- Configured cppcheck exclude dirs and/or files: 
[6.200s] -- Added test 'cpplint' to check C / C++ code against the Google style
[6.200s] -- Configured cpplint exclude dirs and/or files: 
[6.201s] -- Added test 'lint_cmake' to check CMake code style
[6.202s] -- Added test 'uncrustify' to check C / C++ code style
[6.203s] -- Configured uncrustify additional arguments: 
[6.204s] -- Added test 'xmllint' to check XML markup files
[6.226s] -- Configuring done
[6.257s] -- Generating done
[6.263s] -- Build files have been written to: /home/muhayy/mbzirc_ws/src/build/ros_ign_gazebo
[6.813s] Invoked command in '/home/muhayy/mbzirc_ws/src/build/ros_ign_gazebo' returned '0': CMAKE_PREFIX_PATH=${CMAKE_PREFIX_PATH}:/opt/ros/galactic /usr/bin/cmake /home/muhayy/mbzirc_ws/src/ros_ign/ros_ign_gazebo -DCMAKE_INSTALL_PREFIX=/home/muhayy/mbzirc_ws/src/install
[6.814s] Invoking command in '/home/muhayy/mbzirc_ws/src/build/ros_ign_gazebo': CMAKE_PREFIX_PATH=${CMAKE_PREFIX_PATH}:/opt/ros/galactic /usr/bin/cmake --build /home/muhayy/mbzirc_ws/src/build/ros_ign_gazebo -- -j12 -l12
[7.092s] [35m[1mScanning dependencies of target create[0m
[7.506s] [ 50%] [32mBuilding CXX object CMakeFiles/create.dir/src/create.cpp.o[0m
[40.905s] [100%] [32m[1mLinking CXX executable create[0m
[41.815s] [100%] Built target create
[41.845s] Invoked command in '/home/muhayy/mbzirc_ws/src/build/ros_ign_gazebo' returned '0': CMAKE_PREFIX_PATH=${CMAKE_PREFIX_PATH}:/opt/ros/galactic /usr/bin/cmake --build /home/muhayy/mbzirc_ws/src/build/ros_ign_gazebo -- -j12 -l12
[41.904s] Invoking command in '/home/muhayy/mbzirc_ws/src/build/ros_ign_gazebo': CMAKE_PREFIX_PATH=${CMAKE_PREFIX_PATH}:/opt/ros/galactic /usr/bin/cmake --install /home/muhayy/mbzirc_ws/src/build/ros_ign_gazebo
[41.918s] -- Install configuration: ""
[41.918s] -- Installing: /home/muhayy/mbzirc_ws/src/install/share/ros_ign_gazebo/launch/ign_gazebo.launch.py
[41.919s] -- Installing: /home/muhayy/mbzirc_ws/src/install/lib/ros_ign_gazebo/create
[41.924s] -- Set runtime path of "/home/muhayy/mbzirc_ws/src/install/lib/ros_ign_gazebo/create" to ""
[41.925s] -- Installing: /home/muhayy/mbzirc_ws/src/install/share/ament_index/resource_index/package_run_dependencies/ros_ign_gazebo
[41.925s] -- Installing: /home/muhayy/mbzirc_ws/src/install/share/ament_index/resource_index/parent_prefix_path/ros_ign_gazebo
[41.925s] -- Installing: /home/muhayy/mbzirc_ws/src/install/share/ros_ign_gazebo/environment/ament_prefix_path.sh
[41.925s] -- Installing: /home/muhayy/mbzirc_ws/src/install/share/ros_ign_gazebo/environment/ament_prefix_path.dsv
[41.925s] -- Installing: /home/muhayy/mbzirc_ws/src/install/share/ros_ign_gazebo/environment/path.sh
[41.925s] -- Installing: /home/muhayy/mbzirc_ws/src/install/share/ros_ign_gazebo/environment/path.dsv
[41.926s] -- Installing: /home/muhayy/mbzirc_ws/src/install/share/ros_ign_gazebo/local_setup.bash
[41.926s] -- Installing: /home/muhayy/mbzirc_ws/src/install/share/ros_ign_gazebo/local_setup.sh
[41.926s] -- Installing: /home/muhayy/mbzirc_ws/src/install/share/ros_ign_gazebo/local_setup.zsh
[41.927s] -- Installing: /home/muhayy/mbzirc_ws/src/install/share/ros_ign_gazebo/local_setup.dsv
[41.927s] -- Installing: /home/muhayy/mbzirc_ws/src/install/share/ros_ign_gazebo/package.dsv
[41.927s] -- Installing: /home/muhayy/mbzirc_ws/src/install/share/ament_index/resource_index/packages/ros_ign_gazebo
[41.927s] -- Installing: /home/muhayy/mbzirc_ws/src/install/share/ros_ign_gazebo/cmake/ros_ign_gazeboConfig.cmake
[41.928s] -- Installing: /home/muhayy/mbzirc_ws/src/install/share/ros_ign_gazebo/cmake/ros_ign_gazeboConfig-version.cmake
[41.928s] -- Installing: /home/muhayy/mbzirc_ws/src/install/share/ros_ign_gazebo/package.xml
[41.939s] Invoked command in '/home/muhayy/mbzirc_ws/src/build/ros_ign_gazebo' returned '0': CMAKE_PREFIX_PATH=${CMAKE_PREFIX_PATH}:/opt/ros/galactic /usr/bin/cmake --install /home/muhayy/mbzirc_ws/src/build/ros_ign_gazebo
