running egg_info
creating ../build/urdf_tutorial_r2d2/urdf_tutorial_r2d2.egg-info
writing ../build/urdf_tutorial_r2d2/urdf_tutorial_r2d2.egg-info/PKG-INFO
writing dependency_links to ../build/urdf_tutorial_r2d2/urdf_tutorial_r2d2.egg-info/dependency_links.txt
writing entry points to ../build/urdf_tutorial_r2d2/urdf_tutorial_r2d2.egg-info/entry_points.txt
writing requirements to ../build/urdf_tutorial_r2d2/urdf_tutorial_r2d2.egg-info/requires.txt
writing top-level names to ../build/urdf_tutorial_r2d2/urdf_tutorial_r2d2.egg-info/top_level.txt
writing manifest file '../build/urdf_tutorial_r2d2/urdf_tutorial_r2d2.egg-info/SOURCES.txt'
reading manifest file '../build/urdf_tutorial_r2d2/urdf_tutorial_r2d2.egg-info/SOURCES.txt'
writing manifest file '../build/urdf_tutorial_r2d2/urdf_tutorial_r2d2.egg-info/SOURCES.txt'
running build
running build_py
creating /home/muhayy/mbzirc_ws/src/build/urdf_tutorial_r2d2/build
creating /home/muhayy/mbzirc_ws/src/build/urdf_tutorial_r2d2/build/lib
creating /home/muhayy/mbzirc_ws/src/build/urdf_tutorial_r2d2/build/lib/urdf_tutorial_r2d2
copying urdf_tutorial_r2d2/__init__.py -> /home/muhayy/mbzirc_ws/src/build/urdf_tutorial_r2d2/build/lib/urdf_tutorial_r2d2
copying urdf_tutorial_r2d2/state_publisher.py -> /home/muhayy/mbzirc_ws/src/build/urdf_tutorial_r2d2/build/lib/urdf_tutorial_r2d2
running install
running install_lib
creating /home/muhayy/mbzirc_ws/src/install/lib/python3.8/site-packages/urdf_tutorial_r2d2
copying /home/muhayy/mbzirc_ws/src/build/urdf_tutorial_r2d2/build/lib/urdf_tutorial_r2d2/__init__.py -> /home/muhayy/mbzirc_ws/src/install/lib/python3.8/site-packages/urdf_tutorial_r2d2
copying /home/muhayy/mbzirc_ws/src/build/urdf_tutorial_r2d2/build/lib/urdf_tutorial_r2d2/state_publisher.py -> /home/muhayy/mbzirc_ws/src/install/lib/python3.8/site-packages/urdf_tutorial_r2d2
byte-compiling /home/muhayy/mbzirc_ws/src/install/lib/python3.8/site-packages/urdf_tutorial_r2d2/__init__.py to __init__.cpython-38.pyc
byte-compiling /home/muhayy/mbzirc_ws/src/install/lib/python3.8/site-packages/urdf_tutorial_r2d2/state_publisher.py to state_publisher.cpython-38.pyc
running install_data
copying resource/urdf_tutorial_r2d2 -> /home/muhayy/mbzirc_ws/src/install/share/ament_index/resource_index/packages
copying package.xml -> /home/muhayy/mbzirc_ws/src/install/share/urdf_tutorial_r2d2
copying launch/demo.launch.py -> /home/muhayy/mbzirc_ws/src/install/share/urdf_tutorial_r2d2
copying urdf/r2d2.rviz -> /home/muhayy/mbzirc_ws/src/install/share/urdf_tutorial_r2d2
copying urdf/r2d2.urdf.xml -> /home/muhayy/mbzirc_ws/src/install/share/urdf_tutorial_r2d2
running install_egg_info
Copying ../build/urdf_tutorial_r2d2/urdf_tutorial_r2d2.egg-info to /home/muhayy/mbzirc_ws/src/install/lib/python3.8/site-packages/urdf_tutorial_r2d2-0.0.0-py3.8.egg-info
running install_scripts
Installing state_publisher script to /home/muhayy/mbzirc_ws/src/install/lib/urdf_tutorial_r2d2
writing list of installed files to '/home/muhayy/mbzirc_ws/src/build/urdf_tutorial_r2d2/install.log'
