[4.152s] Invoking command in '/home/muhayy/mbzirc_ws/src/urdf_tutorial_r2d2': PYTHONPATH=/home/muhayy/mbzirc_ws/src/install/lib/python3.8/site-packages:${PYTHONPATH} /usr/bin/python3 setup.py egg_info --egg-base ../build/urdf_tutorial_r2d2 build --build-base /home/muhayy/mbzirc_ws/src/build/urdf_tutorial_r2d2/build install --prefix /home/muhayy/mbzirc_ws/src/install --record /home/muhayy/mbzirc_ws/src/build/urdf_tutorial_r2d2/install.log --single-version-externally-managed
[8.585s] running egg_info
[8.586s] creating ../build/urdf_tutorial_r2d2/urdf_tutorial_r2d2.egg-info
[8.586s] writing ../build/urdf_tutorial_r2d2/urdf_tutorial_r2d2.egg-info/PKG-INFO
[8.586s] writing dependency_links to ../build/urdf_tutorial_r2d2/urdf_tutorial_r2d2.egg-info/dependency_links.txt
[8.586s] writing entry points to ../build/urdf_tutorial_r2d2/urdf_tutorial_r2d2.egg-info/entry_points.txt
[8.607s] writing requirements to ../build/urdf_tutorial_r2d2/urdf_tutorial_r2d2.egg-info/requires.txt
[8.607s] writing top-level names to ../build/urdf_tutorial_r2d2/urdf_tutorial_r2d2.egg-info/top_level.txt
[8.608s] writing manifest file '../build/urdf_tutorial_r2d2/urdf_tutorial_r2d2.egg-info/SOURCES.txt'
[8.608s] reading manifest file '../build/urdf_tutorial_r2d2/urdf_tutorial_r2d2.egg-info/SOURCES.txt'
[8.608s] writing manifest file '../build/urdf_tutorial_r2d2/urdf_tutorial_r2d2.egg-info/SOURCES.txt'
[8.608s] running build
[8.608s] running build_py
[8.608s] creating /home/muhayy/mbzirc_ws/src/build/urdf_tutorial_r2d2/build
[8.609s] creating /home/muhayy/mbzirc_ws/src/build/urdf_tutorial_r2d2/build/lib
[8.609s] creating /home/muhayy/mbzirc_ws/src/build/urdf_tutorial_r2d2/build/lib/urdf_tutorial_r2d2
[8.609s] copying urdf_tutorial_r2d2/__init__.py -> /home/muhayy/mbzirc_ws/src/build/urdf_tutorial_r2d2/build/lib/urdf_tutorial_r2d2
[8.609s] copying urdf_tutorial_r2d2/state_publisher.py -> /home/muhayy/mbzirc_ws/src/build/urdf_tutorial_r2d2/build/lib/urdf_tutorial_r2d2
[8.609s] running install
[8.609s] running install_lib
[8.609s] creating /home/muhayy/mbzirc_ws/src/install/lib/python3.8/site-packages/urdf_tutorial_r2d2
[8.609s] copying /home/muhayy/mbzirc_ws/src/build/urdf_tutorial_r2d2/build/lib/urdf_tutorial_r2d2/__init__.py -> /home/muhayy/mbzirc_ws/src/install/lib/python3.8/site-packages/urdf_tutorial_r2d2
[8.609s] copying /home/muhayy/mbzirc_ws/src/build/urdf_tutorial_r2d2/build/lib/urdf_tutorial_r2d2/state_publisher.py -> /home/muhayy/mbzirc_ws/src/install/lib/python3.8/site-packages/urdf_tutorial_r2d2
[8.610s] byte-compiling /home/muhayy/mbzirc_ws/src/install/lib/python3.8/site-packages/urdf_tutorial_r2d2/__init__.py to __init__.cpython-38.pyc
[8.610s] byte-compiling /home/muhayy/mbzirc_ws/src/install/lib/python3.8/site-packages/urdf_tutorial_r2d2/state_publisher.py to state_publisher.cpython-38.pyc
[8.610s] running install_data
[8.611s] copying resource/urdf_tutorial_r2d2 -> /home/muhayy/mbzirc_ws/src/install/share/ament_index/resource_index/packages
[8.611s] copying package.xml -> /home/muhayy/mbzirc_ws/src/install/share/urdf_tutorial_r2d2
[8.611s] copying launch/demo.launch.py -> /home/muhayy/mbzirc_ws/src/install/share/urdf_tutorial_r2d2
[8.611s] copying urdf/r2d2.rviz -> /home/muhayy/mbzirc_ws/src/install/share/urdf_tutorial_r2d2
[8.611s] copying urdf/r2d2.urdf.xml -> /home/muhayy/mbzirc_ws/src/install/share/urdf_tutorial_r2d2
[8.612s] running install_egg_info
[8.612s] Copying ../build/urdf_tutorial_r2d2/urdf_tutorial_r2d2.egg-info to /home/muhayy/mbzirc_ws/src/install/lib/python3.8/site-packages/urdf_tutorial_r2d2-0.0.0-py3.8.egg-info
[8.612s] running install_scripts
[8.612s] Installing state_publisher script to /home/muhayy/mbzirc_ws/src/install/lib/urdf_tutorial_r2d2
[8.612s] writing list of installed files to '/home/muhayy/mbzirc_ws/src/build/urdf_tutorial_r2d2/install.log'
[8.659s] Invoked command in '/home/muhayy/mbzirc_ws/src/urdf_tutorial_r2d2' returned '0': PYTHONPATH=/home/muhayy/mbzirc_ws/src/install/lib/python3.8/site-packages:${PYTHONPATH} /usr/bin/python3 setup.py egg_info --egg-base ../build/urdf_tutorial_r2d2 build --build-base /home/muhayy/mbzirc_ws/src/build/urdf_tutorial_r2d2/build install --prefix /home/muhayy/mbzirc_ws/src/install --record /home/muhayy/mbzirc_ws/src/build/urdf_tutorial_r2d2/install.log --single-version-externally-managed
