[0.073s] Invoking command in '/home/muhayy/mbzirc_ws/src/build/turtlebot3_node': CMAKE_PREFIX_PATH=${CMAKE_PREFIX_PATH}:/opt/ros/galactic /usr/bin/cmake --build /home/muhayy/mbzirc_ws/src/build/turtlebot3_node -- -j12 -l12
[0.814s] [ 85%] Built target turtlebot3_node_lib
[0.814s] [100%] Built target turtlebot3_ros
[0.820s] Invoked command in '/home/muhayy/mbzirc_ws/src/build/turtlebot3_node' returned '0': CMAKE_PREFIX_PATH=${CMAKE_PREFIX_PATH}:/opt/ros/galactic /usr/bin/cmake --build /home/muhayy/mbzirc_ws/src/build/turtlebot3_node -- -j12 -l12
[0.886s] Invoking command in '/home/muhayy/mbzirc_ws/src/build/turtlebot3_node': CMAKE_PREFIX_PATH=${CMAKE_PREFIX_PATH}:/opt/ros/galactic /usr/bin/cmake --install /home/muhayy/mbzirc_ws/src/build/turtlebot3_node
[0.926s] -- Install configuration: ""
[0.926s] -- Up-to-date: /home/muhayy/mbzirc_ws/src/install/share/turtlebot3_node/param
[0.926s] -- Up-to-date: /home/muhayy/mbzirc_ws/src/install/share/turtlebot3_node/param/waffle_pi.yaml
[0.926s] -- Up-to-date: /home/muhayy/mbzirc_ws/src/install/share/turtlebot3_node/param/burger.yaml
[0.926s] -- Up-to-date: /home/muhayy/mbzirc_ws/src/install/share/turtlebot3_node/param/waffle.yaml
[0.927s] -- Up-to-date: /home/muhayy/mbzirc_ws/src/install/lib/turtlebot3_node/turtlebot3_ros
[0.927s] -- Up-to-date: /home/muhayy/mbzirc_ws/src/install/share/ament_index/resource_index/package_run_dependencies/turtlebot3_node
[0.928s] -- Up-to-date: /home/muhayy/mbzirc_ws/src/install/share/ament_index/resource_index/parent_prefix_path/turtlebot3_node
[0.928s] -- Up-to-date: /home/muhayy/mbzirc_ws/src/install/share/turtlebot3_node/environment/ament_prefix_path.sh
[0.929s] -- Up-to-date: /home/muhayy/mbzirc_ws/src/install/share/turtlebot3_node/environment/ament_prefix_path.dsv
[0.929s] -- Up-to-date: /home/muhayy/mbzirc_ws/src/install/share/turtlebot3_node/environment/path.sh
[0.929s] -- Up-to-date: /home/muhayy/mbzirc_ws/src/install/share/turtlebot3_node/environment/path.dsv
[0.930s] -- Up-to-date: /home/muhayy/mbzirc_ws/src/install/share/turtlebot3_node/local_setup.bash
[0.930s] -- Up-to-date: /home/muhayy/mbzirc_ws/src/install/share/turtlebot3_node/local_setup.sh
[0.930s] -- Up-to-date: /home/muhayy/mbzirc_ws/src/install/share/turtlebot3_node/local_setup.zsh
[0.931s] -- Up-to-date: /home/muhayy/mbzirc_ws/src/install/share/turtlebot3_node/local_setup.dsv
[0.931s] -- Installing: /home/muhayy/mbzirc_ws/src/install/share/turtlebot3_node/package.dsv
[0.931s] -- Up-to-date: /home/muhayy/mbzirc_ws/src/install/share/ament_index/resource_index/packages/turtlebot3_node
[0.932s] -- Up-to-date: /home/muhayy/mbzirc_ws/src/install/share/turtlebot3_node/cmake/ament_cmake_export_include_directories-extras.cmake
[0.932s] -- Up-to-date: /home/muhayy/mbzirc_ws/src/install/share/turtlebot3_node/cmake/turtlebot3_nodeConfig.cmake
[0.932s] -- Up-to-date: /home/muhayy/mbzirc_ws/src/install/share/turtlebot3_node/cmake/turtlebot3_nodeConfig-version.cmake
[0.933s] -- Up-to-date: /home/muhayy/mbzirc_ws/src/install/share/turtlebot3_node/package.xml
[1.033s] Invoked command in '/home/muhayy/mbzirc_ws/src/build/turtlebot3_node' returned '0': CMAKE_PREFIX_PATH=${CMAKE_PREFIX_PATH}:/opt/ros/galactic /usr/bin/cmake --install /home/muhayy/mbzirc_ws/src/build/turtlebot3_node
