[0.031s] Invoking command in '/home/muhayy/mbzirc_ws/src/build/mbzirc_point_lidar': AMENT_PREFIX_PATH=/home/muhayy/mbzirc_ws/src/install:${AMENT_PREFIX_PATH} CMAKE_PREFIX_PATH=/home/muhayy/mbzirc_ws/src/install:/home/muhayy/mbzirc_ws/install:/opt/ros/galactic IGN_GAZEBO_RESOURCE_PATH=/home/muhayy/mbzirc_ws/src/install/share/mbzirc_ign/models:/home/muhayy/mbzirc_ws/src/install/share/mbzirc_ign/worlds:${IGN_GAZEBO_RESOURCE_PATH} IGN_GAZEBO_SYSTEM_PLUGIN_PATH=/home/muhayy/mbzirc_ws/src/install/lib:${IGN_GAZEBO_SYSTEM_PLUGIN_PATH} LD_LIBRARY_PATH=/home/muhayy/mbzirc_ws/src/install/lib:${LD_LIBRARY_PATH} PATH=/home/muhayy/mbzirc_ws/src/install/bin:${PATH} PYTHONPATH=/home/muhayy/mbzirc_ws/src/install/lib/python3.8/site-packages:${PYTHONPATH} /usr/bin/cmake --build /home/muhayy/mbzirc_ws/src/build/mbzirc_point_lidar -- -j12 -l12
[0.066s] Invoked command in '/home/muhayy/mbzirc_ws/src/build/mbzirc_point_lidar' returned '0': AMENT_PREFIX_PATH=/home/muhayy/mbzirc_ws/src/install:${AMENT_PREFIX_PATH} CMAKE_PREFIX_PATH=/home/muhayy/mbzirc_ws/src/install:/home/muhayy/mbzirc_ws/install:/opt/ros/galactic IGN_GAZEBO_RESOURCE_PATH=/home/muhayy/mbzirc_ws/src/install/share/mbzirc_ign/models:/home/muhayy/mbzirc_ws/src/install/share/mbzirc_ign/worlds:${IGN_GAZEBO_RESOURCE_PATH} IGN_GAZEBO_SYSTEM_PLUGIN_PATH=/home/muhayy/mbzirc_ws/src/install/lib:${IGN_GAZEBO_SYSTEM_PLUGIN_PATH} LD_LIBRARY_PATH=/home/muhayy/mbzirc_ws/src/install/lib:${LD_LIBRARY_PATH} PATH=/home/muhayy/mbzirc_ws/src/install/bin:${PATH} PYTHONPATH=/home/muhayy/mbzirc_ws/src/install/lib/python3.8/site-packages:${PYTHONPATH} /usr/bin/cmake --build /home/muhayy/mbzirc_ws/src/build/mbzirc_point_lidar -- -j12 -l12
[0.088s] Invoking command in '/home/muhayy/mbzirc_ws/src/build/mbzirc_point_lidar': AMENT_PREFIX_PATH=/home/muhayy/mbzirc_ws/src/install:${AMENT_PREFIX_PATH} CMAKE_PREFIX_PATH=/home/muhayy/mbzirc_ws/src/install:/home/muhayy/mbzirc_ws/install:/opt/ros/galactic IGN_GAZEBO_RESOURCE_PATH=/home/muhayy/mbzirc_ws/src/install/share/mbzirc_ign/models:/home/muhayy/mbzirc_ws/src/install/share/mbzirc_ign/worlds:${IGN_GAZEBO_RESOURCE_PATH} IGN_GAZEBO_SYSTEM_PLUGIN_PATH=/home/muhayy/mbzirc_ws/src/install/lib:${IGN_GAZEBO_SYSTEM_PLUGIN_PATH} LD_LIBRARY_PATH=/home/muhayy/mbzirc_ws/src/install/lib:${LD_LIBRARY_PATH} PATH=/home/muhayy/mbzirc_ws/src/install/bin:${PATH} PYTHONPATH=/home/muhayy/mbzirc_ws/src/install/lib/python3.8/site-packages:${PYTHONPATH} /usr/bin/cmake --install /home/muhayy/mbzirc_ws/src/build/mbzirc_point_lidar
[0.097s] -- Install configuration: ""
[0.097s] -- Up-to-date: /home/muhayy/mbzirc_ws/src/install/share/mbzirc_point_lidar/environment/resource_paths.dsv
[0.098s] -- Up-to-date: /home/muhayy/mbzirc_ws/src/install/share/mbzirc_point_lidar/environment/resource_paths.sh
[0.098s] -- Up-to-date: /home/muhayy/mbzirc_ws/src/install/share/ament_index/resource_index/package_run_dependencies/mbzirc_point_lidar
[0.098s] -- Up-to-date: /home/muhayy/mbzirc_ws/src/install/share/ament_index/resource_index/parent_prefix_path/mbzirc_point_lidar
[0.098s] -- Up-to-date: /home/muhayy/mbzirc_ws/src/install/share/mbzirc_point_lidar/environment/ament_prefix_path.sh
[0.098s] -- Up-to-date: /home/muhayy/mbzirc_ws/src/install/share/mbzirc_point_lidar/environment/ament_prefix_path.dsv
[0.099s] -- Up-to-date: /home/muhayy/mbzirc_ws/src/install/share/mbzirc_point_lidar/environment/path.sh
[0.100s] -- Up-to-date: /home/muhayy/mbzirc_ws/src/install/share/mbzirc_point_lidar/environment/path.dsv
[0.100s] -- Up-to-date: /home/muhayy/mbzirc_ws/src/install/share/mbzirc_point_lidar/local_setup.bash
[0.100s] -- Up-to-date: /home/muhayy/mbzirc_ws/src/install/share/mbzirc_point_lidar/local_setup.sh
[0.100s] -- Up-to-date: /home/muhayy/mbzirc_ws/src/install/share/mbzirc_point_lidar/local_setup.zsh
[0.101s] -- Up-to-date: /home/muhayy/mbzirc_ws/src/install/share/mbzirc_point_lidar/local_setup.dsv
[0.101s] -- Up-to-date: /home/muhayy/mbzirc_ws/src/install/share/mbzirc_point_lidar/package.dsv
[0.101s] -- Up-to-date: /home/muhayy/mbzirc_ws/src/install/share/ament_index/resource_index/packages/mbzirc_point_lidar
[0.101s] -- Up-to-date: /home/muhayy/mbzirc_ws/src/install/share/mbzirc_point_lidar/cmake/mbzirc_point_lidarConfig.cmake
[0.102s] -- Up-to-date: /home/muhayy/mbzirc_ws/src/install/share/mbzirc_point_lidar/cmake/mbzirc_point_lidarConfig-version.cmake
[0.102s] -- Up-to-date: /home/muhayy/mbzirc_ws/src/install/share/mbzirc_point_lidar/package.xml
[0.123s] Invoked command in '/home/muhayy/mbzirc_ws/src/build/mbzirc_point_lidar' returned '0': AMENT_PREFIX_PATH=/home/muhayy/mbzirc_ws/src/install:${AMENT_PREFIX_PATH} CMAKE_PREFIX_PATH=/home/muhayy/mbzirc_ws/src/install:/home/muhayy/mbzirc_ws/install:/opt/ros/galactic IGN_GAZEBO_RESOURCE_PATH=/home/muhayy/mbzirc_ws/src/install/share/mbzirc_ign/models:/home/muhayy/mbzirc_ws/src/install/share/mbzirc_ign/worlds:${IGN_GAZEBO_RESOURCE_PATH} IGN_GAZEBO_SYSTEM_PLUGIN_PATH=/home/muhayy/mbzirc_ws/src/install/lib:${IGN_GAZEBO_SYSTEM_PLUGIN_PATH} LD_LIBRARY_PATH=/home/muhayy/mbzirc_ws/src/install/lib:${LD_LIBRARY_PATH} PATH=/home/muhayy/mbzirc_ws/src/install/bin:${PATH} PYTHONPATH=/home/muhayy/mbzirc_ws/src/install/lib/python3.8/site-packages:${PYTHONPATH} /usr/bin/cmake --install /home/muhayy/mbzirc_ws/src/build/mbzirc_point_lidar
