-- The C compiler identification is GNU 9.4.0
-- The CXX compiler identification is GNU 9.4.0
-- Check for working C compiler: /usr/bin/cc
-- Check for working C compiler: /usr/bin/cc -- works
-- Detecting C compiler ABI info
-- Detecting C compiler ABI info - done
-- Detecting C compile features
-- Detecting C compile features - done
-- Check for working CXX compiler: /usr/bin/c++
-- Check for working CXX compiler: /usr/bin/c++ -- works
-- Detecting CXX compiler ABI info
-- Detecting CXX compiler ABI info - done
-- Detecting CXX compile features
-- Detecting CXX compile features - done
-- Found ament_cmake: 1.1.5 (/opt/ros/galactic/share/ament_cmake/cmake)
-- Found PythonInterp: /usr/bin/python3 (found suitable version "3.8.10", minimum required is "3") 
-- Using PYTHON_EXECUTABLE: /usr/bin/python3
-- Found image_transport: 2.3.1 (/opt/ros/galactic/share/image_transport/cmake)
-- Using all available rosidl_typesupport_c: rosidl_typesupport_fastrtps_c;rosidl_typesupport_introspection_c
-- Found rosidl_adapter: 2.2.2 (/opt/ros/galactic/share/rosidl_adapter/cmake)
-- Found OpenSSL: /usr/lib/x86_64-linux-gnu/libcrypto.so (found version "1.1.1f")  
-- Found FastRTPS: /opt/ros/galactic/include  
-- Using all available rosidl_typesupport_cpp: rosidl_typesupport_fastrtps_cpp;rosidl_typesupport_introspection_cpp
-- Found rmw_implementation_cmake: 3.3.1 (/opt/ros/galactic/share/rmw_implementation_cmake/cmake)
-- Found rmw_cyclonedds_cpp: 0.22.5 (/opt/ros/galactic/share/rmw_cyclonedds_cpp/cmake)
-- Using RMW implementation 'rmw_cyclonedds_cpp' as default
-- Looking for pthread.h
-- Looking for pthread.h - found
-- Performing Test CMAKE_HAVE_LIBC_PTHREAD
-- Performing Test CMAKE_HAVE_LIBC_PTHREAD - Failed
-- Looking for pthread_create in pthreads
-- Looking for pthread_create in pthreads - not found
-- Looking for pthread_create in pthread
-- Looking for pthread_create in pthread - found
-- Found Threads: TRUE  
-- Found ros_ign_bridge: 0.233.4 (/home/muhayy/mbzirc_ws/src/install/share/ros_ign_bridge/cmake)
-- Looking for ignition-transport11 -- found version 11.0.0
-- Searching for dependencies of ignition-transport11
-- Found Protobuf: /usr/lib/x86_64-linux-gnu/libprotobuf.so;-lpthread (found suitable version "3.6.1", minimum required is "3") 
-- Config-file not installed for ZeroMQ -- checking for pkg-config
-- Checking for module 'libzmq >= 4'
--   Found libzmq , version 4.3.2
-- Found ZeroMQ: TRUE (Required is at least version "4") 
-- Checking for module 'uuid'
--   Found uuid, version 2.34.0
-- Found UUID: TRUE  
-- Looking for ignition-utils1 -- found version 1.4.0
-- Searching for dependencies of ignition-utils1
-- Searching for <ignition-utils1> component [cli]
-- Looking for ignition-utils1-cli -- found version 1.4.0
-- Searching for dependencies of ignition-utils1-cli
-- Looking for ignition-msgs8 -- found version 8.4.0
-- Searching for dependencies of ignition-msgs8
-- Looking for ignition-math6 -- found version 6.11.0
-- Searching for dependencies of ignition-math6
-- Checking for module 'tinyxml2'
--   Found tinyxml2, version 6.2.0
-- Looking for ignition-msgs8 -- found version 8.4.0
-- Compiling against Ignition Fortress
-- Found ament_lint_auto: 0.10.7 (/opt/ros/galactic/share/ament_lint_auto/cmake)
-- Added test 'copyright' to check source files copyright and LICENSE
-- Added test 'cppcheck' to perform static code analysis on C / C++ code
-- Configured cppcheck include dirs: /home/muhayy/mbzirc_ws/src/ros_ign/ros_ign_image/include
-- Configured cppcheck exclude dirs and/or files: 
-- Added test 'cpplint' to check C / C++ code against the Google style
-- Configured cpplint exclude dirs and/or files: 
-- Added test 'lint_cmake' to check CMake code style
-- Added test 'uncrustify' to check C / C++ code style
-- Configured uncrustify additional arguments: 
-- Added test 'xmllint' to check XML markup files
-- Configuring done
-- Generating done
-- Build files have been written to: /home/muhayy/mbzirc_ws/src/build/ros_ign_image
[35m[1mScanning dependencies of target image_bridge[0m
[ 50%] [32mBuilding CXX object CMakeFiles/image_bridge.dir/src/image_bridge.cpp.o[0m
[100%] [32m[1mLinking CXX executable image_bridge[0m
[100%] Built target image_bridge
-- Install configuration: ""
-- Installing: /home/muhayy/mbzirc_ws/src/install/lib/ros_ign_image/image_bridge
-- Set runtime path of "/home/muhayy/mbzirc_ws/src/install/lib/ros_ign_image/image_bridge" to ""
-- Installing: /home/muhayy/mbzirc_ws/src/install/share/ament_index/resource_index/package_run_dependencies/ros_ign_image
-- Installing: /home/muhayy/mbzirc_ws/src/install/share/ament_index/resource_index/parent_prefix_path/ros_ign_image
-- Installing: /home/muhayy/mbzirc_ws/src/install/share/ros_ign_image/environment/ament_prefix_path.sh
-- Installing: /home/muhayy/mbzirc_ws/src/install/share/ros_ign_image/environment/ament_prefix_path.dsv
-- Installing: /home/muhayy/mbzirc_ws/src/install/share/ros_ign_image/environment/path.sh
-- Installing: /home/muhayy/mbzirc_ws/src/install/share/ros_ign_image/environment/path.dsv
-- Installing: /home/muhayy/mbzirc_ws/src/install/share/ros_ign_image/local_setup.bash
-- Installing: /home/muhayy/mbzirc_ws/src/install/share/ros_ign_image/local_setup.sh
-- Installing: /home/muhayy/mbzirc_ws/src/install/share/ros_ign_image/local_setup.zsh
-- Installing: /home/muhayy/mbzirc_ws/src/install/share/ros_ign_image/local_setup.dsv
-- Installing: /home/muhayy/mbzirc_ws/src/install/share/ros_ign_image/package.dsv
-- Installing: /home/muhayy/mbzirc_ws/src/install/share/ament_index/resource_index/packages/ros_ign_image
-- Installing: /home/muhayy/mbzirc_ws/src/install/share/ros_ign_image/cmake/ros_ign_imageConfig.cmake
-- Installing: /home/muhayy/mbzirc_ws/src/install/share/ros_ign_image/cmake/ros_ign_imageConfig-version.cmake
-- Installing: /home/muhayy/mbzirc_ws/src/install/share/ros_ign_image/package.xml
