[0.013s] Invoking command in '/home/muhayy/mbzirc_ws/src/build/ros_ign_image': AMENT_PREFIX_PATH=/home/muhayy/mbzirc_ws/src/install:${AMENT_PREFIX_PATH} CMAKE_PREFIX_PATH=/home/muhayy/mbzirc_ws/src/install:/home/muhayy/mbzirc_ws/install:/opt/ros/galactic LD_LIBRARY_PATH=/home/muhayy/mbzirc_ws/src/install/lib:${LD_LIBRARY_PATH} PATH=/home/muhayy/mbzirc_ws/src/install/bin:${PATH} PYTHONPATH=/home/muhayy/mbzirc_ws/src/install/lib/python3.8/site-packages:${PYTHONPATH} /usr/bin/cmake /home/muhayy/mbzirc_ws/src/ros_ign/ros_ign_image -DCMAKE_INSTALL_PREFIX=/home/muhayy/mbzirc_ws/src/install
[0.057s] -- The C compiler identification is GNU 9.4.0
[0.101s] -- The CXX compiler identification is GNU 9.4.0
[0.105s] -- Check for working C compiler: /usr/bin/cc
[0.162s] -- Check for working C compiler: /usr/bin/cc -- works
[0.162s] -- Detecting C compiler ABI info
[0.219s] -- Detecting C compiler ABI info - done
[0.232s] -- Detecting C compile features
[0.233s] -- Detecting C compile features - done
[0.235s] -- Check for working CXX compiler: /usr/bin/c++
[0.299s] -- Check for working CXX compiler: /usr/bin/c++ -- works
[0.300s] -- Detecting CXX compiler ABI info
[0.367s] -- Detecting CXX compiler ABI info - done
[0.379s] -- Detecting CXX compile features
[0.379s] -- Detecting CXX compile features - done
[0.382s] -- Found ament_cmake: 1.1.5 (/opt/ros/galactic/share/ament_cmake/cmake)
[0.404s] -- Found PythonInterp: /usr/bin/python3 (found suitable version "3.8.10", minimum required is "3") 
[0.404s] -- Using PYTHON_EXECUTABLE: /usr/bin/python3
[0.480s] -- Found image_transport: 2.3.1 (/opt/ros/galactic/share/image_transport/cmake)
[0.536s] -- Using all available rosidl_typesupport_c: rosidl_typesupport_fastrtps_c;rosidl_typesupport_introspection_c
[0.542s] -- Found rosidl_adapter: 2.2.2 (/opt/ros/galactic/share/rosidl_adapter/cmake)
[0.621s] -- Found OpenSSL: /usr/lib/x86_64-linux-gnu/libcrypto.so (found version "1.1.1f")  
[0.651s] -- Found FastRTPS: /opt/ros/galactic/include  
[0.730s] -- Using all available rosidl_typesupport_cpp: rosidl_typesupport_fastrtps_cpp;rosidl_typesupport_introspection_cpp
[0.803s] -- Found rmw_implementation_cmake: 3.3.1 (/opt/ros/galactic/share/rmw_implementation_cmake/cmake)
[0.807s] -- Found rmw_cyclonedds_cpp: 0.22.5 (/opt/ros/galactic/share/rmw_cyclonedds_cpp/cmake)
[0.837s] -- Using RMW implementation 'rmw_cyclonedds_cpp' as default
[0.838s] -- Looking for pthread.h
[0.907s] -- Looking for pthread.h - found
[0.907s] -- Performing Test CMAKE_HAVE_LIBC_PTHREAD
[0.967s] -- Performing Test CMAKE_HAVE_LIBC_PTHREAD - Failed
[0.967s] -- Looking for pthread_create in pthreads
[1.014s] -- Looking for pthread_create in pthreads - not found
[1.014s] -- Looking for pthread_create in pthread
[1.075s] -- Looking for pthread_create in pthread - found
[1.076s] -- Found Threads: TRUE  
[1.416s] -- Found ros_ign_bridge: 0.233.4 (/home/muhayy/mbzirc_ws/src/install/share/ros_ign_bridge/cmake)
[1.901s] -- Looking for ignition-transport11 -- found version 11.0.0
[1.907s] -- Searching for dependencies of ignition-transport11
[1.932s] -- Found Protobuf: /usr/lib/x86_64-linux-gnu/libprotobuf.so;-lpthread (found suitable version "3.6.1", minimum required is "3") 
[1.943s] -- Config-file not installed for ZeroMQ -- checking for pkg-config
[1.947s] -- Checking for module 'libzmq >= 4'
[1.962s] --   Found libzmq , version 4.3.2
[2.001s] -- Found ZeroMQ: TRUE (Required is at least version "4") 
[2.005s] -- Checking for module 'uuid'
[2.020s] --   Found uuid, version 2.34.0
[2.058s] -- Found UUID: TRUE  
[2.059s] -- Looking for ignition-utils1 -- found version 1.4.0
[2.060s] -- Searching for dependencies of ignition-utils1
[2.061s] -- Searching for <ignition-utils1> component [cli]
[2.062s] -- Looking for ignition-utils1-cli -- found version 1.4.0
[2.063s] -- Searching for dependencies of ignition-utils1-cli
[2.065s] -- Looking for ignition-msgs8 -- found version 8.4.0
[2.065s] -- Searching for dependencies of ignition-msgs8
[2.085s] -- Looking for ignition-math6 -- found version 6.11.0
[2.086s] -- Searching for dependencies of ignition-math6
[2.090s] -- Checking for module 'tinyxml2'
[2.105s] --   Found tinyxml2, version 6.2.0
[2.146s] -- Looking for ignition-msgs8 -- found version 8.4.0
[2.146s] -- Compiling against Ignition Fortress
[2.272s] -- Found ament_lint_auto: 0.10.7 (/opt/ros/galactic/share/ament_lint_auto/cmake)
[2.349s] -- Added test 'copyright' to check source files copyright and LICENSE
[2.350s] -- Added test 'cppcheck' to perform static code analysis on C / C++ code
[2.350s] -- Configured cppcheck include dirs: /home/muhayy/mbzirc_ws/src/ros_ign/ros_ign_image/include
[2.350s] -- Configured cppcheck exclude dirs and/or files: 
[2.351s] -- Added test 'cpplint' to check C / C++ code against the Google style
[2.351s] -- Configured cpplint exclude dirs and/or files: 
[2.352s] -- Added test 'lint_cmake' to check CMake code style
[2.353s] -- Added test 'uncrustify' to check C / C++ code style
[2.353s] -- Configured uncrustify additional arguments: 
[2.353s] -- Added test 'xmllint' to check XML markup files
[2.356s] -- Configuring done
[2.379s] -- Generating done
[2.381s] -- Build files have been written to: /home/muhayy/mbzirc_ws/src/build/ros_ign_image
[2.391s] Invoked command in '/home/muhayy/mbzirc_ws/src/build/ros_ign_image' returned '0': AMENT_PREFIX_PATH=/home/muhayy/mbzirc_ws/src/install:${AMENT_PREFIX_PATH} CMAKE_PREFIX_PATH=/home/muhayy/mbzirc_ws/src/install:/home/muhayy/mbzirc_ws/install:/opt/ros/galactic LD_LIBRARY_PATH=/home/muhayy/mbzirc_ws/src/install/lib:${LD_LIBRARY_PATH} PATH=/home/muhayy/mbzirc_ws/src/install/bin:${PATH} PYTHONPATH=/home/muhayy/mbzirc_ws/src/install/lib/python3.8/site-packages:${PYTHONPATH} /usr/bin/cmake /home/muhayy/mbzirc_ws/src/ros_ign/ros_ign_image -DCMAKE_INSTALL_PREFIX=/home/muhayy/mbzirc_ws/src/install
[2.393s] Invoking command in '/home/muhayy/mbzirc_ws/src/build/ros_ign_image': AMENT_PREFIX_PATH=/home/muhayy/mbzirc_ws/src/install:${AMENT_PREFIX_PATH} CMAKE_PREFIX_PATH=/home/muhayy/mbzirc_ws/src/install:/home/muhayy/mbzirc_ws/install:/opt/ros/galactic LD_LIBRARY_PATH=/home/muhayy/mbzirc_ws/src/install/lib:${LD_LIBRARY_PATH} PATH=/home/muhayy/mbzirc_ws/src/install/bin:${PATH} PYTHONPATH=/home/muhayy/mbzirc_ws/src/install/lib/python3.8/site-packages:${PYTHONPATH} /usr/bin/cmake --build /home/muhayy/mbzirc_ws/src/build/ros_ign_image -- -j12 -l12
[2.427s] [35m[1mScanning dependencies of target image_bridge[0m
[2.508s] [ 50%] [32mBuilding CXX object CMakeFiles/image_bridge.dir/src/image_bridge.cpp.o[0m
[11.299s] [100%] [32m[1mLinking CXX executable image_bridge[0m
[15.759s] [100%] Built target image_bridge
[15.769s] Invoked command in '/home/muhayy/mbzirc_ws/src/build/ros_ign_image' returned '0': AMENT_PREFIX_PATH=/home/muhayy/mbzirc_ws/src/install:${AMENT_PREFIX_PATH} CMAKE_PREFIX_PATH=/home/muhayy/mbzirc_ws/src/install:/home/muhayy/mbzirc_ws/install:/opt/ros/galactic LD_LIBRARY_PATH=/home/muhayy/mbzirc_ws/src/install/lib:${LD_LIBRARY_PATH} PATH=/home/muhayy/mbzirc_ws/src/install/bin:${PATH} PYTHONPATH=/home/muhayy/mbzirc_ws/src/install/lib/python3.8/site-packages:${PYTHONPATH} /usr/bin/cmake --build /home/muhayy/mbzirc_ws/src/build/ros_ign_image -- -j12 -l12
[15.793s] Invoking command in '/home/muhayy/mbzirc_ws/src/build/ros_ign_image': AMENT_PREFIX_PATH=/home/muhayy/mbzirc_ws/src/install:${AMENT_PREFIX_PATH} CMAKE_PREFIX_PATH=/home/muhayy/mbzirc_ws/src/install:/home/muhayy/mbzirc_ws/install:/opt/ros/galactic LD_LIBRARY_PATH=/home/muhayy/mbzirc_ws/src/install/lib:${LD_LIBRARY_PATH} PATH=/home/muhayy/mbzirc_ws/src/install/bin:${PATH} PYTHONPATH=/home/muhayy/mbzirc_ws/src/install/lib/python3.8/site-packages:${PYTHONPATH} /usr/bin/cmake --install /home/muhayy/mbzirc_ws/src/build/ros_ign_image
[15.800s] -- Install configuration: ""
[15.801s] -- Installing: /home/muhayy/mbzirc_ws/src/install/lib/ros_ign_image/image_bridge
[15.802s] -- Set runtime path of "/home/muhayy/mbzirc_ws/src/install/lib/ros_ign_image/image_bridge" to ""
[15.802s] -- Installing: /home/muhayy/mbzirc_ws/src/install/share/ament_index/resource_index/package_run_dependencies/ros_ign_image
[15.802s] -- Installing: /home/muhayy/mbzirc_ws/src/install/share/ament_index/resource_index/parent_prefix_path/ros_ign_image
[15.802s] -- Installing: /home/muhayy/mbzirc_ws/src/install/share/ros_ign_image/environment/ament_prefix_path.sh
[15.802s] -- Installing: /home/muhayy/mbzirc_ws/src/install/share/ros_ign_image/environment/ament_prefix_path.dsv
[15.802s] -- Installing: /home/muhayy/mbzirc_ws/src/install/share/ros_ign_image/environment/path.sh
[15.802s] -- Installing: /home/muhayy/mbzirc_ws/src/install/share/ros_ign_image/environment/path.dsv
[15.802s] -- Installing: /home/muhayy/mbzirc_ws/src/install/share/ros_ign_image/local_setup.bash
[15.803s] -- Installing: /home/muhayy/mbzirc_ws/src/install/share/ros_ign_image/local_setup.sh
[15.803s] -- Installing: /home/muhayy/mbzirc_ws/src/install/share/ros_ign_image/local_setup.zsh
[15.803s] -- Installing: /home/muhayy/mbzirc_ws/src/install/share/ros_ign_image/local_setup.dsv
[15.803s] -- Installing: /home/muhayy/mbzirc_ws/src/install/share/ros_ign_image/package.dsv
[15.803s] -- Installing: /home/muhayy/mbzirc_ws/src/install/share/ament_index/resource_index/packages/ros_ign_image
[15.803s] -- Installing: /home/muhayy/mbzirc_ws/src/install/share/ros_ign_image/cmake/ros_ign_imageConfig.cmake
[15.803s] -- Installing: /home/muhayy/mbzirc_ws/src/install/share/ros_ign_image/cmake/ros_ign_imageConfig-version.cmake
[15.803s] -- Installing: /home/muhayy/mbzirc_ws/src/install/share/ros_ign_image/package.xml
[15.806s] Invoked command in '/home/muhayy/mbzirc_ws/src/build/ros_ign_image' returned '0': AMENT_PREFIX_PATH=/home/muhayy/mbzirc_ws/src/install:${AMENT_PREFIX_PATH} CMAKE_PREFIX_PATH=/home/muhayy/mbzirc_ws/src/install:/home/muhayy/mbzirc_ws/install:/opt/ros/galactic LD_LIBRARY_PATH=/home/muhayy/mbzirc_ws/src/install/lib:${LD_LIBRARY_PATH} PATH=/home/muhayy/mbzirc_ws/src/install/bin:${PATH} PYTHONPATH=/home/muhayy/mbzirc_ws/src/install/lib/python3.8/site-packages:${PYTHONPATH} /usr/bin/cmake --install /home/muhayy/mbzirc_ws/src/build/ros_ign_image
