[0.777s] Invoking command in '/home/muhayy/mbzirc_ws/src/build/two_wheeled_robot': CMAKE_PREFIX_PATH=${CMAKE_PREFIX_PATH}:/opt/ros/galactic /usr/bin/cmake --build /home/muhayy/mbzirc_ws/src/build/two_wheeled_robot -- -j12 -l12
[0.815s] Invoked command in '/home/muhayy/mbzirc_ws/src/build/two_wheeled_robot' returned '0': CMAKE_PREFIX_PATH=${CMAKE_PREFIX_PATH}:/opt/ros/galactic /usr/bin/cmake --build /home/muhayy/mbzirc_ws/src/build/two_wheeled_robot -- -j12 -l12
[0.955s] Invoking command in '/home/muhayy/mbzirc_ws/src/build/two_wheeled_robot': CMAKE_PREFIX_PATH=${CMAKE_PREFIX_PATH}:/opt/ros/galactic /usr/bin/cmake --install /home/muhayy/mbzirc_ws/src/build/two_wheeled_robot
[0.967s] -- Install configuration: ""
[0.967s] -- Up-to-date: /home/muhayy/mbzirc_ws/src/install/share/two_wheeled_robot/config
[0.967s] -- Up-to-date: /home/muhayy/mbzirc_ws/src/install/share/two_wheeled_robot/launch
[0.968s] -- Up-to-date: /home/muhayy/mbzirc_ws/src/install/share/two_wheeled_robot/launch/two_wheeled_robot.launch.py
[0.968s] -- Up-to-date: /home/muhayy/mbzirc_ws/src/install/share/two_wheeled_robot/maps
[0.968s] -- Up-to-date: /home/muhayy/mbzirc_ws/src/install/share/two_wheeled_robot/meshes
[0.968s] -- Up-to-date: /home/muhayy/mbzirc_ws/src/install/share/two_wheeled_robot/meshes/engine.dae
[0.968s] -- Up-to-date: /home/muhayy/mbzirc_ws/src/install/share/two_wheeled_robot/meshes/robot_base.stl
[0.968s] -- Up-to-date: /home/muhayy/mbzirc_ws/src/install/share/two_wheeled_robot/meshes/motor.dae
[0.969s] -- Up-to-date: /home/muhayy/mbzirc_ws/src/install/share/two_wheeled_robot/meshes/WamV.png
[0.969s] -- Up-to-date: /home/muhayy/mbzirc_ws/src/install/share/two_wheeled_robot/meshes/USV.dae
[0.969s] -- Up-to-date: /home/muhayy/mbzirc_ws/src/install/share/two_wheeled_robot/meshes/WAM-V-Base.dae
[0.969s] -- Up-to-date: /home/muhayy/mbzirc_ws/src/install/share/two_wheeled_robot/meshes/propeller.dae
[0.969s] -- Up-to-date: /home/muhayy/mbzirc_ws/src/install/share/two_wheeled_robot/models
[0.970s] -- Up-to-date: /home/muhayy/mbzirc_ws/src/install/share/two_wheeled_robot/params
[0.970s] -- Up-to-date: /home/muhayy/mbzirc_ws/src/install/share/two_wheeled_robot/rviz
[0.970s] -- Up-to-date: /home/muhayy/mbzirc_ws/src/install/share/two_wheeled_robot/rviz/rviz_basic_settings.rviz
[0.970s] -- Up-to-date: /home/muhayy/mbzirc_ws/src/install/share/two_wheeled_robot/rviz/rviz_usv_settings.rviz
[0.970s] -- Up-to-date: /home/muhayy/mbzirc_ws/src/install/share/two_wheeled_robot/src
[0.970s] -- Up-to-date: /home/muhayy/mbzirc_ws/src/install/share/two_wheeled_robot/urdf
[0.971s] -- Up-to-date: /home/muhayy/mbzirc_ws/src/install/share/two_wheeled_robot/urdf/two_wheeled_robot.urdf
[0.971s] -- Up-to-date: /home/muhayy/mbzirc_ws/src/install/share/two_wheeled_robot/urdf/model.sdf
[0.971s] -- Up-to-date: /home/muhayy/mbzirc_ws/src/install/share/two_wheeled_robot/urdf/model.urdf
[0.971s] -- Up-to-date: /home/muhayy/mbzirc_ws/src/install/share/two_wheeled_robot/worlds
[0.971s] -- Up-to-date: /home/muhayy/mbzirc_ws/src/install/share/ament_index/resource_index/package_run_dependencies/two_wheeled_robot
[0.972s] -- Up-to-date: /home/muhayy/mbzirc_ws/src/install/share/ament_index/resource_index/parent_prefix_path/two_wheeled_robot
[0.972s] -- Up-to-date: /home/muhayy/mbzirc_ws/src/install/share/two_wheeled_robot/environment/ament_prefix_path.sh
[0.972s] -- Up-to-date: /home/muhayy/mbzirc_ws/src/install/share/two_wheeled_robot/environment/ament_prefix_path.dsv
[0.973s] -- Up-to-date: /home/muhayy/mbzirc_ws/src/install/share/two_wheeled_robot/environment/path.sh
[0.973s] -- Up-to-date: /home/muhayy/mbzirc_ws/src/install/share/two_wheeled_robot/environment/path.dsv
[0.973s] -- Up-to-date: /home/muhayy/mbzirc_ws/src/install/share/two_wheeled_robot/local_setup.bash
[0.974s] -- Up-to-date: /home/muhayy/mbzirc_ws/src/install/share/two_wheeled_robot/local_setup.sh
[0.974s] -- Up-to-date: /home/muhayy/mbzirc_ws/src/install/share/two_wheeled_robot/local_setup.zsh
[0.974s] -- Up-to-date: /home/muhayy/mbzirc_ws/src/install/share/two_wheeled_robot/local_setup.dsv
[0.974s] -- Installing: /home/muhayy/mbzirc_ws/src/install/share/two_wheeled_robot/package.dsv
[0.975s] -- Up-to-date: /home/muhayy/mbzirc_ws/src/install/share/ament_index/resource_index/packages/two_wheeled_robot
[0.975s] -- Up-to-date: /home/muhayy/mbzirc_ws/src/install/share/two_wheeled_robot/cmake/two_wheeled_robotConfig.cmake
[0.975s] -- Up-to-date: /home/muhayy/mbzirc_ws/src/install/share/two_wheeled_robot/cmake/two_wheeled_robotConfig-version.cmake
[0.975s] -- Up-to-date: /home/muhayy/mbzirc_ws/src/install/share/two_wheeled_robot/package.xml
[1.316s] Invoked command in '/home/muhayy/mbzirc_ws/src/build/two_wheeled_robot' returned '0': CMAKE_PREFIX_PATH=${CMAKE_PREFIX_PATH}:/opt/ros/galactic /usr/bin/cmake --install /home/muhayy/mbzirc_ws/src/build/two_wheeled_robot
