[0.647s] Invoking command in '/home/muhayy/mbzirc_ws/src/build/explorer_cartographer': CMAKE_PREFIX_PATH=${CMAKE_PREFIX_PATH}:/opt/ros/galactic /usr/bin/cmake --build /home/muhayy/mbzirc_ws/src/build/explorer_cartographer -- -j12 -l12
[0.732s] Invoked command in '/home/muhayy/mbzirc_ws/src/build/explorer_cartographer' returned '0': CMAKE_PREFIX_PATH=${CMAKE_PREFIX_PATH}:/opt/ros/galactic /usr/bin/cmake --build /home/muhayy/mbzirc_ws/src/build/explorer_cartographer -- -j12 -l12
[0.812s] Invoking command in '/home/muhayy/mbzirc_ws/src/build/explorer_cartographer': CMAKE_PREFIX_PATH=${CMAKE_PREFIX_PATH}:/opt/ros/galactic /usr/bin/cmake --install /home/muhayy/mbzirc_ws/src/build/explorer_cartographer
[0.863s] -- Install configuration: ""
[0.863s] -- Up-to-date: /home/muhayy/mbzirc_ws/src/install/share/explorer_cartographer/config
[0.863s] -- Up-to-date: /home/muhayy/mbzirc_ws/src/install/share/explorer_cartographer/config/turtlebot3_lds_2d.lua
[0.863s] -- Up-to-date: /home/muhayy/mbzirc_ws/src/install/share/explorer_cartographer/launch
[0.863s] -- Up-to-date: /home/muhayy/mbzirc_ws/src/install/share/explorer_cartographer/launch/occupancy_grid.launch.py
[0.864s] -- Up-to-date: /home/muhayy/mbzirc_ws/src/install/share/explorer_cartographer/launch/cartographer.launch.py
[0.864s] -- Up-to-date: /home/muhayy/mbzirc_ws/src/install/share/explorer_cartographer/rviz
[0.864s] -- Up-to-date: /home/muhayy/mbzirc_ws/src/install/share/explorer_cartographer/rviz/tb3_cartographer.rviz
[0.864s] -- Up-to-date: /home/muhayy/mbzirc_ws/src/install/share/ament_index/resource_index/package_run_dependencies/explorer_cartographer
[0.864s] -- Up-to-date: /home/muhayy/mbzirc_ws/src/install/share/ament_index/resource_index/parent_prefix_path/explorer_cartographer
[0.864s] -- Up-to-date: /home/muhayy/mbzirc_ws/src/install/share/explorer_cartographer/environment/ament_prefix_path.sh
[0.864s] -- Up-to-date: /home/muhayy/mbzirc_ws/src/install/share/explorer_cartographer/environment/ament_prefix_path.dsv
[0.864s] -- Up-to-date: /home/muhayy/mbzirc_ws/src/install/share/explorer_cartographer/environment/path.sh
[0.864s] -- Up-to-date: /home/muhayy/mbzirc_ws/src/install/share/explorer_cartographer/environment/path.dsv
[0.864s] -- Up-to-date: /home/muhayy/mbzirc_ws/src/install/share/explorer_cartographer/local_setup.bash
[0.864s] -- Up-to-date: /home/muhayy/mbzirc_ws/src/install/share/explorer_cartographer/local_setup.sh
[0.865s] -- Up-to-date: /home/muhayy/mbzirc_ws/src/install/share/explorer_cartographer/local_setup.zsh
[0.865s] -- Up-to-date: /home/muhayy/mbzirc_ws/src/install/share/explorer_cartographer/local_setup.dsv
[0.865s] -- Installing: /home/muhayy/mbzirc_ws/src/install/share/explorer_cartographer/package.dsv
[0.865s] -- Up-to-date: /home/muhayy/mbzirc_ws/src/install/share/ament_index/resource_index/packages/explorer_cartographer
[0.865s] -- Up-to-date: /home/muhayy/mbzirc_ws/src/install/share/explorer_cartographer/cmake/explorer_cartographerConfig.cmake
[0.865s] -- Up-to-date: /home/muhayy/mbzirc_ws/src/install/share/explorer_cartographer/cmake/explorer_cartographerConfig-version.cmake
[0.865s] -- Up-to-date: /home/muhayy/mbzirc_ws/src/install/share/explorer_cartographer/package.xml
[0.912s] Invoked command in '/home/muhayy/mbzirc_ws/src/build/explorer_cartographer' returned '0': CMAKE_PREFIX_PATH=${CMAKE_PREFIX_PATH}:/opt/ros/galactic /usr/bin/cmake --install /home/muhayy/mbzirc_ws/src/build/explorer_cartographer
