[0.784s] Invoking command in '/home/muhayy/mbzirc_ws/src/build/rf2o_laser_odometry': CMAKE_PREFIX_PATH=${CMAKE_PREFIX_PATH}:/opt/ros/galactic /usr/bin/cmake --build /home/muhayy/mbzirc_ws/src/build/rf2o_laser_odometry -- -j12 -l12
[0.827s] [ 40%] Built target rf2o_laser_odometry
[0.827s] [100%] Built target rf2o_laser_odometry_node
[0.920s] Invoked command in '/home/muhayy/mbzirc_ws/src/build/rf2o_laser_odometry' returned '0': CMAKE_PREFIX_PATH=${CMAKE_PREFIX_PATH}:/opt/ros/galactic /usr/bin/cmake --build /home/muhayy/mbzirc_ws/src/build/rf2o_laser_odometry -- -j12 -l12
[1.317s] Invoking command in '/home/muhayy/mbzirc_ws/src/build/rf2o_laser_odometry': CMAKE_PREFIX_PATH=${CMAKE_PREFIX_PATH}:/opt/ros/galactic /usr/bin/cmake --install /home/muhayy/mbzirc_ws/src/build/rf2o_laser_odometry
[1.329s] -- Install configuration: ""
[1.329s] -- Up-to-date: /home/muhayy/mbzirc_ws/src/install/lib/rf2o_laser_odometry/rf2o_laser_odometry_node
[1.329s] -- Up-to-date: /home/muhayy/mbzirc_ws/src/install/share/rf2o_laser_odometry/launch
[1.330s] -- Up-to-date: /home/muhayy/mbzirc_ws/src/install/share/rf2o_laser_odometry/launch/rf2o_laser_odometry.launch.py
[1.330s] -- Up-to-date: /home/muhayy/mbzirc_ws/src/install/share/ament_index/resource_index/package_run_dependencies/rf2o_laser_odometry
[1.330s] -- Up-to-date: /home/muhayy/mbzirc_ws/src/install/share/ament_index/resource_index/parent_prefix_path/rf2o_laser_odometry
[1.330s] -- Up-to-date: /home/muhayy/mbzirc_ws/src/install/share/rf2o_laser_odometry/environment/ament_prefix_path.sh
[1.330s] -- Up-to-date: /home/muhayy/mbzirc_ws/src/install/share/rf2o_laser_odometry/environment/ament_prefix_path.dsv
[1.330s] -- Up-to-date: /home/muhayy/mbzirc_ws/src/install/share/rf2o_laser_odometry/environment/path.sh
[1.330s] -- Up-to-date: /home/muhayy/mbzirc_ws/src/install/share/rf2o_laser_odometry/environment/path.dsv
[1.331s] -- Up-to-date: /home/muhayy/mbzirc_ws/src/install/share/rf2o_laser_odometry/local_setup.bash
[1.331s] -- Up-to-date: /home/muhayy/mbzirc_ws/src/install/share/rf2o_laser_odometry/local_setup.sh
[1.331s] -- Up-to-date: /home/muhayy/mbzirc_ws/src/install/share/rf2o_laser_odometry/local_setup.zsh
[1.331s] -- Up-to-date: /home/muhayy/mbzirc_ws/src/install/share/rf2o_laser_odometry/local_setup.dsv
[1.331s] -- Installing: /home/muhayy/mbzirc_ws/src/install/share/rf2o_laser_odometry/package.dsv
[1.331s] -- Up-to-date: /home/muhayy/mbzirc_ws/src/install/share/ament_index/resource_index/packages/rf2o_laser_odometry
[1.332s] -- Up-to-date: /home/muhayy/mbzirc_ws/src/install/share/rf2o_laser_odometry/cmake/rf2o_laser_odometryConfig.cmake
[1.332s] -- Up-to-date: /home/muhayy/mbzirc_ws/src/install/share/rf2o_laser_odometry/cmake/rf2o_laser_odometryConfig-version.cmake
[1.333s] -- Up-to-date: /home/muhayy/mbzirc_ws/src/install/share/rf2o_laser_odometry/package.xml
[1.660s] Invoked command in '/home/muhayy/mbzirc_ws/src/build/rf2o_laser_odometry' returned '0': CMAKE_PREFIX_PATH=${CMAKE_PREFIX_PATH}:/opt/ros/galactic /usr/bin/cmake --install /home/muhayy/mbzirc_ws/src/build/rf2o_laser_odometry
