[0.413s] Invoking command in '/home/muhayy/mbzirc_ws/src/build/explorer_cartographer': CMAKE_PREFIX_PATH=${CMAKE_PREFIX_PATH}:/opt/ros/galactic /usr/bin/cmake /home/muhayy/mbzirc_ws/src/ros2_explorer/explorer_cartographer -DCMAKE_INSTALL_PREFIX=/home/muhayy/mbzirc_ws/src/install
[0.533s] -- The C compiler identification is GNU 9.4.0
[0.628s] -- The CXX compiler identification is GNU 9.4.0
[0.630s] -- Check for working C compiler: /usr/bin/cc
[0.818s] -- Check for working C compiler: /usr/bin/cc -- works
[0.819s] -- Detecting C compiler ABI info
[1.100s] -- Detecting C compiler ABI info - done
[1.137s] -- Detecting C compile features
[1.137s] -- Detecting C compile features - done
[1.141s] -- Check for working CXX compiler: /usr/bin/c++
[1.498s] -- Check for working CXX compiler: /usr/bin/c++ -- works
[1.500s] -- Detecting CXX compiler ABI info
[1.936s] -- Detecting CXX compiler ABI info - done
[1.969s] -- Detecting CXX compile features
[1.969s] -- Detecting CXX compile features - done
[1.973s] -- Found ament_cmake: 1.1.5 (/opt/ros/galactic/share/ament_cmake/cmake)
[2.087s] -- Found PythonInterp: /usr/bin/python3 (found suitable version "3.8.10", minimum required is "3") 
[2.087s] -- Using PYTHON_EXECUTABLE: /usr/bin/python3
[2.564s] -- Configuring done
[2.572s] -- Generating done
[2.574s] -- Build files have been written to: /home/muhayy/mbzirc_ws/src/build/explorer_cartographer
[2.668s] Invoked command in '/home/muhayy/mbzirc_ws/src/build/explorer_cartographer' returned '0': CMAKE_PREFIX_PATH=${CMAKE_PREFIX_PATH}:/opt/ros/galactic /usr/bin/cmake /home/muhayy/mbzirc_ws/src/ros2_explorer/explorer_cartographer -DCMAKE_INSTALL_PREFIX=/home/muhayy/mbzirc_ws/src/install
[2.673s] Invoking command in '/home/muhayy/mbzirc_ws/src/build/explorer_cartographer': CMAKE_PREFIX_PATH=${CMAKE_PREFIX_PATH}:/opt/ros/galactic /usr/bin/cmake --build /home/muhayy/mbzirc_ws/src/build/explorer_cartographer -- -j12 -l12
[3.916s] Invoked command in '/home/muhayy/mbzirc_ws/src/build/explorer_cartographer' returned '0': CMAKE_PREFIX_PATH=${CMAKE_PREFIX_PATH}:/opt/ros/galactic /usr/bin/cmake --build /home/muhayy/mbzirc_ws/src/build/explorer_cartographer -- -j12 -l12
[5.245s] Invoking command in '/home/muhayy/mbzirc_ws/src/build/explorer_cartographer': CMAKE_PREFIX_PATH=${CMAKE_PREFIX_PATH}:/opt/ros/galactic /usr/bin/cmake --install /home/muhayy/mbzirc_ws/src/build/explorer_cartographer
[5.359s] -- Install configuration: ""
[5.359s] -- Installing: /home/muhayy/mbzirc_ws/src/install/share/explorer_cartographer/config
[5.360s] -- Installing: /home/muhayy/mbzirc_ws/src/install/share/explorer_cartographer/config/turtlebot3_lds_2d.lua
[5.360s] -- Installing: /home/muhayy/mbzirc_ws/src/install/share/explorer_cartographer/launch
[5.360s] -- Installing: /home/muhayy/mbzirc_ws/src/install/share/explorer_cartographer/launch/occupancy_grid.launch.py
[5.360s] -- Installing: /home/muhayy/mbzirc_ws/src/install/share/explorer_cartographer/launch/cartographer.launch.py
[5.360s] -- Installing: /home/muhayy/mbzirc_ws/src/install/share/explorer_cartographer/rviz
[5.360s] -- Installing: /home/muhayy/mbzirc_ws/src/install/share/explorer_cartographer/rviz/tb3_cartographer.rviz
[5.360s] -- Installing: /home/muhayy/mbzirc_ws/src/install/share/ament_index/resource_index/package_run_dependencies/explorer_cartographer
[5.360s] -- Installing: /home/muhayy/mbzirc_ws/src/install/share/ament_index/resource_index/parent_prefix_path/explorer_cartographer
[5.360s] -- Installing: /home/muhayy/mbzirc_ws/src/install/share/explorer_cartographer/environment/ament_prefix_path.sh
[5.361s] -- Installing: /home/muhayy/mbzirc_ws/src/install/share/explorer_cartographer/environment/ament_prefix_path.dsv
[5.361s] -- Installing: /home/muhayy/mbzirc_ws/src/install/share/explorer_cartographer/environment/path.sh
[5.361s] -- Installing: /home/muhayy/mbzirc_ws/src/install/share/explorer_cartographer/environment/path.dsv
[5.361s] -- Installing: /home/muhayy/mbzirc_ws/src/install/share/explorer_cartographer/local_setup.bash
[5.361s] -- Installing: /home/muhayy/mbzirc_ws/src/install/share/explorer_cartographer/local_setup.sh
[5.361s] -- Installing: /home/muhayy/mbzirc_ws/src/install/share/explorer_cartographer/local_setup.zsh
[5.361s] -- Installing: /home/muhayy/mbzirc_ws/src/install/share/explorer_cartographer/local_setup.dsv
[5.361s] -- Installing: /home/muhayy/mbzirc_ws/src/install/share/explorer_cartographer/package.dsv
[5.361s] -- Installing: /home/muhayy/mbzirc_ws/src/install/share/ament_index/resource_index/packages/explorer_cartographer
[5.361s] -- Installing: /home/muhayy/mbzirc_ws/src/install/share/explorer_cartographer/cmake/explorer_cartographerConfig.cmake
[5.362s] -- Installing: /home/muhayy/mbzirc_ws/src/install/share/explorer_cartographer/cmake/explorer_cartographerConfig-version.cmake
[5.362s] -- Installing: /home/muhayy/mbzirc_ws/src/install/share/explorer_cartographer/package.xml
[5.573s] Invoked command in '/home/muhayy/mbzirc_ws/src/build/explorer_cartographer' returned '0': CMAKE_PREFIX_PATH=${CMAKE_PREFIX_PATH}:/opt/ros/galactic /usr/bin/cmake --install /home/muhayy/mbzirc_ws/src/build/explorer_cartographer
