[0.520s] Invoking command in '/home/muhayy/mbzirc_ws/src/build/turtlebot3_gazebo': CMAKE_PREFIX_PATH=${CMAKE_PREFIX_PATH}:/opt/ros/galactic /usr/bin/cmake --build /home/muhayy/mbzirc_ws/src/build/turtlebot3_gazebo -- -j12 -l12
[0.784s] [ 25%] Built target obstacles
[0.785s] [ 50%] Built target turtlebot3_drive
[0.786s] [ 75%] Built target obstacle1
[0.786s] [100%] Built target obstacle2
[0.803s] Invoked command in '/home/muhayy/mbzirc_ws/src/build/turtlebot3_gazebo' returned '0': CMAKE_PREFIX_PATH=${CMAKE_PREFIX_PATH}:/opt/ros/galactic /usr/bin/cmake --build /home/muhayy/mbzirc_ws/src/build/turtlebot3_gazebo -- -j12 -l12
[0.926s] Invoking command in '/home/muhayy/mbzirc_ws/src/build/turtlebot3_gazebo': CMAKE_PREFIX_PATH=${CMAKE_PREFIX_PATH}:/opt/ros/galactic /usr/bin/cmake --install /home/muhayy/mbzirc_ws/src/build/turtlebot3_gazebo
[0.986s] -- Install configuration: ""
[0.987s] -- Up-to-date: /home/muhayy/mbzirc_ws/src/install/lib/turtlebot3_gazebo/turtlebot3_drive
[0.989s] -- Up-to-date: /home/muhayy/mbzirc_ws/src/install/share/turtlebot3_gazebo//launch
[0.990s] -- Up-to-date: /home/muhayy/mbzirc_ws/src/install/share/turtlebot3_gazebo//launch/robot_state_publisher.launch.py
[0.990s] -- Up-to-date: /home/muhayy/mbzirc_ws/src/install/share/turtlebot3_gazebo//launch/spawn_turtlebot3.launch.py
[0.990s] -- Up-to-date: /home/muhayy/mbzirc_ws/src/install/share/turtlebot3_gazebo//launch/turtlebot3_house.launch.py
[0.990s] -- Up-to-date: /home/muhayy/mbzirc_ws/src/install/share/turtlebot3_gazebo//launch/turtlebot3_dqn_stage4.launch.py
[0.990s] -- Up-to-date: /home/muhayy/mbzirc_ws/src/install/share/turtlebot3_gazebo//launch/turtlebot3_dqn_stage1.launch.py
[0.990s] -- Up-to-date: /home/muhayy/mbzirc_ws/src/install/share/turtlebot3_gazebo//launch/empty_world.launch.py
[0.991s] -- Up-to-date: /home/muhayy/mbzirc_ws/src/install/share/turtlebot3_gazebo//launch/turtlebot3_world.launch.py
[0.991s] -- Up-to-date: /home/muhayy/mbzirc_ws/src/install/share/turtlebot3_gazebo//launch/turtlebot3_dqn_stage2.launch.py
[0.991s] -- Up-to-date: /home/muhayy/mbzirc_ws/src/install/share/turtlebot3_gazebo//launch/turtlebot3_dqn_stage3.launch.py
[0.991s] -- Up-to-date: /home/muhayy/mbzirc_ws/src/install/share/turtlebot3_gazebo//models
[0.991s] -- Up-to-date: /home/muhayy/mbzirc_ws/src/install/share/turtlebot3_gazebo//models/turtlebot3_dqn_world
[0.991s] -- Up-to-date: /home/muhayy/mbzirc_ws/src/install/share/turtlebot3_gazebo//models/turtlebot3_dqn_world/obstacle1
[0.991s] -- Up-to-date: /home/muhayy/mbzirc_ws/src/install/share/turtlebot3_gazebo//models/turtlebot3_dqn_world/obstacle1/model.sdf
[0.991s] -- Up-to-date: /home/muhayy/mbzirc_ws/src/install/share/turtlebot3_gazebo//models/turtlebot3_dqn_world/obstacle1/model.config
[0.991s] -- Up-to-date: /home/muhayy/mbzirc_ws/src/install/share/turtlebot3_gazebo//models/turtlebot3_dqn_world/obstacle2
[0.991s] -- Up-to-date: /home/muhayy/mbzirc_ws/src/install/share/turtlebot3_gazebo//models/turtlebot3_dqn_world/obstacle2/model.sdf
[0.992s] -- Up-to-date: /home/muhayy/mbzirc_ws/src/install/share/turtlebot3_gazebo//models/turtlebot3_dqn_world/obstacle2/model.config
[0.992s] -- Up-to-date: /home/muhayy/mbzirc_ws/src/install/share/turtlebot3_gazebo//models/turtlebot3_dqn_world/goal_box
[0.992s] -- Up-to-date: /home/muhayy/mbzirc_ws/src/install/share/turtlebot3_gazebo//models/turtlebot3_dqn_world/goal_box/model.sdf
[0.992s] -- Up-to-date: /home/muhayy/mbzirc_ws/src/install/share/turtlebot3_gazebo//models/turtlebot3_dqn_world/goal_box/model.config
[0.992s] -- Up-to-date: /home/muhayy/mbzirc_ws/src/install/share/turtlebot3_gazebo//models/turtlebot3_dqn_world/obstacle_plugin
[0.992s] -- Up-to-date: /home/muhayy/mbzirc_ws/src/install/share/turtlebot3_gazebo//models/turtlebot3_dqn_world/obstacle_plugin/obstacle2.cc
[0.992s] -- Up-to-date: /home/muhayy/mbzirc_ws/src/install/share/turtlebot3_gazebo//models/turtlebot3_dqn_world/obstacle_plugin/CMakeLists.txt
[0.992s] -- Up-to-date: /home/muhayy/mbzirc_ws/src/install/share/turtlebot3_gazebo//models/turtlebot3_dqn_world/obstacle_plugin/obstacles.cc
[0.992s] -- Up-to-date: /home/muhayy/mbzirc_ws/src/install/share/turtlebot3_gazebo//models/turtlebot3_dqn_world/obstacle_plugin/obstacle1.cc
[0.992s] -- Up-to-date: /home/muhayy/mbzirc_ws/src/install/share/turtlebot3_gazebo//models/turtlebot3_dqn_world/obstacles
[0.992s] -- Up-to-date: /home/muhayy/mbzirc_ws/src/install/share/turtlebot3_gazebo//models/turtlebot3_dqn_world/obstacles/model.sdf
[0.993s] -- Up-to-date: /home/muhayy/mbzirc_ws/src/install/share/turtlebot3_gazebo//models/turtlebot3_dqn_world/obstacles/model.config
[0.993s] -- Up-to-date: /home/muhayy/mbzirc_ws/src/install/share/turtlebot3_gazebo//models/turtlebot3_dqn_world/model.sdf
[0.993s] -- Up-to-date: /home/muhayy/mbzirc_ws/src/install/share/turtlebot3_gazebo//models/turtlebot3_dqn_world/model.config
[0.993s] -- Up-to-date: /home/muhayy/mbzirc_ws/src/install/share/turtlebot3_gazebo//models/turtlebot3_dqn_world/inner_walls
[0.993s] -- Up-to-date: /home/muhayy/mbzirc_ws/src/install/share/turtlebot3_gazebo//models/turtlebot3_dqn_world/inner_walls/model.sdf
[0.993s] -- Up-to-date: /home/muhayy/mbzirc_ws/src/install/share/turtlebot3_gazebo//models/turtlebot3_dqn_world/inner_walls/model.config
[0.993s] -- Up-to-date: /home/muhayy/mbzirc_ws/src/install/share/turtlebot3_gazebo//models/turtlebot3_burger
[0.993s] -- Up-to-date: /home/muhayy/mbzirc_ws/src/install/share/turtlebot3_gazebo//models/turtlebot3_burger/model-1_4.sdf
[0.993s] -- Up-to-date: /home/muhayy/mbzirc_ws/src/install/share/turtlebot3_gazebo//models/turtlebot3_burger/model.sdf
[0.993s] -- Up-to-date: /home/muhayy/mbzirc_ws/src/install/share/turtlebot3_gazebo//models/turtlebot3_burger/model.config
[0.994s] -- Up-to-date: /home/muhayy/mbzirc_ws/src/install/share/turtlebot3_gazebo//models/turtlebot3_waffle
[0.994s] -- Up-to-date: /home/muhayy/mbzirc_ws/src/install/share/turtlebot3_gazebo//models/turtlebot3_waffle/model-1_4.sdf
[0.994s] -- Up-to-date: /home/muhayy/mbzirc_ws/src/install/share/turtlebot3_gazebo//models/turtlebot3_waffle/model.sdf
[0.994s] -- Up-to-date: /home/muhayy/mbzirc_ws/src/install/share/turtlebot3_gazebo//models/turtlebot3_waffle/model.config
[0.994s] -- Up-to-date: /home/muhayy/mbzirc_ws/src/install/share/turtlebot3_gazebo//models/turtlebot3_house
[0.995s] -- Up-to-date: /home/muhayy/mbzirc_ws/src/install/share/turtlebot3_gazebo//models/turtlebot3_house/model.sdf
[0.995s] -- Up-to-date: /home/muhayy/mbzirc_ws/src/install/share/turtlebot3_gazebo//models/turtlebot3_house/model.config
[0.995s] -- Up-to-date: /home/muhayy/mbzirc_ws/src/install/share/turtlebot3_gazebo//models/turtlebot3_waffle_pi
[0.995s] -- Up-to-date: /home/muhayy/mbzirc_ws/src/install/share/turtlebot3_gazebo//models/turtlebot3_waffle_pi/model-1_4_.sdf
[0.995s] -- Up-to-date: /home/muhayy/mbzirc_ws/src/install/share/turtlebot3_gazebo//models/turtlebot3_waffle_pi/model.sdf
[0.996s] -- Up-to-date: /home/muhayy/mbzirc_ws/src/install/share/turtlebot3_gazebo//models/turtlebot3_waffle_pi/model.config
[0.996s] -- Up-to-date: /home/muhayy/mbzirc_ws/src/install/share/turtlebot3_gazebo//models/turtlebot3_common
[0.996s] -- Up-to-date: /home/muhayy/mbzirc_ws/src/install/share/turtlebot3_gazebo//models/turtlebot3_common/meshes
[0.996s] -- Up-to-date: /home/muhayy/mbzirc_ws/src/install/share/turtlebot3_gazebo//models/turtlebot3_common/meshes/burger_base.dae
[0.996s] -- Up-to-date: /home/muhayy/mbzirc_ws/src/install/share/turtlebot3_gazebo//models/turtlebot3_common/meshes/lds.dae
[0.996s] -- Up-to-date: /home/muhayy/mbzirc_ws/src/install/share/turtlebot3_gazebo//models/turtlebot3_common/meshes/waffle_pi_base.dae
[0.998s] -- Up-to-date: /home/muhayy/mbzirc_ws/src/install/share/turtlebot3_gazebo//models/turtlebot3_common/meshes/tire.dae
[0.998s] -- Up-to-date: /home/muhayy/mbzirc_ws/src/install/share/turtlebot3_gazebo//models/turtlebot3_common/meshes/waffle_base.dae
[0.999s] -- Up-to-date: /home/muhayy/mbzirc_ws/src/install/share/turtlebot3_gazebo//models/turtlebot3_common/meshes/r200.dae
[0.999s] -- Up-to-date: /home/muhayy/mbzirc_ws/src/install/share/turtlebot3_gazebo//models/turtlebot3_common/model.config
[0.999s] -- Up-to-date: /home/muhayy/mbzirc_ws/src/install/share/turtlebot3_gazebo//models/turtlebot3_world
[0.999s] -- Up-to-date: /home/muhayy/mbzirc_ws/src/install/share/turtlebot3_gazebo//models/turtlebot3_world/model-1_4.sdf
[0.999s] -- Up-to-date: /home/muhayy/mbzirc_ws/src/install/share/turtlebot3_gazebo//models/turtlebot3_world/model.sdf
[1.000s] -- Up-to-date: /home/muhayy/mbzirc_ws/src/install/share/turtlebot3_gazebo//models/turtlebot3_world/meshes
[1.000s] -- Up-to-date: /home/muhayy/mbzirc_ws/src/install/share/turtlebot3_gazebo//models/turtlebot3_world/meshes/wall.dae
[1.000s] -- Up-to-date: /home/muhayy/mbzirc_ws/src/install/share/turtlebot3_gazebo//models/turtlebot3_world/meshes/hexagon.dae
[1.000s] -- Up-to-date: /home/muhayy/mbzirc_ws/src/install/share/turtlebot3_gazebo//models/turtlebot3_world/model.config
[1.000s] -- Up-to-date: /home/muhayy/mbzirc_ws/src/install/share/turtlebot3_gazebo//rviz
[1.001s] -- Up-to-date: /home/muhayy/mbzirc_ws/src/install/share/turtlebot3_gazebo//rviz/tb3_gazebo.rviz
[1.001s] -- Up-to-date: /home/muhayy/mbzirc_ws/src/install/share/turtlebot3_gazebo//urdf
[1.002s] -- Up-to-date: /home/muhayy/mbzirc_ws/src/install/share/turtlebot3_gazebo//urdf/turtlebot3_burger.urdf
[1.002s] -- Up-to-date: /home/muhayy/mbzirc_ws/src/install/share/turtlebot3_gazebo//urdf/turtlebot3_waffle_pi.urdf
[1.002s] -- Up-to-date: /home/muhayy/mbzirc_ws/src/install/share/turtlebot3_gazebo//urdf/turtlebot3_waffle.urdf
[1.003s] -- Up-to-date: /home/muhayy/mbzirc_ws/src/install/share/turtlebot3_gazebo//urdf/common_properties.urdf
[1.003s] -- Up-to-date: /home/muhayy/mbzirc_ws/src/install/share/turtlebot3_gazebo//worlds
[1.004s] -- Up-to-date: /home/muhayy/mbzirc_ws/src/install/share/turtlebot3_gazebo//worlds/turtlebot3_dqn_stage4.world
[1.004s] -- Up-to-date: /home/muhayy/mbzirc_ws/src/install/share/turtlebot3_gazebo//worlds/turtlebot3_dqn_stage3.world
[1.004s] -- Up-to-date: /home/muhayy/mbzirc_ws/src/install/share/turtlebot3_gazebo//worlds/turtlebot3_dqn_stage2.world
[1.005s] -- Up-to-date: /home/muhayy/mbzirc_ws/src/install/share/turtlebot3_gazebo//worlds/empty_world.world
[1.005s] -- Up-to-date: /home/muhayy/mbzirc_ws/src/install/share/turtlebot3_gazebo//worlds/turtlebot3_dqn_stage1.world
[1.005s] -- Up-to-date: /home/muhayy/mbzirc_ws/src/install/share/turtlebot3_gazebo//worlds/turtlebot3_house.world
[1.005s] -- Up-to-date: /home/muhayy/mbzirc_ws/src/install/share/turtlebot3_gazebo//worlds/turtlebot3_world.world
[1.007s] -- Up-to-date: /home/muhayy/mbzirc_ws/src/install/include/
[1.007s] -- Up-to-date: /home/muhayy/mbzirc_ws/src/install/include//turtlebot3_gazebo
[1.007s] -- Up-to-date: /home/muhayy/mbzirc_ws/src/install/include//turtlebot3_gazebo/turtlebot3_drive.hpp
[1.007s] -- Up-to-date: /home/muhayy/mbzirc_ws/src/install/share/ament_index/resource_index/package_run_dependencies/turtlebot3_gazebo
[1.008s] -- Up-to-date: /home/muhayy/mbzirc_ws/src/install/share/ament_index/resource_index/parent_prefix_path/turtlebot3_gazebo
[1.008s] -- Up-to-date: /home/muhayy/mbzirc_ws/src/install/share/turtlebot3_gazebo/environment/ament_prefix_path.sh
[1.008s] -- Up-to-date: /home/muhayy/mbzirc_ws/src/install/share/turtlebot3_gazebo/environment/ament_prefix_path.dsv
[1.009s] -- Up-to-date: /home/muhayy/mbzirc_ws/src/install/share/turtlebot3_gazebo/environment/path.sh
[1.009s] -- Up-to-date: /home/muhayy/mbzirc_ws/src/install/share/turtlebot3_gazebo/environment/path.dsv
[1.010s] -- Up-to-date: /home/muhayy/mbzirc_ws/src/install/share/turtlebot3_gazebo/local_setup.bash
[1.011s] -- Up-to-date: /home/muhayy/mbzirc_ws/src/install/share/turtlebot3_gazebo/local_setup.sh
[1.011s] -- Up-to-date: /home/muhayy/mbzirc_ws/src/install/share/turtlebot3_gazebo/local_setup.zsh
[1.011s] -- Up-to-date: /home/muhayy/mbzirc_ws/src/install/share/turtlebot3_gazebo/local_setup.dsv
[1.011s] -- Installing: /home/muhayy/mbzirc_ws/src/install/share/turtlebot3_gazebo/package.dsv
[1.012s] -- Up-to-date: /home/muhayy/mbzirc_ws/src/install/share/ament_index/resource_index/packages/turtlebot3_gazebo
[1.012s] -- Up-to-date: /home/muhayy/mbzirc_ws/src/install/share/turtlebot3_gazebo/cmake/ament_cmake_export_include_directories-extras.cmake
[1.012s] -- Up-to-date: /home/muhayy/mbzirc_ws/src/install/share/turtlebot3_gazebo/cmake/ament_cmake_export_dependencies-extras.cmake
[1.013s] -- Up-to-date: /home/muhayy/mbzirc_ws/src/install/share/turtlebot3_gazebo/cmake/turtlebot3_gazeboConfig.cmake
[1.013s] -- Up-to-date: /home/muhayy/mbzirc_ws/src/install/share/turtlebot3_gazebo/cmake/turtlebot3_gazeboConfig-version.cmake
[1.014s] -- Up-to-date: /home/muhayy/mbzirc_ws/src/install/share/turtlebot3_gazebo/package.xml
[1.068s] Invoked command in '/home/muhayy/mbzirc_ws/src/build/turtlebot3_gazebo' returned '0': CMAKE_PREFIX_PATH=${CMAKE_PREFIX_PATH}:/opt/ros/galactic /usr/bin/cmake --install /home/muhayy/mbzirc_ws/src/build/turtlebot3_gazebo
